[0.180s] Invoking command in '/home/vishnu/colcon_ws/src/build/ebot_nav2': CMAKE_PREFIX_PATH=${CMAKE_PREFIX_PATH}:/opt/ros/humble /usr/bin/cmake --build /home/vishnu/colcon_ws/src/build/ebot_nav2 -- -j16 -l16
[0.215s] -- Found ament_cmake: 1.3.5 (/opt/ros/humble/share/ament_cmake/cmake)
[0.354s] -- Found rclcpp: 16.0.6 (/opt/ros/humble/share/rclcpp/cmake)
[0.393s] -- Found rosidl_generator_c: 3.1.5 (/opt/ros/humble/share/rosidl_generator_c/cmake)
[0.396s] -- Found rosidl_adapter: 3.1.5 (/opt/ros/humble/share/rosidl_adapter/cmake)
[0.404s] -- Found rosidl_generator_cpp: 3.1.5 (/opt/ros/humble/share/rosidl_generator_cpp/cmake)
[0.420s] -- Using all available rosidl_typesupport_c: rosidl_typesupport_fastrtps_c;rosidl_typesupport_introspection_c
[0.442s] -- Using all available rosidl_typesupport_cpp: rosidl_typesupport_fastrtps_cpp;rosidl_typesupport_introspection_cpp
[0.514s] -- Found rmw_implementation_cmake: 6.1.1 (/opt/ros/humble/share/rmw_implementation_cmake/cmake)
[0.516s] -- Found rmw_fastrtps_cpp: 6.2.4 (/opt/ros/humble/share/rmw_fastrtps_cpp/cmake)
[0.627s] -- Using RMW implementation 'rmw_fastrtps_cpp' as default
[0.756s] -- Found rclpy: 3.3.10 (/opt/ros/humble/share/rclpy/cmake)
[0.757s] -- Found urdf: 2.6.0 (/opt/ros/humble/share/urdf/cmake)
[0.773s] -- Found xacro: 2.0.8 (/opt/ros/humble/share/xacro/cmake)
[0.774s] -- Found ament_lint_auto: 0.12.8 (/opt/ros/humble/share/ament_lint_auto/cmake)
[0.832s] -- Added test 'cppcheck' to perform static code analysis on C / C++ code
[0.832s] -- Configured cppcheck include dirs: 
[0.832s] -- Configured cppcheck exclude dirs and/or files: 
[0.832s] -- Added test 'flake8' to check Python code syntax and style conventions
[0.834s] -- Added test 'lint_cmake' to check CMake code style
[0.834s] -- Added test 'pep257' to check Python code against some of the docstring style conventions in PEP 257
[0.839s] -- Added test 'uncrustify' to check C / C++ code style
[0.839s] -- Configured uncrustify additional arguments: 
[0.839s] -- Added test 'xmllint' to check XML markup files
[0.839s] -- Configuring done
[0.843s] -- Generating done
[0.844s] -- Build files have been written to: /home/vishnu/colcon_ws/src/build/ebot_nav2
[0.944s] Invoked command in '/home/vishnu/colcon_ws/src/build/ebot_nav2' returned '0': CMAKE_PREFIX_PATH=${CMAKE_PREFIX_PATH}:/opt/ros/humble /usr/bin/cmake --build /home/vishnu/colcon_ws/src/build/ebot_nav2 -- -j16 -l16
[0.956s] Invoking command in '/home/vishnu/colcon_ws/src/build/ebot_nav2': CMAKE_PREFIX_PATH=${CMAKE_PREFIX_PATH}:/opt/ros/humble /usr/bin/cmake --install /home/vishnu/colcon_ws/src/build/ebot_nav2
[0.960s] -- Install configuration: ""
[0.960s] -- Up-to-date: /home/vishnu/colcon_ws/src/install/ebot_nav2/share/ebot_nav2//launch
[0.960s] -- Installing: /home/vishnu/colcon_ws/src/install/ebot_nav2/share/ebot_nav2//launch/ebot_bringup_launch.py
[0.960s] -- Up-to-date: /home/vishnu/colcon_ws/src/install/ebot_nav2/share/ebot_nav2//config
[0.960s] -- Up-to-date: /home/vishnu/colcon_ws/src/install/ebot_nav2/share/ebot_nav2//config/mapper_params_online_async.yaml
[0.960s] -- Installing: /home/vishnu/colcon_ws/src/install/ebot_nav2/share/ebot_nav2//config/ekf.yaml
[0.960s] -- Up-to-date: /home/vishnu/colcon_ws/src/install/ebot_nav2/share/ebot_nav2//maps
[0.961s] -- Installing: /home/vishnu/colcon_ws/src/install/ebot_nav2/share/ebot_nav2//maps/map_file_here.text
[0.961s] -- Up-to-date: /home/vishnu/colcon_ws/src/install/ebot_nav2/share/ebot_nav2//params
[0.961s] -- Installing: /home/vishnu/colcon_ws/src/install/ebot_nav2/share/ebot_nav2//params/nav2_params.yaml
[0.961s] -- Up-to-date: /home/vishnu/colcon_ws/src/install/ebot_nav2/share/ebot_nav2//rviz
[0.961s] -- Up-to-date: /home/vishnu/colcon_ws/src/install/ebot_nav2/share/ebot_nav2//rviz/nav2_default_view.rviz
[0.961s] -- Up-to-date: /home/vishnu/colcon_ws/src/install/ebot_nav2/share/ament_index/resource_index/package_run_dependencies/ebot_nav2
[0.961s] -- Up-to-date: /home/vishnu/colcon_ws/src/install/ebot_nav2/share/ament_index/resource_index/parent_prefix_path/ebot_nav2
[0.961s] -- Up-to-date: /home/vishnu/colcon_ws/src/install/ebot_nav2/share/ebot_nav2/environment/ament_prefix_path.sh
[0.961s] -- Installing: /home/vishnu/colcon_ws/src/install/ebot_nav2/share/ebot_nav2/environment/ament_prefix_path.dsv
[0.961s] -- Up-to-date: /home/vishnu/colcon_ws/src/install/ebot_nav2/share/ebot_nav2/environment/path.sh
[0.961s] -- Installing: /home/vishnu/colcon_ws/src/install/ebot_nav2/share/ebot_nav2/environment/path.dsv
[0.961s] -- Up-to-date: /home/vishnu/colcon_ws/src/install/ebot_nav2/share/ebot_nav2/local_setup.bash
[0.961s] -- Up-to-date: /home/vishnu/colcon_ws/src/install/ebot_nav2/share/ebot_nav2/local_setup.sh
[0.961s] -- Up-to-date: /home/vishnu/colcon_ws/src/install/ebot_nav2/share/ebot_nav2/local_setup.zsh
[0.961s] -- Installing: /home/vishnu/colcon_ws/src/install/ebot_nav2/share/ebot_nav2/local_setup.dsv
[0.961s] -- Installing: /home/vishnu/colcon_ws/src/install/ebot_nav2/share/ebot_nav2/package.dsv
[0.962s] -- Up-to-date: /home/vishnu/colcon_ws/src/install/ebot_nav2/share/ament_index/resource_index/packages/ebot_nav2
[0.962s] -- Up-to-date: /home/vishnu/colcon_ws/src/install/ebot_nav2/share/ebot_nav2/cmake/ebot_nav2Config.cmake
[0.962s] -- Up-to-date: /home/vishnu/colcon_ws/src/install/ebot_nav2/share/ebot_nav2/cmake/ebot_nav2Config-version.cmake
[0.962s] -- Up-to-date: /home/vishnu/colcon_ws/src/install/ebot_nav2/share/ebot_nav2/package.xml
[0.962s] Invoked command in '/home/vishnu/colcon_ws/src/build/ebot_nav2' returned '0': CMAKE_PREFIX_PATH=${CMAKE_PREFIX_PATH}:/opt/ros/humble /usr/bin/cmake --install /home/vishnu/colcon_ws/src/build/ebot_nav2
