[0.339s] Invoking command in '/home/vishnu/colcon_ws/src/build/ebot_nav2': CMAKE_PREFIX_PATH=${CMAKE_PREFIX_PATH}:/opt/ros/humble /usr/bin/cmake /home/vishnu/colcon_ws/src/ebot_nav2 -DCMAKE_INSTALL_PREFIX=/home/vishnu/colcon_ws/src/install/ebot_nav2
[0.422s] -- The C compiler identification is GNU 11.4.0
[0.512s] -- The CXX compiler identification is GNU 11.4.0
[0.522s] -- Detecting C compiler ABI info
[0.596s] -- Detecting C compiler ABI info - done
[0.609s] -- Check for working C compiler: /usr/bin/cc - skipped
[0.609s] -- Detecting C compile features
[0.609s] -- Detecting C compile features - done
[0.614s] -- Detecting CXX compiler ABI info
[0.728s] -- Detecting CXX compiler ABI info - done
[0.741s] -- Check for working CXX compiler: /usr/bin/c++ - skipped
[0.742s] -- Detecting CXX compile features
[0.742s] -- Detecting CXX compile features - done
[0.747s] -- Found ament_cmake: 1.3.5 (/opt/ros/humble/share/ament_cmake/cmake)
[0.983s] -- Found Python3: /usr/bin/python3.10 (found version "3.10.12") found components: Interpreter 
[1.106s] -- Found rclcpp: 16.0.6 (/opt/ros/humble/share/rclcpp/cmake)
[1.162s] -- Found rosidl_generator_c: 3.1.5 (/opt/ros/humble/share/rosidl_generator_c/cmake)
[1.169s] -- Found rosidl_adapter: 3.1.5 (/opt/ros/humble/share/rosidl_adapter/cmake)
[1.182s] -- Found rosidl_generator_cpp: 3.1.5 (/opt/ros/humble/share/rosidl_generator_cpp/cmake)
[1.204s] -- Using all available rosidl_typesupport_c: rosidl_typesupport_fastrtps_c;rosidl_typesupport_introspection_c
[1.233s] -- Using all available rosidl_typesupport_cpp: rosidl_typesupport_fastrtps_cpp;rosidl_typesupport_introspection_cpp
[1.332s] -- Found rmw_implementation_cmake: 6.1.1 (/opt/ros/humble/share/rmw_implementation_cmake/cmake)
[1.336s] -- Found rmw_fastrtps_cpp: 6.2.4 (/opt/ros/humble/share/rmw_fastrtps_cpp/cmake)
[1.475s] -- Found OpenSSL: /usr/lib/x86_64-linux-gnu/libcrypto.so (found version "3.0.2")  
[1.516s] -- Found FastRTPS: /opt/ros/humble/include  
[1.588s] -- Using RMW implementation 'rmw_fastrtps_cpp' as default
[1.603s] -- Looking for pthread.h
[1.687s] -- Looking for pthread.h - found
[1.688s] -- Performing Test CMAKE_HAVE_LIBC_PTHREAD
[1.776s] -- Performing Test CMAKE_HAVE_LIBC_PTHREAD - Success
[1.778s] -- Found Threads: TRUE  
[2.011s] -- Found rclpy: 3.3.10 (/opt/ros/humble/share/rclpy/cmake)
[2.014s] -- Found urdf: 2.6.0 (/opt/ros/humble/share/urdf/cmake)
[2.072s] -- Found xacro: 2.0.8 (/opt/ros/humble/share/xacro/cmake)
[2.076s] -- Found ament_lint_auto: 0.12.8 (/opt/ros/humble/share/ament_lint_auto/cmake)
[2.179s] -- Added test 'cppcheck' to perform static code analysis on C / C++ code
[2.179s] -- Configured cppcheck include dirs: 
[2.179s] -- Configured cppcheck exclude dirs and/or files: 
[2.181s] -- Added test 'flake8' to check Python code syntax and style conventions
[2.184s] -- Added test 'lint_cmake' to check CMake code style
[2.185s] -- Added test 'pep257' to check Python code against some of the docstring style conventions in PEP 257
[2.192s] -- Added test 'uncrustify' to check C / C++ code style
[2.192s] -- Configured uncrustify additional arguments: 
[2.194s] -- Added test 'xmllint' to check XML markup files
[2.195s] -- Configuring done
[2.200s] -- Generating done
[2.201s] -- Build files have been written to: /home/vishnu/colcon_ws/src/build/ebot_nav2
[2.213s] Invoked command in '/home/vishnu/colcon_ws/src/build/ebot_nav2' returned '0': CMAKE_PREFIX_PATH=${CMAKE_PREFIX_PATH}:/opt/ros/humble /usr/bin/cmake /home/vishnu/colcon_ws/src/ebot_nav2 -DCMAKE_INSTALL_PREFIX=/home/vishnu/colcon_ws/src/install/ebot_nav2
[2.215s] Invoking command in '/home/vishnu/colcon_ws/src/build/ebot_nav2': CMAKE_PREFIX_PATH=${CMAKE_PREFIX_PATH}:/opt/ros/humble /usr/bin/cmake --build /home/vishnu/colcon_ws/src/build/ebot_nav2 -- -j16 -l16
[2.258s] Invoked command in '/home/vishnu/colcon_ws/src/build/ebot_nav2' returned '0': CMAKE_PREFIX_PATH=${CMAKE_PREFIX_PATH}:/opt/ros/humble /usr/bin/cmake --build /home/vishnu/colcon_ws/src/build/ebot_nav2 -- -j16 -l16
[2.344s] Invoking command in '/home/vishnu/colcon_ws/src/build/ebot_nav2': CMAKE_PREFIX_PATH=${CMAKE_PREFIX_PATH}:/opt/ros/humble /usr/bin/cmake --install /home/vishnu/colcon_ws/src/build/ebot_nav2
[2.355s] -- Install configuration: ""
[2.355s] -- Installing: /home/vishnu/colcon_ws/src/install/ebot_nav2/share/ebot_nav2//launch
[2.355s] -- Installing: /home/vishnu/colcon_ws/src/install/ebot_nav2/share/ebot_nav2//launch/ebot_bringup_launch.py
[2.355s] -- Installing: /home/vishnu/colcon_ws/src/install/ebot_nav2/share/ebot_nav2//config
[2.355s] -- Installing: /home/vishnu/colcon_ws/src/install/ebot_nav2/share/ebot_nav2//config/mapper_params_online_async.yaml
[2.356s] -- Installing: /home/vishnu/colcon_ws/src/install/ebot_nav2/share/ebot_nav2//config/ekf.yaml
[2.356s] -- Installing: /home/vishnu/colcon_ws/src/install/ebot_nav2/share/ebot_nav2//maps
[2.356s] -- Installing: /home/vishnu/colcon_ws/src/install/ebot_nav2/share/ebot_nav2//params
[2.356s] -- Installing: /home/vishnu/colcon_ws/src/install/ebot_nav2/share/ebot_nav2//params/nav2_params.yaml
[2.357s] -- Installing: /home/vishnu/colcon_ws/src/install/ebot_nav2/share/ebot_nav2//rviz
[2.357s] -- Installing: /home/vishnu/colcon_ws/src/install/ebot_nav2/share/ebot_nav2//rviz/nav2_default_view.rviz
[2.357s] -- Installing: /home/vishnu/colcon_ws/src/install/ebot_nav2/lib/ebot_nav2/nav2_cmd_task1c.py
[2.357s] -- Installing: /home/vishnu/colcon_ws/src/install/ebot_nav2/share/ament_index/resource_index/package_run_dependencies/ebot_nav2
[2.358s] -- Installing: /home/vishnu/colcon_ws/src/install/ebot_nav2/share/ament_index/resource_index/parent_prefix_path/ebot_nav2
[2.358s] -- Installing: /home/vishnu/colcon_ws/src/install/ebot_nav2/share/ebot_nav2/environment/ament_prefix_path.sh
[2.358s] -- Installing: /home/vishnu/colcon_ws/src/install/ebot_nav2/share/ebot_nav2/environment/ament_prefix_path.dsv
[2.359s] -- Installing: /home/vishnu/colcon_ws/src/install/ebot_nav2/share/ebot_nav2/environment/path.sh
[2.359s] -- Installing: /home/vishnu/colcon_ws/src/install/ebot_nav2/share/ebot_nav2/environment/path.dsv
[2.359s] -- Installing: /home/vishnu/colcon_ws/src/install/ebot_nav2/share/ebot_nav2/local_setup.bash
[2.359s] -- Installing: /home/vishnu/colcon_ws/src/install/ebot_nav2/share/ebot_nav2/local_setup.sh
[2.359s] -- Installing: /home/vishnu/colcon_ws/src/install/ebot_nav2/share/ebot_nav2/local_setup.zsh
[2.359s] -- Installing: /home/vishnu/colcon_ws/src/install/ebot_nav2/share/ebot_nav2/local_setup.dsv
[2.359s] -- Installing: /home/vishnu/colcon_ws/src/install/ebot_nav2/share/ebot_nav2/package.dsv
[2.359s] -- Installing: /home/vishnu/colcon_ws/src/install/ebot_nav2/share/ament_index/resource_index/packages/ebot_nav2
[2.359s] -- Installing: /home/vishnu/colcon_ws/src/install/ebot_nav2/share/ebot_nav2/cmake/ebot_nav2Config.cmake
[2.360s] -- Installing: /home/vishnu/colcon_ws/src/install/ebot_nav2/share/ebot_nav2/cmake/ebot_nav2Config-version.cmake
[2.360s] -- Installing: /home/vishnu/colcon_ws/src/install/ebot_nav2/share/ebot_nav2/package.xml
[2.363s] Invoked command in '/home/vishnu/colcon_ws/src/build/ebot_nav2' returned '0': CMAKE_PREFIX_PATH=${CMAKE_PREFIX_PATH}:/opt/ros/humble /usr/bin/cmake --install /home/vishnu/colcon_ws/src/build/ebot_nav2
