[35m[1mConsolidate compiler generated dependencies of target ebot_docking__rosidl_generator_c[0m
[  3%] Built target ebot_docking__cpp
[ 12%] Built target ebot_docking__rosidl_generator_c
[ 12%] Built target ament_cmake_python_copy_ebot_docking
[35m[1mConsolidate compiler generated dependencies of target ebot_docking__rosidl_typesupport_introspection_cpp[0m
[35m[1mConsolidate compiler generated dependencies of target ebot_docking__rosidl_typesupport_cpp[0m
[35m[1mConsolidate compiler generated dependencies of target ebot_docking__rosidl_typesupport_fastrtps_cpp[0m
[35m[1mConsolidate compiler generated dependencies of target ebot_docking__rosidl_typesupport_c[0m
[35m[1mConsolidate compiler generated dependencies of target ebot_docking__rosidl_typesupport_fastrtps_c[0m
[35m[1mConsolidate compiler generated dependencies of target ebot_docking__rosidl_typesupport_introspection_c[0m
[ 22%] Built target ebot_docking__rosidl_typesupport_introspection_cpp
[ 32%] Built target ebot_docking__rosidl_typesupport_fastrtps_cpp
[ 41%] Built target ebot_docking__rosidl_typesupport_cpp
[ 51%] Built target ebot_docking__rosidl_typesupport_c
[ 61%] Built target ebot_docking__rosidl_typesupport_fastrtps_c
[ 70%] Built target ebot_docking__rosidl_typesupport_introspection_c
[ 70%] Built target ebot_docking
[ 74%] Built target ebot_docking__py
[35m[1mConsolidate compiler generated dependencies of target ebot_docking__rosidl_generator_py[0m
[ 77%] [32mBuilding C object CMakeFiles/ebot_docking__rosidl_generator_py.dir/rosidl_generator_py/ebot_docking/srv/_dock_sw_s.c.o[0m
running egg_info
writing ebot_docking.egg-info/PKG-INFO
writing dependency_links to ebot_docking.egg-info/dependency_links.txt
writing top-level names to ebot_docking.egg-info/top_level.txt
reading manifest file 'ebot_docking.egg-info/SOURCES.txt'
writing manifest file 'ebot_docking.egg-info/SOURCES.txt'
[ 80%] [32m[1mLinking C shared library rosidl_generator_py/ebot_docking/libebot_docking__rosidl_generator_py.so[0m
[ 80%] Built target ament_cmake_python_build_ebot_docking_egg
[ 80%] Built target ebot_docking__rosidl_generator_py
[35m[1mConsolidate compiler generated dependencies of target ebot_docking__rosidl_typesupport_fastrtps_c__pyext[0m
[35m[1mConsolidate compiler generated dependencies of target ebot_docking__rosidl_typesupport_introspection_c__pyext[0m
[35m[1mConsolidate compiler generated dependencies of target ebot_docking__rosidl_typesupport_c__pyext[0m
[ 83%] [32mBuilding C object CMakeFiles/ebot_docking__rosidl_typesupport_fastrtps_c__pyext.dir/rosidl_generator_py/ebot_docking/_ebot_docking_s.ep.rosidl_typesupport_fastrtps_c.c.o[0m
[ 87%] [32mBuilding C object CMakeFiles/ebot_docking__rosidl_typesupport_introspection_c__pyext.dir/rosidl_generator_py/ebot_docking/_ebot_docking_s.ep.rosidl_typesupport_introspection_c.c.o[0m
[ 90%] [32mBuilding C object CMakeFiles/ebot_docking__rosidl_typesupport_c__pyext.dir/rosidl_generator_py/ebot_docking/_ebot_docking_s.ep.rosidl_typesupport_c.c.o[0m
[ 93%] [32m[1mLinking C shared library rosidl_generator_py/ebot_docking/ebot_docking_s__rosidl_typesupport_introspection_c.cpython-310-x86_64-linux-gnu.so[0m
[ 96%] [32m[1mLinking C shared library rosidl_generator_py/ebot_docking/ebot_docking_s__rosidl_typesupport_fastrtps_c.cpython-310-x86_64-linux-gnu.so[0m
[ 96%] Built target ebot_docking__rosidl_typesupport_introspection_c__pyext
[100%] [32m[1mLinking C shared library rosidl_generator_py/ebot_docking/ebot_docking_s__rosidl_typesupport_c.cpython-310-x86_64-linux-gnu.so[0m
[100%] Built target ebot_docking__rosidl_typesupport_fastrtps_c__pyext
[100%] Built target ebot_docking__rosidl_typesupport_c__pyext
-- Install configuration: ""
-- Up-to-date: /home/vishnu/colcon_ws/src/install/ebot_docking/share/ament_index/resource_index/rosidl_interfaces/ebot_docking
-- Up-to-date: /home/vishnu/colcon_ws/src/install/ebot_docking/include/ebot_docking/ebot_docking
-- Up-to-date: /home/vishnu/colcon_ws/src/install/ebot_docking/include/ebot_docking/ebot_docking/srv
-- Up-to-date: /home/vishnu/colcon_ws/src/install/ebot_docking/include/ebot_docking/ebot_docking/srv/dock_sw.h
-- Up-to-date: /home/vishnu/colcon_ws/src/install/ebot_docking/include/ebot_docking/ebot_docking/srv/detail
-- Up-to-date: /home/vishnu/colcon_ws/src/install/ebot_docking/include/ebot_docking/ebot_docking/srv/detail/dock_sw__functions.c
-- Up-to-date: /home/vishnu/colcon_ws/src/install/ebot_docking/include/ebot_docking/ebot_docking/srv/detail/dock_sw__type_support.h
-- Up-to-date: /home/vishnu/colcon_ws/src/install/ebot_docking/include/ebot_docking/ebot_docking/srv/detail/dock_sw__struct.h
-- Up-to-date: /home/vishnu/colcon_ws/src/install/ebot_docking/include/ebot_docking/ebot_docking/srv/detail/dock_sw__functions.h
-- Up-to-date: /home/vishnu/colcon_ws/src/install/ebot_docking/include/ebot_docking/ebot_docking/msg
-- Up-to-date: /home/vishnu/colcon_ws/src/install/ebot_docking/include/ebot_docking/ebot_docking/msg/rosidl_generator_c__visibility_control.h
-- Up-to-date: /home/vishnu/colcon_ws/src/install/ebot_docking/share/ebot_docking/environment/library_path.sh
-- Up-to-date: /home/vishnu/colcon_ws/src/install/ebot_docking/share/ebot_docking/environment/library_path.dsv
-- Up-to-date: /home/vishnu/colcon_ws/src/install/ebot_docking/lib/libebot_docking__rosidl_generator_c.so
-- Up-to-date: /home/vishnu/colcon_ws/src/install/ebot_docking/include/ebot_docking/ebot_docking
-- Up-to-date: /home/vishnu/colcon_ws/src/install/ebot_docking/include/ebot_docking/ebot_docking/srv
-- Up-to-date: /home/vishnu/colcon_ws/src/install/ebot_docking/include/ebot_docking/ebot_docking/srv/detail
-- Up-to-date: /home/vishnu/colcon_ws/src/install/ebot_docking/include/ebot_docking/ebot_docking/srv/detail/dock_sw__rosidl_typesupport_fastrtps_c.h
-- Up-to-date: /home/vishnu/colcon_ws/src/install/ebot_docking/include/ebot_docking/ebot_docking/msg
-- Up-to-date: /home/vishnu/colcon_ws/src/install/ebot_docking/include/ebot_docking/ebot_docking/msg/rosidl_typesupport_fastrtps_c__visibility_control.h
-- Up-to-date: /home/vishnu/colcon_ws/src/install/ebot_docking/lib/libebot_docking__rosidl_typesupport_fastrtps_c.so
-- Up-to-date: /home/vishnu/colcon_ws/src/install/ebot_docking/include/ebot_docking/ebot_docking
-- Up-to-date: /home/vishnu/colcon_ws/src/install/ebot_docking/include/ebot_docking/ebot_docking/srv
-- Up-to-date: /home/vishnu/colcon_ws/src/install/ebot_docking/include/ebot_docking/ebot_docking/srv/detail
-- Up-to-date: /home/vishnu/colcon_ws/src/install/ebot_docking/include/ebot_docking/ebot_docking/srv/detail/dock_sw__rosidl_typesupport_introspection_c.h
-- Up-to-date: /home/vishnu/colcon_ws/src/install/ebot_docking/include/ebot_docking/ebot_docking/srv/detail/dock_sw__type_support.c
-- Up-to-date: /home/vishnu/colcon_ws/src/install/ebot_docking/include/ebot_docking/ebot_docking/msg
-- Up-to-date: /home/vishnu/colcon_ws/src/install/ebot_docking/include/ebot_docking/ebot_docking/msg/rosidl_typesupport_introspection_c__visibility_control.h
-- Up-to-date: /home/vishnu/colcon_ws/src/install/ebot_docking/lib/libebot_docking__rosidl_typesupport_introspection_c.so
-- Up-to-date: /home/vishnu/colcon_ws/src/install/ebot_docking/lib/libebot_docking__rosidl_typesupport_c.so
-- Up-to-date: /home/vishnu/colcon_ws/src/install/ebot_docking/include/ebot_docking/ebot_docking
-- Up-to-date: /home/vishnu/colcon_ws/src/install/ebot_docking/include/ebot_docking/ebot_docking/srv
-- Up-to-date: /home/vishnu/colcon_ws/src/install/ebot_docking/include/ebot_docking/ebot_docking/srv/dock_sw.hpp
-- Up-to-date: /home/vishnu/colcon_ws/src/install/ebot_docking/include/ebot_docking/ebot_docking/srv/detail
-- Up-to-date: /home/vishnu/colcon_ws/src/install/ebot_docking/include/ebot_docking/ebot_docking/srv/detail/dock_sw__struct.hpp
-- Up-to-date: /home/vishnu/colcon_ws/src/install/ebot_docking/include/ebot_docking/ebot_docking/srv/detail/dock_sw__builder.hpp
-- Up-to-date: /home/vishnu/colcon_ws/src/install/ebot_docking/include/ebot_docking/ebot_docking/srv/detail/dock_sw__traits.hpp
-- Up-to-date: /home/vishnu/colcon_ws/src/install/ebot_docking/include/ebot_docking/ebot_docking
-- Up-to-date: /home/vishnu/colcon_ws/src/install/ebot_docking/include/ebot_docking/ebot_docking/srv
-- Up-to-date: /home/vishnu/colcon_ws/src/install/ebot_docking/include/ebot_docking/ebot_docking/srv/detail
-- Up-to-date: /home/vishnu/colcon_ws/src/install/ebot_docking/include/ebot_docking/ebot_docking/srv/detail/dds_fastrtps
-- Up-to-date: /home/vishnu/colcon_ws/src/install/ebot_docking/include/ebot_docking/ebot_docking/srv/detail/dock_sw__rosidl_typesupport_fastrtps_cpp.hpp
-- Up-to-date: /home/vishnu/colcon_ws/src/install/ebot_docking/include/ebot_docking/ebot_docking/msg
-- Up-to-date: /home/vishnu/colcon_ws/src/install/ebot_docking/include/ebot_docking/ebot_docking/msg/rosidl_typesupport_fastrtps_cpp__visibility_control.h
-- Up-to-date: /home/vishnu/colcon_ws/src/install/ebot_docking/lib/libebot_docking__rosidl_typesupport_fastrtps_cpp.so
-- Up-to-date: /home/vishnu/colcon_ws/src/install/ebot_docking/include/ebot_docking/ebot_docking
-- Up-to-date: /home/vishnu/colcon_ws/src/install/ebot_docking/include/ebot_docking/ebot_docking/srv
-- Up-to-date: /home/vishnu/colcon_ws/src/install/ebot_docking/include/ebot_docking/ebot_docking/srv/detail
-- Up-to-date: /home/vishnu/colcon_ws/src/install/ebot_docking/include/ebot_docking/ebot_docking/srv/detail/dock_sw__rosidl_typesupport_introspection_cpp.hpp
-- Up-to-date: /home/vishnu/colcon_ws/src/install/ebot_docking/include/ebot_docking/ebot_docking/srv/detail/dock_sw__type_support.cpp
-- Up-to-date: /home/vishnu/colcon_ws/src/install/ebot_docking/lib/libebot_docking__rosidl_typesupport_introspection_cpp.so
-- Up-to-date: /home/vishnu/colcon_ws/src/install/ebot_docking/lib/libebot_docking__rosidl_typesupport_cpp.so
-- Up-to-date: /home/vishnu/colcon_ws/src/install/ebot_docking/share/ebot_docking/environment/pythonpath.sh
-- Up-to-date: /home/vishnu/colcon_ws/src/install/ebot_docking/share/ebot_docking/environment/pythonpath.dsv
-- Up-to-date: /home/vishnu/colcon_ws/src/install/ebot_docking/local/lib/python3.10/dist-packages/ebot_docking-0.0.0-py3.10.egg-info
-- Installing: /home/vishnu/colcon_ws/src/install/ebot_docking/local/lib/python3.10/dist-packages/ebot_docking-0.0.0-py3.10.egg-info/top_level.txt
-- Installing: /home/vishnu/colcon_ws/src/install/ebot_docking/local/lib/python3.10/dist-packages/ebot_docking-0.0.0-py3.10.egg-info/dependency_links.txt
-- Installing: /home/vishnu/colcon_ws/src/install/ebot_docking/local/lib/python3.10/dist-packages/ebot_docking-0.0.0-py3.10.egg-info/SOURCES.txt
-- Installing: /home/vishnu/colcon_ws/src/install/ebot_docking/local/lib/python3.10/dist-packages/ebot_docking-0.0.0-py3.10.egg-info/PKG-INFO
-- Up-to-date: /home/vishnu/colcon_ws/src/install/ebot_docking/local/lib/python3.10/dist-packages/ebot_docking
-- Up-to-date: /home/vishnu/colcon_ws/src/install/ebot_docking/local/lib/python3.10/dist-packages/ebot_docking/srv
-- Up-to-date: /home/vishnu/colcon_ws/src/install/ebot_docking/local/lib/python3.10/dist-packages/ebot_docking/srv/_dock_sw.py
-- Up-to-date: /home/vishnu/colcon_ws/src/install/ebot_docking/local/lib/python3.10/dist-packages/ebot_docking/srv/__init__.py
-- Up-to-date: /home/vishnu/colcon_ws/src/install/ebot_docking/local/lib/python3.10/dist-packages/ebot_docking/srv/_dock_sw_s.c
-- Installing: /home/vishnu/colcon_ws/src/install/ebot_docking/local/lib/python3.10/dist-packages/ebot_docking/ebot_docking_s__rosidl_typesupport_c.cpython-310-x86_64-linux-gnu.so
-- Installing: /home/vishnu/colcon_ws/src/install/ebot_docking/local/lib/python3.10/dist-packages/ebot_docking/libebot_docking__rosidl_generator_py.so
-- Up-to-date: /home/vishnu/colcon_ws/src/install/ebot_docking/local/lib/python3.10/dist-packages/ebot_docking/_ebot_docking_s.ep.rosidl_typesupport_fastrtps_c.c
-- Up-to-date: /home/vishnu/colcon_ws/src/install/ebot_docking/local/lib/python3.10/dist-packages/ebot_docking/__init__.py
-- Up-to-date: /home/vishnu/colcon_ws/src/install/ebot_docking/local/lib/python3.10/dist-packages/ebot_docking/_ebot_docking_s.ep.rosidl_typesupport_introspection_c.c
-- Up-to-date: /home/vishnu/colcon_ws/src/install/ebot_docking/local/lib/python3.10/dist-packages/ebot_docking/_ebot_docking_s.ep.rosidl_typesupport_c.c
-- Installing: /home/vishnu/colcon_ws/src/install/ebot_docking/local/lib/python3.10/dist-packages/ebot_docking/ebot_docking_s__rosidl_typesupport_introspection_c.cpython-310-x86_64-linux-gnu.so
-- Installing: /home/vishnu/colcon_ws/src/install/ebot_docking/local/lib/python3.10/dist-packages/ebot_docking/ebot_docking_s__rosidl_typesupport_fastrtps_c.cpython-310-x86_64-linux-gnu.so
Listing '/home/vishnu/colcon_ws/src/install/ebot_docking/local/lib/python3.10/dist-packages/ebot_docking'...
Listing '/home/vishnu/colcon_ws/src/install/ebot_docking/local/lib/python3.10/dist-packages/ebot_docking/srv'...
-- Installing: /home/vishnu/colcon_ws/src/install/ebot_docking/local/lib/python3.10/dist-packages/ebot_docking/ebot_docking_s__rosidl_typesupport_fastrtps_c.cpython-310-x86_64-linux-gnu.so
-- Set runtime path of "/home/vishnu/colcon_ws/src/install/ebot_docking/local/lib/python3.10/dist-packages/ebot_docking/ebot_docking_s__rosidl_typesupport_fastrtps_c.cpython-310-x86_64-linux-gnu.so" to ""
-- Installing: /home/vishnu/colcon_ws/src/install/ebot_docking/local/lib/python3.10/dist-packages/ebot_docking/ebot_docking_s__rosidl_typesupport_introspection_c.cpython-310-x86_64-linux-gnu.so
-- Set runtime path of "/home/vishnu/colcon_ws/src/install/ebot_docking/local/lib/python3.10/dist-packages/ebot_docking/ebot_docking_s__rosidl_typesupport_introspection_c.cpython-310-x86_64-linux-gnu.so" to ""
-- Installing: /home/vishnu/colcon_ws/src/install/ebot_docking/local/lib/python3.10/dist-packages/ebot_docking/ebot_docking_s__rosidl_typesupport_c.cpython-310-x86_64-linux-gnu.so
-- Set runtime path of "/home/vishnu/colcon_ws/src/install/ebot_docking/local/lib/python3.10/dist-packages/ebot_docking/ebot_docking_s__rosidl_typesupport_c.cpython-310-x86_64-linux-gnu.so" to ""
-- Installing: /home/vishnu/colcon_ws/src/install/ebot_docking/lib/libebot_docking__rosidl_generator_py.so
-- Set runtime path of "/home/vishnu/colcon_ws/src/install/ebot_docking/lib/libebot_docking__rosidl_generator_py.so" to ""
-- Up-to-date: /home/vishnu/colcon_ws/src/install/ebot_docking/share/ebot_docking/srv/DockSw.idl
-- Up-to-date: /home/vishnu/colcon_ws/src/install/ebot_docking/share/ebot_docking/srv/DockSw.srv
-- Up-to-date: /home/vishnu/colcon_ws/src/install/ebot_docking/share/ebot_docking/srv/DockSw_Request.msg
-- Up-to-date: /home/vishnu/colcon_ws/src/install/ebot_docking/share/ebot_docking/srv/DockSw_Response.msg
-- Up-to-date: /home/vishnu/colcon_ws/src/install/ebot_docking/share/ebot_docking//srv
-- Up-to-date: /home/vishnu/colcon_ws/src/install/ebot_docking/share/ebot_docking//srv/DockSw.srv
-- Up-to-date: /home/vishnu/colcon_ws/src/install/ebot_docking/share/ebot_docking//scripts
-- Installing: /home/vishnu/colcon_ws/src/install/ebot_docking/share/ebot_docking//scripts/ebot_docking_boilerplate.py
-- Installing: /home/vishnu/colcon_ws/src/install/ebot_docking/lib/ebot_docking/ebot_docking_boilerplate.py
-- Up-to-date: /home/vishnu/colcon_ws/src/install/ebot_docking/share/ament_index/resource_index/package_run_dependencies/ebot_docking
-- Up-to-date: /home/vishnu/colcon_ws/src/install/ebot_docking/share/ament_index/resource_index/parent_prefix_path/ebot_docking
-- Up-to-date: /home/vishnu/colcon_ws/src/install/ebot_docking/share/ebot_docking/environment/ament_prefix_path.sh
-- Up-to-date: /home/vishnu/colcon_ws/src/install/ebot_docking/share/ebot_docking/environment/ament_prefix_path.dsv
-- Up-to-date: /home/vishnu/colcon_ws/src/install/ebot_docking/share/ebot_docking/environment/path.sh
-- Up-to-date: /home/vishnu/colcon_ws/src/install/ebot_docking/share/ebot_docking/environment/path.dsv
-- Up-to-date: /home/vishnu/colcon_ws/src/install/ebot_docking/share/ebot_docking/local_setup.bash
-- Up-to-date: /home/vishnu/colcon_ws/src/install/ebot_docking/share/ebot_docking/local_setup.sh
-- Up-to-date: /home/vishnu/colcon_ws/src/install/ebot_docking/share/ebot_docking/local_setup.zsh
-- Up-to-date: /home/vishnu/colcon_ws/src/install/ebot_docking/share/ebot_docking/local_setup.dsv
-- Installing: /home/vishnu/colcon_ws/src/install/ebot_docking/share/ebot_docking/package.dsv
-- Up-to-date: /home/vishnu/colcon_ws/src/install/ebot_docking/share/ament_index/resource_index/packages/ebot_docking
-- Up-to-date: /home/vishnu/colcon_ws/src/install/ebot_docking/share/ebot_docking/cmake/export_ebot_docking__rosidl_generator_cExport.cmake
-- Up-to-date: /home/vishnu/colcon_ws/src/install/ebot_docking/share/ebot_docking/cmake/export_ebot_docking__rosidl_generator_cExport-noconfig.cmake
-- Up-to-date: /home/vishnu/colcon_ws/src/install/ebot_docking/share/ebot_docking/cmake/export_ebot_docking__rosidl_typesupport_fastrtps_cExport.cmake
-- Up-to-date: /home/vishnu/colcon_ws/src/install/ebot_docking/share/ebot_docking/cmake/export_ebot_docking__rosidl_typesupport_fastrtps_cExport-noconfig.cmake
-- Up-to-date: /home/vishnu/colcon_ws/src/install/ebot_docking/share/ebot_docking/cmake/ebot_docking__rosidl_typesupport_introspection_cExport.cmake
-- Up-to-date: /home/vishnu/colcon_ws/src/install/ebot_docking/share/ebot_docking/cmake/ebot_docking__rosidl_typesupport_introspection_cExport-noconfig.cmake
-- Up-to-date: /home/vishnu/colcon_ws/src/install/ebot_docking/share/ebot_docking/cmake/ebot_docking__rosidl_typesupport_cExport.cmake
-- Up-to-date: /home/vishnu/colcon_ws/src/install/ebot_docking/share/ebot_docking/cmake/ebot_docking__rosidl_typesupport_cExport-noconfig.cmake
-- Up-to-date: /home/vishnu/colcon_ws/src/install/ebot_docking/share/ebot_docking/cmake/export_ebot_docking__rosidl_generator_cppExport.cmake
-- Up-to-date: /home/vishnu/colcon_ws/src/install/ebot_docking/share/ebot_docking/cmake/export_ebot_docking__rosidl_typesupport_fastrtps_cppExport.cmake
-- Up-to-date: /home/vishnu/colcon_ws/src/install/ebot_docking/share/ebot_docking/cmake/export_ebot_docking__rosidl_typesupport_fastrtps_cppExport-noconfig.cmake
-- Up-to-date: /home/vishnu/colcon_ws/src/install/ebot_docking/share/ebot_docking/cmake/ebot_docking__rosidl_typesupport_introspection_cppExport.cmake
-- Up-to-date: /home/vishnu/colcon_ws/src/install/ebot_docking/share/ebot_docking/cmake/ebot_docking__rosidl_typesupport_introspection_cppExport-noconfig.cmake
-- Up-to-date: /home/vishnu/colcon_ws/src/install/ebot_docking/share/ebot_docking/cmake/ebot_docking__rosidl_typesupport_cppExport.cmake
-- Up-to-date: /home/vishnu/colcon_ws/src/install/ebot_docking/share/ebot_docking/cmake/ebot_docking__rosidl_typesupport_cppExport-noconfig.cmake
-- Up-to-date: /home/vishnu/colcon_ws/src/install/ebot_docking/share/ebot_docking/cmake/export_ebot_docking__rosidl_generator_pyExport.cmake
-- Up-to-date: /home/vishnu/colcon_ws/src/install/ebot_docking/share/ebot_docking/cmake/export_ebot_docking__rosidl_generator_pyExport-noconfig.cmake
-- Up-to-date: /home/vishnu/colcon_ws/src/install/ebot_docking/share/ebot_docking/cmake/rosidl_cmake-extras.cmake
-- Up-to-date: /home/vishnu/colcon_ws/src/install/ebot_docking/share/ebot_docking/cmake/ament_cmake_export_include_directories-extras.cmake
-- Up-to-date: /home/vishnu/colcon_ws/src/install/ebot_docking/share/ebot_docking/cmake/ament_cmake_export_libraries-extras.cmake
-- Up-to-date: /home/vishnu/colcon_ws/src/install/ebot_docking/share/ebot_docking/cmake/ament_cmake_export_targets-extras.cmake
-- Up-to-date: /home/vishnu/colcon_ws/src/install/ebot_docking/share/ebot_docking/cmake/rosidl_cmake_export_typesupport_targets-extras.cmake
-- Up-to-date: /home/vishnu/colcon_ws/src/install/ebot_docking/share/ebot_docking/cmake/ament_cmake_export_dependencies-extras.cmake
-- Up-to-date: /home/vishnu/colcon_ws/src/install/ebot_docking/share/ebot_docking/cmake/rosidl_cmake_export_typesupport_libraries-extras.cmake
-- Up-to-date: /home/vishnu/colcon_ws/src/install/ebot_docking/share/ebot_docking/cmake/ebot_dockingConfig.cmake
-- Up-to-date: /home/vishnu/colcon_ws/src/install/ebot_docking/share/ebot_docking/cmake/ebot_dockingConfig-version.cmake
-- Up-to-date: /home/vishnu/colcon_ws/src/install/ebot_docking/share/ebot_docking/package.xml
