[0.236s] Invoking command in '/home/vishnu/colcon_ws/src/build/ebot_docking': CMAKE_PREFIX_PATH=${CMAKE_PREFIX_PATH}:/opt/ros/humble /usr/bin/cmake --build /home/vishnu/colcon_ws/src/build/ebot_docking -- -j16 -l16
[0.278s] [35m[1mConsolidate compiler generated dependencies of target ebot_docking__rosidl_generator_c[0m
[0.285s] [  3%] Built target ebot_docking__cpp
[0.291s] [ 12%] Built target ebot_docking__rosidl_generator_c
[0.294s] [ 12%] Built target ament_cmake_python_copy_ebot_docking
[0.296s] [35m[1mConsolidate compiler generated dependencies of target ebot_docking__rosidl_typesupport_introspection_cpp[0m
[0.296s] [35m[1mConsolidate compiler generated dependencies of target ebot_docking__rosidl_typesupport_cpp[0m
[0.297s] [35m[1mConsolidate compiler generated dependencies of target ebot_docking__rosidl_typesupport_fastrtps_cpp[0m
[0.302s] [35m[1mConsolidate compiler generated dependencies of target ebot_docking__rosidl_typesupport_c[0m
[0.305s] [35m[1mConsolidate compiler generated dependencies of target ebot_docking__rosidl_typesupport_fastrtps_c[0m
[0.320s] [35m[1mConsolidate compiler generated dependencies of target ebot_docking__rosidl_typesupport_introspection_c[0m
[0.320s] [ 22%] Built target ebot_docking__rosidl_typesupport_introspection_cpp
[0.321s] [ 32%] Built target ebot_docking__rosidl_typesupport_fastrtps_cpp
[0.330s] [ 41%] Built target ebot_docking__rosidl_typesupport_cpp
[0.330s] [ 51%] Built target ebot_docking__rosidl_typesupport_c
[0.336s] [ 61%] Built target ebot_docking__rosidl_typesupport_fastrtps_c
[0.366s] [ 70%] Built target ebot_docking__rosidl_typesupport_introspection_c
[0.375s] [ 70%] Built target ebot_docking
[0.375s] [ 74%] Built target ebot_docking__py
[0.375s] [35m[1mConsolidate compiler generated dependencies of target ebot_docking__rosidl_generator_py[0m
[0.378s] [ 77%] [32mBuilding C object CMakeFiles/ebot_docking__rosidl_generator_py.dir/rosidl_generator_py/ebot_docking/srv/_dock_sw_s.c.o[0m
[0.458s] running egg_info
[0.458s] writing ebot_docking.egg-info/PKG-INFO
[0.459s] writing dependency_links to ebot_docking.egg-info/dependency_links.txt
[0.459s] writing top-level names to ebot_docking.egg-info/top_level.txt
[0.461s] reading manifest file 'ebot_docking.egg-info/SOURCES.txt'
[0.461s] writing manifest file 'ebot_docking.egg-info/SOURCES.txt'
[0.481s] [ 80%] [32m[1mLinking C shared library rosidl_generator_py/ebot_docking/libebot_docking__rosidl_generator_py.so[0m
[0.493s] [ 80%] Built target ament_cmake_python_build_ebot_docking_egg
[0.514s] [ 80%] Built target ebot_docking__rosidl_generator_py
[0.522s] [35m[1mConsolidate compiler generated dependencies of target ebot_docking__rosidl_typesupport_fastrtps_c__pyext[0m
[0.523s] [35m[1mConsolidate compiler generated dependencies of target ebot_docking__rosidl_typesupport_introspection_c__pyext[0m
[0.525s] [35m[1mConsolidate compiler generated dependencies of target ebot_docking__rosidl_typesupport_c__pyext[0m
[0.534s] [ 83%] [32mBuilding C object CMakeFiles/ebot_docking__rosidl_typesupport_fastrtps_c__pyext.dir/rosidl_generator_py/ebot_docking/_ebot_docking_s.ep.rosidl_typesupport_fastrtps_c.c.o[0m
[0.536s] [ 87%] [32mBuilding C object CMakeFiles/ebot_docking__rosidl_typesupport_introspection_c__pyext.dir/rosidl_generator_py/ebot_docking/_ebot_docking_s.ep.rosidl_typesupport_introspection_c.c.o[0m
[0.536s] [ 90%] [32mBuilding C object CMakeFiles/ebot_docking__rosidl_typesupport_c__pyext.dir/rosidl_generator_py/ebot_docking/_ebot_docking_s.ep.rosidl_typesupport_c.c.o[0m
[0.600s] [ 93%] [32m[1mLinking C shared library rosidl_generator_py/ebot_docking/ebot_docking_s__rosidl_typesupport_introspection_c.cpython-310-x86_64-linux-gnu.so[0m
[0.629s] [ 96%] [32m[1mLinking C shared library rosidl_generator_py/ebot_docking/ebot_docking_s__rosidl_typesupport_fastrtps_c.cpython-310-x86_64-linux-gnu.so[0m
[0.629s] [ 96%] Built target ebot_docking__rosidl_typesupport_introspection_c__pyext
[0.631s] [100%] [32m[1mLinking C shared library rosidl_generator_py/ebot_docking/ebot_docking_s__rosidl_typesupport_c.cpython-310-x86_64-linux-gnu.so[0m
[0.654s] [100%] Built target ebot_docking__rosidl_typesupport_fastrtps_c__pyext
[0.655s] [100%] Built target ebot_docking__rosidl_typesupport_c__pyext
[0.672s] Invoked command in '/home/vishnu/colcon_ws/src/build/ebot_docking' returned '0': CMAKE_PREFIX_PATH=${CMAKE_PREFIX_PATH}:/opt/ros/humble /usr/bin/cmake --build /home/vishnu/colcon_ws/src/build/ebot_docking -- -j16 -l16
[0.710s] Invoking command in '/home/vishnu/colcon_ws/src/build/ebot_docking': CMAKE_PREFIX_PATH=${CMAKE_PREFIX_PATH}:/opt/ros/humble /usr/bin/cmake --install /home/vishnu/colcon_ws/src/build/ebot_docking
[0.717s] -- Install configuration: ""
[0.717s] -- Up-to-date: /home/vishnu/colcon_ws/src/install/ebot_docking/share/ament_index/resource_index/rosidl_interfaces/ebot_docking
[0.717s] -- Up-to-date: /home/vishnu/colcon_ws/src/install/ebot_docking/include/ebot_docking/ebot_docking
[0.718s] -- Up-to-date: /home/vishnu/colcon_ws/src/install/ebot_docking/include/ebot_docking/ebot_docking/srv
[0.718s] -- Up-to-date: /home/vishnu/colcon_ws/src/install/ebot_docking/include/ebot_docking/ebot_docking/srv/dock_sw.h
[0.718s] -- Up-to-date: /home/vishnu/colcon_ws/src/install/ebot_docking/include/ebot_docking/ebot_docking/srv/detail
[0.718s] -- Up-to-date: /home/vishnu/colcon_ws/src/install/ebot_docking/include/ebot_docking/ebot_docking/srv/detail/dock_sw__functions.c
[0.718s] -- Up-to-date: /home/vishnu/colcon_ws/src/install/ebot_docking/include/ebot_docking/ebot_docking/srv/detail/dock_sw__type_support.h
[0.718s] -- Up-to-date: /home/vishnu/colcon_ws/src/install/ebot_docking/include/ebot_docking/ebot_docking/srv/detail/dock_sw__struct.h
[0.718s] -- Up-to-date: /home/vishnu/colcon_ws/src/install/ebot_docking/include/ebot_docking/ebot_docking/srv/detail/dock_sw__functions.h
[0.718s] -- Up-to-date: /home/vishnu/colcon_ws/src/install/ebot_docking/include/ebot_docking/ebot_docking/msg
[0.718s] -- Up-to-date: /home/vishnu/colcon_ws/src/install/ebot_docking/include/ebot_docking/ebot_docking/msg/rosidl_generator_c__visibility_control.h
[0.718s] -- Up-to-date: /home/vishnu/colcon_ws/src/install/ebot_docking/share/ebot_docking/environment/library_path.sh
[0.718s] -- Up-to-date: /home/vishnu/colcon_ws/src/install/ebot_docking/share/ebot_docking/environment/library_path.dsv
[0.718s] -- Up-to-date: /home/vishnu/colcon_ws/src/install/ebot_docking/lib/libebot_docking__rosidl_generator_c.so
[0.718s] -- Up-to-date: /home/vishnu/colcon_ws/src/install/ebot_docking/include/ebot_docking/ebot_docking
[0.719s] -- Up-to-date: /home/vishnu/colcon_ws/src/install/ebot_docking/include/ebot_docking/ebot_docking/srv
[0.719s] -- Up-to-date: /home/vishnu/colcon_ws/src/install/ebot_docking/include/ebot_docking/ebot_docking/srv/detail
[0.719s] -- Up-to-date: /home/vishnu/colcon_ws/src/install/ebot_docking/include/ebot_docking/ebot_docking/srv/detail/dock_sw__rosidl_typesupport_fastrtps_c.h
[0.719s] -- Up-to-date: /home/vishnu/colcon_ws/src/install/ebot_docking/include/ebot_docking/ebot_docking/msg
[0.719s] -- Up-to-date: /home/vishnu/colcon_ws/src/install/ebot_docking/include/ebot_docking/ebot_docking/msg/rosidl_typesupport_fastrtps_c__visibility_control.h
[0.719s] -- Up-to-date: /home/vishnu/colcon_ws/src/install/ebot_docking/lib/libebot_docking__rosidl_typesupport_fastrtps_c.so
[0.719s] -- Up-to-date: /home/vishnu/colcon_ws/src/install/ebot_docking/include/ebot_docking/ebot_docking
[0.719s] -- Up-to-date: /home/vishnu/colcon_ws/src/install/ebot_docking/include/ebot_docking/ebot_docking/srv
[0.719s] -- Up-to-date: /home/vishnu/colcon_ws/src/install/ebot_docking/include/ebot_docking/ebot_docking/srv/detail
[0.719s] -- Up-to-date: /home/vishnu/colcon_ws/src/install/ebot_docking/include/ebot_docking/ebot_docking/srv/detail/dock_sw__rosidl_typesupport_introspection_c.h
[0.719s] -- Up-to-date: /home/vishnu/colcon_ws/src/install/ebot_docking/include/ebot_docking/ebot_docking/srv/detail/dock_sw__type_support.c
[0.719s] -- Up-to-date: /home/vishnu/colcon_ws/src/install/ebot_docking/include/ebot_docking/ebot_docking/msg
[0.720s] -- Up-to-date: /home/vishnu/colcon_ws/src/install/ebot_docking/include/ebot_docking/ebot_docking/msg/rosidl_typesupport_introspection_c__visibility_control.h
[0.720s] -- Up-to-date: /home/vishnu/colcon_ws/src/install/ebot_docking/lib/libebot_docking__rosidl_typesupport_introspection_c.so
[0.720s] -- Up-to-date: /home/vishnu/colcon_ws/src/install/ebot_docking/lib/libebot_docking__rosidl_typesupport_c.so
[0.720s] -- Up-to-date: /home/vishnu/colcon_ws/src/install/ebot_docking/include/ebot_docking/ebot_docking
[0.720s] -- Up-to-date: /home/vishnu/colcon_ws/src/install/ebot_docking/include/ebot_docking/ebot_docking/srv
[0.720s] -- Up-to-date: /home/vishnu/colcon_ws/src/install/ebot_docking/include/ebot_docking/ebot_docking/srv/dock_sw.hpp
[0.720s] -- Up-to-date: /home/vishnu/colcon_ws/src/install/ebot_docking/include/ebot_docking/ebot_docking/srv/detail
[0.720s] -- Up-to-date: /home/vishnu/colcon_ws/src/install/ebot_docking/include/ebot_docking/ebot_docking/srv/detail/dock_sw__struct.hpp
[0.720s] -- Up-to-date: /home/vishnu/colcon_ws/src/install/ebot_docking/include/ebot_docking/ebot_docking/srv/detail/dock_sw__builder.hpp
[0.720s] -- Up-to-date: /home/vishnu/colcon_ws/src/install/ebot_docking/include/ebot_docking/ebot_docking/srv/detail/dock_sw__traits.hpp
[0.720s] -- Up-to-date: /home/vishnu/colcon_ws/src/install/ebot_docking/include/ebot_docking/ebot_docking
[0.721s] -- Up-to-date: /home/vishnu/colcon_ws/src/install/ebot_docking/include/ebot_docking/ebot_docking/srv
[0.721s] -- Up-to-date: /home/vishnu/colcon_ws/src/install/ebot_docking/include/ebot_docking/ebot_docking/srv/detail
[0.721s] -- Up-to-date: /home/vishnu/colcon_ws/src/install/ebot_docking/include/ebot_docking/ebot_docking/srv/detail/dds_fastrtps
[0.721s] -- Up-to-date: /home/vishnu/colcon_ws/src/install/ebot_docking/include/ebot_docking/ebot_docking/srv/detail/dock_sw__rosidl_typesupport_fastrtps_cpp.hpp
[0.721s] -- Up-to-date: /home/vishnu/colcon_ws/src/install/ebot_docking/include/ebot_docking/ebot_docking/msg
[0.721s] -- Up-to-date: /home/vishnu/colcon_ws/src/install/ebot_docking/include/ebot_docking/ebot_docking/msg/rosidl_typesupport_fastrtps_cpp__visibility_control.h
[0.721s] -- Up-to-date: /home/vishnu/colcon_ws/src/install/ebot_docking/lib/libebot_docking__rosidl_typesupport_fastrtps_cpp.so
[0.721s] -- Up-to-date: /home/vishnu/colcon_ws/src/install/ebot_docking/include/ebot_docking/ebot_docking
[0.721s] -- Up-to-date: /home/vishnu/colcon_ws/src/install/ebot_docking/include/ebot_docking/ebot_docking/srv
[0.721s] -- Up-to-date: /home/vishnu/colcon_ws/src/install/ebot_docking/include/ebot_docking/ebot_docking/srv/detail
[0.721s] -- Up-to-date: /home/vishnu/colcon_ws/src/install/ebot_docking/include/ebot_docking/ebot_docking/srv/detail/dock_sw__rosidl_typesupport_introspection_cpp.hpp
[0.721s] -- Up-to-date: /home/vishnu/colcon_ws/src/install/ebot_docking/include/ebot_docking/ebot_docking/srv/detail/dock_sw__type_support.cpp
[0.721s] -- Up-to-date: /home/vishnu/colcon_ws/src/install/ebot_docking/lib/libebot_docking__rosidl_typesupport_introspection_cpp.so
[0.721s] -- Up-to-date: /home/vishnu/colcon_ws/src/install/ebot_docking/lib/libebot_docking__rosidl_typesupport_cpp.so
[0.721s] -- Up-to-date: /home/vishnu/colcon_ws/src/install/ebot_docking/share/ebot_docking/environment/pythonpath.sh
[0.721s] -- Up-to-date: /home/vishnu/colcon_ws/src/install/ebot_docking/share/ebot_docking/environment/pythonpath.dsv
[0.721s] -- Up-to-date: /home/vishnu/colcon_ws/src/install/ebot_docking/local/lib/python3.10/dist-packages/ebot_docking-0.0.0-py3.10.egg-info
[0.721s] -- Installing: /home/vishnu/colcon_ws/src/install/ebot_docking/local/lib/python3.10/dist-packages/ebot_docking-0.0.0-py3.10.egg-info/top_level.txt
[0.721s] -- Installing: /home/vishnu/colcon_ws/src/install/ebot_docking/local/lib/python3.10/dist-packages/ebot_docking-0.0.0-py3.10.egg-info/dependency_links.txt
[0.722s] -- Installing: /home/vishnu/colcon_ws/src/install/ebot_docking/local/lib/python3.10/dist-packages/ebot_docking-0.0.0-py3.10.egg-info/SOURCES.txt
[0.722s] -- Installing: /home/vishnu/colcon_ws/src/install/ebot_docking/local/lib/python3.10/dist-packages/ebot_docking-0.0.0-py3.10.egg-info/PKG-INFO
[0.722s] -- Up-to-date: /home/vishnu/colcon_ws/src/install/ebot_docking/local/lib/python3.10/dist-packages/ebot_docking
[0.722s] -- Up-to-date: /home/vishnu/colcon_ws/src/install/ebot_docking/local/lib/python3.10/dist-packages/ebot_docking/srv
[0.722s] -- Up-to-date: /home/vishnu/colcon_ws/src/install/ebot_docking/local/lib/python3.10/dist-packages/ebot_docking/srv/_dock_sw.py
[0.722s] -- Up-to-date: /home/vishnu/colcon_ws/src/install/ebot_docking/local/lib/python3.10/dist-packages/ebot_docking/srv/__init__.py
[0.722s] -- Up-to-date: /home/vishnu/colcon_ws/src/install/ebot_docking/local/lib/python3.10/dist-packages/ebot_docking/srv/_dock_sw_s.c
[0.722s] -- Installing: /home/vishnu/colcon_ws/src/install/ebot_docking/local/lib/python3.10/dist-packages/ebot_docking/ebot_docking_s__rosidl_typesupport_c.cpython-310-x86_64-linux-gnu.so
[0.722s] -- Installing: /home/vishnu/colcon_ws/src/install/ebot_docking/local/lib/python3.10/dist-packages/ebot_docking/libebot_docking__rosidl_generator_py.so
[0.722s] -- Up-to-date: /home/vishnu/colcon_ws/src/install/ebot_docking/local/lib/python3.10/dist-packages/ebot_docking/_ebot_docking_s.ep.rosidl_typesupport_fastrtps_c.c
[0.722s] -- Up-to-date: /home/vishnu/colcon_ws/src/install/ebot_docking/local/lib/python3.10/dist-packages/ebot_docking/__init__.py
[0.722s] -- Up-to-date: /home/vishnu/colcon_ws/src/install/ebot_docking/local/lib/python3.10/dist-packages/ebot_docking/_ebot_docking_s.ep.rosidl_typesupport_introspection_c.c
[0.722s] -- Up-to-date: /home/vishnu/colcon_ws/src/install/ebot_docking/local/lib/python3.10/dist-packages/ebot_docking/_ebot_docking_s.ep.rosidl_typesupport_c.c
[0.722s] -- Installing: /home/vishnu/colcon_ws/src/install/ebot_docking/local/lib/python3.10/dist-packages/ebot_docking/ebot_docking_s__rosidl_typesupport_introspection_c.cpython-310-x86_64-linux-gnu.so
[0.722s] -- Installing: /home/vishnu/colcon_ws/src/install/ebot_docking/local/lib/python3.10/dist-packages/ebot_docking/ebot_docking_s__rosidl_typesupport_fastrtps_c.cpython-310-x86_64-linux-gnu.so
[0.748s] Listing '/home/vishnu/colcon_ws/src/install/ebot_docking/local/lib/python3.10/dist-packages/ebot_docking'...
[0.748s] Listing '/home/vishnu/colcon_ws/src/install/ebot_docking/local/lib/python3.10/dist-packages/ebot_docking/srv'...
[0.752s] -- Installing: /home/vishnu/colcon_ws/src/install/ebot_docking/local/lib/python3.10/dist-packages/ebot_docking/ebot_docking_s__rosidl_typesupport_fastrtps_c.cpython-310-x86_64-linux-gnu.so
[0.752s] -- Set runtime path of "/home/vishnu/colcon_ws/src/install/ebot_docking/local/lib/python3.10/dist-packages/ebot_docking/ebot_docking_s__rosidl_typesupport_fastrtps_c.cpython-310-x86_64-linux-gnu.so" to ""
[0.752s] -- Installing: /home/vishnu/colcon_ws/src/install/ebot_docking/local/lib/python3.10/dist-packages/ebot_docking/ebot_docking_s__rosidl_typesupport_introspection_c.cpython-310-x86_64-linux-gnu.so
[0.753s] -- Set runtime path of "/home/vishnu/colcon_ws/src/install/ebot_docking/local/lib/python3.10/dist-packages/ebot_docking/ebot_docking_s__rosidl_typesupport_introspection_c.cpython-310-x86_64-linux-gnu.so" to ""
[0.754s] -- Installing: /home/vishnu/colcon_ws/src/install/ebot_docking/local/lib/python3.10/dist-packages/ebot_docking/ebot_docking_s__rosidl_typesupport_c.cpython-310-x86_64-linux-gnu.so
[0.754s] -- Set runtime path of "/home/vishnu/colcon_ws/src/install/ebot_docking/local/lib/python3.10/dist-packages/ebot_docking/ebot_docking_s__rosidl_typesupport_c.cpython-310-x86_64-linux-gnu.so" to ""
[0.754s] -- Installing: /home/vishnu/colcon_ws/src/install/ebot_docking/lib/libebot_docking__rosidl_generator_py.so
[0.754s] -- Set runtime path of "/home/vishnu/colcon_ws/src/install/ebot_docking/lib/libebot_docking__rosidl_generator_py.so" to ""
[0.755s] -- Up-to-date: /home/vishnu/colcon_ws/src/install/ebot_docking/share/ebot_docking/srv/DockSw.idl
[0.755s] -- Up-to-date: /home/vishnu/colcon_ws/src/install/ebot_docking/share/ebot_docking/srv/DockSw.srv
[0.755s] -- Up-to-date: /home/vishnu/colcon_ws/src/install/ebot_docking/share/ebot_docking/srv/DockSw_Request.msg
[0.755s] -- Up-to-date: /home/vishnu/colcon_ws/src/install/ebot_docking/share/ebot_docking/srv/DockSw_Response.msg
[0.755s] -- Up-to-date: /home/vishnu/colcon_ws/src/install/ebot_docking/share/ebot_docking//srv
[0.755s] -- Up-to-date: /home/vishnu/colcon_ws/src/install/ebot_docking/share/ebot_docking//srv/DockSw.srv
[0.755s] -- Up-to-date: /home/vishnu/colcon_ws/src/install/ebot_docking/share/ebot_docking//scripts
[0.755s] -- Installing: /home/vishnu/colcon_ws/src/install/ebot_docking/share/ebot_docking//scripts/ebot_docking_boilerplate.py
[0.755s] -- Installing: /home/vishnu/colcon_ws/src/install/ebot_docking/lib/ebot_docking/ebot_docking_boilerplate.py
[0.755s] -- Up-to-date: /home/vishnu/colcon_ws/src/install/ebot_docking/share/ament_index/resource_index/package_run_dependencies/ebot_docking
[0.755s] -- Up-to-date: /home/vishnu/colcon_ws/src/install/ebot_docking/share/ament_index/resource_index/parent_prefix_path/ebot_docking
[0.755s] -- Up-to-date: /home/vishnu/colcon_ws/src/install/ebot_docking/share/ebot_docking/environment/ament_prefix_path.sh
[0.755s] -- Up-to-date: /home/vishnu/colcon_ws/src/install/ebot_docking/share/ebot_docking/environment/ament_prefix_path.dsv
[0.755s] -- Up-to-date: /home/vishnu/colcon_ws/src/install/ebot_docking/share/ebot_docking/environment/path.sh
[0.756s] -- Up-to-date: /home/vishnu/colcon_ws/src/install/ebot_docking/share/ebot_docking/environment/path.dsv
[0.756s] -- Up-to-date: /home/vishnu/colcon_ws/src/install/ebot_docking/share/ebot_docking/local_setup.bash
[0.756s] -- Up-to-date: /home/vishnu/colcon_ws/src/install/ebot_docking/share/ebot_docking/local_setup.sh
[0.756s] -- Up-to-date: /home/vishnu/colcon_ws/src/install/ebot_docking/share/ebot_docking/local_setup.zsh
[0.756s] -- Up-to-date: /home/vishnu/colcon_ws/src/install/ebot_docking/share/ebot_docking/local_setup.dsv
[0.756s] -- Installing: /home/vishnu/colcon_ws/src/install/ebot_docking/share/ebot_docking/package.dsv
[0.756s] -- Up-to-date: /home/vishnu/colcon_ws/src/install/ebot_docking/share/ament_index/resource_index/packages/ebot_docking
[0.756s] -- Up-to-date: /home/vishnu/colcon_ws/src/install/ebot_docking/share/ebot_docking/cmake/export_ebot_docking__rosidl_generator_cExport.cmake
[0.756s] -- Up-to-date: /home/vishnu/colcon_ws/src/install/ebot_docking/share/ebot_docking/cmake/export_ebot_docking__rosidl_generator_cExport-noconfig.cmake
[0.757s] -- Up-to-date: /home/vishnu/colcon_ws/src/install/ebot_docking/share/ebot_docking/cmake/export_ebot_docking__rosidl_typesupport_fastrtps_cExport.cmake
[0.757s] -- Up-to-date: /home/vishnu/colcon_ws/src/install/ebot_docking/share/ebot_docking/cmake/export_ebot_docking__rosidl_typesupport_fastrtps_cExport-noconfig.cmake
[0.757s] -- Up-to-date: /home/vishnu/colcon_ws/src/install/ebot_docking/share/ebot_docking/cmake/ebot_docking__rosidl_typesupport_introspection_cExport.cmake
[0.757s] -- Up-to-date: /home/vishnu/colcon_ws/src/install/ebot_docking/share/ebot_docking/cmake/ebot_docking__rosidl_typesupport_introspection_cExport-noconfig.cmake
[0.757s] -- Up-to-date: /home/vishnu/colcon_ws/src/install/ebot_docking/share/ebot_docking/cmake/ebot_docking__rosidl_typesupport_cExport.cmake
[0.757s] -- Up-to-date: /home/vishnu/colcon_ws/src/install/ebot_docking/share/ebot_docking/cmake/ebot_docking__rosidl_typesupport_cExport-noconfig.cmake
[0.757s] -- Up-to-date: /home/vishnu/colcon_ws/src/install/ebot_docking/share/ebot_docking/cmake/export_ebot_docking__rosidl_generator_cppExport.cmake
[0.757s] -- Up-to-date: /home/vishnu/colcon_ws/src/install/ebot_docking/share/ebot_docking/cmake/export_ebot_docking__rosidl_typesupport_fastrtps_cppExport.cmake
[0.757s] -- Up-to-date: /home/vishnu/colcon_ws/src/install/ebot_docking/share/ebot_docking/cmake/export_ebot_docking__rosidl_typesupport_fastrtps_cppExport-noconfig.cmake
[0.757s] -- Up-to-date: /home/vishnu/colcon_ws/src/install/ebot_docking/share/ebot_docking/cmake/ebot_docking__rosidl_typesupport_introspection_cppExport.cmake
[0.757s] -- Up-to-date: /home/vishnu/colcon_ws/src/install/ebot_docking/share/ebot_docking/cmake/ebot_docking__rosidl_typesupport_introspection_cppExport-noconfig.cmake
[0.757s] -- Up-to-date: /home/vishnu/colcon_ws/src/install/ebot_docking/share/ebot_docking/cmake/ebot_docking__rosidl_typesupport_cppExport.cmake
[0.758s] -- Up-to-date: /home/vishnu/colcon_ws/src/install/ebot_docking/share/ebot_docking/cmake/ebot_docking__rosidl_typesupport_cppExport-noconfig.cmake
[0.758s] -- Up-to-date: /home/vishnu/colcon_ws/src/install/ebot_docking/share/ebot_docking/cmake/export_ebot_docking__rosidl_generator_pyExport.cmake
[0.758s] -- Up-to-date: /home/vishnu/colcon_ws/src/install/ebot_docking/share/ebot_docking/cmake/export_ebot_docking__rosidl_generator_pyExport-noconfig.cmake
[0.758s] -- Up-to-date: /home/vishnu/colcon_ws/src/install/ebot_docking/share/ebot_docking/cmake/rosidl_cmake-extras.cmake
[0.758s] -- Up-to-date: /home/vishnu/colcon_ws/src/install/ebot_docking/share/ebot_docking/cmake/ament_cmake_export_include_directories-extras.cmake
[0.758s] -- Up-to-date: /home/vishnu/colcon_ws/src/install/ebot_docking/share/ebot_docking/cmake/ament_cmake_export_libraries-extras.cmake
[0.758s] -- Up-to-date: /home/vishnu/colcon_ws/src/install/ebot_docking/share/ebot_docking/cmake/ament_cmake_export_targets-extras.cmake
[0.758s] -- Up-to-date: /home/vishnu/colcon_ws/src/install/ebot_docking/share/ebot_docking/cmake/rosidl_cmake_export_typesupport_targets-extras.cmake
[0.758s] -- Up-to-date: /home/vishnu/colcon_ws/src/install/ebot_docking/share/ebot_docking/cmake/ament_cmake_export_dependencies-extras.cmake
[0.758s] -- Up-to-date: /home/vishnu/colcon_ws/src/install/ebot_docking/share/ebot_docking/cmake/rosidl_cmake_export_typesupport_libraries-extras.cmake
[0.759s] -- Up-to-date: /home/vishnu/colcon_ws/src/install/ebot_docking/share/ebot_docking/cmake/ebot_dockingConfig.cmake
[0.759s] -- Up-to-date: /home/vishnu/colcon_ws/src/install/ebot_docking/share/ebot_docking/cmake/ebot_dockingConfig-version.cmake
[0.759s] -- Up-to-date: /home/vishnu/colcon_ws/src/install/ebot_docking/share/ebot_docking/package.xml
[0.770s] Invoked command in '/home/vishnu/colcon_ws/src/build/ebot_docking' returned '0': CMAKE_PREFIX_PATH=${CMAKE_PREFIX_PATH}:/opt/ros/humble /usr/bin/cmake --install /home/vishnu/colcon_ws/src/build/ebot_docking
