[0.135s] Invoking command in '/home/vishnu/colcon_ws/src/build/gazebo_ros2_control': CMAKE_PREFIX_PATH=${CMAKE_PREFIX_PATH}:/opt/ros/humble /usr/bin/cmake --build /home/vishnu/colcon_ws/src/build/gazebo_ros2_control -- -j16 -l16
[0.180s] [35m[1mConsolidate compiler generated dependencies of target gazebo_hardware_plugins[0m
[0.180s] [35m[1mConsolidate compiler generated dependencies of target gazebo_ros2_control[0m
[0.265s] [ 25%] [32m[1mLinking CXX shared library libgazebo_ros2_control.so[0m
[0.266s] [ 50%] [32m[1mLinking CXX shared library libgazebo_hardware_plugins.so[0m
[0.767s] [ 75%] Built target gazebo_hardware_plugins
[0.821s] [100%] Built target gazebo_ros2_control
[0.893s] Invoked command in '/home/vishnu/colcon_ws/src/build/gazebo_ros2_control' returned '0': CMAKE_PREFIX_PATH=${CMAKE_PREFIX_PATH}:/opt/ros/humble /usr/bin/cmake --build /home/vishnu/colcon_ws/src/build/gazebo_ros2_control -- -j16 -l16
[0.910s] Invoking command in '/home/vishnu/colcon_ws/src/build/gazebo_ros2_control': CMAKE_PREFIX_PATH=${CMAKE_PREFIX_PATH}:/opt/ros/humble /usr/bin/cmake --install /home/vishnu/colcon_ws/src/build/gazebo_ros2_control
[0.914s] -- Install configuration: ""
[0.915s] -- Installing: /home/vishnu/colcon_ws/src/install/gazebo_ros2_control/lib/libgazebo_ros2_control.so
[0.917s] -- Set runtime path of "/home/vishnu/colcon_ws/src/install/gazebo_ros2_control/lib/libgazebo_ros2_control.so" to ""
[0.917s] -- Installing: /home/vishnu/colcon_ws/src/install/gazebo_ros2_control/lib/libgazebo_hardware_plugins.so
[0.918s] -- Set runtime path of "/home/vishnu/colcon_ws/src/install/gazebo_ros2_control/lib/libgazebo_hardware_plugins.so" to ""
[0.919s] -- Up-to-date: /home/vishnu/colcon_ws/src/install/gazebo_ros2_control/share/gazebo_ros2_control/environment/library_path.sh
[0.919s] -- Up-to-date: /home/vishnu/colcon_ws/src/install/gazebo_ros2_control/share/gazebo_ros2_control/environment/library_path.dsv
[0.919s] -- Up-to-date: /home/vishnu/colcon_ws/src/install/gazebo_ros2_control/include/gazebo_ros2_control
[0.920s] -- Up-to-date: /home/vishnu/colcon_ws/src/install/gazebo_ros2_control/include/gazebo_ros2_control/gazebo_system_interface.hpp
[0.920s] -- Up-to-date: /home/vishnu/colcon_ws/src/install/gazebo_ros2_control/include/gazebo_ros2_control/gazebo_system.hpp
[0.920s] -- Up-to-date: /home/vishnu/colcon_ws/src/install/gazebo_ros2_control/include/gazebo_ros2_control/gazebo_ros2_control_plugin.hpp
[0.920s] -- Up-to-date: /home/vishnu/colcon_ws/src/install/gazebo_ros2_control/share/gazebo_ros2_control/gazebo_hardware_plugins.xml
[0.921s] -- Up-to-date: /home/vishnu/colcon_ws/src/install/gazebo_ros2_control/share/ament_index/resource_index/package_run_dependencies/gazebo_ros2_control
[0.921s] -- Up-to-date: /home/vishnu/colcon_ws/src/install/gazebo_ros2_control/share/ament_index/resource_index/parent_prefix_path/gazebo_ros2_control
[0.921s] -- Up-to-date: /home/vishnu/colcon_ws/src/install/gazebo_ros2_control/share/gazebo_ros2_control/environment/ament_prefix_path.sh
[0.921s] -- Up-to-date: /home/vishnu/colcon_ws/src/install/gazebo_ros2_control/share/gazebo_ros2_control/environment/ament_prefix_path.dsv
[0.921s] -- Up-to-date: /home/vishnu/colcon_ws/src/install/gazebo_ros2_control/share/gazebo_ros2_control/environment/path.sh
[0.921s] -- Up-to-date: /home/vishnu/colcon_ws/src/install/gazebo_ros2_control/share/gazebo_ros2_control/environment/path.dsv
[0.922s] -- Up-to-date: /home/vishnu/colcon_ws/src/install/gazebo_ros2_control/share/gazebo_ros2_control/local_setup.bash
[0.922s] -- Up-to-date: /home/vishnu/colcon_ws/src/install/gazebo_ros2_control/share/gazebo_ros2_control/local_setup.sh
[0.922s] -- Up-to-date: /home/vishnu/colcon_ws/src/install/gazebo_ros2_control/share/gazebo_ros2_control/local_setup.zsh
[0.922s] -- Up-to-date: /home/vishnu/colcon_ws/src/install/gazebo_ros2_control/share/gazebo_ros2_control/local_setup.dsv
[0.922s] -- Installing: /home/vishnu/colcon_ws/src/install/gazebo_ros2_control/share/gazebo_ros2_control/package.dsv
[0.923s] -- Up-to-date: /home/vishnu/colcon_ws/src/install/gazebo_ros2_control/share/ament_index/resource_index/packages/gazebo_ros2_control
[0.923s] -- Up-to-date: /home/vishnu/colcon_ws/src/install/gazebo_ros2_control/share/ament_index/resource_index/gazebo_ros2_control__pluginlib__plugin/gazebo_ros2_control
[0.923s] -- Up-to-date: /home/vishnu/colcon_ws/src/install/gazebo_ros2_control/share/gazebo_ros2_control/cmake/ament_cmake_export_include_directories-extras.cmake
[0.924s] -- Up-to-date: /home/vishnu/colcon_ws/src/install/gazebo_ros2_control/share/gazebo_ros2_control/cmake/ament_cmake_export_dependencies-extras.cmake
[0.924s] -- Up-to-date: /home/vishnu/colcon_ws/src/install/gazebo_ros2_control/share/gazebo_ros2_control/cmake/ament_cmake_export_libraries-extras.cmake
[0.924s] -- Up-to-date: /home/vishnu/colcon_ws/src/install/gazebo_ros2_control/share/gazebo_ros2_control/cmake/gazebo_ros2_controlConfig.cmake
[0.924s] -- Up-to-date: /home/vishnu/colcon_ws/src/install/gazebo_ros2_control/share/gazebo_ros2_control/cmake/gazebo_ros2_controlConfig-version.cmake
[0.924s] -- Up-to-date: /home/vishnu/colcon_ws/src/install/gazebo_ros2_control/share/gazebo_ros2_control/package.xml
[0.941s] Invoked command in '/home/vishnu/colcon_ws/src/build/gazebo_ros2_control' returned '0': CMAKE_PREFIX_PATH=${CMAKE_PREFIX_PATH}:/opt/ros/humble /usr/bin/cmake --install /home/vishnu/colcon_ws/src/build/gazebo_ros2_control
