[0.205s] Invoking command in '/home/vishnu/colcon_ws/src/build/linkattacher_msgs': CMAKE_PREFIX_PATH=${CMAKE_PREFIX_PATH}:/opt/ros/humble /usr/bin/cmake /home/vishnu/colcon_ws/src/linkattacher_msgs -DCMAKE_INSTALL_PREFIX=/home/vishnu/colcon_ws/src/install/linkattacher_msgs
[0.279s] -- The C compiler identification is GNU 11.4.0
[0.363s] -- The CXX compiler identification is GNU 11.4.0
[0.371s] -- Detecting C compiler ABI info
[0.449s] -- Detecting C compiler ABI info - done
[0.462s] -- Check for working C compiler: /usr/bin/cc - skipped
[0.462s] -- Detecting C compile features
[0.463s] -- Detecting C compile features - done
[0.468s] -- Detecting CXX compiler ABI info
[0.566s] -- Detecting CXX compiler ABI info - done
[0.580s] -- Check for working CXX compiler: /usr/bin/c++ - skipped
[0.581s] -- Detecting CXX compile features
[0.581s] -- Detecting CXX compile features - done
[0.584s] -- Found ament_cmake: 1.3.5 (/opt/ros/humble/share/ament_cmake/cmake)
[0.823s] -- Found Python3: /usr/bin/python3.10 (found version "3.10.12") found components: Interpreter 
[0.955s] -- Found ament_lint_auto: 0.12.8 (/opt/ros/humble/share/ament_lint_auto/cmake)
[1.055s] -- Found rosidl_default_generators: 1.2.0 (/opt/ros/humble/share/rosidl_default_generators/cmake)
[1.059s] -- Using all available rosidl_typesupport_c: rosidl_typesupport_fastrtps_c;rosidl_typesupport_introspection_c
[1.069s] -- Found rosidl_adapter: 3.1.5 (/opt/ros/humble/share/rosidl_adapter/cmake)
[1.125s] -- Using all available rosidl_typesupport_cpp: rosidl_typesupport_fastrtps_cpp;rosidl_typesupport_introspection_cpp
[1.424s] -- Found ament_cmake_ros: 0.10.0 (/opt/ros/humble/share/ament_cmake_ros/cmake)
[1.669s] -- Using all available rosidl_typesupport_c: rosidl_typesupport_fastrtps_c;rosidl_typesupport_introspection_c
[1.962s] -- Using all available rosidl_typesupport_cpp: rosidl_typesupport_fastrtps_cpp;rosidl_typesupport_introspection_cpp
[1.989s] -- Found PythonInterp: /usr/bin/python3 (found suitable version "3.10.12", minimum required is "3.6") 
[1.992s] -- Found python_cmake_module: 0.10.0 (/opt/ros/humble/share/python_cmake_module/cmake)
[2.025s] -- Found PythonLibs: /usr/lib/x86_64-linux-gnu/libpython3.10.so (found suitable version "3.10.12", minimum required is "3.5") 
[2.025s] -- Using PYTHON_EXECUTABLE: /usr/bin/python3
[2.025s] -- Using PYTHON_INCLUDE_DIRS: /usr/include/python3.10
[2.025s] -- Using PYTHON_LIBRARIES: /usr/lib/x86_64-linux-gnu/libpython3.10.so
[2.049s] -- Found PythonExtra: .so  
[2.099s] -- Added test 'copyright' to check source files copyright and LICENSE
[2.101s] -- Added test 'lint_cmake' to check CMake code style
[2.103s] -- Added test 'xmllint' to check XML markup files
[2.111s] -- Configuring done
[2.155s] -- Generating done
[2.157s] -- Build files have been written to: /home/vishnu/colcon_ws/src/build/linkattacher_msgs
[2.203s] Invoked command in '/home/vishnu/colcon_ws/src/build/linkattacher_msgs' returned '0': CMAKE_PREFIX_PATH=${CMAKE_PREFIX_PATH}:/opt/ros/humble /usr/bin/cmake /home/vishnu/colcon_ws/src/linkattacher_msgs -DCMAKE_INSTALL_PREFIX=/home/vishnu/colcon_ws/src/install/linkattacher_msgs
[2.205s] Invoking command in '/home/vishnu/colcon_ws/src/build/linkattacher_msgs': CMAKE_PREFIX_PATH=${CMAKE_PREFIX_PATH}:/opt/ros/humble /usr/bin/cmake --build /home/vishnu/colcon_ws/src/build/linkattacher_msgs -- -j16 -l16
[2.254s] [  2%] [34m[1mGenerating C code for ROS interfaces[0m
[2.265s] [  5%] [34m[1mGenerating C++ code for ROS interfaces[0m
[2.277s] [  5%] Built target ament_cmake_python_copy_linkattacher_msgs
[2.622s] running egg_info
[2.623s] creating linkattacher_msgs.egg-info
[2.623s] writing linkattacher_msgs.egg-info/PKG-INFO
[2.623s] writing dependency_links to linkattacher_msgs.egg-info/dependency_links.txt
[2.624s] writing top-level names to linkattacher_msgs.egg-info/top_level.txt
[2.624s] writing manifest file 'linkattacher_msgs.egg-info/SOURCES.txt'
[2.626s] reading manifest file 'linkattacher_msgs.egg-info/SOURCES.txt'
[2.627s] writing manifest file 'linkattacher_msgs.egg-info/SOURCES.txt'
[2.661s] [  5%] Built target ament_cmake_python_build_linkattacher_msgs_egg
[2.825s] [  5%] Built target linkattacher_msgs__cpp
[2.841s] [ 10%] [34m[1mGenerating C++ type support for eProsima Fast-RTPS[0m
[2.841s] [ 10%] [34m[1mGenerating C++ type support dispatch for ROS interfaces[0m
[2.843s] [ 12%] [34m[1mGenerating C++ introspection for ROS interfaces[0m
[2.986s] [ 15%] [32mBuilding C object CMakeFiles/linkattacher_msgs__rosidl_generator_c.dir/rosidl_generator_c/linkattacher_msgs/srv/detail/detach_link__functions.c.o[0m
[2.989s] [ 17%] [32mBuilding C object CMakeFiles/linkattacher_msgs__rosidl_generator_c.dir/rosidl_generator_c/linkattacher_msgs/srv/detail/attach_link__functions.c.o[0m
[3.092s] [ 20%] [32m[1mLinking C shared library liblinkattacher_msgs__rosidl_generator_c.so[0m
[3.151s] [ 20%] Built target linkattacher_msgs__rosidl_generator_c
[3.167s] [ 23%] [34m[1mGenerating C type support for eProsima Fast-RTPS[0m
[3.168s] [ 25%] [34m[1mGenerating C introspection for ROS interfaces[0m
[3.175s] [ 28%] [34m[1mGenerating C type support dispatch for ROS interfaces[0m
[3.502s] [ 30%] [32mBuilding CXX object CMakeFiles/linkattacher_msgs__rosidl_typesupport_cpp.dir/rosidl_typesupport_cpp/linkattacher_msgs/srv/detach_link__type_support.cpp.o[0m
[3.505s] [ 33%] [32mBuilding CXX object CMakeFiles/linkattacher_msgs__rosidl_typesupport_cpp.dir/rosidl_typesupport_cpp/linkattacher_msgs/srv/attach_link__type_support.cpp.o[0m
[3.553s] [ 35%] [32mBuilding CXX object CMakeFiles/linkattacher_msgs__rosidl_typesupport_introspection_cpp.dir/rosidl_typesupport_introspection_cpp/linkattacher_msgs/srv/detail/attach_link__type_support.cpp.o[0m
[3.554s] [ 38%] [32mBuilding CXX object CMakeFiles/linkattacher_msgs__rosidl_typesupport_introspection_cpp.dir/rosidl_typesupport_introspection_cpp/linkattacher_msgs/srv/detail/detach_link__type_support.cpp.o[0m
[3.580s] [ 41%] [32mBuilding CXX object CMakeFiles/linkattacher_msgs__rosidl_typesupport_fastrtps_cpp.dir/rosidl_typesupport_fastrtps_cpp/linkattacher_msgs/srv/detail/dds_fastrtps/attach_link__type_support.cpp.o[0m
[3.586s] [ 43%] [32mBuilding CXX object CMakeFiles/linkattacher_msgs__rosidl_typesupport_fastrtps_cpp.dir/rosidl_typesupport_fastrtps_cpp/linkattacher_msgs/srv/detail/dds_fastrtps/detach_link__type_support.cpp.o[0m
[3.796s] [ 46%] [32mBuilding CXX object CMakeFiles/linkattacher_msgs__rosidl_typesupport_c.dir/rosidl_typesupport_c/linkattacher_msgs/srv/attach_link__type_support.cpp.o[0m
[3.801s] [ 48%] [32mBuilding CXX object CMakeFiles/linkattacher_msgs__rosidl_typesupport_c.dir/rosidl_typesupport_c/linkattacher_msgs/srv/detach_link__type_support.cpp.o[0m
[3.856s] [ 51%] [32m[1mLinking CXX shared library liblinkattacher_msgs__rosidl_typesupport_c.so[0m
[3.922s] [ 51%] Built target linkattacher_msgs__rosidl_typesupport_c
[3.927s] [ 56%] [32mBuilding C object CMakeFiles/linkattacher_msgs__rosidl_typesupport_introspection_c.dir/rosidl_typesupport_introspection_c/linkattacher_msgs/srv/detail/attach_link__type_support.c.o[0m
[3.927s] [ 56%] [32mBuilding C object CMakeFiles/linkattacher_msgs__rosidl_typesupport_introspection_c.dir/rosidl_typesupport_introspection_c/linkattacher_msgs/srv/detail/detach_link__type_support.c.o[0m
[3.963s] [ 58%] [32m[1mLinking CXX shared library liblinkattacher_msgs__rosidl_typesupport_cpp.so[0m
[3.980s] [ 61%] [32mBuilding CXX object CMakeFiles/linkattacher_msgs__rosidl_typesupport_fastrtps_c.dir/rosidl_typesupport_fastrtps_c/linkattacher_msgs/srv/detail/attach_link__type_support_c.cpp.o[0m
[3.981s] [ 64%] [32mBuilding CXX object CMakeFiles/linkattacher_msgs__rosidl_typesupport_fastrtps_c.dir/rosidl_typesupport_fastrtps_c/linkattacher_msgs/srv/detail/detach_link__type_support_c.cpp.o[0m
[3.995s] [ 66%] [32m[1mLinking C shared library liblinkattacher_msgs__rosidl_typesupport_introspection_c.so[0m
[4.041s] [ 66%] Built target linkattacher_msgs__rosidl_typesupport_cpp
[4.049s] [ 66%] Built target linkattacher_msgs__rosidl_typesupport_introspection_c
[4.137s] [ 69%] [32m[1mLinking CXX shared library liblinkattacher_msgs__rosidl_typesupport_introspection_cpp.so[0m
[4.208s] [ 71%] [32m[1mLinking CXX shared library liblinkattacher_msgs__rosidl_typesupport_fastrtps_cpp.so[0m
[4.208s] [ 71%] Built target linkattacher_msgs__rosidl_typesupport_introspection_cpp
[4.282s] [ 71%] Built target linkattacher_msgs__rosidl_typesupport_fastrtps_cpp
[4.451s] [ 74%] [32m[1mLinking CXX shared library liblinkattacher_msgs__rosidl_typesupport_fastrtps_c.so[0m
[4.526s] [ 74%] Built target linkattacher_msgs__rosidl_typesupport_fastrtps_c
[4.546s] [ 74%] Built target linkattacher_msgs
[4.568s] [ 76%] [34m[1mGenerating Python code for ROS interfaces[0m
[5.270s] [ 76%] Built target linkattacher_msgs__py
[5.293s] [ 79%] [32mBuilding C object CMakeFiles/linkattacher_msgs__rosidl_generator_py.dir/rosidl_generator_py/linkattacher_msgs/srv/_attach_link_s.c.o[0m
[5.296s] [ 82%] [32mBuilding C object CMakeFiles/linkattacher_msgs__rosidl_generator_py.dir/rosidl_generator_py/linkattacher_msgs/srv/_detach_link_s.c.o[0m
[5.408s] [ 84%] [32m[1mLinking C shared library rosidl_generator_py/linkattacher_msgs/liblinkattacher_msgs__rosidl_generator_py.so[0m
[5.450s] [ 84%] Built target linkattacher_msgs__rosidl_generator_py
[5.472s] [ 87%] [32mBuilding C object CMakeFiles/linkattacher_msgs__rosidl_typesupport_introspection_c__pyext.dir/rosidl_generator_py/linkattacher_msgs/_linkattacher_msgs_s.ep.rosidl_typesupport_introspection_c.c.o[0m
[5.472s] [ 89%] [32mBuilding C object CMakeFiles/linkattacher_msgs__rosidl_typesupport_fastrtps_c__pyext.dir/rosidl_generator_py/linkattacher_msgs/_linkattacher_msgs_s.ep.rosidl_typesupport_fastrtps_c.c.o[0m
[5.474s] [ 92%] [32mBuilding C object CMakeFiles/linkattacher_msgs__rosidl_typesupport_c__pyext.dir/rosidl_generator_py/linkattacher_msgs/_linkattacher_msgs_s.ep.rosidl_typesupport_c.c.o[0m
[5.575s] [ 94%] [32m[1mLinking C shared library rosidl_generator_py/linkattacher_msgs/linkattacher_msgs_s__rosidl_typesupport_fastrtps_c.cpython-310-x86_64-linux-gnu.so[0m
[5.583s] [ 97%] [32m[1mLinking C shared library rosidl_generator_py/linkattacher_msgs/linkattacher_msgs_s__rosidl_typesupport_c.cpython-310-x86_64-linux-gnu.so[0m
[5.616s] [ 97%] Built target linkattacher_msgs__rosidl_typesupport_fastrtps_c__pyext
[5.619s] [ 97%] Built target linkattacher_msgs__rosidl_typesupport_c__pyext
[5.623s] [100%] [32m[1mLinking C shared library rosidl_generator_py/linkattacher_msgs/linkattacher_msgs_s__rosidl_typesupport_introspection_c.cpython-310-x86_64-linux-gnu.so[0m
[5.658s] [100%] Built target linkattacher_msgs__rosidl_typesupport_introspection_c__pyext
[5.670s] Invoked command in '/home/vishnu/colcon_ws/src/build/linkattacher_msgs' returned '0': CMAKE_PREFIX_PATH=${CMAKE_PREFIX_PATH}:/opt/ros/humble /usr/bin/cmake --build /home/vishnu/colcon_ws/src/build/linkattacher_msgs -- -j16 -l16
[5.756s] Invoking command in '/home/vishnu/colcon_ws/src/build/linkattacher_msgs': CMAKE_PREFIX_PATH=${CMAKE_PREFIX_PATH}:/opt/ros/humble /usr/bin/cmake --install /home/vishnu/colcon_ws/src/build/linkattacher_msgs
[5.766s] -- Install configuration: ""
[5.766s] -- Installing: /home/vishnu/colcon_ws/src/install/linkattacher_msgs/share/linkattacher_msgs/srv
[5.766s] -- Installing: /home/vishnu/colcon_ws/src/install/linkattacher_msgs/share/linkattacher_msgs/srv/AttachLink.srv
[5.766s] -- Installing: /home/vishnu/colcon_ws/src/install/linkattacher_msgs/share/linkattacher_msgs/srv/DetachLink.srv
[5.767s] -- Installing: /home/vishnu/colcon_ws/src/install/linkattacher_msgs/share/ament_index/resource_index/rosidl_interfaces/linkattacher_msgs
[5.767s] -- Installing: /home/vishnu/colcon_ws/src/install/linkattacher_msgs/include/linkattacher_msgs/linkattacher_msgs
[5.767s] -- Installing: /home/vishnu/colcon_ws/src/install/linkattacher_msgs/include/linkattacher_msgs/linkattacher_msgs/srv
[5.767s] -- Installing: /home/vishnu/colcon_ws/src/install/linkattacher_msgs/include/linkattacher_msgs/linkattacher_msgs/srv/detach_link.h
[5.767s] -- Installing: /home/vishnu/colcon_ws/src/install/linkattacher_msgs/include/linkattacher_msgs/linkattacher_msgs/srv/detail
[5.767s] -- Installing: /home/vishnu/colcon_ws/src/install/linkattacher_msgs/include/linkattacher_msgs/linkattacher_msgs/srv/detail/attach_link__functions.c
[5.767s] -- Installing: /home/vishnu/colcon_ws/src/install/linkattacher_msgs/include/linkattacher_msgs/linkattacher_msgs/srv/detail/attach_link__struct.h
[5.767s] -- Installing: /home/vishnu/colcon_ws/src/install/linkattacher_msgs/include/linkattacher_msgs/linkattacher_msgs/srv/detail/detach_link__functions.c
[5.767s] -- Installing: /home/vishnu/colcon_ws/src/install/linkattacher_msgs/include/linkattacher_msgs/linkattacher_msgs/srv/detail/attach_link__functions.h
[5.767s] -- Installing: /home/vishnu/colcon_ws/src/install/linkattacher_msgs/include/linkattacher_msgs/linkattacher_msgs/srv/detail/detach_link__functions.h
[5.768s] -- Installing: /home/vishnu/colcon_ws/src/install/linkattacher_msgs/include/linkattacher_msgs/linkattacher_msgs/srv/detail/attach_link__type_support.h
[5.768s] -- Installing: /home/vishnu/colcon_ws/src/install/linkattacher_msgs/include/linkattacher_msgs/linkattacher_msgs/srv/detail/detach_link__struct.h
[5.768s] -- Installing: /home/vishnu/colcon_ws/src/install/linkattacher_msgs/include/linkattacher_msgs/linkattacher_msgs/srv/detail/detach_link__type_support.h
[5.768s] -- Installing: /home/vishnu/colcon_ws/src/install/linkattacher_msgs/include/linkattacher_msgs/linkattacher_msgs/srv/attach_link.h
[5.768s] -- Installing: /home/vishnu/colcon_ws/src/install/linkattacher_msgs/include/linkattacher_msgs/linkattacher_msgs/msg
[5.769s] -- Installing: /home/vishnu/colcon_ws/src/install/linkattacher_msgs/include/linkattacher_msgs/linkattacher_msgs/msg/rosidl_generator_c__visibility_control.h
[5.769s] -- Installing: /home/vishnu/colcon_ws/src/install/linkattacher_msgs/share/linkattacher_msgs/environment/library_path.sh
[5.769s] -- Installing: /home/vishnu/colcon_ws/src/install/linkattacher_msgs/share/linkattacher_msgs/environment/library_path.dsv
[5.769s] -- Installing: /home/vishnu/colcon_ws/src/install/linkattacher_msgs/lib/liblinkattacher_msgs__rosidl_generator_c.so
[5.769s] -- Set runtime path of "/home/vishnu/colcon_ws/src/install/linkattacher_msgs/lib/liblinkattacher_msgs__rosidl_generator_c.so" to ""
[5.769s] -- Up-to-date: /home/vishnu/colcon_ws/src/install/linkattacher_msgs/include/linkattacher_msgs/linkattacher_msgs
[5.769s] -- Up-to-date: /home/vishnu/colcon_ws/src/install/linkattacher_msgs/include/linkattacher_msgs/linkattacher_msgs/srv
[5.770s] -- Up-to-date: /home/vishnu/colcon_ws/src/install/linkattacher_msgs/include/linkattacher_msgs/linkattacher_msgs/srv/detail
[5.770s] -- Installing: /home/vishnu/colcon_ws/src/install/linkattacher_msgs/include/linkattacher_msgs/linkattacher_msgs/srv/detail/attach_link__rosidl_typesupport_fastrtps_c.h
[5.770s] -- Installing: /home/vishnu/colcon_ws/src/install/linkattacher_msgs/include/linkattacher_msgs/linkattacher_msgs/srv/detail/detach_link__rosidl_typesupport_fastrtps_c.h
[5.770s] -- Up-to-date: /home/vishnu/colcon_ws/src/install/linkattacher_msgs/include/linkattacher_msgs/linkattacher_msgs/msg
[5.770s] -- Installing: /home/vishnu/colcon_ws/src/install/linkattacher_msgs/include/linkattacher_msgs/linkattacher_msgs/msg/rosidl_typesupport_fastrtps_c__visibility_control.h
[5.770s] -- Installing: /home/vishnu/colcon_ws/src/install/linkattacher_msgs/lib/liblinkattacher_msgs__rosidl_typesupport_fastrtps_c.so
[5.770s] -- Set runtime path of "/home/vishnu/colcon_ws/src/install/linkattacher_msgs/lib/liblinkattacher_msgs__rosidl_typesupport_fastrtps_c.so" to ""
[5.770s] -- Up-to-date: /home/vishnu/colcon_ws/src/install/linkattacher_msgs/include/linkattacher_msgs/linkattacher_msgs
[5.771s] -- Up-to-date: /home/vishnu/colcon_ws/src/install/linkattacher_msgs/include/linkattacher_msgs/linkattacher_msgs/srv
[5.771s] -- Up-to-date: /home/vishnu/colcon_ws/src/install/linkattacher_msgs/include/linkattacher_msgs/linkattacher_msgs/srv/detail
[5.771s] -- Installing: /home/vishnu/colcon_ws/src/install/linkattacher_msgs/include/linkattacher_msgs/linkattacher_msgs/srv/detail/detach_link__type_support.c
[5.771s] -- Installing: /home/vishnu/colcon_ws/src/install/linkattacher_msgs/include/linkattacher_msgs/linkattacher_msgs/srv/detail/attach_link__rosidl_typesupport_introspection_c.h
[5.771s] -- Installing: /home/vishnu/colcon_ws/src/install/linkattacher_msgs/include/linkattacher_msgs/linkattacher_msgs/srv/detail/detach_link__rosidl_typesupport_introspection_c.h
[5.771s] -- Installing: /home/vishnu/colcon_ws/src/install/linkattacher_msgs/include/linkattacher_msgs/linkattacher_msgs/srv/detail/attach_link__type_support.c
[5.772s] -- Up-to-date: /home/vishnu/colcon_ws/src/install/linkattacher_msgs/include/linkattacher_msgs/linkattacher_msgs/msg
[5.772s] -- Installing: /home/vishnu/colcon_ws/src/install/linkattacher_msgs/include/linkattacher_msgs/linkattacher_msgs/msg/rosidl_typesupport_introspection_c__visibility_control.h
[5.772s] -- Installing: /home/vishnu/colcon_ws/src/install/linkattacher_msgs/lib/liblinkattacher_msgs__rosidl_typesupport_introspection_c.so
[5.772s] -- Set runtime path of "/home/vishnu/colcon_ws/src/install/linkattacher_msgs/lib/liblinkattacher_msgs__rosidl_typesupport_introspection_c.so" to ""
[5.772s] -- Installing: /home/vishnu/colcon_ws/src/install/linkattacher_msgs/lib/liblinkattacher_msgs__rosidl_typesupport_c.so
[5.772s] -- Set runtime path of "/home/vishnu/colcon_ws/src/install/linkattacher_msgs/lib/liblinkattacher_msgs__rosidl_typesupport_c.so" to ""
[5.772s] -- Up-to-date: /home/vishnu/colcon_ws/src/install/linkattacher_msgs/include/linkattacher_msgs/linkattacher_msgs
[5.772s] -- Up-to-date: /home/vishnu/colcon_ws/src/install/linkattacher_msgs/include/linkattacher_msgs/linkattacher_msgs/srv
[5.772s] -- Up-to-date: /home/vishnu/colcon_ws/src/install/linkattacher_msgs/include/linkattacher_msgs/linkattacher_msgs/srv/detail
[5.772s] -- Installing: /home/vishnu/colcon_ws/src/install/linkattacher_msgs/include/linkattacher_msgs/linkattacher_msgs/srv/detail/detach_link__struct.hpp
[5.772s] -- Installing: /home/vishnu/colcon_ws/src/install/linkattacher_msgs/include/linkattacher_msgs/linkattacher_msgs/srv/detail/attach_link__builder.hpp
[5.772s] -- Installing: /home/vishnu/colcon_ws/src/install/linkattacher_msgs/include/linkattacher_msgs/linkattacher_msgs/srv/detail/attach_link__traits.hpp
[5.772s] -- Installing: /home/vishnu/colcon_ws/src/install/linkattacher_msgs/include/linkattacher_msgs/linkattacher_msgs/srv/detail/detach_link__traits.hpp
[5.772s] -- Installing: /home/vishnu/colcon_ws/src/install/linkattacher_msgs/include/linkattacher_msgs/linkattacher_msgs/srv/detail/detach_link__builder.hpp
[5.772s] -- Installing: /home/vishnu/colcon_ws/src/install/linkattacher_msgs/include/linkattacher_msgs/linkattacher_msgs/srv/detail/attach_link__struct.hpp
[5.772s] -- Installing: /home/vishnu/colcon_ws/src/install/linkattacher_msgs/include/linkattacher_msgs/linkattacher_msgs/srv/attach_link.hpp
[5.772s] -- Installing: /home/vishnu/colcon_ws/src/install/linkattacher_msgs/include/linkattacher_msgs/linkattacher_msgs/srv/detach_link.hpp
[5.772s] -- Up-to-date: /home/vishnu/colcon_ws/src/install/linkattacher_msgs/include/linkattacher_msgs/linkattacher_msgs
[5.772s] -- Up-to-date: /home/vishnu/colcon_ws/src/install/linkattacher_msgs/include/linkattacher_msgs/linkattacher_msgs/srv
[5.773s] -- Up-to-date: /home/vishnu/colcon_ws/src/install/linkattacher_msgs/include/linkattacher_msgs/linkattacher_msgs/srv/detail
[5.773s] -- Installing: /home/vishnu/colcon_ws/src/install/linkattacher_msgs/include/linkattacher_msgs/linkattacher_msgs/srv/detail/attach_link__rosidl_typesupport_fastrtps_cpp.hpp
[5.773s] -- Installing: /home/vishnu/colcon_ws/src/install/linkattacher_msgs/include/linkattacher_msgs/linkattacher_msgs/srv/detail/dds_fastrtps
[5.773s] -- Installing: /home/vishnu/colcon_ws/src/install/linkattacher_msgs/include/linkattacher_msgs/linkattacher_msgs/srv/detail/detach_link__rosidl_typesupport_fastrtps_cpp.hpp
[5.773s] -- Up-to-date: /home/vishnu/colcon_ws/src/install/linkattacher_msgs/include/linkattacher_msgs/linkattacher_msgs/msg
[5.773s] -- Installing: /home/vishnu/colcon_ws/src/install/linkattacher_msgs/include/linkattacher_msgs/linkattacher_msgs/msg/rosidl_typesupport_fastrtps_cpp__visibility_control.h
[5.773s] -- Installing: /home/vishnu/colcon_ws/src/install/linkattacher_msgs/lib/liblinkattacher_msgs__rosidl_typesupport_fastrtps_cpp.so
[5.773s] -- Set runtime path of "/home/vishnu/colcon_ws/src/install/linkattacher_msgs/lib/liblinkattacher_msgs__rosidl_typesupport_fastrtps_cpp.so" to ""
[5.773s] -- Up-to-date: /home/vishnu/colcon_ws/src/install/linkattacher_msgs/include/linkattacher_msgs/linkattacher_msgs
[5.773s] -- Up-to-date: /home/vishnu/colcon_ws/src/install/linkattacher_msgs/include/linkattacher_msgs/linkattacher_msgs/srv
[5.773s] -- Up-to-date: /home/vishnu/colcon_ws/src/install/linkattacher_msgs/include/linkattacher_msgs/linkattacher_msgs/srv/detail
[5.773s] -- Installing: /home/vishnu/colcon_ws/src/install/linkattacher_msgs/include/linkattacher_msgs/linkattacher_msgs/srv/detail/detach_link__type_support.cpp
[5.773s] -- Installing: /home/vishnu/colcon_ws/src/install/linkattacher_msgs/include/linkattacher_msgs/linkattacher_msgs/srv/detail/attach_link__type_support.cpp
[5.774s] -- Installing: /home/vishnu/colcon_ws/src/install/linkattacher_msgs/include/linkattacher_msgs/linkattacher_msgs/srv/detail/detach_link__rosidl_typesupport_introspection_cpp.hpp
[5.774s] -- Installing: /home/vishnu/colcon_ws/src/install/linkattacher_msgs/include/linkattacher_msgs/linkattacher_msgs/srv/detail/attach_link__rosidl_typesupport_introspection_cpp.hpp
[5.774s] -- Installing: /home/vishnu/colcon_ws/src/install/linkattacher_msgs/lib/liblinkattacher_msgs__rosidl_typesupport_introspection_cpp.so
[5.774s] -- Set runtime path of "/home/vishnu/colcon_ws/src/install/linkattacher_msgs/lib/liblinkattacher_msgs__rosidl_typesupport_introspection_cpp.so" to ""
[5.774s] -- Installing: /home/vishnu/colcon_ws/src/install/linkattacher_msgs/lib/liblinkattacher_msgs__rosidl_typesupport_cpp.so
[5.774s] -- Set runtime path of "/home/vishnu/colcon_ws/src/install/linkattacher_msgs/lib/liblinkattacher_msgs__rosidl_typesupport_cpp.so" to ""
[5.774s] -- Installing: /home/vishnu/colcon_ws/src/install/linkattacher_msgs/share/linkattacher_msgs/environment/pythonpath.sh
[5.774s] -- Installing: /home/vishnu/colcon_ws/src/install/linkattacher_msgs/share/linkattacher_msgs/environment/pythonpath.dsv
[5.774s] -- Installing: /home/vishnu/colcon_ws/src/install/linkattacher_msgs/local/lib/python3.10/dist-packages/linkattacher_msgs-0.0.0-py3.10.egg-info
[5.775s] -- Installing: /home/vishnu/colcon_ws/src/install/linkattacher_msgs/local/lib/python3.10/dist-packages/linkattacher_msgs-0.0.0-py3.10.egg-info/top_level.txt
[5.775s] -- Installing: /home/vishnu/colcon_ws/src/install/linkattacher_msgs/local/lib/python3.10/dist-packages/linkattacher_msgs-0.0.0-py3.10.egg-info/dependency_links.txt
[5.775s] -- Installing: /home/vishnu/colcon_ws/src/install/linkattacher_msgs/local/lib/python3.10/dist-packages/linkattacher_msgs-0.0.0-py3.10.egg-info/SOURCES.txt
[5.775s] -- Installing: /home/vishnu/colcon_ws/src/install/linkattacher_msgs/local/lib/python3.10/dist-packages/linkattacher_msgs-0.0.0-py3.10.egg-info/PKG-INFO
[5.775s] -- Installing: /home/vishnu/colcon_ws/src/install/linkattacher_msgs/local/lib/python3.10/dist-packages/linkattacher_msgs
[5.775s] -- Installing: /home/vishnu/colcon_ws/src/install/linkattacher_msgs/local/lib/python3.10/dist-packages/linkattacher_msgs/srv
[5.775s] -- Installing: /home/vishnu/colcon_ws/src/install/linkattacher_msgs/local/lib/python3.10/dist-packages/linkattacher_msgs/srv/_detach_link.py
[5.775s] -- Installing: /home/vishnu/colcon_ws/src/install/linkattacher_msgs/local/lib/python3.10/dist-packages/linkattacher_msgs/srv/_attach_link.py
[5.775s] -- Installing: /home/vishnu/colcon_ws/src/install/linkattacher_msgs/local/lib/python3.10/dist-packages/linkattacher_msgs/srv/__init__.py
[5.776s] -- Installing: /home/vishnu/colcon_ws/src/install/linkattacher_msgs/local/lib/python3.10/dist-packages/linkattacher_msgs/srv/_attach_link_s.c
[5.776s] -- Installing: /home/vishnu/colcon_ws/src/install/linkattacher_msgs/local/lib/python3.10/dist-packages/linkattacher_msgs/srv/_detach_link_s.c
[5.776s] -- Installing: /home/vishnu/colcon_ws/src/install/linkattacher_msgs/local/lib/python3.10/dist-packages/linkattacher_msgs/_linkattacher_msgs_s.ep.rosidl_typesupport_fastrtps_c.c
[5.776s] -- Installing: /home/vishnu/colcon_ws/src/install/linkattacher_msgs/local/lib/python3.10/dist-packages/linkattacher_msgs/_linkattacher_msgs_s.ep.rosidl_typesupport_introspection_c.c
[5.776s] -- Installing: /home/vishnu/colcon_ws/src/install/linkattacher_msgs/local/lib/python3.10/dist-packages/linkattacher_msgs/liblinkattacher_msgs__rosidl_generator_py.so
[5.776s] -- Installing: /home/vishnu/colcon_ws/src/install/linkattacher_msgs/local/lib/python3.10/dist-packages/linkattacher_msgs/_linkattacher_msgs_s.ep.rosidl_typesupport_c.c
[5.776s] -- Installing: /home/vishnu/colcon_ws/src/install/linkattacher_msgs/local/lib/python3.10/dist-packages/linkattacher_msgs/linkattacher_msgs_s__rosidl_typesupport_fastrtps_c.cpython-310-x86_64-linux-gnu.so
[5.776s] -- Installing: /home/vishnu/colcon_ws/src/install/linkattacher_msgs/local/lib/python3.10/dist-packages/linkattacher_msgs/__init__.py
[5.776s] -- Installing: /home/vishnu/colcon_ws/src/install/linkattacher_msgs/local/lib/python3.10/dist-packages/linkattacher_msgs/linkattacher_msgs_s__rosidl_typesupport_c.cpython-310-x86_64-linux-gnu.so
[5.776s] -- Installing: /home/vishnu/colcon_ws/src/install/linkattacher_msgs/local/lib/python3.10/dist-packages/linkattacher_msgs/linkattacher_msgs_s__rosidl_typesupport_introspection_c.cpython-310-x86_64-linux-gnu.so
[5.814s] Listing '/home/vishnu/colcon_ws/src/install/linkattacher_msgs/local/lib/python3.10/dist-packages/linkattacher_msgs'...
[5.814s] Compiling '/home/vishnu/colcon_ws/src/install/linkattacher_msgs/local/lib/python3.10/dist-packages/linkattacher_msgs/__init__.py'...
[5.814s] Listing '/home/vishnu/colcon_ws/src/install/linkattacher_msgs/local/lib/python3.10/dist-packages/linkattacher_msgs/srv'...
[5.814s] Compiling '/home/vishnu/colcon_ws/src/install/linkattacher_msgs/local/lib/python3.10/dist-packages/linkattacher_msgs/srv/__init__.py'...
[5.815s] Compiling '/home/vishnu/colcon_ws/src/install/linkattacher_msgs/local/lib/python3.10/dist-packages/linkattacher_msgs/srv/_attach_link.py'...
[5.815s] Compiling '/home/vishnu/colcon_ws/src/install/linkattacher_msgs/local/lib/python3.10/dist-packages/linkattacher_msgs/srv/_detach_link.py'...
[5.820s] -- Installing: /home/vishnu/colcon_ws/src/install/linkattacher_msgs/local/lib/python3.10/dist-packages/linkattacher_msgs/linkattacher_msgs_s__rosidl_typesupport_fastrtps_c.cpython-310-x86_64-linux-gnu.so
[5.821s] -- Set runtime path of "/home/vishnu/colcon_ws/src/install/linkattacher_msgs/local/lib/python3.10/dist-packages/linkattacher_msgs/linkattacher_msgs_s__rosidl_typesupport_fastrtps_c.cpython-310-x86_64-linux-gnu.so" to ""
[5.821s] -- Installing: /home/vishnu/colcon_ws/src/install/linkattacher_msgs/local/lib/python3.10/dist-packages/linkattacher_msgs/linkattacher_msgs_s__rosidl_typesupport_introspection_c.cpython-310-x86_64-linux-gnu.so
[5.821s] -- Set runtime path of "/home/vishnu/colcon_ws/src/install/linkattacher_msgs/local/lib/python3.10/dist-packages/linkattacher_msgs/linkattacher_msgs_s__rosidl_typesupport_introspection_c.cpython-310-x86_64-linux-gnu.so" to ""
[5.822s] -- Installing: /home/vishnu/colcon_ws/src/install/linkattacher_msgs/local/lib/python3.10/dist-packages/linkattacher_msgs/linkattacher_msgs_s__rosidl_typesupport_c.cpython-310-x86_64-linux-gnu.so
[5.822s] -- Set runtime path of "/home/vishnu/colcon_ws/src/install/linkattacher_msgs/local/lib/python3.10/dist-packages/linkattacher_msgs/linkattacher_msgs_s__rosidl_typesupport_c.cpython-310-x86_64-linux-gnu.so" to ""
[5.822s] -- Installing: /home/vishnu/colcon_ws/src/install/linkattacher_msgs/lib/liblinkattacher_msgs__rosidl_generator_py.so
[5.822s] -- Set runtime path of "/home/vishnu/colcon_ws/src/install/linkattacher_msgs/lib/liblinkattacher_msgs__rosidl_generator_py.so" to ""
[5.823s] -- Installing: /home/vishnu/colcon_ws/src/install/linkattacher_msgs/share/linkattacher_msgs/srv/AttachLink.idl
[5.823s] -- Installing: /home/vishnu/colcon_ws/src/install/linkattacher_msgs/share/linkattacher_msgs/srv/DetachLink.idl
[5.823s] -- Up-to-date: /home/vishnu/colcon_ws/src/install/linkattacher_msgs/share/linkattacher_msgs/srv/AttachLink.srv
[5.823s] -- Installing: /home/vishnu/colcon_ws/src/install/linkattacher_msgs/share/linkattacher_msgs/srv/AttachLink_Request.msg
[5.823s] -- Installing: /home/vishnu/colcon_ws/src/install/linkattacher_msgs/share/linkattacher_msgs/srv/AttachLink_Response.msg
[5.823s] -- Up-to-date: /home/vishnu/colcon_ws/src/install/linkattacher_msgs/share/linkattacher_msgs/srv/DetachLink.srv
[5.824s] -- Installing: /home/vishnu/colcon_ws/src/install/linkattacher_msgs/share/linkattacher_msgs/srv/DetachLink_Request.msg
[5.824s] -- Installing: /home/vishnu/colcon_ws/src/install/linkattacher_msgs/share/linkattacher_msgs/srv/DetachLink_Response.msg
[5.824s] -- Installing: /home/vishnu/colcon_ws/src/install/linkattacher_msgs/share/ament_index/resource_index/package_run_dependencies/linkattacher_msgs
[5.824s] -- Installing: /home/vishnu/colcon_ws/src/install/linkattacher_msgs/share/ament_index/resource_index/parent_prefix_path/linkattacher_msgs
[5.824s] -- Installing: /home/vishnu/colcon_ws/src/install/linkattacher_msgs/share/linkattacher_msgs/environment/ament_prefix_path.sh
[5.824s] -- Installing: /home/vishnu/colcon_ws/src/install/linkattacher_msgs/share/linkattacher_msgs/environment/ament_prefix_path.dsv
[5.825s] -- Installing: /home/vishnu/colcon_ws/src/install/linkattacher_msgs/share/linkattacher_msgs/environment/path.sh
[5.825s] -- Installing: /home/vishnu/colcon_ws/src/install/linkattacher_msgs/share/linkattacher_msgs/environment/path.dsv
[5.825s] -- Installing: /home/vishnu/colcon_ws/src/install/linkattacher_msgs/share/linkattacher_msgs/local_setup.bash
[5.825s] -- Installing: /home/vishnu/colcon_ws/src/install/linkattacher_msgs/share/linkattacher_msgs/local_setup.sh
[5.826s] -- Installing: /home/vishnu/colcon_ws/src/install/linkattacher_msgs/share/linkattacher_msgs/local_setup.zsh
[5.826s] -- Installing: /home/vishnu/colcon_ws/src/install/linkattacher_msgs/share/linkattacher_msgs/local_setup.dsv
[5.826s] -- Installing: /home/vishnu/colcon_ws/src/install/linkattacher_msgs/share/linkattacher_msgs/package.dsv
[5.826s] -- Installing: /home/vishnu/colcon_ws/src/install/linkattacher_msgs/share/ament_index/resource_index/packages/linkattacher_msgs
[5.827s] -- Installing: /home/vishnu/colcon_ws/src/install/linkattacher_msgs/share/linkattacher_msgs/cmake/export_linkattacher_msgs__rosidl_generator_cExport.cmake
[5.827s] -- Installing: /home/vishnu/colcon_ws/src/install/linkattacher_msgs/share/linkattacher_msgs/cmake/export_linkattacher_msgs__rosidl_generator_cExport-noconfig.cmake
[5.827s] -- Installing: /home/vishnu/colcon_ws/src/install/linkattacher_msgs/share/linkattacher_msgs/cmake/export_linkattacher_msgs__rosidl_typesupport_fastrtps_cExport.cmake
[5.827s] -- Installing: /home/vishnu/colcon_ws/src/install/linkattacher_msgs/share/linkattacher_msgs/cmake/export_linkattacher_msgs__rosidl_typesupport_fastrtps_cExport-noconfig.cmake
[5.827s] -- Installing: /home/vishnu/colcon_ws/src/install/linkattacher_msgs/share/linkattacher_msgs/cmake/linkattacher_msgs__rosidl_typesupport_introspection_cExport.cmake
[5.828s] -- Installing: /home/vishnu/colcon_ws/src/install/linkattacher_msgs/share/linkattacher_msgs/cmake/linkattacher_msgs__rosidl_typesupport_introspection_cExport-noconfig.cmake
[5.828s] -- Installing: /home/vishnu/colcon_ws/src/install/linkattacher_msgs/share/linkattacher_msgs/cmake/linkattacher_msgs__rosidl_typesupport_cExport.cmake
[5.828s] -- Installing: /home/vishnu/colcon_ws/src/install/linkattacher_msgs/share/linkattacher_msgs/cmake/linkattacher_msgs__rosidl_typesupport_cExport-noconfig.cmake
[5.828s] -- Installing: /home/vishnu/colcon_ws/src/install/linkattacher_msgs/share/linkattacher_msgs/cmake/export_linkattacher_msgs__rosidl_generator_cppExport.cmake
[5.829s] -- Installing: /home/vishnu/colcon_ws/src/install/linkattacher_msgs/share/linkattacher_msgs/cmake/export_linkattacher_msgs__rosidl_typesupport_fastrtps_cppExport.cmake
[5.829s] -- Installing: /home/vishnu/colcon_ws/src/install/linkattacher_msgs/share/linkattacher_msgs/cmake/export_linkattacher_msgs__rosidl_typesupport_fastrtps_cppExport-noconfig.cmake
[5.829s] -- Installing: /home/vishnu/colcon_ws/src/install/linkattacher_msgs/share/linkattacher_msgs/cmake/linkattacher_msgs__rosidl_typesupport_introspection_cppExport.cmake
[5.829s] -- Installing: /home/vishnu/colcon_ws/src/install/linkattacher_msgs/share/linkattacher_msgs/cmake/linkattacher_msgs__rosidl_typesupport_introspection_cppExport-noconfig.cmake
[5.829s] -- Installing: /home/vishnu/colcon_ws/src/install/linkattacher_msgs/share/linkattacher_msgs/cmake/linkattacher_msgs__rosidl_typesupport_cppExport.cmake
[5.829s] -- Installing: /home/vishnu/colcon_ws/src/install/linkattacher_msgs/share/linkattacher_msgs/cmake/linkattacher_msgs__rosidl_typesupport_cppExport-noconfig.cmake
[5.829s] -- Installing: /home/vishnu/colcon_ws/src/install/linkattacher_msgs/share/linkattacher_msgs/cmake/export_linkattacher_msgs__rosidl_generator_pyExport.cmake
[5.830s] -- Installing: /home/vishnu/colcon_ws/src/install/linkattacher_msgs/share/linkattacher_msgs/cmake/export_linkattacher_msgs__rosidl_generator_pyExport-noconfig.cmake
[5.830s] -- Installing: /home/vishnu/colcon_ws/src/install/linkattacher_msgs/share/linkattacher_msgs/cmake/rosidl_cmake-extras.cmake
[5.830s] -- Installing: /home/vishnu/colcon_ws/src/install/linkattacher_msgs/share/linkattacher_msgs/cmake/ament_cmake_export_include_directories-extras.cmake
[5.830s] -- Installing: /home/vishnu/colcon_ws/src/install/linkattacher_msgs/share/linkattacher_msgs/cmake/ament_cmake_export_libraries-extras.cmake
[5.830s] -- Installing: /home/vishnu/colcon_ws/src/install/linkattacher_msgs/share/linkattacher_msgs/cmake/ament_cmake_export_targets-extras.cmake
[5.830s] -- Installing: /home/vishnu/colcon_ws/src/install/linkattacher_msgs/share/linkattacher_msgs/cmake/rosidl_cmake_export_typesupport_targets-extras.cmake
[5.830s] -- Installing: /home/vishnu/colcon_ws/src/install/linkattacher_msgs/share/linkattacher_msgs/cmake/ament_cmake_export_dependencies-extras.cmake
[5.830s] -- Installing: /home/vishnu/colcon_ws/src/install/linkattacher_msgs/share/linkattacher_msgs/cmake/rosidl_cmake_export_typesupport_libraries-extras.cmake
[5.830s] -- Installing: /home/vishnu/colcon_ws/src/install/linkattacher_msgs/share/linkattacher_msgs/cmake/linkattacher_msgsConfig.cmake
[5.830s] -- Installing: /home/vishnu/colcon_ws/src/install/linkattacher_msgs/share/linkattacher_msgs/cmake/linkattacher_msgsConfig-version.cmake
[5.830s] -- Installing: /home/vishnu/colcon_ws/src/install/linkattacher_msgs/share/linkattacher_msgs/package.xml
[5.832s] Invoked command in '/home/vishnu/colcon_ws/src/build/linkattacher_msgs' returned '0': CMAKE_PREFIX_PATH=${CMAKE_PREFIX_PATH}:/opt/ros/humble /usr/bin/cmake --install /home/vishnu/colcon_ws/src/build/linkattacher_msgs
