[0.157s] Invoking command in '/home/vishnu/colcon_ws/src/build/eyantra_warehouse': CMAKE_PREFIX_PATH=${CMAKE_PREFIX_PATH}:/opt/ros/humble /usr/bin/cmake --build /home/vishnu/colcon_ws/src/build/eyantra_warehouse -- -j16 -l16
[0.190s] Invoked command in '/home/vishnu/colcon_ws/src/build/eyantra_warehouse' returned '0': CMAKE_PREFIX_PATH=${CMAKE_PREFIX_PATH}:/opt/ros/humble /usr/bin/cmake --build /home/vishnu/colcon_ws/src/build/eyantra_warehouse -- -j16 -l16
[0.216s] Invoking command in '/home/vishnu/colcon_ws/src/build/eyantra_warehouse': CMAKE_PREFIX_PATH=${CMAKE_PREFIX_PATH}:/opt/ros/humble /usr/bin/cmake --install /home/vishnu/colcon_ws/src/build/eyantra_warehouse
[0.223s] -- Install configuration: ""
[0.223s] -- Up-to-date: /home/vishnu/colcon_ws/src/install/eyantra_warehouse/share/eyantra_warehouse//launch
[0.223s] -- Installing: /home/vishnu/colcon_ws/src/install/eyantra_warehouse/share/eyantra_warehouse//launch/task3a.launch.py
[0.224s] -- Up-to-date: /home/vishnu/colcon_ws/src/install/eyantra_warehouse/share/eyantra_warehouse//launch/some_launch_file.launch.py
[0.224s] -- Up-to-date: /home/vishnu/colcon_ws/src/install/eyantra_warehouse/share/eyantra_warehouse//worlds
[0.224s] -- Up-to-date: /home/vishnu/colcon_ws/src/install/eyantra_warehouse/share/eyantra_warehouse//worlds/eyantra_warehouse.world
[0.224s] -- Up-to-date: /home/vishnu/colcon_ws/src/install/eyantra_warehouse/share/eyantra_warehouse//worlds/eyantra_warehouse_task2a.world
[0.224s] -- Up-to-date: /home/vishnu/colcon_ws/src/install/eyantra_warehouse/share/eyantra_warehouse//worlds/office.world
[0.224s] -- Up-to-date: /home/vishnu/colcon_ws/src/install/eyantra_warehouse/share/eyantra_warehouse//worlds/eyantra_warehouse_task2b.world
[0.224s] -- Installing: /home/vishnu/colcon_ws/src/install/eyantra_warehouse/share/eyantra_warehouse//worlds/eyantra_warehouse_task3.world
[0.224s] -- Up-to-date: /home/vishnu/colcon_ws/src/install/eyantra_warehouse/share/eyantra_warehouse//models
[0.224s] -- Up-to-date: /home/vishnu/colcon_ws/src/install/eyantra_warehouse/share/eyantra_warehouse//models/rack_with_box
[0.224s] -- Up-to-date: /home/vishnu/colcon_ws/src/install/eyantra_warehouse/share/eyantra_warehouse//models/rack_with_box/model.config
[0.224s] -- Up-to-date: /home/vishnu/colcon_ws/src/install/eyantra_warehouse/share/eyantra_warehouse//models/rack_with_box/model.sdf
[0.224s] -- Up-to-date: /home/vishnu/colcon_ws/src/install/eyantra_warehouse/share/eyantra_warehouse//models/rack_with_box/meshes
[0.224s] -- Up-to-date: /home/vishnu/colcon_ws/src/install/eyantra_warehouse/share/eyantra_warehouse//models/rack_with_box/meshes/brushedsteel_bg.jpg
[0.224s] -- Up-to-date: /home/vishnu/colcon_ws/src/install/eyantra_warehouse/share/eyantra_warehouse//models/rack_with_box/meshes/rack.dae
[0.225s] -- Up-to-date: /home/vishnu/colcon_ws/src/install/eyantra_warehouse/share/eyantra_warehouse//models/package_box
[0.225s] -- Up-to-date: /home/vishnu/colcon_ws/src/install/eyantra_warehouse/share/eyantra_warehouse//models/package_box/model.config
[0.225s] -- Up-to-date: /home/vishnu/colcon_ws/src/install/eyantra_warehouse/share/eyantra_warehouse//models/package_box/model.sdf
[0.225s] -- Up-to-date: /home/vishnu/colcon_ws/src/install/eyantra_warehouse/share/eyantra_warehouse//models/package_box/meshes
[0.225s] -- Up-to-date: /home/vishnu/colcon_ws/src/install/eyantra_warehouse/share/eyantra_warehouse//models/package_box/meshes/4x4_1000-0.png
[0.225s] -- Up-to-date: /home/vishnu/colcon_ws/src/install/eyantra_warehouse/share/eyantra_warehouse//models/package_box/meshes/package_box.dae
[0.226s] -- Up-to-date: /home/vishnu/colcon_ws/src/install/eyantra_warehouse/share/eyantra_warehouse//models/package_box/meshes/aws_robomaker_warehouse_ClutteringC_02.png
[0.226s] -- Up-to-date: /home/vishnu/colcon_ws/src/install/eyantra_warehouse/share/eyantra_warehouse//models/boxes
[0.226s] -- Up-to-date: /home/vishnu/colcon_ws/src/install/eyantra_warehouse/share/eyantra_warehouse//models/boxes/box_34
[0.226s] -- Up-to-date: /home/vishnu/colcon_ws/src/install/eyantra_warehouse/share/eyantra_warehouse//models/boxes/box_34/model.config
[0.226s] -- Up-to-date: /home/vishnu/colcon_ws/src/install/eyantra_warehouse/share/eyantra_warehouse//models/boxes/box_34/model.sdf
[0.227s] -- Up-to-date: /home/vishnu/colcon_ws/src/install/eyantra_warehouse/share/eyantra_warehouse//models/boxes/box_34/meshes
[0.227s] -- Up-to-date: /home/vishnu/colcon_ws/src/install/eyantra_warehouse/share/eyantra_warehouse//models/boxes/box_34/meshes/box.dae
[0.227s] -- Up-to-date: /home/vishnu/colcon_ws/src/install/eyantra_warehouse/share/eyantra_warehouse//models/boxes/box_34/meshes/box__bg.png
[0.227s] -- Up-to-date: /home/vishnu/colcon_ws/src/install/eyantra_warehouse/share/eyantra_warehouse//models/boxes/box_34/meshes/aruco_tag.jpg
[0.227s] -- Up-to-date: /home/vishnu/colcon_ws/src/install/eyantra_warehouse/share/eyantra_warehouse//models/boxes/box_34/meshes/cardboard_bg.png
[0.227s] -- Up-to-date: /home/vishnu/colcon_ws/src/install/eyantra_warehouse/share/eyantra_warehouse//models/boxes/box_7
[0.227s] -- Up-to-date: /home/vishnu/colcon_ws/src/install/eyantra_warehouse/share/eyantra_warehouse//models/boxes/box_7/model.config
[0.227s] -- Up-to-date: /home/vishnu/colcon_ws/src/install/eyantra_warehouse/share/eyantra_warehouse//models/boxes/box_7/model.sdf
[0.227s] -- Up-to-date: /home/vishnu/colcon_ws/src/install/eyantra_warehouse/share/eyantra_warehouse//models/boxes/box_7/meshes
[0.227s] -- Up-to-date: /home/vishnu/colcon_ws/src/install/eyantra_warehouse/share/eyantra_warehouse//models/boxes/box_7/meshes/box.dae
[0.227s] -- Up-to-date: /home/vishnu/colcon_ws/src/install/eyantra_warehouse/share/eyantra_warehouse//models/boxes/box_7/meshes/box__bg.png
[0.227s] -- Up-to-date: /home/vishnu/colcon_ws/src/install/eyantra_warehouse/share/eyantra_warehouse//models/boxes/box_7/meshes/aruco_tag.jpg
[0.228s] -- Up-to-date: /home/vishnu/colcon_ws/src/install/eyantra_warehouse/share/eyantra_warehouse//models/boxes/box_7/meshes/cardboard_bg.png
[0.228s] -- Up-to-date: /home/vishnu/colcon_ws/src/install/eyantra_warehouse/share/eyantra_warehouse//models/boxes/box_27
[0.228s] -- Up-to-date: /home/vishnu/colcon_ws/src/install/eyantra_warehouse/share/eyantra_warehouse//models/boxes/box_27/model.config
[0.228s] -- Up-to-date: /home/vishnu/colcon_ws/src/install/eyantra_warehouse/share/eyantra_warehouse//models/boxes/box_27/model.sdf
[0.228s] -- Up-to-date: /home/vishnu/colcon_ws/src/install/eyantra_warehouse/share/eyantra_warehouse//models/boxes/box_27/meshes
[0.228s] -- Up-to-date: /home/vishnu/colcon_ws/src/install/eyantra_warehouse/share/eyantra_warehouse//models/boxes/box_27/meshes/box.dae
[0.228s] -- Up-to-date: /home/vishnu/colcon_ws/src/install/eyantra_warehouse/share/eyantra_warehouse//models/boxes/box_27/meshes/box__bg.png
[0.228s] -- Up-to-date: /home/vishnu/colcon_ws/src/install/eyantra_warehouse/share/eyantra_warehouse//models/boxes/box_27/meshes/aruco_tag.jpg
[0.228s] -- Up-to-date: /home/vishnu/colcon_ws/src/install/eyantra_warehouse/share/eyantra_warehouse//models/boxes/box_27/meshes/cardboard_bg.png
[0.228s] -- Up-to-date: /home/vishnu/colcon_ws/src/install/eyantra_warehouse/share/eyantra_warehouse//models/boxes/box_24
[0.228s] -- Up-to-date: /home/vishnu/colcon_ws/src/install/eyantra_warehouse/share/eyantra_warehouse//models/boxes/box_24/model.config
[0.228s] -- Up-to-date: /home/vishnu/colcon_ws/src/install/eyantra_warehouse/share/eyantra_warehouse//models/boxes/box_24/model.sdf
[0.228s] -- Up-to-date: /home/vishnu/colcon_ws/src/install/eyantra_warehouse/share/eyantra_warehouse//models/boxes/box_24/meshes
[0.228s] -- Up-to-date: /home/vishnu/colcon_ws/src/install/eyantra_warehouse/share/eyantra_warehouse//models/boxes/box_24/meshes/box.dae
[0.228s] -- Up-to-date: /home/vishnu/colcon_ws/src/install/eyantra_warehouse/share/eyantra_warehouse//models/boxes/box_24/meshes/box__bg.png
[0.228s] -- Up-to-date: /home/vishnu/colcon_ws/src/install/eyantra_warehouse/share/eyantra_warehouse//models/boxes/box_24/meshes/aruco_tag.jpg
[0.228s] -- Up-to-date: /home/vishnu/colcon_ws/src/install/eyantra_warehouse/share/eyantra_warehouse//models/boxes/box_24/meshes/cardboard_bg.png
[0.228s] -- Up-to-date: /home/vishnu/colcon_ws/src/install/eyantra_warehouse/share/eyantra_warehouse//models/boxes/box_5
[0.228s] -- Up-to-date: /home/vishnu/colcon_ws/src/install/eyantra_warehouse/share/eyantra_warehouse//models/boxes/box_5/model.config
[0.228s] -- Up-to-date: /home/vishnu/colcon_ws/src/install/eyantra_warehouse/share/eyantra_warehouse//models/boxes/box_5/model.sdf
[0.228s] -- Up-to-date: /home/vishnu/colcon_ws/src/install/eyantra_warehouse/share/eyantra_warehouse//models/boxes/box_5/meshes
[0.228s] -- Up-to-date: /home/vishnu/colcon_ws/src/install/eyantra_warehouse/share/eyantra_warehouse//models/boxes/box_5/meshes/box.dae
[0.229s] -- Up-to-date: /home/vishnu/colcon_ws/src/install/eyantra_warehouse/share/eyantra_warehouse//models/boxes/box_5/meshes/box__bg.png
[0.229s] -- Up-to-date: /home/vishnu/colcon_ws/src/install/eyantra_warehouse/share/eyantra_warehouse//models/boxes/box_5/meshes/aruco_tag.jpg
[0.229s] -- Up-to-date: /home/vishnu/colcon_ws/src/install/eyantra_warehouse/share/eyantra_warehouse//models/boxes/box_5/meshes/cardboard_bg.png
[0.229s] -- Up-to-date: /home/vishnu/colcon_ws/src/install/eyantra_warehouse/share/eyantra_warehouse//models/boxes/box_11
[0.229s] -- Up-to-date: /home/vishnu/colcon_ws/src/install/eyantra_warehouse/share/eyantra_warehouse//models/boxes/box_11/model.config
[0.229s] -- Up-to-date: /home/vishnu/colcon_ws/src/install/eyantra_warehouse/share/eyantra_warehouse//models/boxes/box_11/model.sdf
[0.229s] -- Up-to-date: /home/vishnu/colcon_ws/src/install/eyantra_warehouse/share/eyantra_warehouse//models/boxes/box_11/meshes
[0.229s] -- Up-to-date: /home/vishnu/colcon_ws/src/install/eyantra_warehouse/share/eyantra_warehouse//models/boxes/box_11/meshes/box.dae
[0.229s] -- Up-to-date: /home/vishnu/colcon_ws/src/install/eyantra_warehouse/share/eyantra_warehouse//models/boxes/box_11/meshes/box__bg.png
[0.229s] -- Up-to-date: /home/vishnu/colcon_ws/src/install/eyantra_warehouse/share/eyantra_warehouse//models/boxes/box_11/meshes/aruco_tag.jpg
[0.229s] -- Up-to-date: /home/vishnu/colcon_ws/src/install/eyantra_warehouse/share/eyantra_warehouse//models/boxes/box_11/meshes/cardboard_bg.png
[0.229s] -- Up-to-date: /home/vishnu/colcon_ws/src/install/eyantra_warehouse/share/eyantra_warehouse//models/boxes/box.stl
[0.230s] -- Up-to-date: /home/vishnu/colcon_ws/src/install/eyantra_warehouse/share/eyantra_warehouse//models/boxes/box_12
[0.230s] -- Up-to-date: /home/vishnu/colcon_ws/src/install/eyantra_warehouse/share/eyantra_warehouse//models/boxes/box_12/model.config
[0.230s] -- Up-to-date: /home/vishnu/colcon_ws/src/install/eyantra_warehouse/share/eyantra_warehouse//models/boxes/box_12/model.sdf
[0.230s] -- Up-to-date: /home/vishnu/colcon_ws/src/install/eyantra_warehouse/share/eyantra_warehouse//models/boxes/box_12/meshes
[0.230s] -- Up-to-date: /home/vishnu/colcon_ws/src/install/eyantra_warehouse/share/eyantra_warehouse//models/boxes/box_12/meshes/box.dae
[0.230s] -- Up-to-date: /home/vishnu/colcon_ws/src/install/eyantra_warehouse/share/eyantra_warehouse//models/boxes/box_12/meshes/box__bg.png
[0.230s] -- Up-to-date: /home/vishnu/colcon_ws/src/install/eyantra_warehouse/share/eyantra_warehouse//models/boxes/box_12/meshes/aruco_tag.jpg
[0.230s] -- Up-to-date: /home/vishnu/colcon_ws/src/install/eyantra_warehouse/share/eyantra_warehouse//models/boxes/box_12/meshes/cardboard_bg.png
[0.230s] -- Up-to-date: /home/vishnu/colcon_ws/src/install/eyantra_warehouse/share/eyantra_warehouse//models/boxes/box_29
[0.230s] -- Up-to-date: /home/vishnu/colcon_ws/src/install/eyantra_warehouse/share/eyantra_warehouse//models/boxes/box_29/model.config
[0.230s] -- Up-to-date: /home/vishnu/colcon_ws/src/install/eyantra_warehouse/share/eyantra_warehouse//models/boxes/box_29/model.sdf
[0.230s] -- Up-to-date: /home/vishnu/colcon_ws/src/install/eyantra_warehouse/share/eyantra_warehouse//models/boxes/box_29/meshes
[0.230s] -- Up-to-date: /home/vishnu/colcon_ws/src/install/eyantra_warehouse/share/eyantra_warehouse//models/boxes/box_29/meshes/box.dae
[0.231s] -- Up-to-date: /home/vishnu/colcon_ws/src/install/eyantra_warehouse/share/eyantra_warehouse//models/boxes/box_29/meshes/box__bg.png
[0.231s] -- Up-to-date: /home/vishnu/colcon_ws/src/install/eyantra_warehouse/share/eyantra_warehouse//models/boxes/box_29/meshes/aruco_tag.jpg
[0.231s] -- Up-to-date: /home/vishnu/colcon_ws/src/install/eyantra_warehouse/share/eyantra_warehouse//models/boxes/box_29/meshes/cardboard_bg.png
[0.231s] -- Up-to-date: /home/vishnu/colcon_ws/src/install/eyantra_warehouse/share/eyantra_warehouse//models/boxes/box_6
[0.231s] -- Up-to-date: /home/vishnu/colcon_ws/src/install/eyantra_warehouse/share/eyantra_warehouse//models/boxes/box_6/model.config
[0.231s] -- Up-to-date: /home/vishnu/colcon_ws/src/install/eyantra_warehouse/share/eyantra_warehouse//models/boxes/box_6/model.sdf
[0.231s] -- Up-to-date: /home/vishnu/colcon_ws/src/install/eyantra_warehouse/share/eyantra_warehouse//models/boxes/box_6/meshes
[0.231s] -- Up-to-date: /home/vishnu/colcon_ws/src/install/eyantra_warehouse/share/eyantra_warehouse//models/boxes/box_6/meshes/box.dae
[0.231s] -- Up-to-date: /home/vishnu/colcon_ws/src/install/eyantra_warehouse/share/eyantra_warehouse//models/boxes/box_6/meshes/box__bg.png
[0.231s] -- Up-to-date: /home/vishnu/colcon_ws/src/install/eyantra_warehouse/share/eyantra_warehouse//models/boxes/box_6/meshes/aruco_tag.jpg
[0.231s] -- Up-to-date: /home/vishnu/colcon_ws/src/install/eyantra_warehouse/share/eyantra_warehouse//models/boxes/box_6/meshes/cardboard_bg.png
[0.232s] -- Up-to-date: /home/vishnu/colcon_ws/src/install/eyantra_warehouse/share/eyantra_warehouse//models/boxes/box_26
[0.232s] -- Up-to-date: /home/vishnu/colcon_ws/src/install/eyantra_warehouse/share/eyantra_warehouse//models/boxes/box_26/model.config
[0.232s] -- Up-to-date: /home/vishnu/colcon_ws/src/install/eyantra_warehouse/share/eyantra_warehouse//models/boxes/box_26/model.sdf
[0.232s] -- Up-to-date: /home/vishnu/colcon_ws/src/install/eyantra_warehouse/share/eyantra_warehouse//models/boxes/box_26/meshes
[0.232s] -- Up-to-date: /home/vishnu/colcon_ws/src/install/eyantra_warehouse/share/eyantra_warehouse//models/boxes/box_26/meshes/box.dae
[0.232s] -- Up-to-date: /home/vishnu/colcon_ws/src/install/eyantra_warehouse/share/eyantra_warehouse//models/boxes/box_26/meshes/box__bg.png
[0.232s] -- Up-to-date: /home/vishnu/colcon_ws/src/install/eyantra_warehouse/share/eyantra_warehouse//models/boxes/box_26/meshes/aruco_tag.jpg
[0.232s] -- Up-to-date: /home/vishnu/colcon_ws/src/install/eyantra_warehouse/share/eyantra_warehouse//models/boxes/box_26/meshes/cardboard_bg.png
[0.233s] -- Up-to-date: /home/vishnu/colcon_ws/src/install/eyantra_warehouse/share/eyantra_warehouse//models/boxes/box_16
[0.233s] -- Up-to-date: /home/vishnu/colcon_ws/src/install/eyantra_warehouse/share/eyantra_warehouse//models/boxes/box_16/model.config
[0.233s] -- Up-to-date: /home/vishnu/colcon_ws/src/install/eyantra_warehouse/share/eyantra_warehouse//models/boxes/box_16/model.sdf
[0.233s] -- Up-to-date: /home/vishnu/colcon_ws/src/install/eyantra_warehouse/share/eyantra_warehouse//models/boxes/box_16/meshes
[0.233s] -- Up-to-date: /home/vishnu/colcon_ws/src/install/eyantra_warehouse/share/eyantra_warehouse//models/boxes/box_16/meshes/box.dae
[0.233s] -- Up-to-date: /home/vishnu/colcon_ws/src/install/eyantra_warehouse/share/eyantra_warehouse//models/boxes/box_16/meshes/box__bg.png
[0.233s] -- Up-to-date: /home/vishnu/colcon_ws/src/install/eyantra_warehouse/share/eyantra_warehouse//models/boxes/box_16/meshes/aruco_tag.jpg
[0.233s] -- Up-to-date: /home/vishnu/colcon_ws/src/install/eyantra_warehouse/share/eyantra_warehouse//models/boxes/box_16/meshes/cardboard_bg.png
[0.233s] -- Up-to-date: /home/vishnu/colcon_ws/src/install/eyantra_warehouse/share/eyantra_warehouse//models/boxes/box_44
[0.234s] -- Up-to-date: /home/vishnu/colcon_ws/src/install/eyantra_warehouse/share/eyantra_warehouse//models/boxes/box_44/model.config
[0.234s] -- Up-to-date: /home/vishnu/colcon_ws/src/install/eyantra_warehouse/share/eyantra_warehouse//models/boxes/box_44/model.sdf
[0.234s] -- Up-to-date: /home/vishnu/colcon_ws/src/install/eyantra_warehouse/share/eyantra_warehouse//models/boxes/box_44/meshes
[0.234s] -- Up-to-date: /home/vishnu/colcon_ws/src/install/eyantra_warehouse/share/eyantra_warehouse//models/boxes/box_44/meshes/box.dae
[0.234s] -- Up-to-date: /home/vishnu/colcon_ws/src/install/eyantra_warehouse/share/eyantra_warehouse//models/boxes/box_44/meshes/box__bg.png
[0.234s] -- Up-to-date: /home/vishnu/colcon_ws/src/install/eyantra_warehouse/share/eyantra_warehouse//models/boxes/box_44/meshes/aruco_tag.jpg
[0.234s] -- Up-to-date: /home/vishnu/colcon_ws/src/install/eyantra_warehouse/share/eyantra_warehouse//models/boxes/box_44/meshes/cardboard_bg.png
[0.234s] -- Up-to-date: /home/vishnu/colcon_ws/src/install/eyantra_warehouse/share/eyantra_warehouse//models/boxes/box_10
[0.235s] -- Up-to-date: /home/vishnu/colcon_ws/src/install/eyantra_warehouse/share/eyantra_warehouse//models/boxes/box_10/model.config
[0.235s] -- Up-to-date: /home/vishnu/colcon_ws/src/install/eyantra_warehouse/share/eyantra_warehouse//models/boxes/box_10/model.sdf
[0.235s] -- Up-to-date: /home/vishnu/colcon_ws/src/install/eyantra_warehouse/share/eyantra_warehouse//models/boxes/box_10/meshes
[0.235s] -- Up-to-date: /home/vishnu/colcon_ws/src/install/eyantra_warehouse/share/eyantra_warehouse//models/boxes/box_10/meshes/box.dae
[0.235s] -- Up-to-date: /home/vishnu/colcon_ws/src/install/eyantra_warehouse/share/eyantra_warehouse//models/boxes/box_10/meshes/box__bg.png
[0.235s] -- Up-to-date: /home/vishnu/colcon_ws/src/install/eyantra_warehouse/share/eyantra_warehouse//models/boxes/box_10/meshes/aruco_tag.jpg
[0.235s] -- Up-to-date: /home/vishnu/colcon_ws/src/install/eyantra_warehouse/share/eyantra_warehouse//models/boxes/box_10/meshes/cardboard_bg.png
[0.235s] -- Up-to-date: /home/vishnu/colcon_ws/src/install/eyantra_warehouse/share/eyantra_warehouse//models/boxes/box_20
[0.236s] -- Up-to-date: /home/vishnu/colcon_ws/src/install/eyantra_warehouse/share/eyantra_warehouse//models/boxes/box_20/model.config
[0.236s] -- Up-to-date: /home/vishnu/colcon_ws/src/install/eyantra_warehouse/share/eyantra_warehouse//models/boxes/box_20/model.sdf
[0.236s] -- Up-to-date: /home/vishnu/colcon_ws/src/install/eyantra_warehouse/share/eyantra_warehouse//models/boxes/box_20/meshes
[0.237s] -- Up-to-date: /home/vishnu/colcon_ws/src/install/eyantra_warehouse/share/eyantra_warehouse//models/boxes/box_20/meshes/box.dae
[0.237s] -- Up-to-date: /home/vishnu/colcon_ws/src/install/eyantra_warehouse/share/eyantra_warehouse//models/boxes/box_20/meshes/box__bg.png
[0.237s] -- Up-to-date: /home/vishnu/colcon_ws/src/install/eyantra_warehouse/share/eyantra_warehouse//models/boxes/box_20/meshes/aruco_tag.jpg
[0.237s] -- Up-to-date: /home/vishnu/colcon_ws/src/install/eyantra_warehouse/share/eyantra_warehouse//models/boxes/box_20/meshes/cardboard_bg.png
[0.237s] -- Up-to-date: /home/vishnu/colcon_ws/src/install/eyantra_warehouse/share/eyantra_warehouse//models/boxes/box_4
[0.237s] -- Up-to-date: /home/vishnu/colcon_ws/src/install/eyantra_warehouse/share/eyantra_warehouse//models/boxes/box_4/model.config
[0.237s] -- Up-to-date: /home/vishnu/colcon_ws/src/install/eyantra_warehouse/share/eyantra_warehouse//models/boxes/box_4/model.sdf
[0.237s] -- Up-to-date: /home/vishnu/colcon_ws/src/install/eyantra_warehouse/share/eyantra_warehouse//models/boxes/box_4/meshes
[0.237s] -- Up-to-date: /home/vishnu/colcon_ws/src/install/eyantra_warehouse/share/eyantra_warehouse//models/boxes/box_4/meshes/box.dae
[0.237s] -- Up-to-date: /home/vishnu/colcon_ws/src/install/eyantra_warehouse/share/eyantra_warehouse//models/boxes/box_4/meshes/box__bg.png
[0.237s] -- Up-to-date: /home/vishnu/colcon_ws/src/install/eyantra_warehouse/share/eyantra_warehouse//models/boxes/box_4/meshes/aruco_tag.jpg
[0.237s] -- Up-to-date: /home/vishnu/colcon_ws/src/install/eyantra_warehouse/share/eyantra_warehouse//models/boxes/box_4/meshes/cardboard_bg.png
[0.237s] -- Up-to-date: /home/vishnu/colcon_ws/src/install/eyantra_warehouse/share/eyantra_warehouse//models/boxes/box_13
[0.237s] -- Up-to-date: /home/vishnu/colcon_ws/src/install/eyantra_warehouse/share/eyantra_warehouse//models/boxes/box_13/model.config
[0.237s] -- Up-to-date: /home/vishnu/colcon_ws/src/install/eyantra_warehouse/share/eyantra_warehouse//models/boxes/box_13/model.sdf
[0.237s] -- Up-to-date: /home/vishnu/colcon_ws/src/install/eyantra_warehouse/share/eyantra_warehouse//models/boxes/box_13/meshes
[0.237s] -- Up-to-date: /home/vishnu/colcon_ws/src/install/eyantra_warehouse/share/eyantra_warehouse//models/boxes/box_13/meshes/box.dae
[0.237s] -- Up-to-date: /home/vishnu/colcon_ws/src/install/eyantra_warehouse/share/eyantra_warehouse//models/boxes/box_13/meshes/box__bg.png
[0.237s] -- Up-to-date: /home/vishnu/colcon_ws/src/install/eyantra_warehouse/share/eyantra_warehouse//models/boxes/box_13/meshes/aruco_tag.jpg
[0.237s] -- Up-to-date: /home/vishnu/colcon_ws/src/install/eyantra_warehouse/share/eyantra_warehouse//models/boxes/box_13/meshes/cardboard_bg.png
[0.237s] -- Up-to-date: /home/vishnu/colcon_ws/src/install/eyantra_warehouse/share/eyantra_warehouse//models/boxes/box_23
[0.237s] -- Up-to-date: /home/vishnu/colcon_ws/src/install/eyantra_warehouse/share/eyantra_warehouse//models/boxes/box_23/model.config
[0.238s] -- Up-to-date: /home/vishnu/colcon_ws/src/install/eyantra_warehouse/share/eyantra_warehouse//models/boxes/box_23/model.sdf
[0.238s] -- Up-to-date: /home/vishnu/colcon_ws/src/install/eyantra_warehouse/share/eyantra_warehouse//models/boxes/box_23/meshes
[0.238s] -- Up-to-date: /home/vishnu/colcon_ws/src/install/eyantra_warehouse/share/eyantra_warehouse//models/boxes/box_23/meshes/box.dae
[0.238s] -- Up-to-date: /home/vishnu/colcon_ws/src/install/eyantra_warehouse/share/eyantra_warehouse//models/boxes/box_23/meshes/box__bg.png
[0.238s] -- Up-to-date: /home/vishnu/colcon_ws/src/install/eyantra_warehouse/share/eyantra_warehouse//models/boxes/box_23/meshes/aruco_tag.jpg
[0.238s] -- Up-to-date: /home/vishnu/colcon_ws/src/install/eyantra_warehouse/share/eyantra_warehouse//models/boxes/box_23/meshes/cardboard_bg.png
[0.239s] -- Up-to-date: /home/vishnu/colcon_ws/src/install/eyantra_warehouse/share/eyantra_warehouse//models/boxes/box_8
[0.239s] -- Up-to-date: /home/vishnu/colcon_ws/src/install/eyantra_warehouse/share/eyantra_warehouse//models/boxes/box_8/model.config
[0.239s] -- Up-to-date: /home/vishnu/colcon_ws/src/install/eyantra_warehouse/share/eyantra_warehouse//models/boxes/box_8/model.sdf
[0.239s] -- Up-to-date: /home/vishnu/colcon_ws/src/install/eyantra_warehouse/share/eyantra_warehouse//models/boxes/box_8/meshes
[0.239s] -- Up-to-date: /home/vishnu/colcon_ws/src/install/eyantra_warehouse/share/eyantra_warehouse//models/boxes/box_8/meshes/box.dae
[0.239s] -- Up-to-date: /home/vishnu/colcon_ws/src/install/eyantra_warehouse/share/eyantra_warehouse//models/boxes/box_8/meshes/box__bg.png
[0.239s] -- Up-to-date: /home/vishnu/colcon_ws/src/install/eyantra_warehouse/share/eyantra_warehouse//models/boxes/box_8/meshes/aruco_tag.jpg
[0.239s] -- Up-to-date: /home/vishnu/colcon_ws/src/install/eyantra_warehouse/share/eyantra_warehouse//models/boxes/box_8/meshes/cardboard_bg.png
[0.239s] -- Up-to-date: /home/vishnu/colcon_ws/src/install/eyantra_warehouse/share/eyantra_warehouse//models/boxes/box_1
[0.239s] -- Up-to-date: /home/vishnu/colcon_ws/src/install/eyantra_warehouse/share/eyantra_warehouse//models/boxes/box_1/model.config
[0.239s] -- Up-to-date: /home/vishnu/colcon_ws/src/install/eyantra_warehouse/share/eyantra_warehouse//models/boxes/box_1/model.sdf
[0.239s] -- Up-to-date: /home/vishnu/colcon_ws/src/install/eyantra_warehouse/share/eyantra_warehouse//models/boxes/box_1/meshes
[0.239s] -- Up-to-date: /home/vishnu/colcon_ws/src/install/eyantra_warehouse/share/eyantra_warehouse//models/boxes/box_1/meshes/box.dae
[0.240s] -- Up-to-date: /home/vishnu/colcon_ws/src/install/eyantra_warehouse/share/eyantra_warehouse//models/boxes/box_1/meshes/box__bg.png
[0.240s] -- Up-to-date: /home/vishnu/colcon_ws/src/install/eyantra_warehouse/share/eyantra_warehouse//models/boxes/box_1/meshes/aruco_tag.jpg
[0.240s] -- Up-to-date: /home/vishnu/colcon_ws/src/install/eyantra_warehouse/share/eyantra_warehouse//models/boxes/box_1/meshes/cardboard_bg.png
[0.240s] -- Up-to-date: /home/vishnu/colcon_ws/src/install/eyantra_warehouse/share/eyantra_warehouse//models/boxes/box_39
[0.241s] -- Up-to-date: /home/vishnu/colcon_ws/src/install/eyantra_warehouse/share/eyantra_warehouse//models/boxes/box_39/model.config
[0.241s] -- Up-to-date: /home/vishnu/colcon_ws/src/install/eyantra_warehouse/share/eyantra_warehouse//models/boxes/box_39/model.sdf
[0.241s] -- Up-to-date: /home/vishnu/colcon_ws/src/install/eyantra_warehouse/share/eyantra_warehouse//models/boxes/box_39/meshes
[0.241s] -- Up-to-date: /home/vishnu/colcon_ws/src/install/eyantra_warehouse/share/eyantra_warehouse//models/boxes/box_39/meshes/box.dae
[0.241s] -- Up-to-date: /home/vishnu/colcon_ws/src/install/eyantra_warehouse/share/eyantra_warehouse//models/boxes/box_39/meshes/box__bg.png
[0.241s] -- Up-to-date: /home/vishnu/colcon_ws/src/install/eyantra_warehouse/share/eyantra_warehouse//models/boxes/box_39/meshes/aruco_tag.jpg
[0.242s] -- Up-to-date: /home/vishnu/colcon_ws/src/install/eyantra_warehouse/share/eyantra_warehouse//models/boxes/box_39/meshes/cardboard_bg.png
[0.242s] -- Up-to-date: /home/vishnu/colcon_ws/src/install/eyantra_warehouse/share/eyantra_warehouse//models/boxes/box_25
[0.242s] -- Up-to-date: /home/vishnu/colcon_ws/src/install/eyantra_warehouse/share/eyantra_warehouse//models/boxes/box_25/model.config
[0.242s] -- Up-to-date: /home/vishnu/colcon_ws/src/install/eyantra_warehouse/share/eyantra_warehouse//models/boxes/box_25/model.sdf
[0.242s] -- Up-to-date: /home/vishnu/colcon_ws/src/install/eyantra_warehouse/share/eyantra_warehouse//models/boxes/box_25/meshes
[0.242s] -- Up-to-date: /home/vishnu/colcon_ws/src/install/eyantra_warehouse/share/eyantra_warehouse//models/boxes/box_25/meshes/box.dae
[0.242s] -- Up-to-date: /home/vishnu/colcon_ws/src/install/eyantra_warehouse/share/eyantra_warehouse//models/boxes/box_25/meshes/box__bg.png
[0.242s] -- Up-to-date: /home/vishnu/colcon_ws/src/install/eyantra_warehouse/share/eyantra_warehouse//models/boxes/box_25/meshes/aruco_tag.jpg
[0.242s] -- Up-to-date: /home/vishnu/colcon_ws/src/install/eyantra_warehouse/share/eyantra_warehouse//models/boxes/box_25/meshes/cardboard_bg.png
[0.242s] -- Up-to-date: /home/vishnu/colcon_ws/src/install/eyantra_warehouse/share/eyantra_warehouse//models/boxes/box_33
[0.242s] -- Up-to-date: /home/vishnu/colcon_ws/src/install/eyantra_warehouse/share/eyantra_warehouse//models/boxes/box_33/model.config
[0.242s] -- Up-to-date: /home/vishnu/colcon_ws/src/install/eyantra_warehouse/share/eyantra_warehouse//models/boxes/box_33/model.sdf
[0.242s] -- Up-to-date: /home/vishnu/colcon_ws/src/install/eyantra_warehouse/share/eyantra_warehouse//models/boxes/box_33/meshes
[0.243s] -- Up-to-date: /home/vishnu/colcon_ws/src/install/eyantra_warehouse/share/eyantra_warehouse//models/boxes/box_33/meshes/box.dae
[0.243s] -- Up-to-date: /home/vishnu/colcon_ws/src/install/eyantra_warehouse/share/eyantra_warehouse//models/boxes/box_33/meshes/box__bg.png
[0.243s] -- Up-to-date: /home/vishnu/colcon_ws/src/install/eyantra_warehouse/share/eyantra_warehouse//models/boxes/box_33/meshes/aruco_tag.jpg
[0.243s] -- Up-to-date: /home/vishnu/colcon_ws/src/install/eyantra_warehouse/share/eyantra_warehouse//models/boxes/box_33/meshes/cardboard_bg.png
[0.244s] -- Up-to-date: /home/vishnu/colcon_ws/src/install/eyantra_warehouse/share/eyantra_warehouse//models/boxes/box_35
[0.244s] -- Up-to-date: /home/vishnu/colcon_ws/src/install/eyantra_warehouse/share/eyantra_warehouse//models/boxes/box_35/model.config
[0.244s] -- Up-to-date: /home/vishnu/colcon_ws/src/install/eyantra_warehouse/share/eyantra_warehouse//models/boxes/box_35/model.sdf
[0.244s] -- Up-to-date: /home/vishnu/colcon_ws/src/install/eyantra_warehouse/share/eyantra_warehouse//models/boxes/box_35/meshes
[0.244s] -- Up-to-date: /home/vishnu/colcon_ws/src/install/eyantra_warehouse/share/eyantra_warehouse//models/boxes/box_35/meshes/box.dae
[0.244s] -- Up-to-date: /home/vishnu/colcon_ws/src/install/eyantra_warehouse/share/eyantra_warehouse//models/boxes/box_35/meshes/box__bg.png
[0.244s] -- Up-to-date: /home/vishnu/colcon_ws/src/install/eyantra_warehouse/share/eyantra_warehouse//models/boxes/box_35/meshes/aruco_tag.jpg
[0.244s] -- Up-to-date: /home/vishnu/colcon_ws/src/install/eyantra_warehouse/share/eyantra_warehouse//models/boxes/box_35/meshes/cardboard_bg.png
[0.244s] -- Up-to-date: /home/vishnu/colcon_ws/src/install/eyantra_warehouse/share/eyantra_warehouse//models/boxes/box_21
[0.244s] -- Up-to-date: /home/vishnu/colcon_ws/src/install/eyantra_warehouse/share/eyantra_warehouse//models/boxes/box_21/model.config
[0.244s] -- Up-to-date: /home/vishnu/colcon_ws/src/install/eyantra_warehouse/share/eyantra_warehouse//models/boxes/box_21/model.sdf
[0.244s] -- Up-to-date: /home/vishnu/colcon_ws/src/install/eyantra_warehouse/share/eyantra_warehouse//models/boxes/box_21/meshes
[0.245s] -- Up-to-date: /home/vishnu/colcon_ws/src/install/eyantra_warehouse/share/eyantra_warehouse//models/boxes/box_21/meshes/box.dae
[0.245s] -- Up-to-date: /home/vishnu/colcon_ws/src/install/eyantra_warehouse/share/eyantra_warehouse//models/boxes/box_21/meshes/box__bg.png
[0.245s] -- Up-to-date: /home/vishnu/colcon_ws/src/install/eyantra_warehouse/share/eyantra_warehouse//models/boxes/box_21/meshes/aruco_tag.jpg
[0.245s] -- Up-to-date: /home/vishnu/colcon_ws/src/install/eyantra_warehouse/share/eyantra_warehouse//models/boxes/box_21/meshes/cardboard_bg.png
[0.245s] -- Up-to-date: /home/vishnu/colcon_ws/src/install/eyantra_warehouse/share/eyantra_warehouse//models/boxes/box_9
[0.245s] -- Up-to-date: /home/vishnu/colcon_ws/src/install/eyantra_warehouse/share/eyantra_warehouse//models/boxes/box_9/model.config
[0.245s] -- Up-to-date: /home/vishnu/colcon_ws/src/install/eyantra_warehouse/share/eyantra_warehouse//models/boxes/box_9/model.sdf
[0.246s] -- Up-to-date: /home/vishnu/colcon_ws/src/install/eyantra_warehouse/share/eyantra_warehouse//models/boxes/box_9/meshes
[0.246s] -- Up-to-date: /home/vishnu/colcon_ws/src/install/eyantra_warehouse/share/eyantra_warehouse//models/boxes/box_9/meshes/box.dae
[0.246s] -- Up-to-date: /home/vishnu/colcon_ws/src/install/eyantra_warehouse/share/eyantra_warehouse//models/boxes/box_9/meshes/box__bg.png
[0.246s] -- Up-to-date: /home/vishnu/colcon_ws/src/install/eyantra_warehouse/share/eyantra_warehouse//models/boxes/box_9/meshes/aruco_tag.jpg
[0.246s] -- Up-to-date: /home/vishnu/colcon_ws/src/install/eyantra_warehouse/share/eyantra_warehouse//models/boxes/box_9/meshes/cardboard_bg.png
[0.246s] -- Up-to-date: /home/vishnu/colcon_ws/src/install/eyantra_warehouse/share/eyantra_warehouse//models/boxes/box_50
[0.246s] -- Up-to-date: /home/vishnu/colcon_ws/src/install/eyantra_warehouse/share/eyantra_warehouse//models/boxes/box_50/model.config
[0.246s] -- Up-to-date: /home/vishnu/colcon_ws/src/install/eyantra_warehouse/share/eyantra_warehouse//models/boxes/box_50/model.sdf
[0.246s] -- Up-to-date: /home/vishnu/colcon_ws/src/install/eyantra_warehouse/share/eyantra_warehouse//models/boxes/box_50/meshes
[0.246s] -- Up-to-date: /home/vishnu/colcon_ws/src/install/eyantra_warehouse/share/eyantra_warehouse//models/boxes/box_50/meshes/box.dae
[0.246s] -- Up-to-date: /home/vishnu/colcon_ws/src/install/eyantra_warehouse/share/eyantra_warehouse//models/boxes/box_50/meshes/box__bg.png
[0.246s] -- Up-to-date: /home/vishnu/colcon_ws/src/install/eyantra_warehouse/share/eyantra_warehouse//models/boxes/box_50/meshes/aruco_tag.jpg
[0.246s] -- Up-to-date: /home/vishnu/colcon_ws/src/install/eyantra_warehouse/share/eyantra_warehouse//models/boxes/box_50/meshes/cardboard_bg.png
[0.246s] -- Up-to-date: /home/vishnu/colcon_ws/src/install/eyantra_warehouse/share/eyantra_warehouse//models/boxes/box_46
[0.246s] -- Up-to-date: /home/vishnu/colcon_ws/src/install/eyantra_warehouse/share/eyantra_warehouse//models/boxes/box_46/model.config
[0.246s] -- Up-to-date: /home/vishnu/colcon_ws/src/install/eyantra_warehouse/share/eyantra_warehouse//models/boxes/box_46/model.sdf
[0.246s] -- Up-to-date: /home/vishnu/colcon_ws/src/install/eyantra_warehouse/share/eyantra_warehouse//models/boxes/box_46/meshes
[0.246s] -- Up-to-date: /home/vishnu/colcon_ws/src/install/eyantra_warehouse/share/eyantra_warehouse//models/boxes/box_46/meshes/box.dae
[0.246s] -- Up-to-date: /home/vishnu/colcon_ws/src/install/eyantra_warehouse/share/eyantra_warehouse//models/boxes/box_46/meshes/box__bg.png
[0.246s] -- Up-to-date: /home/vishnu/colcon_ws/src/install/eyantra_warehouse/share/eyantra_warehouse//models/boxes/box_46/meshes/aruco_tag.jpg
[0.246s] -- Up-to-date: /home/vishnu/colcon_ws/src/install/eyantra_warehouse/share/eyantra_warehouse//models/boxes/box_46/meshes/cardboard_bg.png
[0.246s] -- Up-to-date: /home/vishnu/colcon_ws/src/install/eyantra_warehouse/share/eyantra_warehouse//models/boxes/box_36
[0.247s] -- Up-to-date: /home/vishnu/colcon_ws/src/install/eyantra_warehouse/share/eyantra_warehouse//models/boxes/box_36/model.config
[0.247s] -- Up-to-date: /home/vishnu/colcon_ws/src/install/eyantra_warehouse/share/eyantra_warehouse//models/boxes/box_36/model.sdf
[0.247s] -- Up-to-date: /home/vishnu/colcon_ws/src/install/eyantra_warehouse/share/eyantra_warehouse//models/boxes/box_36/meshes
[0.247s] -- Up-to-date: /home/vishnu/colcon_ws/src/install/eyantra_warehouse/share/eyantra_warehouse//models/boxes/box_36/meshes/box.dae
[0.247s] -- Up-to-date: /home/vishnu/colcon_ws/src/install/eyantra_warehouse/share/eyantra_warehouse//models/boxes/box_36/meshes/box__bg.png
[0.247s] -- Up-to-date: /home/vishnu/colcon_ws/src/install/eyantra_warehouse/share/eyantra_warehouse//models/boxes/box_36/meshes/aruco_tag.jpg
[0.247s] -- Up-to-date: /home/vishnu/colcon_ws/src/install/eyantra_warehouse/share/eyantra_warehouse//models/boxes/box_36/meshes/cardboard_bg.png
[0.247s] -- Up-to-date: /home/vishnu/colcon_ws/src/install/eyantra_warehouse/share/eyantra_warehouse//models/boxes/box_14
[0.247s] -- Up-to-date: /home/vishnu/colcon_ws/src/install/eyantra_warehouse/share/eyantra_warehouse//models/boxes/box_14/model.config
[0.247s] -- Up-to-date: /home/vishnu/colcon_ws/src/install/eyantra_warehouse/share/eyantra_warehouse//models/boxes/box_14/model.sdf
[0.247s] -- Up-to-date: /home/vishnu/colcon_ws/src/install/eyantra_warehouse/share/eyantra_warehouse//models/boxes/box_14/meshes
[0.247s] -- Up-to-date: /home/vishnu/colcon_ws/src/install/eyantra_warehouse/share/eyantra_warehouse//models/boxes/box_14/meshes/box.dae
[0.247s] -- Up-to-date: /home/vishnu/colcon_ws/src/install/eyantra_warehouse/share/eyantra_warehouse//models/boxes/box_14/meshes/box__bg.png
[0.247s] -- Up-to-date: /home/vishnu/colcon_ws/src/install/eyantra_warehouse/share/eyantra_warehouse//models/boxes/box_14/meshes/aruco_tag.jpg
[0.247s] -- Up-to-date: /home/vishnu/colcon_ws/src/install/eyantra_warehouse/share/eyantra_warehouse//models/boxes/box_14/meshes/cardboard_bg.png
[0.247s] -- Up-to-date: /home/vishnu/colcon_ws/src/install/eyantra_warehouse/share/eyantra_warehouse//models/boxes/box_3
[0.248s] -- Up-to-date: /home/vishnu/colcon_ws/src/install/eyantra_warehouse/share/eyantra_warehouse//models/boxes/box_3/model.config
[0.248s] -- Up-to-date: /home/vishnu/colcon_ws/src/install/eyantra_warehouse/share/eyantra_warehouse//models/boxes/box_3/model.sdf
[0.248s] -- Up-to-date: /home/vishnu/colcon_ws/src/install/eyantra_warehouse/share/eyantra_warehouse//models/boxes/box_3/meshes
[0.248s] -- Up-to-date: /home/vishnu/colcon_ws/src/install/eyantra_warehouse/share/eyantra_warehouse//models/boxes/box_3/meshes/box.dae
[0.248s] -- Up-to-date: /home/vishnu/colcon_ws/src/install/eyantra_warehouse/share/eyantra_warehouse//models/boxes/box_3/meshes/box__bg.png
[0.248s] -- Up-to-date: /home/vishnu/colcon_ws/src/install/eyantra_warehouse/share/eyantra_warehouse//models/boxes/box_3/meshes/aruco_tag.jpg
[0.248s] -- Up-to-date: /home/vishnu/colcon_ws/src/install/eyantra_warehouse/share/eyantra_warehouse//models/boxes/box_3/meshes/cardboard_bg.png
[0.248s] -- Up-to-date: /home/vishnu/colcon_ws/src/install/eyantra_warehouse/share/eyantra_warehouse//models/boxes/box_38
[0.248s] -- Up-to-date: /home/vishnu/colcon_ws/src/install/eyantra_warehouse/share/eyantra_warehouse//models/boxes/box_38/model.config
[0.248s] -- Up-to-date: /home/vishnu/colcon_ws/src/install/eyantra_warehouse/share/eyantra_warehouse//models/boxes/box_38/model.sdf
[0.248s] -- Up-to-date: /home/vishnu/colcon_ws/src/install/eyantra_warehouse/share/eyantra_warehouse//models/boxes/box_38/meshes
[0.248s] -- Up-to-date: /home/vishnu/colcon_ws/src/install/eyantra_warehouse/share/eyantra_warehouse//models/boxes/box_38/meshes/box.dae
[0.249s] -- Up-to-date: /home/vishnu/colcon_ws/src/install/eyantra_warehouse/share/eyantra_warehouse//models/boxes/box_38/meshes/box__bg.png
[0.249s] -- Up-to-date: /home/vishnu/colcon_ws/src/install/eyantra_warehouse/share/eyantra_warehouse//models/boxes/box_38/meshes/aruco_tag.jpg
[0.249s] -- Up-to-date: /home/vishnu/colcon_ws/src/install/eyantra_warehouse/share/eyantra_warehouse//models/boxes/box_38/meshes/cardboard_bg.png
[0.249s] -- Up-to-date: /home/vishnu/colcon_ws/src/install/eyantra_warehouse/share/eyantra_warehouse//models/boxes/box_48
[0.249s] -- Up-to-date: /home/vishnu/colcon_ws/src/install/eyantra_warehouse/share/eyantra_warehouse//models/boxes/box_48/model.config
[0.249s] -- Up-to-date: /home/vishnu/colcon_ws/src/install/eyantra_warehouse/share/eyantra_warehouse//models/boxes/box_48/model.sdf
[0.249s] -- Up-to-date: /home/vishnu/colcon_ws/src/install/eyantra_warehouse/share/eyantra_warehouse//models/boxes/box_48/meshes
[0.249s] -- Up-to-date: /home/vishnu/colcon_ws/src/install/eyantra_warehouse/share/eyantra_warehouse//models/boxes/box_48/meshes/box.dae
[0.249s] -- Up-to-date: /home/vishnu/colcon_ws/src/install/eyantra_warehouse/share/eyantra_warehouse//models/boxes/box_48/meshes/box__bg.png
[0.249s] -- Up-to-date: /home/vishnu/colcon_ws/src/install/eyantra_warehouse/share/eyantra_warehouse//models/boxes/box_48/meshes/aruco_tag.jpg
[0.249s] -- Up-to-date: /home/vishnu/colcon_ws/src/install/eyantra_warehouse/share/eyantra_warehouse//models/boxes/box_48/meshes/cardboard_bg.png
[0.249s] -- Up-to-date: /home/vishnu/colcon_ws/src/install/eyantra_warehouse/share/eyantra_warehouse//models/boxes/box_47
[0.249s] -- Up-to-date: /home/vishnu/colcon_ws/src/install/eyantra_warehouse/share/eyantra_warehouse//models/boxes/box_47/model.config
[0.249s] -- Up-to-date: /home/vishnu/colcon_ws/src/install/eyantra_warehouse/share/eyantra_warehouse//models/boxes/box_47/model.sdf
[0.250s] -- Up-to-date: /home/vishnu/colcon_ws/src/install/eyantra_warehouse/share/eyantra_warehouse//models/boxes/box_47/meshes
[0.250s] -- Up-to-date: /home/vishnu/colcon_ws/src/install/eyantra_warehouse/share/eyantra_warehouse//models/boxes/box_47/meshes/box.dae
[0.250s] -- Up-to-date: /home/vishnu/colcon_ws/src/install/eyantra_warehouse/share/eyantra_warehouse//models/boxes/box_47/meshes/box__bg.png
[0.250s] -- Up-to-date: /home/vishnu/colcon_ws/src/install/eyantra_warehouse/share/eyantra_warehouse//models/boxes/box_47/meshes/aruco_tag.jpg
[0.250s] -- Up-to-date: /home/vishnu/colcon_ws/src/install/eyantra_warehouse/share/eyantra_warehouse//models/boxes/box_47/meshes/cardboard_bg.png
[0.250s] -- Up-to-date: /home/vishnu/colcon_ws/src/install/eyantra_warehouse/share/eyantra_warehouse//models/boxes/box_17
[0.250s] -- Up-to-date: /home/vishnu/colcon_ws/src/install/eyantra_warehouse/share/eyantra_warehouse//models/boxes/box_17/model.config
[0.250s] -- Up-to-date: /home/vishnu/colcon_ws/src/install/eyantra_warehouse/share/eyantra_warehouse//models/boxes/box_17/model.sdf
[0.250s] -- Up-to-date: /home/vishnu/colcon_ws/src/install/eyantra_warehouse/share/eyantra_warehouse//models/boxes/box_17/meshes
[0.251s] -- Up-to-date: /home/vishnu/colcon_ws/src/install/eyantra_warehouse/share/eyantra_warehouse//models/boxes/box_17/meshes/box.dae
[0.251s] -- Up-to-date: /home/vishnu/colcon_ws/src/install/eyantra_warehouse/share/eyantra_warehouse//models/boxes/box_17/meshes/box__bg.png
[0.251s] -- Up-to-date: /home/vishnu/colcon_ws/src/install/eyantra_warehouse/share/eyantra_warehouse//models/boxes/box_17/meshes/aruco_tag.jpg
[0.251s] -- Up-to-date: /home/vishnu/colcon_ws/src/install/eyantra_warehouse/share/eyantra_warehouse//models/boxes/box_17/meshes/cardboard_bg.png
[0.251s] -- Up-to-date: /home/vishnu/colcon_ws/src/install/eyantra_warehouse/share/eyantra_warehouse//models/boxes/box_19
[0.251s] -- Up-to-date: /home/vishnu/colcon_ws/src/install/eyantra_warehouse/share/eyantra_warehouse//models/boxes/box_19/model.config
[0.252s] -- Up-to-date: /home/vishnu/colcon_ws/src/install/eyantra_warehouse/share/eyantra_warehouse//models/boxes/box_19/model.sdf
[0.252s] -- Up-to-date: /home/vishnu/colcon_ws/src/install/eyantra_warehouse/share/eyantra_warehouse//models/boxes/box_19/meshes
[0.252s] -- Up-to-date: /home/vishnu/colcon_ws/src/install/eyantra_warehouse/share/eyantra_warehouse//models/boxes/box_19/meshes/box.dae
[0.252s] -- Up-to-date: /home/vishnu/colcon_ws/src/install/eyantra_warehouse/share/eyantra_warehouse//models/boxes/box_19/meshes/box__bg.png
[0.252s] -- Up-to-date: /home/vishnu/colcon_ws/src/install/eyantra_warehouse/share/eyantra_warehouse//models/boxes/box_19/meshes/aruco_tag.jpg
[0.252s] -- Up-to-date: /home/vishnu/colcon_ws/src/install/eyantra_warehouse/share/eyantra_warehouse//models/boxes/box_19/meshes/cardboard_bg.png
[0.252s] -- Up-to-date: /home/vishnu/colcon_ws/src/install/eyantra_warehouse/share/eyantra_warehouse//models/boxes/box_15
[0.252s] -- Up-to-date: /home/vishnu/colcon_ws/src/install/eyantra_warehouse/share/eyantra_warehouse//models/boxes/box_15/model.config
[0.252s] -- Up-to-date: /home/vishnu/colcon_ws/src/install/eyantra_warehouse/share/eyantra_warehouse//models/boxes/box_15/model.sdf
[0.252s] -- Up-to-date: /home/vishnu/colcon_ws/src/install/eyantra_warehouse/share/eyantra_warehouse//models/boxes/box_15/meshes
[0.252s] -- Up-to-date: /home/vishnu/colcon_ws/src/install/eyantra_warehouse/share/eyantra_warehouse//models/boxes/box_15/meshes/box.dae
[0.252s] -- Up-to-date: /home/vishnu/colcon_ws/src/install/eyantra_warehouse/share/eyantra_warehouse//models/boxes/box_15/meshes/box__bg.png
[0.252s] -- Up-to-date: /home/vishnu/colcon_ws/src/install/eyantra_warehouse/share/eyantra_warehouse//models/boxes/box_15/meshes/aruco_tag.jpg
[0.252s] -- Up-to-date: /home/vishnu/colcon_ws/src/install/eyantra_warehouse/share/eyantra_warehouse//models/boxes/box_15/meshes/cardboard_bg.png
[0.252s] -- Up-to-date: /home/vishnu/colcon_ws/src/install/eyantra_warehouse/share/eyantra_warehouse//models/boxes/box_43
[0.252s] -- Up-to-date: /home/vishnu/colcon_ws/src/install/eyantra_warehouse/share/eyantra_warehouse//models/boxes/box_43/model.config
[0.252s] -- Up-to-date: /home/vishnu/colcon_ws/src/install/eyantra_warehouse/share/eyantra_warehouse//models/boxes/box_43/model.sdf
[0.253s] -- Up-to-date: /home/vishnu/colcon_ws/src/install/eyantra_warehouse/share/eyantra_warehouse//models/boxes/box_43/meshes
[0.253s] -- Up-to-date: /home/vishnu/colcon_ws/src/install/eyantra_warehouse/share/eyantra_warehouse//models/boxes/box_43/meshes/box.dae
[0.253s] -- Up-to-date: /home/vishnu/colcon_ws/src/install/eyantra_warehouse/share/eyantra_warehouse//models/boxes/box_43/meshes/box__bg.png
[0.253s] -- Up-to-date: /home/vishnu/colcon_ws/src/install/eyantra_warehouse/share/eyantra_warehouse//models/boxes/box_43/meshes/aruco_tag.jpg
[0.253s] -- Up-to-date: /home/vishnu/colcon_ws/src/install/eyantra_warehouse/share/eyantra_warehouse//models/boxes/box_43/meshes/cardboard_bg.png
[0.253s] -- Up-to-date: /home/vishnu/colcon_ws/src/install/eyantra_warehouse/share/eyantra_warehouse//models/boxes/box_45
[0.254s] -- Up-to-date: /home/vishnu/colcon_ws/src/install/eyantra_warehouse/share/eyantra_warehouse//models/boxes/box_45/model.config
[0.254s] -- Up-to-date: /home/vishnu/colcon_ws/src/install/eyantra_warehouse/share/eyantra_warehouse//models/boxes/box_45/model.sdf
[0.254s] -- Up-to-date: /home/vishnu/colcon_ws/src/install/eyantra_warehouse/share/eyantra_warehouse//models/boxes/box_45/meshes
[0.254s] -- Up-to-date: /home/vishnu/colcon_ws/src/install/eyantra_warehouse/share/eyantra_warehouse//models/boxes/box_45/meshes/box.dae
[0.254s] -- Up-to-date: /home/vishnu/colcon_ws/src/install/eyantra_warehouse/share/eyantra_warehouse//models/boxes/box_45/meshes/box__bg.png
[0.254s] -- Up-to-date: /home/vishnu/colcon_ws/src/install/eyantra_warehouse/share/eyantra_warehouse//models/boxes/box_45/meshes/aruco_tag.jpg
[0.254s] -- Up-to-date: /home/vishnu/colcon_ws/src/install/eyantra_warehouse/share/eyantra_warehouse//models/boxes/box_45/meshes/cardboard_bg.png
[0.255s] -- Up-to-date: /home/vishnu/colcon_ws/src/install/eyantra_warehouse/share/eyantra_warehouse//models/boxes/box_28
[0.256s] -- Up-to-date: /home/vishnu/colcon_ws/src/install/eyantra_warehouse/share/eyantra_warehouse//models/boxes/box_28/model.config
[0.256s] -- Up-to-date: /home/vishnu/colcon_ws/src/install/eyantra_warehouse/share/eyantra_warehouse//models/boxes/box_28/model.sdf
[0.256s] -- Up-to-date: /home/vishnu/colcon_ws/src/install/eyantra_warehouse/share/eyantra_warehouse//models/boxes/box_28/meshes
[0.257s] -- Up-to-date: /home/vishnu/colcon_ws/src/install/eyantra_warehouse/share/eyantra_warehouse//models/boxes/box_28/meshes/box.dae
[0.257s] -- Up-to-date: /home/vishnu/colcon_ws/src/install/eyantra_warehouse/share/eyantra_warehouse//models/boxes/box_28/meshes/box__bg.png
[0.257s] -- Up-to-date: /home/vishnu/colcon_ws/src/install/eyantra_warehouse/share/eyantra_warehouse//models/boxes/box_28/meshes/aruco_tag.jpg
[0.257s] -- Up-to-date: /home/vishnu/colcon_ws/src/install/eyantra_warehouse/share/eyantra_warehouse//models/boxes/box_28/meshes/cardboard_bg.png
[0.257s] -- Up-to-date: /home/vishnu/colcon_ws/src/install/eyantra_warehouse/share/eyantra_warehouse//models/boxes/box_32
[0.258s] -- Up-to-date: /home/vishnu/colcon_ws/src/install/eyantra_warehouse/share/eyantra_warehouse//models/boxes/box_32/model.config
[0.258s] -- Up-to-date: /home/vishnu/colcon_ws/src/install/eyantra_warehouse/share/eyantra_warehouse//models/boxes/box_32/model.sdf
[0.258s] -- Up-to-date: /home/vishnu/colcon_ws/src/install/eyantra_warehouse/share/eyantra_warehouse//models/boxes/box_32/meshes
[0.258s] -- Up-to-date: /home/vishnu/colcon_ws/src/install/eyantra_warehouse/share/eyantra_warehouse//models/boxes/box_32/meshes/box.dae
[0.259s] -- Up-to-date: /home/vishnu/colcon_ws/src/install/eyantra_warehouse/share/eyantra_warehouse//models/boxes/box_32/meshes/box__bg.png
[0.259s] -- Up-to-date: /home/vishnu/colcon_ws/src/install/eyantra_warehouse/share/eyantra_warehouse//models/boxes/box_32/meshes/aruco_tag.jpg
[0.259s] -- Up-to-date: /home/vishnu/colcon_ws/src/install/eyantra_warehouse/share/eyantra_warehouse//models/boxes/box_32/meshes/cardboard_bg.png
[0.259s] -- Up-to-date: /home/vishnu/colcon_ws/src/install/eyantra_warehouse/share/eyantra_warehouse//models/boxes/box_31
[0.259s] -- Up-to-date: /home/vishnu/colcon_ws/src/install/eyantra_warehouse/share/eyantra_warehouse//models/boxes/box_31/model.config
[0.259s] -- Up-to-date: /home/vishnu/colcon_ws/src/install/eyantra_warehouse/share/eyantra_warehouse//models/boxes/box_31/model.sdf
[0.259s] -- Up-to-date: /home/vishnu/colcon_ws/src/install/eyantra_warehouse/share/eyantra_warehouse//models/boxes/box_31/meshes
[0.259s] -- Up-to-date: /home/vishnu/colcon_ws/src/install/eyantra_warehouse/share/eyantra_warehouse//models/boxes/box_31/meshes/box.dae
[0.260s] -- Up-to-date: /home/vishnu/colcon_ws/src/install/eyantra_warehouse/share/eyantra_warehouse//models/boxes/box_31/meshes/box__bg.png
[0.260s] -- Up-to-date: /home/vishnu/colcon_ws/src/install/eyantra_warehouse/share/eyantra_warehouse//models/boxes/box_31/meshes/aruco_tag.jpg
[0.260s] -- Up-to-date: /home/vishnu/colcon_ws/src/install/eyantra_warehouse/share/eyantra_warehouse//models/boxes/box_31/meshes/cardboard_bg.png
[0.260s] -- Up-to-date: /home/vishnu/colcon_ws/src/install/eyantra_warehouse/share/eyantra_warehouse//models/boxes/box_18
[0.260s] -- Up-to-date: /home/vishnu/colcon_ws/src/install/eyantra_warehouse/share/eyantra_warehouse//models/boxes/box_18/model.config
[0.260s] -- Up-to-date: /home/vishnu/colcon_ws/src/install/eyantra_warehouse/share/eyantra_warehouse//models/boxes/box_18/model.sdf
[0.260s] -- Up-to-date: /home/vishnu/colcon_ws/src/install/eyantra_warehouse/share/eyantra_warehouse//models/boxes/box_18/meshes
[0.260s] -- Up-to-date: /home/vishnu/colcon_ws/src/install/eyantra_warehouse/share/eyantra_warehouse//models/boxes/box_18/meshes/box.dae
[0.260s] -- Up-to-date: /home/vishnu/colcon_ws/src/install/eyantra_warehouse/share/eyantra_warehouse//models/boxes/box_18/meshes/box__bg.png
[0.260s] -- Up-to-date: /home/vishnu/colcon_ws/src/install/eyantra_warehouse/share/eyantra_warehouse//models/boxes/box_18/meshes/aruco_tag.jpg
[0.260s] -- Up-to-date: /home/vishnu/colcon_ws/src/install/eyantra_warehouse/share/eyantra_warehouse//models/boxes/box_18/meshes/cardboard_bg.png
[0.260s] -- Up-to-date: /home/vishnu/colcon_ws/src/install/eyantra_warehouse/share/eyantra_warehouse//models/boxes/box_37
[0.260s] -- Up-to-date: /home/vishnu/colcon_ws/src/install/eyantra_warehouse/share/eyantra_warehouse//models/boxes/box_37/model.config
[0.260s] -- Up-to-date: /home/vishnu/colcon_ws/src/install/eyantra_warehouse/share/eyantra_warehouse//models/boxes/box_37/model.sdf
[0.260s] -- Up-to-date: /home/vishnu/colcon_ws/src/install/eyantra_warehouse/share/eyantra_warehouse//models/boxes/box_37/meshes
[0.260s] -- Up-to-date: /home/vishnu/colcon_ws/src/install/eyantra_warehouse/share/eyantra_warehouse//models/boxes/box_37/meshes/box.dae
[0.260s] -- Up-to-date: /home/vishnu/colcon_ws/src/install/eyantra_warehouse/share/eyantra_warehouse//models/boxes/box_37/meshes/box__bg.png
[0.260s] -- Up-to-date: /home/vishnu/colcon_ws/src/install/eyantra_warehouse/share/eyantra_warehouse//models/boxes/box_37/meshes/aruco_tag.jpg
[0.263s] -- Up-to-date: /home/vishnu/colcon_ws/src/install/eyantra_warehouse/share/eyantra_warehouse//models/boxes/box_37/meshes/cardboard_bg.png
[0.263s] -- Up-to-date: /home/vishnu/colcon_ws/src/install/eyantra_warehouse/share/eyantra_warehouse//models/boxes/box_2
[0.263s] -- Up-to-date: /home/vishnu/colcon_ws/src/install/eyantra_warehouse/share/eyantra_warehouse//models/boxes/box_2/model.config
[0.264s] -- Up-to-date: /home/vishnu/colcon_ws/src/install/eyantra_warehouse/share/eyantra_warehouse//models/boxes/box_2/model.sdf
[0.264s] -- Up-to-date: /home/vishnu/colcon_ws/src/install/eyantra_warehouse/share/eyantra_warehouse//models/boxes/box_2/meshes
[0.264s] -- Up-to-date: /home/vishnu/colcon_ws/src/install/eyantra_warehouse/share/eyantra_warehouse//models/boxes/box_2/meshes/box.dae
[0.264s] -- Up-to-date: /home/vishnu/colcon_ws/src/install/eyantra_warehouse/share/eyantra_warehouse//models/boxes/box_2/meshes/box__bg.png
[0.264s] -- Up-to-date: /home/vishnu/colcon_ws/src/install/eyantra_warehouse/share/eyantra_warehouse//models/boxes/box_2/meshes/aruco_tag.jpg
[0.264s] -- Up-to-date: /home/vishnu/colcon_ws/src/install/eyantra_warehouse/share/eyantra_warehouse//models/boxes/box_2/meshes/cardboard_bg.png
[0.264s] -- Up-to-date: /home/vishnu/colcon_ws/src/install/eyantra_warehouse/share/eyantra_warehouse//models/boxes/box_30
[0.264s] -- Up-to-date: /home/vishnu/colcon_ws/src/install/eyantra_warehouse/share/eyantra_warehouse//models/boxes/box_30/model.config
[0.264s] -- Up-to-date: /home/vishnu/colcon_ws/src/install/eyantra_warehouse/share/eyantra_warehouse//models/boxes/box_30/model.sdf
[0.264s] -- Up-to-date: /home/vishnu/colcon_ws/src/install/eyantra_warehouse/share/eyantra_warehouse//models/boxes/box_30/meshes
[0.264s] -- Up-to-date: /home/vishnu/colcon_ws/src/install/eyantra_warehouse/share/eyantra_warehouse//models/boxes/box_30/meshes/box.dae
[0.264s] -- Up-to-date: /home/vishnu/colcon_ws/src/install/eyantra_warehouse/share/eyantra_warehouse//models/boxes/box_30/meshes/box__bg.png
[0.264s] -- Up-to-date: /home/vishnu/colcon_ws/src/install/eyantra_warehouse/share/eyantra_warehouse//models/boxes/box_30/meshes/aruco_tag.jpg
[0.264s] -- Up-to-date: /home/vishnu/colcon_ws/src/install/eyantra_warehouse/share/eyantra_warehouse//models/boxes/box_30/meshes/cardboard_bg.png
[0.264s] -- Up-to-date: /home/vishnu/colcon_ws/src/install/eyantra_warehouse/share/eyantra_warehouse//models/boxes/box_49
[0.264s] -- Up-to-date: /home/vishnu/colcon_ws/src/install/eyantra_warehouse/share/eyantra_warehouse//models/boxes/box_49/model.config
[0.265s] -- Up-to-date: /home/vishnu/colcon_ws/src/install/eyantra_warehouse/share/eyantra_warehouse//models/boxes/box_49/model.sdf
[0.265s] -- Up-to-date: /home/vishnu/colcon_ws/src/install/eyantra_warehouse/share/eyantra_warehouse//models/boxes/box_49/meshes
[0.265s] -- Up-to-date: /home/vishnu/colcon_ws/src/install/eyantra_warehouse/share/eyantra_warehouse//models/boxes/box_49/meshes/box.dae
[0.265s] -- Up-to-date: /home/vishnu/colcon_ws/src/install/eyantra_warehouse/share/eyantra_warehouse//models/boxes/box_49/meshes/box__bg.png
[0.265s] -- Up-to-date: /home/vishnu/colcon_ws/src/install/eyantra_warehouse/share/eyantra_warehouse//models/boxes/box_49/meshes/aruco_tag.jpg
[0.265s] -- Up-to-date: /home/vishnu/colcon_ws/src/install/eyantra_warehouse/share/eyantra_warehouse//models/boxes/box_49/meshes/cardboard_bg.png
[0.265s] -- Up-to-date: /home/vishnu/colcon_ws/src/install/eyantra_warehouse/share/eyantra_warehouse//models/boxes/box_40
[0.265s] -- Up-to-date: /home/vishnu/colcon_ws/src/install/eyantra_warehouse/share/eyantra_warehouse//models/boxes/box_40/model.config
[0.265s] -- Up-to-date: /home/vishnu/colcon_ws/src/install/eyantra_warehouse/share/eyantra_warehouse//models/boxes/box_40/model.sdf
[0.265s] -- Up-to-date: /home/vishnu/colcon_ws/src/install/eyantra_warehouse/share/eyantra_warehouse//models/boxes/box_40/meshes
[0.265s] -- Up-to-date: /home/vishnu/colcon_ws/src/install/eyantra_warehouse/share/eyantra_warehouse//models/boxes/box_40/meshes/box.dae
[0.265s] -- Up-to-date: /home/vishnu/colcon_ws/src/install/eyantra_warehouse/share/eyantra_warehouse//models/boxes/box_40/meshes/box__bg.png
[0.265s] -- Up-to-date: /home/vishnu/colcon_ws/src/install/eyantra_warehouse/share/eyantra_warehouse//models/boxes/box_40/meshes/aruco_tag.jpg
[0.265s] -- Up-to-date: /home/vishnu/colcon_ws/src/install/eyantra_warehouse/share/eyantra_warehouse//models/boxes/box_40/meshes/cardboard_bg.png
[0.265s] -- Up-to-date: /home/vishnu/colcon_ws/src/install/eyantra_warehouse/share/eyantra_warehouse//models/boxes/box_42
[0.266s] -- Up-to-date: /home/vishnu/colcon_ws/src/install/eyantra_warehouse/share/eyantra_warehouse//models/boxes/box_42/model.config
[0.266s] -- Up-to-date: /home/vishnu/colcon_ws/src/install/eyantra_warehouse/share/eyantra_warehouse//models/boxes/box_42/model.sdf
[0.266s] -- Up-to-date: /home/vishnu/colcon_ws/src/install/eyantra_warehouse/share/eyantra_warehouse//models/boxes/box_42/meshes
[0.266s] -- Up-to-date: /home/vishnu/colcon_ws/src/install/eyantra_warehouse/share/eyantra_warehouse//models/boxes/box_42/meshes/box.dae
[0.266s] -- Up-to-date: /home/vishnu/colcon_ws/src/install/eyantra_warehouse/share/eyantra_warehouse//models/boxes/box_42/meshes/box__bg.png
[0.266s] -- Up-to-date: /home/vishnu/colcon_ws/src/install/eyantra_warehouse/share/eyantra_warehouse//models/boxes/box_42/meshes/aruco_tag.jpg
[0.266s] -- Up-to-date: /home/vishnu/colcon_ws/src/install/eyantra_warehouse/share/eyantra_warehouse//models/boxes/box_42/meshes/cardboard_bg.png
[0.266s] -- Up-to-date: /home/vishnu/colcon_ws/src/install/eyantra_warehouse/share/eyantra_warehouse//models/boxes/box_22
[0.269s] -- Up-to-date: /home/vishnu/colcon_ws/src/install/eyantra_warehouse/share/eyantra_warehouse//models/boxes/box_22/model.config
[0.270s] -- Up-to-date: /home/vishnu/colcon_ws/src/install/eyantra_warehouse/share/eyantra_warehouse//models/boxes/box_22/model.sdf
[0.270s] -- Up-to-date: /home/vishnu/colcon_ws/src/install/eyantra_warehouse/share/eyantra_warehouse//models/boxes/box_22/meshes
[0.270s] -- Up-to-date: /home/vishnu/colcon_ws/src/install/eyantra_warehouse/share/eyantra_warehouse//models/boxes/box_22/meshes/box.dae
[0.270s] -- Up-to-date: /home/vishnu/colcon_ws/src/install/eyantra_warehouse/share/eyantra_warehouse//models/boxes/box_22/meshes/box__bg.png
[0.270s] -- Up-to-date: /home/vishnu/colcon_ws/src/install/eyantra_warehouse/share/eyantra_warehouse//models/boxes/box_22/meshes/aruco_tag.jpg
[0.270s] -- Up-to-date: /home/vishnu/colcon_ws/src/install/eyantra_warehouse/share/eyantra_warehouse//models/boxes/box_22/meshes/cardboard_bg.png
[0.270s] -- Up-to-date: /home/vishnu/colcon_ws/src/install/eyantra_warehouse/share/eyantra_warehouse//models/boxes/box_41
[0.270s] -- Up-to-date: /home/vishnu/colcon_ws/src/install/eyantra_warehouse/share/eyantra_warehouse//models/boxes/box_41/model.config
[0.270s] -- Up-to-date: /home/vishnu/colcon_ws/src/install/eyantra_warehouse/share/eyantra_warehouse//models/boxes/box_41/model.sdf
[0.270s] -- Up-to-date: /home/vishnu/colcon_ws/src/install/eyantra_warehouse/share/eyantra_warehouse//models/boxes/box_41/meshes
[0.270s] -- Up-to-date: /home/vishnu/colcon_ws/src/install/eyantra_warehouse/share/eyantra_warehouse//models/boxes/box_41/meshes/box.dae
[0.270s] -- Up-to-date: /home/vishnu/colcon_ws/src/install/eyantra_warehouse/share/eyantra_warehouse//models/boxes/box_41/meshes/box__bg.png
[0.270s] -- Up-to-date: /home/vishnu/colcon_ws/src/install/eyantra_warehouse/share/eyantra_warehouse//models/boxes/box_41/meshes/aruco_tag.jpg
[0.270s] -- Up-to-date: /home/vishnu/colcon_ws/src/install/eyantra_warehouse/share/eyantra_warehouse//models/boxes/box_41/meshes/cardboard_bg.png
[0.271s] -- Up-to-date: /home/vishnu/colcon_ws/src/install/eyantra_warehouse/share/eyantra_warehouse//models/office
[0.271s] -- Up-to-date: /home/vishnu/colcon_ws/src/install/eyantra_warehouse/share/eyantra_warehouse//models/office/model.config
[0.271s] -- Up-to-date: /home/vishnu/colcon_ws/src/install/eyantra_warehouse/share/eyantra_warehouse//models/office/model.sdf
[0.271s] -- Up-to-date: /home/vishnu/colcon_ws/src/install/eyantra_warehouse/share/eyantra_warehouse//models/office/meshes
[0.272s] -- Up-to-date: /home/vishnu/colcon_ws/src/install/eyantra_warehouse/share/eyantra_warehouse//models/office/meshes/SB.obj
[0.272s] -- Up-to-date: /home/vishnu/colcon_ws/src/install/eyantra_warehouse/share/eyantra_warehouse//models/office/meshes/fixed_sb_bake_2k.png
[0.272s] -- Up-to-date: /home/vishnu/colcon_ws/src/install/eyantra_warehouse/share/eyantra_warehouse//models/office/meshes/office.dae
[0.272s] -- Up-to-date: /home/vishnu/colcon_ws/src/install/eyantra_warehouse/share/eyantra_warehouse//models/office/meshes/GroundClay002_COL_VAR1_3K.jpg.001.jpg
[0.272s] -- Up-to-date: /home/vishnu/colcon_ws/src/install/eyantra_warehouse/share/eyantra_warehouse//models/office/meshes/WoodFlooring061_COL_3K.jpg.001.jpg
[0.272s] -- Up-to-date: /home/vishnu/colcon_ws/src/install/eyantra_warehouse/share/eyantra_warehouse//models/office/meshes/concrete_bag.jpg
[0.272s] -- Up-to-date: /home/vishnu/colcon_ws/src/install/eyantra_warehouse/share/eyantra_warehouse//models/office/meshes/office_construction.dae
[0.272s] -- Up-to-date: /home/vishnu/colcon_ws/src/install/eyantra_warehouse/share/eyantra_warehouse//models/office/meshes/whiteboard.jpg
[0.272s] -- Up-to-date: /home/vishnu/colcon_ws/src/install/eyantra_warehouse/share/eyantra_warehouse//models/office/meshes/ConcreteWall001_COL_VAR1_3K.jpg.002.jpg
[0.272s] -- Up-to-date: /home/vishnu/colcon_ws/src/install/eyantra_warehouse/share/eyantra_warehouse//models/office/meshes/MetalSpottyDiscoloration001_COL_3K_METALNESS.jpg.002.jpg
[0.272s] -- Up-to-date: /home/vishnu/colcon_ws/src/install/eyantra_warehouse/share/eyantra_warehouse//models/office/meshes/WoodFlooringMahoganyAfricanSanded001_COL_3K.jpg.001.jpg
[0.272s] -- Up-to-date: /home/vishnu/colcon_ws/src/install/eyantra_warehouse/share/eyantra_warehouse//models/office/meshes/sb_bake_2k.png
[0.272s] -- Up-to-date: /home/vishnu/colcon_ws/src/install/eyantra_warehouse/share/eyantra_warehouse//models/office/meshes/cardboard.jpg
[0.272s] -- Up-to-date: /home/vishnu/colcon_ws/src/install/eyantra_warehouse/share/eyantra_warehouse//models/office/meshes/SB_fixed.obj
[0.272s] -- Up-to-date: /home/vishnu/colcon_ws/src/install/eyantra_warehouse/share/eyantra_warehouse//models/office/meshes/MetalCorrodedHeavy001_COL_3K_METALNESS.jpg.002.jpg
[0.273s] -- Up-to-date: /home/vishnu/colcon_ws/src/install/eyantra_warehouse/share/eyantra_warehouse//models/office/meshes/MetalCorrugatedIronSheet002_METALNESS_3K_METALNESS.jpg.002.jpg
[0.273s] -- Up-to-date: /home/vishnu/colcon_ws/src/install/eyantra_warehouse/share/eyantra_warehouse//models/office/meshes/Bricks01_COL_VAR1_3K.jpg.002.jpg
[0.273s] -- Up-to-date: /home/vishnu/colcon_ws/src/install/eyantra_warehouse/share/eyantra_warehouse//models/office/meshes/Tiles05_COL_VAR1_3K.jpg.001.jpg
[0.273s] -- Up-to-date: /home/vishnu/colcon_ws/src/install/eyantra_warehouse/share/eyantra_warehouse//models/office/meshes/WoodPlanksWorn33_COL_VAR1_3K.jpg.002.jpg
[0.273s] -- Up-to-date: /home/vishnu/colcon_ws/src/install/eyantra_warehouse/share/eyantra_warehouse//models/office/meshes/SB_fixed.mtl
[0.273s] -- Up-to-date: /home/vishnu/colcon_ws/src/install/eyantra_warehouse/share/eyantra_warehouse//models/office/meshes/SB.mtl
[0.273s] -- Up-to-date: /home/vishnu/colcon_ws/src/install/eyantra_warehouse/share/eyantra_warehouse//models/office/meshes/TilesRectangularMirrorGray001_COL_3K.jpg.001.jpg
[0.273s] -- Up-to-date: /home/vishnu/colcon_ws/src/install/eyantra_warehouse/share/eyantra_warehouse//models/office/meshes/cp_walls.jpg
[0.273s] -- Up-to-date: /home/vishnu/colcon_ws/src/install/eyantra_warehouse/share/eyantra_warehouse//models/box
[0.273s] -- Up-to-date: /home/vishnu/colcon_ws/src/install/eyantra_warehouse/share/eyantra_warehouse//models/box/model.config
[0.273s] -- Up-to-date: /home/vishnu/colcon_ws/src/install/eyantra_warehouse/share/eyantra_warehouse//models/box/model.sdf
[0.273s] -- Up-to-date: /home/vishnu/colcon_ws/src/install/eyantra_warehouse/share/eyantra_warehouse//models/box/meshes
[0.273s] -- Up-to-date: /home/vishnu/colcon_ws/src/install/eyantra_warehouse/share/eyantra_warehouse//models/box/meshes/box.dae
[0.273s] -- Up-to-date: /home/vishnu/colcon_ws/src/install/eyantra_warehouse/share/eyantra_warehouse//models/box/meshes/box__bg.png
[0.273s] -- Up-to-date: /home/vishnu/colcon_ws/src/install/eyantra_warehouse/share/eyantra_warehouse//models/box/meshes/aruco_tag.jpg
[0.273s] -- Up-to-date: /home/vishnu/colcon_ws/src/install/eyantra_warehouse/share/eyantra_warehouse//models/box/meshes/cardboard_bg.png
[0.273s] -- Up-to-date: /home/vishnu/colcon_ws/src/install/eyantra_warehouse/share/eyantra_warehouse//models/box/meshes/centroid_old_box.zip
[0.273s] -- Up-to-date: /home/vishnu/colcon_ws/src/install/eyantra_warehouse/share/eyantra_warehouse//models/lab
[0.273s] -- Up-to-date: /home/vishnu/colcon_ws/src/install/eyantra_warehouse/share/eyantra_warehouse//models/lab/model.config
[0.273s] -- Up-to-date: /home/vishnu/colcon_ws/src/install/eyantra_warehouse/share/eyantra_warehouse//models/lab/model.sdf
[0.273s] -- Up-to-date: /home/vishnu/colcon_ws/src/install/eyantra_warehouse/share/eyantra_warehouse//models/lab/meshes
[0.273s] -- Up-to-date: /home/vishnu/colcon_ws/src/install/eyantra_warehouse/share/eyantra_warehouse//models/lab/meshes/lab.dae
[0.274s] -- Up-to-date: /home/vishnu/colcon_ws/src/install/eyantra_warehouse/share/eyantra_warehouse//models/lab/meshes/WoodFlooring044_COL_3K.jpg.001.jpg
[0.274s] -- Up-to-date: /home/vishnu/colcon_ws/src/install/eyantra_warehouse/share/eyantra_warehouse//models/lab/meshes/lab.stl
[0.274s] -- Up-to-date: /home/vishnu/colcon_ws/src/install/eyantra_warehouse/share/eyantra_warehouse//models/lab/meshes/WoodPlanksWorn33_COL_VAR1_3K.jpg.002.jpg
[0.274s] -- Up-to-date: /home/vishnu/colcon_ws/src/install/eyantra_warehouse/share/eyantra_warehouse//models/moon_surface
[0.275s] -- Up-to-date: /home/vishnu/colcon_ws/src/install/eyantra_warehouse/share/eyantra_warehouse//models/moon_surface/model.config
[0.275s] -- Up-to-date: /home/vishnu/colcon_ws/src/install/eyantra_warehouse/share/eyantra_warehouse//models/moon_surface/model.sdf
[0.275s] -- Up-to-date: /home/vishnu/colcon_ws/src/install/eyantra_warehouse/share/eyantra_warehouse//models/moon_surface/meshes
[0.275s] -- Up-to-date: /home/vishnu/colcon_ws/src/install/eyantra_warehouse/share/eyantra_warehouse//models/moon_surface/meshes/moon_texture.jpg
[0.275s] -- Up-to-date: /home/vishnu/colcon_ws/src/install/eyantra_warehouse/share/eyantra_warehouse//models/moon_surface/meshes/moon_surface.dae
[0.275s] -- Up-to-date: /home/vishnu/colcon_ws/src/install/eyantra_warehouse/share/eyantra_warehouse//models/warehouse_boundary
[0.275s] -- Up-to-date: /home/vishnu/colcon_ws/src/install/eyantra_warehouse/share/eyantra_warehouse//models/warehouse_boundary/model.config
[0.275s] -- Up-to-date: /home/vishnu/colcon_ws/src/install/eyantra_warehouse/share/eyantra_warehouse//models/warehouse_boundary/model.sdf
[0.275s] -- Up-to-date: /home/vishnu/colcon_ws/src/install/eyantra_warehouse/share/eyantra_warehouse//models/warehouse_boundary/meshes
[0.276s] -- Up-to-date: /home/vishnu/colcon_ws/src/install/eyantra_warehouse/share/eyantra_warehouse//models/warehouse_boundary/meshes/warehouse_boundary.dae
[0.276s] -- Up-to-date: /home/vishnu/colcon_ws/src/install/eyantra_warehouse/share/eyantra_warehouse//models/warehouse_boundary/meshes/warehouse_boundary_glass_cover.dae
[0.276s] -- Up-to-date: /home/vishnu/colcon_ws/src/install/eyantra_warehouse/share/eyantra_warehouse//models/warehouse_boundary/meshes/warehouse_floor.jpg
[0.276s] -- Up-to-date: /home/vishnu/colcon_ws/src/install/eyantra_warehouse/share/eyantra_warehouse//models/rack
[0.276s] -- Up-to-date: /home/vishnu/colcon_ws/src/install/eyantra_warehouse/share/eyantra_warehouse//models/rack/model.config
[0.276s] -- Up-to-date: /home/vishnu/colcon_ws/src/install/eyantra_warehouse/share/eyantra_warehouse//models/rack/model.sdf
[0.276s] -- Up-to-date: /home/vishnu/colcon_ws/src/install/eyantra_warehouse/share/eyantra_warehouse//models/rack/meshes
[0.276s] -- Up-to-date: /home/vishnu/colcon_ws/src/install/eyantra_warehouse/share/eyantra_warehouse//models/rack/meshes/brushedsteel_bg.jpg
[0.276s] -- Up-to-date: /home/vishnu/colcon_ws/src/install/eyantra_warehouse/share/eyantra_warehouse//models/rack/meshes/rack.stl
[0.277s] -- Up-to-date: /home/vishnu/colcon_ws/src/install/eyantra_warehouse/share/eyantra_warehouse//models/rack/meshes/brushedsteel4.jpg
[0.277s] -- Up-to-date: /home/vishnu/colcon_ws/src/install/eyantra_warehouse/share/eyantra_warehouse//models/rack/meshes/rack.dae
[0.277s] -- Up-to-date: /home/vishnu/colcon_ws/src/install/eyantra_warehouse/share/eyantra_warehouse//models/arm_base
[0.277s] -- Up-to-date: /home/vishnu/colcon_ws/src/install/eyantra_warehouse/share/eyantra_warehouse//models/arm_base/model.config
[0.277s] -- Up-to-date: /home/vishnu/colcon_ws/src/install/eyantra_warehouse/share/eyantra_warehouse//models/arm_base/model.sdf
[0.278s] -- Up-to-date: /home/vishnu/colcon_ws/src/install/eyantra_warehouse/share/eyantra_warehouse//models/arm_base/meshes
[0.278s] -- Up-to-date: /home/vishnu/colcon_ws/src/install/eyantra_warehouse/share/eyantra_warehouse//models/arm_base/meshes/arm_base.dae
[0.278s] -- Up-to-date: /home/vishnu/colcon_ws/src/install/eyantra_warehouse/share/eyantra_warehouse//models/drop_table
[0.278s] -- Up-to-date: /home/vishnu/colcon_ws/src/install/eyantra_warehouse/share/eyantra_warehouse//models/drop_table/model.config
[0.278s] -- Up-to-date: /home/vishnu/colcon_ws/src/install/eyantra_warehouse/share/eyantra_warehouse//models/drop_table/model.sdf
[0.278s] -- Up-to-date: /home/vishnu/colcon_ws/src/install/eyantra_warehouse/share/eyantra_warehouse//models/drop_table/meshes
[0.278s] -- Up-to-date: /home/vishnu/colcon_ws/src/install/eyantra_warehouse/share/eyantra_warehouse//models/drop_table/meshes/eyantra_logo~red_280x55.png
[0.278s] -- Up-to-date: /home/vishnu/colcon_ws/src/install/eyantra_warehouse/share/eyantra_warehouse//models/drop_table/meshes/eyantra_logo~red_280x55.png.001.png
[0.278s] -- Up-to-date: /home/vishnu/colcon_ws/src/install/eyantra_warehouse/share/eyantra_warehouse//models/drop_table/meshes/table.dae
[0.278s] -- Up-to-date: /home/vishnu/colcon_ws/src/install/eyantra_warehouse/share/eyantra_warehouse//models/rack_base
[0.278s] -- Up-to-date: /home/vishnu/colcon_ws/src/install/eyantra_warehouse/share/eyantra_warehouse//models/rack_base/model.config
[0.278s] -- Up-to-date: /home/vishnu/colcon_ws/src/install/eyantra_warehouse/share/eyantra_warehouse//models/rack_base/model.sdf
[0.279s] -- Up-to-date: /home/vishnu/colcon_ws/src/install/eyantra_warehouse/share/eyantra_warehouse//config
[0.279s] -- Up-to-date: /home/vishnu/colcon_ws/src/install/eyantra_warehouse/share/eyantra_warehouse//config/package_link.json
[0.279s] -- Up-to-date: /home/vishnu/colcon_ws/src/install/eyantra_warehouse/share/eyantra_warehouse//config/SkyX_Moon.fragment
[0.279s] -- Up-to-date: /home/vishnu/colcon_ws/src/install/eyantra_warehouse/share/eyantra_warehouse//config/SkyX_Moon.png
[0.282s] -- Up-to-date: /home/vishnu/colcon_ws/src/install/eyantra_warehouse/share/ament_index/resource_index/package_run_dependencies/eyantra_warehouse
[0.282s] -- Up-to-date: /home/vishnu/colcon_ws/src/install/eyantra_warehouse/share/ament_index/resource_index/parent_prefix_path/eyantra_warehouse
[0.282s] -- Up-to-date: /home/vishnu/colcon_ws/src/install/eyantra_warehouse/share/eyantra_warehouse/environment/ament_prefix_path.sh
[0.282s] -- Up-to-date: /home/vishnu/colcon_ws/src/install/eyantra_warehouse/share/eyantra_warehouse/environment/ament_prefix_path.dsv
[0.282s] -- Up-to-date: /home/vishnu/colcon_ws/src/install/eyantra_warehouse/share/eyantra_warehouse/environment/path.sh
[0.283s] -- Up-to-date: /home/vishnu/colcon_ws/src/install/eyantra_warehouse/share/eyantra_warehouse/environment/path.dsv
[0.283s] -- Up-to-date: /home/vishnu/colcon_ws/src/install/eyantra_warehouse/share/eyantra_warehouse/local_setup.bash
[0.283s] -- Up-to-date: /home/vishnu/colcon_ws/src/install/eyantra_warehouse/share/eyantra_warehouse/local_setup.sh
[0.283s] -- Up-to-date: /home/vishnu/colcon_ws/src/install/eyantra_warehouse/share/eyantra_warehouse/local_setup.zsh
[0.283s] -- Up-to-date: /home/vishnu/colcon_ws/src/install/eyantra_warehouse/share/eyantra_warehouse/local_setup.dsv
[0.283s] -- Up-to-date: /home/vishnu/colcon_ws/src/install/eyantra_warehouse/share/eyantra_warehouse/package.dsv
[0.285s] -- Up-to-date: /home/vishnu/colcon_ws/src/install/eyantra_warehouse/share/ament_index/resource_index/packages/eyantra_warehouse
[0.286s] -- Up-to-date: /home/vishnu/colcon_ws/src/install/eyantra_warehouse/share/eyantra_warehouse/cmake/eyantra_warehouseConfig.cmake
[0.286s] -- Up-to-date: /home/vishnu/colcon_ws/src/install/eyantra_warehouse/share/eyantra_warehouse/cmake/eyantra_warehouseConfig-version.cmake
[0.286s] -- Up-to-date: /home/vishnu/colcon_ws/src/install/eyantra_warehouse/share/eyantra_warehouse/package.xml
[0.335s] Invoked command in '/home/vishnu/colcon_ws/src/build/eyantra_warehouse' returned '0': CMAKE_PREFIX_PATH=${CMAKE_PREFIX_PATH}:/opt/ros/humble /usr/bin/cmake --install /home/vishnu/colcon_ws/src/build/eyantra_warehouse
