[0.121s] Invoking command in '/home/vishnu/colcon_ws/src/build/realsense_gazebo_plugin': CMAKE_PREFIX_PATH=${CMAKE_PREFIX_PATH}:/opt/ros/humble /usr/bin/cmake /home/vishnu/colcon_ws/src/realsense_gazebo_plugin -DCMAKE_INSTALL_PREFIX=/home/vishnu/colcon_ws/src/install/realsense_gazebo_plugin
[0.189s] -- The C compiler identification is GNU 11.4.0
[0.278s] -- The CXX compiler identification is GNU 11.4.0
[0.287s] -- Detecting C compiler ABI info
[0.372s] -- Detecting C compiler ABI info - done
[0.380s] -- Check for working C compiler: /usr/bin/cc - skipped
[0.380s] -- Detecting C compile features
[0.381s] -- Detecting C compile features - done
[0.385s] -- Detecting CXX compiler ABI info
[0.490s] -- Detecting CXX compiler ABI info - done
[0.500s] -- Check for working CXX compiler: /usr/bin/c++ - skipped
[0.500s] -- Detecting CXX compile features
[0.501s] -- Detecting CXX compile features - done
[0.504s] -- Found ament_cmake: 1.3.5 (/opt/ros/humble/share/ament_cmake/cmake)
[0.733s] -- Found Python3: /usr/bin/python3.10 (found version "3.10.12") found components: Interpreter 
[0.848s] -- Found rclcpp: 16.0.6 (/opt/ros/humble/share/rclcpp/cmake)
[0.916s] -- Found rosidl_generator_c: 3.1.5 (/opt/ros/humble/share/rosidl_generator_c/cmake)
[0.926s] -- Found rosidl_adapter: 3.1.5 (/opt/ros/humble/share/rosidl_adapter/cmake)
[0.937s] -- Found rosidl_generator_cpp: 3.1.5 (/opt/ros/humble/share/rosidl_generator_cpp/cmake)
[0.953s] -- Using all available rosidl_typesupport_c: rosidl_typesupport_fastrtps_c;rosidl_typesupport_introspection_c
[0.977s] -- Using all available rosidl_typesupport_cpp: rosidl_typesupport_fastrtps_cpp;rosidl_typesupport_introspection_cpp
[1.092s] -- Found rmw_implementation_cmake: 6.1.1 (/opt/ros/humble/share/rmw_implementation_cmake/cmake)
[1.096s] -- Found rmw_fastrtps_cpp: 6.2.4 (/opt/ros/humble/share/rmw_fastrtps_cpp/cmake)
[1.238s] -- Found OpenSSL: /usr/lib/x86_64-linux-gnu/libcrypto.so (found version "3.0.2")  
[1.270s] -- Found FastRTPS: /opt/ros/foxy/include  
[1.331s] -- Using RMW implementation 'rmw_fastrtps_cpp' as default
[1.347s] -- Looking for pthread.h
[1.451s] -- Looking for pthread.h - found
[1.452s] -- Performing Test CMAKE_HAVE_LIBC_PTHREAD
[1.546s] -- Performing Test CMAKE_HAVE_LIBC_PTHREAD - Success
[1.549s] -- Found Threads: TRUE  
[1.767s] -- Found gazebo_ros: 3.7.0 (/opt/ros/humble/share/gazebo_ros/cmake)
[1.781s] -- Found PkgConfig: /usr/bin/pkg-config (found version "0.29.2") 
[1.783s] -- Checking for module 'bullet>=2.82'
[1.797s] --   Found bullet, version 3.05
[1.929s] -- Found fcl: /usr/include (found suitable version "0.7.0", minimum required is "0.5.0") 
[1.990s] -- Found assimp: /usr/include (found version "5.2.0") 
[2.023s] -- Found DART: /usr/include (Required is at least version "6.6") found components: dart 
[2.064s] -- Found Boost: /usr/lib/x86_64-linux-gnu/cmake/Boost-1.74.0/BoostConfig.cmake (found suitable version "1.74.0", minimum required is "1.40.0") found components: thread system filesystem program_options regex iostreams date_time 
[2.084s] -- Found Protobuf: /usr/lib/x86_64-linux-gnu/libprotobuf.so (found version "3.12.4") 
[2.093s] -- Looking for ignition-math6 -- found version 6.15.0
[2.103s] -- Searching for dependencies of ignition-math6
[2.105s] -- Looking for OGRE...
[2.106s] -- OGRE_PREFIX_WATCH changed.
[2.112s] -- Checking for module 'OGRE'
[2.127s] --   Found OGRE, version 1.9.0
[2.169s] -- Found Ogre Ghadamon (1.9.0)
[2.181s] -- Found OGRE: optimized;/usr/lib/x86_64-linux-gnu/libOgreMain.so;debug;/usr/lib/x86_64-linux-gnu/libOgreMain.so
[2.196s] -- Looking for OGRE_Paging...
[2.206s] -- Found OGRE_Paging: optimized;/usr/lib/x86_64-linux-gnu/libOgrePaging.so;debug;/usr/lib/x86_64-linux-gnu/libOgrePaging.so
[2.206s] -- Looking for OGRE_Terrain...
[2.215s] -- Found OGRE_Terrain: optimized;/usr/lib/x86_64-linux-gnu/libOgreTerrain.so;debug;/usr/lib/x86_64-linux-gnu/libOgreTerrain.so
[2.216s] -- Looking for OGRE_Property...
[2.224s] -- Found OGRE_Property: optimized;/usr/lib/x86_64-linux-gnu/libOgreProperty.so;debug;/usr/lib/x86_64-linux-gnu/libOgreProperty.so
[2.225s] -- Looking for OGRE_RTShaderSystem...
[2.232s] -- Found OGRE_RTShaderSystem: optimized;/usr/lib/x86_64-linux-gnu/libOgreRTShaderSystem.so;debug;/usr/lib/x86_64-linux-gnu/libOgreRTShaderSystem.so
[2.232s] -- Looking for OGRE_Volume...
[2.241s] -- Found OGRE_Volume: optimized;/usr/lib/x86_64-linux-gnu/libOgreVolume.so;debug;/usr/lib/x86_64-linux-gnu/libOgreVolume.so
[2.241s] -- Looking for OGRE_Overlay...
[2.250s] -- Found OGRE_Overlay: optimized;/usr/lib/x86_64-linux-gnu/libOgreOverlay.so;debug;/usr/lib/x86_64-linux-gnu/libOgreOverlay.so
[2.435s] -- Looking for ignition-math6 -- found version 6.15.0
[2.439s] -- Looking for ignition-transport8 -- found version 8.2.1
[2.439s] -- Searching for dependencies of ignition-transport8
[2.462s] -- Found Protobuf: /usr/lib/x86_64-linux-gnu/libprotobuf.so (found suitable version "3.12.4", minimum required is "3") 
[2.475s] -- Config-file not installed for ZeroMQ -- checking for pkg-config
[2.482s] -- Checking for module 'libzmq >= 4'
[2.501s] --   Found libzmq , version 4.3.4
[2.550s] -- Found ZeroMQ: TRUE (Required is at least version "4") 
[2.559s] -- Checking for module 'uuid'
[2.578s] --   Found uuid, version 2.37.2
[2.624s] -- Found UUID: TRUE  
[2.629s] -- Looking for ignition-msgs5 -- found version 5.8.1
[2.630s] -- Searching for dependencies of ignition-msgs5
[2.657s] -- Looking for ignition-math6 -- found version 6.15.0
[2.666s] -- Checking for module 'tinyxml2'
[2.683s] --   Found tinyxml2, version 9.0.0
[2.746s] -- Looking for ignition-msgs5 -- found version 5.8.1
[2.751s] -- Looking for ignition-common3 -- found version 3.14.0
[2.752s] -- Searching for dependencies of ignition-common3
[2.752s] -- Looking for dlfcn.h - found
[2.754s] -- Looking for libdl - found
[2.756s] -- Found DL: TRUE  
[2.785s] -- Found tinyobjloader: /usr/lib/x86_64-linux-gnu/cmake/tinyobjloader/tinyobjloader-config.cmake (found version "2.0.0") 
[2.785s] -- Searching for <ignition-common3> component [graphics]
[2.787s] -- Looking for ignition-common3-graphics -- found version 3.14.0
[2.788s] -- Searching for dependencies of ignition-common3-graphics
[2.788s] -- Looking for ignition-math6 -- found version 6.15.0
[2.794s] -- Looking for ignition-fuel_tools4 -- found version 4.4.0
[2.795s] -- Searching for dependencies of ignition-fuel_tools4
[2.944s] -- Found CURL: /usr/lib/x86_64-linux-gnu/libcurl.so (found version "7.81.0")  
[2.959s] -- Checking for module 'jsoncpp'
[2.997s] --   Found jsoncpp, version 1.9.5
[3.056s] -- Found JSONCPP: TRUE  
[3.068s] -- Checking for module 'libzip'
[3.101s] --   Found libzip, version 1.7.3
[3.168s] -- Found ZIP: TRUE  
[3.170s] -- Looking for ignition-common3 -- found version 3.14.0
[3.172s] -- Looking for ignition-math6 -- found version 6.15.0
[3.173s] -- Looking for ignition-msgs5 -- found version 5.8.1
[3.186s] -- Gazebo version: 11.10
[3.187s] -- Checking for module 'tbb'
[3.207s] --   Found tbb, version 2021.5.0
[3.279s] -- Found image_transport: 3.1.7 (/opt/ros/humble/share/image_transport/cmake)
[3.660s] -- Found camera_info_manager: 3.1.7 (/opt/ros/humble/share/camera_info_manager/cmake)
[3.823s] -- Found ament_lint_auto: 0.12.8 (/opt/ros/humble/share/ament_lint_auto/cmake)
[3.937s] -- Configuring done
[3.969s] -- Generating done
[3.973s] -- Build files have been written to: /home/vishnu/colcon_ws/src/build/realsense_gazebo_plugin
[4.057s] Invoked command in '/home/vishnu/colcon_ws/src/build/realsense_gazebo_plugin' returned '0': CMAKE_PREFIX_PATH=${CMAKE_PREFIX_PATH}:/opt/ros/humble /usr/bin/cmake /home/vishnu/colcon_ws/src/realsense_gazebo_plugin -DCMAKE_INSTALL_PREFIX=/home/vishnu/colcon_ws/src/install/realsense_gazebo_plugin
[4.059s] Invoking command in '/home/vishnu/colcon_ws/src/build/realsense_gazebo_plugin': CMAKE_PREFIX_PATH=${CMAKE_PREFIX_PATH}:/opt/ros/humble /usr/bin/cmake --build /home/vishnu/colcon_ws/src/build/realsense_gazebo_plugin -- -j16 -l16
[4.124s] [ 33%] [32mBuilding CXX object CMakeFiles/realsense_gazebo_plugin.dir/src/gazebo_ros_realsense.cpp.o[0m
[4.124s] [ 66%] [32mBuilding CXX object CMakeFiles/realsense_gazebo_plugin.dir/src/RealSensePlugin.cpp.o[0m
[26.942s] [100%] [32m[1mLinking CXX shared library librealsense_gazebo_plugin.so[0m
[27.675s] [100%] Built target realsense_gazebo_plugin
[27.686s] Invoked command in '/home/vishnu/colcon_ws/src/build/realsense_gazebo_plugin' returned '0': CMAKE_PREFIX_PATH=${CMAKE_PREFIX_PATH}:/opt/ros/humble /usr/bin/cmake --build /home/vishnu/colcon_ws/src/build/realsense_gazebo_plugin -- -j16 -l16
[27.715s] Invoking command in '/home/vishnu/colcon_ws/src/build/realsense_gazebo_plugin': CMAKE_PREFIX_PATH=${CMAKE_PREFIX_PATH}:/opt/ros/humble /usr/bin/cmake --install /home/vishnu/colcon_ws/src/build/realsense_gazebo_plugin
[27.722s] -- Install configuration: ""
[27.722s] -- Installing: /home/vishnu/colcon_ws/src/install/realsense_gazebo_plugin/lib/librealsense_gazebo_plugin.so
[27.725s] -- Set runtime path of "/home/vishnu/colcon_ws/src/install/realsense_gazebo_plugin/lib/librealsense_gazebo_plugin.so" to ""
[27.725s] -- Installing: /home/vishnu/colcon_ws/src/install/realsense_gazebo_plugin/include/
[27.725s] -- Installing: /home/vishnu/colcon_ws/src/install/realsense_gazebo_plugin/include//realsense_gazebo_plugin
[27.725s] -- Installing: /home/vishnu/colcon_ws/src/install/realsense_gazebo_plugin/include//realsense_gazebo_plugin/gazebo_ros_realsense.h
[27.725s] -- Installing: /home/vishnu/colcon_ws/src/install/realsense_gazebo_plugin/include//realsense_gazebo_plugin/RealSensePlugin.h
[27.726s] -- Installing: /home/vishnu/colcon_ws/src/install/realsense_gazebo_plugin/share/realsense_gazebo_plugin/environment/library_path.sh
[27.726s] -- Installing: /home/vishnu/colcon_ws/src/install/realsense_gazebo_plugin/share/realsense_gazebo_plugin/environment/library_path.dsv
[27.726s] -- Installing: /home/vishnu/colcon_ws/src/install/realsense_gazebo_plugin/share/ament_index/resource_index/package_run_dependencies/realsense_gazebo_plugin
[27.726s] -- Installing: /home/vishnu/colcon_ws/src/install/realsense_gazebo_plugin/share/ament_index/resource_index/parent_prefix_path/realsense_gazebo_plugin
[27.726s] -- Installing: /home/vishnu/colcon_ws/src/install/realsense_gazebo_plugin/share/realsense_gazebo_plugin/environment/ament_prefix_path.sh
[27.726s] -- Installing: /home/vishnu/colcon_ws/src/install/realsense_gazebo_plugin/share/realsense_gazebo_plugin/environment/ament_prefix_path.dsv
[27.726s] -- Installing: /home/vishnu/colcon_ws/src/install/realsense_gazebo_plugin/share/realsense_gazebo_plugin/environment/path.sh
[27.726s] -- Installing: /home/vishnu/colcon_ws/src/install/realsense_gazebo_plugin/share/realsense_gazebo_plugin/environment/path.dsv
[27.726s] -- Installing: /home/vishnu/colcon_ws/src/install/realsense_gazebo_plugin/share/realsense_gazebo_plugin/local_setup.bash
[27.726s] -- Installing: /home/vishnu/colcon_ws/src/install/realsense_gazebo_plugin/share/realsense_gazebo_plugin/local_setup.sh
[27.726s] -- Installing: /home/vishnu/colcon_ws/src/install/realsense_gazebo_plugin/share/realsense_gazebo_plugin/local_setup.zsh
[27.727s] -- Installing: /home/vishnu/colcon_ws/src/install/realsense_gazebo_plugin/share/realsense_gazebo_plugin/local_setup.dsv
[27.727s] -- Installing: /home/vishnu/colcon_ws/src/install/realsense_gazebo_plugin/share/realsense_gazebo_plugin/package.dsv
[27.727s] -- Installing: /home/vishnu/colcon_ws/src/install/realsense_gazebo_plugin/share/ament_index/resource_index/packages/realsense_gazebo_plugin
[27.727s] -- Installing: /home/vishnu/colcon_ws/src/install/realsense_gazebo_plugin/share/realsense_gazebo_plugin/cmake/ament_cmake_export_include_directories-extras.cmake
[27.727s] -- Installing: /home/vishnu/colcon_ws/src/install/realsense_gazebo_plugin/share/realsense_gazebo_plugin/cmake/ament_cmake_export_libraries-extras.cmake
[27.727s] -- Installing: /home/vishnu/colcon_ws/src/install/realsense_gazebo_plugin/share/realsense_gazebo_plugin/cmake/realsense_gazebo_pluginConfig.cmake
[27.727s] -- Installing: /home/vishnu/colcon_ws/src/install/realsense_gazebo_plugin/share/realsense_gazebo_plugin/cmake/realsense_gazebo_pluginConfig-version.cmake
[27.727s] -- Installing: /home/vishnu/colcon_ws/src/install/realsense_gazebo_plugin/share/realsense_gazebo_plugin/package.xml
[27.729s] Invoked command in '/home/vishnu/colcon_ws/src/build/realsense_gazebo_plugin' returned '0': CMAKE_PREFIX_PATH=${CMAKE_PREFIX_PATH}:/opt/ros/humble /usr/bin/cmake --install /home/vishnu/colcon_ws/src/build/realsense_gazebo_plugin
