[0.066s] Invoking command in '/home/vishnu/colcon_ws/src/build/realsense_gazebo_plugin': CMAKE_PREFIX_PATH=${CMAKE_PREFIX_PATH}:/opt/ros/humble /usr/bin/cmake --build /home/vishnu/colcon_ws/src/build/realsense_gazebo_plugin -- -j16 -l16
[0.109s] [35m[1mConsolidate compiler generated dependencies of target realsense_gazebo_plugin[0m
[0.192s] [ 33%] [32m[1mLinking CXX shared library librealsense_gazebo_plugin.so[0m
[0.836s] [100%] Built target realsense_gazebo_plugin
[0.867s] Invoked command in '/home/vishnu/colcon_ws/src/build/realsense_gazebo_plugin' returned '0': CMAKE_PREFIX_PATH=${CMAKE_PREFIX_PATH}:/opt/ros/humble /usr/bin/cmake --build /home/vishnu/colcon_ws/src/build/realsense_gazebo_plugin -- -j16 -l16
[0.925s] Invoking command in '/home/vishnu/colcon_ws/src/build/realsense_gazebo_plugin': CMAKE_PREFIX_PATH=${CMAKE_PREFIX_PATH}:/opt/ros/humble /usr/bin/cmake --install /home/vishnu/colcon_ws/src/build/realsense_gazebo_plugin
[0.933s] -- Install configuration: ""
[0.933s] -- Installing: /home/vishnu/colcon_ws/src/install/realsense_gazebo_plugin/lib/librealsense_gazebo_plugin.so
[0.934s] -- Set runtime path of "/home/vishnu/colcon_ws/src/install/realsense_gazebo_plugin/lib/librealsense_gazebo_plugin.so" to ""
[0.935s] -- Up-to-date: /home/vishnu/colcon_ws/src/install/realsense_gazebo_plugin/include/
[0.935s] -- Up-to-date: /home/vishnu/colcon_ws/src/install/realsense_gazebo_plugin/include//realsense_gazebo_plugin
[0.935s] -- Up-to-date: /home/vishnu/colcon_ws/src/install/realsense_gazebo_plugin/include//realsense_gazebo_plugin/gazebo_ros_realsense.h
[0.936s] -- Up-to-date: /home/vishnu/colcon_ws/src/install/realsense_gazebo_plugin/include//realsense_gazebo_plugin/RealSensePlugin.h
[0.936s] -- Up-to-date: /home/vishnu/colcon_ws/src/install/realsense_gazebo_plugin/share/realsense_gazebo_plugin/environment/library_path.sh
[0.936s] -- Up-to-date: /home/vishnu/colcon_ws/src/install/realsense_gazebo_plugin/share/realsense_gazebo_plugin/environment/library_path.dsv
[0.936s] -- Up-to-date: /home/vishnu/colcon_ws/src/install/realsense_gazebo_plugin/share/ament_index/resource_index/package_run_dependencies/realsense_gazebo_plugin
[0.937s] -- Up-to-date: /home/vishnu/colcon_ws/src/install/realsense_gazebo_plugin/share/ament_index/resource_index/parent_prefix_path/realsense_gazebo_plugin
[0.937s] -- Up-to-date: /home/vishnu/colcon_ws/src/install/realsense_gazebo_plugin/share/realsense_gazebo_plugin/environment/ament_prefix_path.sh
[0.937s] -- Up-to-date: /home/vishnu/colcon_ws/src/install/realsense_gazebo_plugin/share/realsense_gazebo_plugin/environment/ament_prefix_path.dsv
[0.937s] -- Up-to-date: /home/vishnu/colcon_ws/src/install/realsense_gazebo_plugin/share/realsense_gazebo_plugin/environment/path.sh
[0.938s] -- Up-to-date: /home/vishnu/colcon_ws/src/install/realsense_gazebo_plugin/share/realsense_gazebo_plugin/environment/path.dsv
[0.938s] -- Up-to-date: /home/vishnu/colcon_ws/src/install/realsense_gazebo_plugin/share/realsense_gazebo_plugin/local_setup.bash
[0.938s] -- Up-to-date: /home/vishnu/colcon_ws/src/install/realsense_gazebo_plugin/share/realsense_gazebo_plugin/local_setup.sh
[0.938s] -- Up-to-date: /home/vishnu/colcon_ws/src/install/realsense_gazebo_plugin/share/realsense_gazebo_plugin/local_setup.zsh
[0.938s] -- Up-to-date: /home/vishnu/colcon_ws/src/install/realsense_gazebo_plugin/share/realsense_gazebo_plugin/local_setup.dsv
[0.938s] -- Installing: /home/vishnu/colcon_ws/src/install/realsense_gazebo_plugin/share/realsense_gazebo_plugin/package.dsv
[0.938s] -- Up-to-date: /home/vishnu/colcon_ws/src/install/realsense_gazebo_plugin/share/ament_index/resource_index/packages/realsense_gazebo_plugin
[0.939s] -- Up-to-date: /home/vishnu/colcon_ws/src/install/realsense_gazebo_plugin/share/realsense_gazebo_plugin/cmake/ament_cmake_export_include_directories-extras.cmake
[0.939s] -- Up-to-date: /home/vishnu/colcon_ws/src/install/realsense_gazebo_plugin/share/realsense_gazebo_plugin/cmake/ament_cmake_export_libraries-extras.cmake
[0.939s] -- Up-to-date: /home/vishnu/colcon_ws/src/install/realsense_gazebo_plugin/share/realsense_gazebo_plugin/cmake/realsense_gazebo_pluginConfig.cmake
[0.939s] -- Up-to-date: /home/vishnu/colcon_ws/src/install/realsense_gazebo_plugin/share/realsense_gazebo_plugin/cmake/realsense_gazebo_pluginConfig-version.cmake
[0.939s] -- Up-to-date: /home/vishnu/colcon_ws/src/install/realsense_gazebo_plugin/share/realsense_gazebo_plugin/package.xml
[0.966s] Invoked command in '/home/vishnu/colcon_ws/src/build/realsense_gazebo_plugin' returned '0': CMAKE_PREFIX_PATH=${CMAKE_PREFIX_PATH}:/opt/ros/humble /usr/bin/cmake --install /home/vishnu/colcon_ws/src/build/realsense_gazebo_plugin
