[0.165s] Invoking command in '/home/vishnu/colcon_ws/src/build/pymoveit2': CMAKE_PREFIX_PATH=${CMAKE_PREFIX_PATH}:/opt/ros/humble /usr/bin/cmake /home/vishnu/colcon_ws/src/pymoveit2 -DCMAKE_INSTALL_PREFIX=/home/vishnu/colcon_ws/src/install/pymoveit2
[0.238s] -- The C compiler identification is GNU 11.4.0
[0.315s] -- The CXX compiler identification is GNU 11.4.0
[0.326s] -- Detecting C compiler ABI info
[0.405s] -- Detecting C compiler ABI info - done
[0.414s] -- Check for working C compiler: /usr/bin/cc - skipped
[0.415s] -- Detecting C compile features
[0.416s] -- Detecting C compile features - done
[0.420s] -- Detecting CXX compiler ABI info
[0.514s] -- Detecting CXX compiler ABI info - done
[0.523s] -- Check for working CXX compiler: /usr/bin/c++ - skipped
[0.524s] -- Detecting CXX compile features
[0.524s] -- Detecting CXX compile features - done
[0.529s] -- Found ament_cmake: 1.3.5 (/opt/ros/humble/share/ament_cmake/cmake)
[0.763s] -- Found Python3: /usr/bin/python3.10 (found version "3.10.12") found components: Interpreter 
[1.047s] -- Configuring done
[1.049s] -- Generating done
[1.050s] -- Build files have been written to: /home/vishnu/colcon_ws/src/build/pymoveit2
[1.056s] Invoked command in '/home/vishnu/colcon_ws/src/build/pymoveit2' returned '0': CMAKE_PREFIX_PATH=${CMAKE_PREFIX_PATH}:/opt/ros/humble /usr/bin/cmake /home/vishnu/colcon_ws/src/pymoveit2 -DCMAKE_INSTALL_PREFIX=/home/vishnu/colcon_ws/src/install/pymoveit2
[1.059s] Invoking command in '/home/vishnu/colcon_ws/src/build/pymoveit2': CMAKE_PREFIX_PATH=${CMAKE_PREFIX_PATH}:/opt/ros/humble /usr/bin/cmake --build /home/vishnu/colcon_ws/src/build/pymoveit2 -- -j16 -l16
[1.123s] Built target ament_cmake_python_copy_pymoveit2
[1.382s] running egg_info
[1.383s] creating pymoveit2.egg-info
[1.383s] writing pymoveit2.egg-info/PKG-INFO
[1.384s] writing dependency_links to pymoveit2.egg-info/dependency_links.txt
[1.384s] writing top-level names to pymoveit2.egg-info/top_level.txt
[1.384s] writing manifest file 'pymoveit2.egg-info/SOURCES.txt'
[1.387s] reading manifest file 'pymoveit2.egg-info/SOURCES.txt'
[1.387s] writing manifest file 'pymoveit2.egg-info/SOURCES.txt'
[1.421s] Built target ament_cmake_python_build_pymoveit2_egg
[1.434s] Invoked command in '/home/vishnu/colcon_ws/src/build/pymoveit2' returned '0': CMAKE_PREFIX_PATH=${CMAKE_PREFIX_PATH}:/opt/ros/humble /usr/bin/cmake --build /home/vishnu/colcon_ws/src/build/pymoveit2 -- -j16 -l16
[1.479s] Invoking command in '/home/vishnu/colcon_ws/src/build/pymoveit2': CMAKE_PREFIX_PATH=${CMAKE_PREFIX_PATH}:/opt/ros/humble /usr/bin/cmake --install /home/vishnu/colcon_ws/src/build/pymoveit2
[1.490s] -- Install configuration: ""
[1.491s] -- Installing: /home/vishnu/colcon_ws/src/install/pymoveit2/share/pymoveit2/environment/pythonpath.sh
[1.491s] -- Installing: /home/vishnu/colcon_ws/src/install/pymoveit2/share/pymoveit2/environment/pythonpath.dsv
[1.491s] -- Installing: /home/vishnu/colcon_ws/src/install/pymoveit2/local/lib/python3.10/dist-packages/pymoveit2-2.1.0-py3.10.egg-info
[1.491s] -- Installing: /home/vishnu/colcon_ws/src/install/pymoveit2/local/lib/python3.10/dist-packages/pymoveit2-2.1.0-py3.10.egg-info/top_level.txt
[1.491s] -- Installing: /home/vishnu/colcon_ws/src/install/pymoveit2/local/lib/python3.10/dist-packages/pymoveit2-2.1.0-py3.10.egg-info/dependency_links.txt
[1.492s] -- Installing: /home/vishnu/colcon_ws/src/install/pymoveit2/local/lib/python3.10/dist-packages/pymoveit2-2.1.0-py3.10.egg-info/SOURCES.txt
[1.492s] -- Installing: /home/vishnu/colcon_ws/src/install/pymoveit2/local/lib/python3.10/dist-packages/pymoveit2-2.1.0-py3.10.egg-info/PKG-INFO
[1.492s] -- Installing: /home/vishnu/colcon_ws/src/install/pymoveit2/local/lib/python3.10/dist-packages/pymoveit2
[1.492s] -- Installing: /home/vishnu/colcon_ws/src/install/pymoveit2/local/lib/python3.10/dist-packages/pymoveit2/moveit2.py
[1.492s] -- Installing: /home/vishnu/colcon_ws/src/install/pymoveit2/local/lib/python3.10/dist-packages/pymoveit2/robots
[1.492s] -- Installing: /home/vishnu/colcon_ws/src/install/pymoveit2/local/lib/python3.10/dist-packages/pymoveit2/robots/kinova.py
[1.492s] -- Installing: /home/vishnu/colcon_ws/src/install/pymoveit2/local/lib/python3.10/dist-packages/pymoveit2/robots/__init__.py
[1.493s] -- Installing: /home/vishnu/colcon_ws/src/install/pymoveit2/local/lib/python3.10/dist-packages/pymoveit2/robots/ur5.py
[1.493s] -- Installing: /home/vishnu/colcon_ws/src/install/pymoveit2/local/lib/python3.10/dist-packages/pymoveit2/moveit2_servo.py
[1.493s] -- Installing: /home/vishnu/colcon_ws/src/install/pymoveit2/local/lib/python3.10/dist-packages/pymoveit2/__init__.py
[1.547s] Listing '/home/vishnu/colcon_ws/src/install/pymoveit2/local/lib/python3.10/dist-packages/pymoveit2'...
[1.547s] Compiling '/home/vishnu/colcon_ws/src/install/pymoveit2/local/lib/python3.10/dist-packages/pymoveit2/__init__.py'...
[1.547s] Compiling '/home/vishnu/colcon_ws/src/install/pymoveit2/local/lib/python3.10/dist-packages/pymoveit2/moveit2.py'...
[1.547s] Compiling '/home/vishnu/colcon_ws/src/install/pymoveit2/local/lib/python3.10/dist-packages/pymoveit2/moveit2_servo.py'...
[1.547s] Listing '/home/vishnu/colcon_ws/src/install/pymoveit2/local/lib/python3.10/dist-packages/pymoveit2/robots'...
[1.547s] Compiling '/home/vishnu/colcon_ws/src/install/pymoveit2/local/lib/python3.10/dist-packages/pymoveit2/robots/__init__.py'...
[1.547s] Compiling '/home/vishnu/colcon_ws/src/install/pymoveit2/local/lib/python3.10/dist-packages/pymoveit2/robots/kinova.py'...
[1.547s] Compiling '/home/vishnu/colcon_ws/src/install/pymoveit2/local/lib/python3.10/dist-packages/pymoveit2/robots/ur5.py'...
[1.554s] -- Installing: /home/vishnu/colcon_ws/src/install/pymoveit2/lib/pymoveit2/ex_collision_object.py
[1.555s] -- Installing: /home/vishnu/colcon_ws/src/install/pymoveit2/lib/pymoveit2/ex_joint_goal.py
[1.555s] -- Installing: /home/vishnu/colcon_ws/src/install/pymoveit2/lib/pymoveit2/ex_pose_goal.py
[1.555s] -- Installing: /home/vishnu/colcon_ws/src/install/pymoveit2/lib/pymoveit2/ex_servo.py
[1.555s] -- Installing: /home/vishnu/colcon_ws/src/install/pymoveit2/lib/pymoveit2/assets
[1.555s] -- Installing: /home/vishnu/colcon_ws/src/install/pymoveit2/lib/pymoveit2/assets/rack.stl
[1.563s] -- Installing: /home/vishnu/colcon_ws/src/install/pymoveit2/lib/pymoveit2/assets/box.stl
[1.563s] -- Installing: /home/vishnu/colcon_ws/src/install/pymoveit2/lib/pymoveit2/assets/suzanne.stl
[1.564s] -- Installing: /home/vishnu/colcon_ws/src/install/pymoveit2/share/ament_index/resource_index/package_run_dependencies/pymoveit2
[1.564s] -- Installing: /home/vishnu/colcon_ws/src/install/pymoveit2/share/ament_index/resource_index/parent_prefix_path/pymoveit2
[1.565s] -- Installing: /home/vishnu/colcon_ws/src/install/pymoveit2/share/pymoveit2/environment/ament_prefix_path.sh
[1.565s] -- Installing: /home/vishnu/colcon_ws/src/install/pymoveit2/share/pymoveit2/environment/ament_prefix_path.dsv
[1.565s] -- Installing: /home/vishnu/colcon_ws/src/install/pymoveit2/share/pymoveit2/environment/path.sh
[1.565s] -- Installing: /home/vishnu/colcon_ws/src/install/pymoveit2/share/pymoveit2/environment/path.dsv
[1.566s] -- Installing: /home/vishnu/colcon_ws/src/install/pymoveit2/share/pymoveit2/local_setup.bash
[1.566s] -- Installing: /home/vishnu/colcon_ws/src/install/pymoveit2/share/pymoveit2/local_setup.sh
[1.566s] -- Installing: /home/vishnu/colcon_ws/src/install/pymoveit2/share/pymoveit2/local_setup.zsh
[1.566s] -- Installing: /home/vishnu/colcon_ws/src/install/pymoveit2/share/pymoveit2/local_setup.dsv
[1.566s] -- Installing: /home/vishnu/colcon_ws/src/install/pymoveit2/share/pymoveit2/package.dsv
[1.567s] -- Installing: /home/vishnu/colcon_ws/src/install/pymoveit2/share/ament_index/resource_index/packages/pymoveit2
[1.567s] -- Installing: /home/vishnu/colcon_ws/src/install/pymoveit2/share/pymoveit2/cmake/pymoveit2Config.cmake
[1.567s] -- Installing: /home/vishnu/colcon_ws/src/install/pymoveit2/share/pymoveit2/cmake/pymoveit2Config-version.cmake
[1.567s] -- Installing: /home/vishnu/colcon_ws/src/install/pymoveit2/share/pymoveit2/package.xml
[1.568s] Invoked command in '/home/vishnu/colcon_ws/src/build/pymoveit2' returned '0': CMAKE_PREFIX_PATH=${CMAKE_PREFIX_PATH}:/opt/ros/humble /usr/bin/cmake --install /home/vishnu/colcon_ws/src/build/pymoveit2
