[0.088s] Invoking command in '/home/vishnu/colcon_ws/src/build/pymoveit2': CMAKE_PREFIX_PATH=${CMAKE_PREFIX_PATH}:/opt/ros/humble /usr/bin/cmake --build /home/vishnu/colcon_ws/src/build/pymoveit2 -- -j16 -l16
[0.132s] Built target ament_cmake_python_copy_pymoveit2
[0.293s] running egg_info
[0.293s] writing pymoveit2.egg-info/PKG-INFO
[0.294s] writing dependency_links to pymoveit2.egg-info/dependency_links.txt
[0.294s] writing top-level names to pymoveit2.egg-info/top_level.txt
[0.296s] reading manifest file 'pymoveit2.egg-info/SOURCES.txt'
[0.297s] writing manifest file 'pymoveit2.egg-info/SOURCES.txt'
[0.328s] Built target ament_cmake_python_build_pymoveit2_egg
[0.512s] Invoked command in '/home/vishnu/colcon_ws/src/build/pymoveit2' returned '0': CMAKE_PREFIX_PATH=${CMAKE_PREFIX_PATH}:/opt/ros/humble /usr/bin/cmake --build /home/vishnu/colcon_ws/src/build/pymoveit2 -- -j16 -l16
[0.530s] Invoking command in '/home/vishnu/colcon_ws/src/build/pymoveit2': CMAKE_PREFIX_PATH=${CMAKE_PREFIX_PATH}:/opt/ros/humble /usr/bin/cmake --install /home/vishnu/colcon_ws/src/build/pymoveit2
[0.536s] -- Install configuration: ""
[0.536s] -- Up-to-date: /home/vishnu/colcon_ws/src/install/pymoveit2/share/pymoveit2/environment/pythonpath.sh
[0.536s] -- Up-to-date: /home/vishnu/colcon_ws/src/install/pymoveit2/share/pymoveit2/environment/pythonpath.dsv
[0.536s] -- Up-to-date: /home/vishnu/colcon_ws/src/install/pymoveit2/local/lib/python3.10/dist-packages/pymoveit2-2.1.0-py3.10.egg-info
[0.536s] -- Installing: /home/vishnu/colcon_ws/src/install/pymoveit2/local/lib/python3.10/dist-packages/pymoveit2-2.1.0-py3.10.egg-info/top_level.txt
[0.536s] -- Installing: /home/vishnu/colcon_ws/src/install/pymoveit2/local/lib/python3.10/dist-packages/pymoveit2-2.1.0-py3.10.egg-info/dependency_links.txt
[0.536s] -- Installing: /home/vishnu/colcon_ws/src/install/pymoveit2/local/lib/python3.10/dist-packages/pymoveit2-2.1.0-py3.10.egg-info/SOURCES.txt
[0.537s] -- Installing: /home/vishnu/colcon_ws/src/install/pymoveit2/local/lib/python3.10/dist-packages/pymoveit2-2.1.0-py3.10.egg-info/PKG-INFO
[0.537s] -- Up-to-date: /home/vishnu/colcon_ws/src/install/pymoveit2/local/lib/python3.10/dist-packages/pymoveit2
[0.537s] -- Up-to-date: /home/vishnu/colcon_ws/src/install/pymoveit2/local/lib/python3.10/dist-packages/pymoveit2/moveit2.py
[0.537s] -- Up-to-date: /home/vishnu/colcon_ws/src/install/pymoveit2/local/lib/python3.10/dist-packages/pymoveit2/robots
[0.537s] -- Up-to-date: /home/vishnu/colcon_ws/src/install/pymoveit2/local/lib/python3.10/dist-packages/pymoveit2/robots/kinova.py
[0.537s] -- Up-to-date: /home/vishnu/colcon_ws/src/install/pymoveit2/local/lib/python3.10/dist-packages/pymoveit2/robots/__init__.py
[0.537s] -- Up-to-date: /home/vishnu/colcon_ws/src/install/pymoveit2/local/lib/python3.10/dist-packages/pymoveit2/robots/ur5.py
[0.537s] -- Up-to-date: /home/vishnu/colcon_ws/src/install/pymoveit2/local/lib/python3.10/dist-packages/pymoveit2/moveit2_servo.py
[0.537s] -- Up-to-date: /home/vishnu/colcon_ws/src/install/pymoveit2/local/lib/python3.10/dist-packages/pymoveit2/__init__.py
[0.562s] Listing '/home/vishnu/colcon_ws/src/install/pymoveit2/local/lib/python3.10/dist-packages/pymoveit2'...
[0.562s] Listing '/home/vishnu/colcon_ws/src/install/pymoveit2/local/lib/python3.10/dist-packages/pymoveit2/robots'...
[0.566s] -- Up-to-date: /home/vishnu/colcon_ws/src/install/pymoveit2/lib/pymoveit2/ex_collision_object.py
[0.566s] -- Up-to-date: /home/vishnu/colcon_ws/src/install/pymoveit2/lib/pymoveit2/ex_joint_goal.py
[0.566s] -- Up-to-date: /home/vishnu/colcon_ws/src/install/pymoveit2/lib/pymoveit2/ex_pose_goal.py
[0.566s] -- Up-to-date: /home/vishnu/colcon_ws/src/install/pymoveit2/lib/pymoveit2/ex_servo.py
[0.566s] -- Up-to-date: /home/vishnu/colcon_ws/src/install/pymoveit2/lib/pymoveit2/assets
[0.566s] -- Up-to-date: /home/vishnu/colcon_ws/src/install/pymoveit2/lib/pymoveit2/assets/rack.stl
[0.566s] -- Up-to-date: /home/vishnu/colcon_ws/src/install/pymoveit2/lib/pymoveit2/assets/box.stl
[0.566s] -- Up-to-date: /home/vishnu/colcon_ws/src/install/pymoveit2/lib/pymoveit2/assets/suzanne.stl
[0.566s] -- Up-to-date: /home/vishnu/colcon_ws/src/install/pymoveit2/share/ament_index/resource_index/package_run_dependencies/pymoveit2
[0.566s] -- Up-to-date: /home/vishnu/colcon_ws/src/install/pymoveit2/share/ament_index/resource_index/parent_prefix_path/pymoveit2
[0.566s] -- Up-to-date: /home/vishnu/colcon_ws/src/install/pymoveit2/share/pymoveit2/environment/ament_prefix_path.sh
[0.566s] -- Up-to-date: /home/vishnu/colcon_ws/src/install/pymoveit2/share/pymoveit2/environment/ament_prefix_path.dsv
[0.567s] -- Up-to-date: /home/vishnu/colcon_ws/src/install/pymoveit2/share/pymoveit2/environment/path.sh
[0.567s] -- Up-to-date: /home/vishnu/colcon_ws/src/install/pymoveit2/share/pymoveit2/environment/path.dsv
[0.567s] -- Up-to-date: /home/vishnu/colcon_ws/src/install/pymoveit2/share/pymoveit2/local_setup.bash
[0.567s] -- Up-to-date: /home/vishnu/colcon_ws/src/install/pymoveit2/share/pymoveit2/local_setup.sh
[0.567s] -- Up-to-date: /home/vishnu/colcon_ws/src/install/pymoveit2/share/pymoveit2/local_setup.zsh
[0.567s] -- Up-to-date: /home/vishnu/colcon_ws/src/install/pymoveit2/share/pymoveit2/local_setup.dsv
[0.567s] -- Up-to-date: /home/vishnu/colcon_ws/src/install/pymoveit2/share/pymoveit2/package.dsv
[0.567s] -- Up-to-date: /home/vishnu/colcon_ws/src/install/pymoveit2/share/ament_index/resource_index/packages/pymoveit2
[0.567s] -- Up-to-date: /home/vishnu/colcon_ws/src/install/pymoveit2/share/pymoveit2/cmake/pymoveit2Config.cmake
[0.567s] -- Up-to-date: /home/vishnu/colcon_ws/src/install/pymoveit2/share/pymoveit2/cmake/pymoveit2Config-version.cmake
[0.567s] -- Up-to-date: /home/vishnu/colcon_ws/src/install/pymoveit2/share/pymoveit2/package.xml
[0.568s] Invoked command in '/home/vishnu/colcon_ws/src/build/pymoveit2' returned '0': CMAKE_PREFIX_PATH=${CMAKE_PREFIX_PATH}:/opt/ros/humble /usr/bin/cmake --install /home/vishnu/colcon_ws/src/build/pymoveit2
