[0.027s] Invoking command in '/home/vishnu/colcon_ws/src/ebot_nav2/build/ebot_nav2': CMAKE_PREFIX_PATH=${CMAKE_PREFIX_PATH}:/opt/ros/humble /usr/bin/cmake /home/vishnu/colcon_ws/src/ebot_nav2 -DCMAKE_INSTALL_PREFIX=/home/vishnu/colcon_ws/src/ebot_nav2/install/ebot_nav2
[0.081s] -- The C compiler identification is GNU 11.4.0
[0.141s] -- The CXX compiler identification is GNU 11.4.0
[0.146s] -- Detecting C compiler ABI info
[0.205s] -- Detecting C compiler ABI info - done
[0.209s] -- Check for working C compiler: /usr/bin/cc - skipped
[0.210s] -- Detecting C compile features
[0.210s] -- Detecting C compile features - done
[0.212s] -- Detecting CXX compiler ABI info
[0.257s] -- Detecting CXX compiler ABI info - done
[0.261s] -- Check for working CXX compiler: /usr/bin/c++ - skipped
[0.261s] -- Detecting CXX compile features
[0.261s] -- Detecting CXX compile features - done
[0.264s] -- Found ament_cmake: 1.3.5 (/opt/ros/humble/share/ament_cmake/cmake)
[0.361s] -- Found Python3: /usr/bin/python3.10 (found version "3.10.12") found components: Interpreter 
[0.418s] -- Found rclcpp: 16.0.6 (/opt/ros/humble/share/rclcpp/cmake)
[0.449s] -- Found rosidl_generator_c: 3.1.5 (/opt/ros/humble/share/rosidl_generator_c/cmake)
[0.452s] -- Found rosidl_adapter: 3.1.5 (/opt/ros/humble/share/rosidl_adapter/cmake)
[0.459s] -- Found rosidl_generator_cpp: 3.1.5 (/opt/ros/humble/share/rosidl_generator_cpp/cmake)
[0.468s] -- Using all available rosidl_typesupport_c: rosidl_typesupport_fastrtps_c;rosidl_typesupport_introspection_c
[0.481s] -- Using all available rosidl_typesupport_cpp: rosidl_typesupport_fastrtps_cpp;rosidl_typesupport_introspection_cpp
[0.526s] -- Found rmw_implementation_cmake: 6.1.1 (/opt/ros/humble/share/rmw_implementation_cmake/cmake)
[0.528s] -- Found rmw_fastrtps_cpp: 6.2.4 (/opt/ros/humble/share/rmw_fastrtps_cpp/cmake)
[0.588s] -- Found OpenSSL: /usr/lib/x86_64-linux-gnu/libcrypto.so (found version "3.0.2")  
[0.603s] -- Found FastRTPS: /opt/ros/humble/include  
[0.629s] -- Using RMW implementation 'rmw_fastrtps_cpp' as default
[0.637s] -- Looking for pthread.h
[0.681s] -- Looking for pthread.h - found
[0.681s] -- Performing Test CMAKE_HAVE_LIBC_PTHREAD
[0.727s] -- Performing Test CMAKE_HAVE_LIBC_PTHREAD - Success
[0.728s] -- Found Threads: TRUE  
[0.825s] -- Found rclpy: 3.3.10 (/opt/ros/humble/share/rclpy/cmake)
[0.826s] -- Found urdf: 2.6.0 (/opt/ros/humble/share/urdf/cmake)
[0.850s] -- Found xacro: 2.0.8 (/opt/ros/humble/share/xacro/cmake)
[0.851s] -- Found ament_lint_auto: 0.12.8 (/opt/ros/humble/share/ament_lint_auto/cmake)
[0.898s] -- Added test 'cppcheck' to perform static code analysis on C / C++ code
[0.898s] -- Configured cppcheck include dirs: 
[0.898s] -- Configured cppcheck exclude dirs and/or files: 
[0.898s] -- Added test 'flake8' to check Python code syntax and style conventions
[0.899s] -- Added test 'lint_cmake' to check CMake code style
[0.900s] -- Added test 'pep257' to check Python code against some of the docstring style conventions in PEP 257
[0.902s] -- Added test 'uncrustify' to check C / C++ code style
[0.902s] -- Configured uncrustify additional arguments: 
[0.902s] -- Added test 'xmllint' to check XML markup files
[0.903s] -- Configuring done
[0.905s] -- Generating done
[0.906s] -- Build files have been written to: /home/vishnu/colcon_ws/src/ebot_nav2/build/ebot_nav2
[0.912s] Invoked command in '/home/vishnu/colcon_ws/src/ebot_nav2/build/ebot_nav2' returned '0': CMAKE_PREFIX_PATH=${CMAKE_PREFIX_PATH}:/opt/ros/humble /usr/bin/cmake /home/vishnu/colcon_ws/src/ebot_nav2 -DCMAKE_INSTALL_PREFIX=/home/vishnu/colcon_ws/src/ebot_nav2/install/ebot_nav2
[0.912s] Invoking command in '/home/vishnu/colcon_ws/src/ebot_nav2/build/ebot_nav2': CMAKE_PREFIX_PATH=${CMAKE_PREFIX_PATH}:/opt/ros/humble /usr/bin/cmake --build /home/vishnu/colcon_ws/src/ebot_nav2/build/ebot_nav2 -- -j16 -l16
[0.934s] Invoked command in '/home/vishnu/colcon_ws/src/ebot_nav2/build/ebot_nav2' returned '0': CMAKE_PREFIX_PATH=${CMAKE_PREFIX_PATH}:/opt/ros/humble /usr/bin/cmake --build /home/vishnu/colcon_ws/src/ebot_nav2/build/ebot_nav2 -- -j16 -l16
[0.952s] Invoking command in '/home/vishnu/colcon_ws/src/ebot_nav2/build/ebot_nav2': CMAKE_PREFIX_PATH=${CMAKE_PREFIX_PATH}:/opt/ros/humble /usr/bin/cmake --install /home/vishnu/colcon_ws/src/ebot_nav2/build/ebot_nav2
[0.957s] -- Install configuration: ""
[0.957s] -- Installing: /home/vishnu/colcon_ws/src/ebot_nav2/install/ebot_nav2/share/ebot_nav2//launch
[0.957s] -- Installing: /home/vishnu/colcon_ws/src/ebot_nav2/install/ebot_nav2/share/ebot_nav2//launch/ebot_bringup_launch.py
[0.958s] -- Installing: /home/vishnu/colcon_ws/src/ebot_nav2/install/ebot_nav2/share/ebot_nav2//config
[0.958s] -- Installing: /home/vishnu/colcon_ws/src/ebot_nav2/install/ebot_nav2/share/ebot_nav2//config/mapper_params_online_async.yaml
[0.958s] -- Installing: /home/vishnu/colcon_ws/src/ebot_nav2/install/ebot_nav2/share/ebot_nav2//config/ekf.yaml
[0.958s] -- Installing: /home/vishnu/colcon_ws/src/ebot_nav2/install/ebot_nav2/share/ebot_nav2//maps
[0.959s] -- Installing: /home/vishnu/colcon_ws/src/ebot_nav2/install/ebot_nav2/share/ebot_nav2//maps/bot_map.posegraph
[0.962s] -- Installing: /home/vishnu/colcon_ws/src/ebot_nav2/install/ebot_nav2/share/ebot_nav2//maps/bot_map.pgm
[0.962s] -- Installing: /home/vishnu/colcon_ws/src/ebot_nav2/install/ebot_nav2/share/ebot_nav2//maps/bot_map.yaml
[0.962s] -- Installing: /home/vishnu/colcon_ws/src/ebot_nav2/install/ebot_nav2/share/ebot_nav2//maps/bot_map.data
[0.964s] -- Installing: /home/vishnu/colcon_ws/src/ebot_nav2/install/ebot_nav2/share/ebot_nav2//maps/map_file_here.text
[0.964s] -- Installing: /home/vishnu/colcon_ws/src/ebot_nav2/install/ebot_nav2/share/ebot_nav2//params
[0.964s] -- Installing: /home/vishnu/colcon_ws/src/ebot_nav2/install/ebot_nav2/share/ebot_nav2//params/nav2_params.yaml
[0.964s] -- Installing: /home/vishnu/colcon_ws/src/ebot_nav2/install/ebot_nav2/share/ebot_nav2//rviz
[0.964s] -- Installing: /home/vishnu/colcon_ws/src/ebot_nav2/install/ebot_nav2/share/ebot_nav2//rviz/nav2_default_view.rviz
[0.964s] -- Installing: /home/vishnu/colcon_ws/src/ebot_nav2/install/ebot_nav2/lib/ebot_nav2/nav2_cmd_task1c.py
[0.964s] -- Installing: /home/vishnu/colcon_ws/src/ebot_nav2/install/ebot_nav2/share/ament_index/resource_index/package_run_dependencies/ebot_nav2
[0.964s] -- Installing: /home/vishnu/colcon_ws/src/ebot_nav2/install/ebot_nav2/share/ament_index/resource_index/parent_prefix_path/ebot_nav2
[0.964s] -- Installing: /home/vishnu/colcon_ws/src/ebot_nav2/install/ebot_nav2/share/ebot_nav2/environment/ament_prefix_path.sh
[0.964s] -- Installing: /home/vishnu/colcon_ws/src/ebot_nav2/install/ebot_nav2/share/ebot_nav2/environment/ament_prefix_path.dsv
[0.964s] -- Installing: /home/vishnu/colcon_ws/src/ebot_nav2/install/ebot_nav2/share/ebot_nav2/environment/path.sh
[0.964s] -- Installing: /home/vishnu/colcon_ws/src/ebot_nav2/install/ebot_nav2/share/ebot_nav2/environment/path.dsv
[0.964s] -- Installing: /home/vishnu/colcon_ws/src/ebot_nav2/install/ebot_nav2/share/ebot_nav2/local_setup.bash
[0.964s] -- Installing: /home/vishnu/colcon_ws/src/ebot_nav2/install/ebot_nav2/share/ebot_nav2/local_setup.sh
[0.964s] -- Installing: /home/vishnu/colcon_ws/src/ebot_nav2/install/ebot_nav2/share/ebot_nav2/local_setup.zsh
[0.965s] -- Installing: /home/vishnu/colcon_ws/src/ebot_nav2/install/ebot_nav2/share/ebot_nav2/local_setup.dsv
[0.965s] -- Installing: /home/vishnu/colcon_ws/src/ebot_nav2/install/ebot_nav2/share/ebot_nav2/package.dsv
[0.965s] -- Installing: /home/vishnu/colcon_ws/src/ebot_nav2/install/ebot_nav2/share/ament_index/resource_index/packages/ebot_nav2
[0.965s] -- Installing: /home/vishnu/colcon_ws/src/ebot_nav2/install/ebot_nav2/share/ebot_nav2/cmake/ebot_nav2Config.cmake
[0.965s] -- Installing: /home/vishnu/colcon_ws/src/ebot_nav2/install/ebot_nav2/share/ebot_nav2/cmake/ebot_nav2Config-version.cmake
[0.965s] -- Installing: /home/vishnu/colcon_ws/src/ebot_nav2/install/ebot_nav2/share/ebot_nav2/package.xml
[0.966s] Invoked command in '/home/vishnu/colcon_ws/src/ebot_nav2/build/ebot_nav2' returned '0': CMAKE_PREFIX_PATH=${CMAKE_PREFIX_PATH}:/opt/ros/humble /usr/bin/cmake --install /home/vishnu/colcon_ws/src/ebot_nav2/build/ebot_nav2
