[0.111s] Invoking command in '/home/vishnu/colcon_ws/src/build/linkattacher_msgs': CMAKE_PREFIX_PATH=${CMAKE_PREFIX_PATH}:/opt/ros/humble /usr/bin/cmake --build /home/vishnu/colcon_ws/src/build/linkattacher_msgs -- -j16 -l16
[0.145s] [35m[1mConsolidate compiler generated dependencies of target linkattacher_msgs__rosidl_generator_c[0m
[0.152s] [  2%] Built target linkattacher_msgs__cpp
[0.155s] [ 12%] Built target linkattacher_msgs__rosidl_generator_c
[0.162s] [35m[1mConsolidate compiler generated dependencies of target linkattacher_msgs__rosidl_typesupport_fastrtps_cpp[0m
[0.164s] [35m[1mConsolidate compiler generated dependencies of target linkattacher_msgs__rosidl_typesupport_cpp[0m
[0.167s] [35m[1mConsolidate compiler generated dependencies of target linkattacher_msgs__rosidl_typesupport_fastrtps_c[0m
[0.167s] [ 12%] Built target ament_cmake_python_copy_linkattacher_msgs
[0.170s] [35m[1mConsolidate compiler generated dependencies of target linkattacher_msgs__rosidl_typesupport_introspection_cpp[0m
[0.171s] [35m[1mConsolidate compiler generated dependencies of target linkattacher_msgs__rosidl_typesupport_c[0m
[0.171s] [35m[1mConsolidate compiler generated dependencies of target linkattacher_msgs__rosidl_typesupport_introspection_c[0m
[0.185s] [ 23%] Built target linkattacher_msgs__rosidl_typesupport_fastrtps_c
[0.185s] [ 33%] Built target linkattacher_msgs__rosidl_typesupport_fastrtps_cpp
[0.196s] [ 43%] Built target linkattacher_msgs__rosidl_typesupport_cpp
[0.200s] [ 53%] Built target linkattacher_msgs__rosidl_typesupport_c
[0.205s] [ 64%] Built target linkattacher_msgs__rosidl_typesupport_introspection_c
[0.210s] [ 74%] Built target linkattacher_msgs__rosidl_typesupport_introspection_cpp
[0.240s] [ 74%] Built target linkattacher_msgs
[0.241s] [ 76%] Built target linkattacher_msgs__py
[0.241s] [35m[1mConsolidate compiler generated dependencies of target linkattacher_msgs__rosidl_generator_py[0m
[0.241s] [ 79%] [32mBuilding C object CMakeFiles/linkattacher_msgs__rosidl_generator_py.dir/rosidl_generator_py/linkattacher_msgs/srv/_detach_link_s.c.o[0m
[0.241s] [ 82%] [32mBuilding C object CMakeFiles/linkattacher_msgs__rosidl_generator_py.dir/rosidl_generator_py/linkattacher_msgs/srv/_attach_link_s.c.o[0m
[0.336s] running egg_info
[0.336s] writing linkattacher_msgs.egg-info/PKG-INFO
[0.337s] writing dependency_links to linkattacher_msgs.egg-info/dependency_links.txt
[0.337s] writing top-level names to linkattacher_msgs.egg-info/top_level.txt
[0.339s] reading manifest file 'linkattacher_msgs.egg-info/SOURCES.txt'
[0.340s] writing manifest file 'linkattacher_msgs.egg-info/SOURCES.txt'
[0.347s] [ 84%] [32m[1mLinking C shared library rosidl_generator_py/linkattacher_msgs/liblinkattacher_msgs__rosidl_generator_py.so[0m
[0.374s] [ 84%] Built target ament_cmake_python_build_linkattacher_msgs_egg
[0.381s] [ 84%] Built target linkattacher_msgs__rosidl_generator_py
[0.389s] [35m[1mConsolidate compiler generated dependencies of target linkattacher_msgs__rosidl_typesupport_fastrtps_c__pyext[0m
[0.391s] [35m[1mConsolidate compiler generated dependencies of target linkattacher_msgs__rosidl_typesupport_c__pyext[0m
[0.391s] [35m[1mConsolidate compiler generated dependencies of target linkattacher_msgs__rosidl_typesupport_introspection_c__pyext[0m
[0.398s] [ 87%] [32mBuilding C object CMakeFiles/linkattacher_msgs__rosidl_typesupport_fastrtps_c__pyext.dir/rosidl_generator_py/linkattacher_msgs/_linkattacher_msgs_s.ep.rosidl_typesupport_fastrtps_c.c.o[0m
[0.402s] [ 89%] [32mBuilding C object CMakeFiles/linkattacher_msgs__rosidl_typesupport_c__pyext.dir/rosidl_generator_py/linkattacher_msgs/_linkattacher_msgs_s.ep.rosidl_typesupport_c.c.o[0m
[0.405s] [ 92%] [32mBuilding C object CMakeFiles/linkattacher_msgs__rosidl_typesupport_introspection_c__pyext.dir/rosidl_generator_py/linkattacher_msgs/_linkattacher_msgs_s.ep.rosidl_typesupport_introspection_c.c.o[0m
[0.467s] [ 94%] [32m[1mLinking C shared library rosidl_generator_py/linkattacher_msgs/linkattacher_msgs_s__rosidl_typesupport_fastrtps_c.cpython-310-x86_64-linux-gnu.so[0m
[0.468s] [ 97%] [32m[1mLinking C shared library rosidl_generator_py/linkattacher_msgs/linkattacher_msgs_s__rosidl_typesupport_c.cpython-310-x86_64-linux-gnu.so[0m
[0.499s] [ 97%] Built target linkattacher_msgs__rosidl_typesupport_fastrtps_c__pyext
[0.501s] [ 97%] Built target linkattacher_msgs__rosidl_typesupport_c__pyext
[0.511s] [100%] [32m[1mLinking C shared library rosidl_generator_py/linkattacher_msgs/linkattacher_msgs_s__rosidl_typesupport_introspection_c.cpython-310-x86_64-linux-gnu.so[0m
[0.538s] [100%] Built target linkattacher_msgs__rosidl_typesupport_introspection_c__pyext
[0.546s] Invoked command in '/home/vishnu/colcon_ws/src/build/linkattacher_msgs' returned '0': CMAKE_PREFIX_PATH=${CMAKE_PREFIX_PATH}:/opt/ros/humble /usr/bin/cmake --build /home/vishnu/colcon_ws/src/build/linkattacher_msgs -- -j16 -l16
[0.635s] Invoking command in '/home/vishnu/colcon_ws/src/build/linkattacher_msgs': CMAKE_PREFIX_PATH=${CMAKE_PREFIX_PATH}:/opt/ros/humble /usr/bin/cmake --install /home/vishnu/colcon_ws/src/build/linkattacher_msgs
[0.642s] -- Install configuration: ""
[0.642s] -- Up-to-date: /home/vishnu/colcon_ws/src/install/linkattacher_msgs/share/linkattacher_msgs/srv
[0.642s] -- Up-to-date: /home/vishnu/colcon_ws/src/install/linkattacher_msgs/share/linkattacher_msgs/srv/AttachLink.srv
[0.642s] -- Up-to-date: /home/vishnu/colcon_ws/src/install/linkattacher_msgs/share/linkattacher_msgs/srv/DetachLink.srv
[0.642s] -- Up-to-date: /home/vishnu/colcon_ws/src/install/linkattacher_msgs/share/ament_index/resource_index/rosidl_interfaces/linkattacher_msgs
[0.642s] -- Up-to-date: /home/vishnu/colcon_ws/src/install/linkattacher_msgs/include/linkattacher_msgs/linkattacher_msgs
[0.642s] -- Up-to-date: /home/vishnu/colcon_ws/src/install/linkattacher_msgs/include/linkattacher_msgs/linkattacher_msgs/srv
[0.643s] -- Up-to-date: /home/vishnu/colcon_ws/src/install/linkattacher_msgs/include/linkattacher_msgs/linkattacher_msgs/srv/detach_link.h
[0.643s] -- Up-to-date: /home/vishnu/colcon_ws/src/install/linkattacher_msgs/include/linkattacher_msgs/linkattacher_msgs/srv/detail
[0.643s] -- Up-to-date: /home/vishnu/colcon_ws/src/install/linkattacher_msgs/include/linkattacher_msgs/linkattacher_msgs/srv/detail/attach_link__functions.c
[0.643s] -- Up-to-date: /home/vishnu/colcon_ws/src/install/linkattacher_msgs/include/linkattacher_msgs/linkattacher_msgs/srv/detail/attach_link__struct.h
[0.643s] -- Up-to-date: /home/vishnu/colcon_ws/src/install/linkattacher_msgs/include/linkattacher_msgs/linkattacher_msgs/srv/detail/detach_link__functions.c
[0.643s] -- Up-to-date: /home/vishnu/colcon_ws/src/install/linkattacher_msgs/include/linkattacher_msgs/linkattacher_msgs/srv/detail/attach_link__functions.h
[0.644s] -- Up-to-date: /home/vishnu/colcon_ws/src/install/linkattacher_msgs/include/linkattacher_msgs/linkattacher_msgs/srv/detail/detach_link__functions.h
[0.644s] -- Up-to-date: /home/vishnu/colcon_ws/src/install/linkattacher_msgs/include/linkattacher_msgs/linkattacher_msgs/srv/detail/attach_link__type_support.h
[0.644s] -- Up-to-date: /home/vishnu/colcon_ws/src/install/linkattacher_msgs/include/linkattacher_msgs/linkattacher_msgs/srv/detail/detach_link__struct.h
[0.644s] -- Up-to-date: /home/vishnu/colcon_ws/src/install/linkattacher_msgs/include/linkattacher_msgs/linkattacher_msgs/srv/detail/detach_link__type_support.h
[0.644s] -- Up-to-date: /home/vishnu/colcon_ws/src/install/linkattacher_msgs/include/linkattacher_msgs/linkattacher_msgs/srv/attach_link.h
[0.644s] -- Up-to-date: /home/vishnu/colcon_ws/src/install/linkattacher_msgs/include/linkattacher_msgs/linkattacher_msgs/msg
[0.644s] -- Up-to-date: /home/vishnu/colcon_ws/src/install/linkattacher_msgs/include/linkattacher_msgs/linkattacher_msgs/msg/rosidl_generator_c__visibility_control.h
[0.644s] -- Up-to-date: /home/vishnu/colcon_ws/src/install/linkattacher_msgs/share/linkattacher_msgs/environment/library_path.sh
[0.644s] -- Up-to-date: /home/vishnu/colcon_ws/src/install/linkattacher_msgs/share/linkattacher_msgs/environment/library_path.dsv
[0.644s] -- Up-to-date: /home/vishnu/colcon_ws/src/install/linkattacher_msgs/lib/liblinkattacher_msgs__rosidl_generator_c.so
[0.644s] -- Up-to-date: /home/vishnu/colcon_ws/src/install/linkattacher_msgs/include/linkattacher_msgs/linkattacher_msgs
[0.644s] -- Up-to-date: /home/vishnu/colcon_ws/src/install/linkattacher_msgs/include/linkattacher_msgs/linkattacher_msgs/srv
[0.644s] -- Up-to-date: /home/vishnu/colcon_ws/src/install/linkattacher_msgs/include/linkattacher_msgs/linkattacher_msgs/srv/detail
[0.644s] -- Up-to-date: /home/vishnu/colcon_ws/src/install/linkattacher_msgs/include/linkattacher_msgs/linkattacher_msgs/srv/detail/attach_link__rosidl_typesupport_fastrtps_c.h
[0.644s] -- Up-to-date: /home/vishnu/colcon_ws/src/install/linkattacher_msgs/include/linkattacher_msgs/linkattacher_msgs/srv/detail/detach_link__rosidl_typesupport_fastrtps_c.h
[0.644s] -- Up-to-date: /home/vishnu/colcon_ws/src/install/linkattacher_msgs/include/linkattacher_msgs/linkattacher_msgs/msg
[0.645s] -- Up-to-date: /home/vishnu/colcon_ws/src/install/linkattacher_msgs/include/linkattacher_msgs/linkattacher_msgs/msg/rosidl_typesupport_fastrtps_c__visibility_control.h
[0.645s] -- Up-to-date: /home/vishnu/colcon_ws/src/install/linkattacher_msgs/lib/liblinkattacher_msgs__rosidl_typesupport_fastrtps_c.so
[0.645s] -- Up-to-date: /home/vishnu/colcon_ws/src/install/linkattacher_msgs/include/linkattacher_msgs/linkattacher_msgs
[0.645s] -- Up-to-date: /home/vishnu/colcon_ws/src/install/linkattacher_msgs/include/linkattacher_msgs/linkattacher_msgs/srv
[0.645s] -- Up-to-date: /home/vishnu/colcon_ws/src/install/linkattacher_msgs/include/linkattacher_msgs/linkattacher_msgs/srv/detail
[0.645s] -- Up-to-date: /home/vishnu/colcon_ws/src/install/linkattacher_msgs/include/linkattacher_msgs/linkattacher_msgs/srv/detail/detach_link__type_support.c
[0.645s] -- Up-to-date: /home/vishnu/colcon_ws/src/install/linkattacher_msgs/include/linkattacher_msgs/linkattacher_msgs/srv/detail/attach_link__rosidl_typesupport_introspection_c.h
[0.645s] -- Up-to-date: /home/vishnu/colcon_ws/src/install/linkattacher_msgs/include/linkattacher_msgs/linkattacher_msgs/srv/detail/detach_link__rosidl_typesupport_introspection_c.h
[0.645s] -- Up-to-date: /home/vishnu/colcon_ws/src/install/linkattacher_msgs/include/linkattacher_msgs/linkattacher_msgs/srv/detail/attach_link__type_support.c
[0.645s] -- Up-to-date: /home/vishnu/colcon_ws/src/install/linkattacher_msgs/include/linkattacher_msgs/linkattacher_msgs/msg
[0.645s] -- Up-to-date: /home/vishnu/colcon_ws/src/install/linkattacher_msgs/include/linkattacher_msgs/linkattacher_msgs/msg/rosidl_typesupport_introspection_c__visibility_control.h
[0.645s] -- Up-to-date: /home/vishnu/colcon_ws/src/install/linkattacher_msgs/lib/liblinkattacher_msgs__rosidl_typesupport_introspection_c.so
[0.645s] -- Up-to-date: /home/vishnu/colcon_ws/src/install/linkattacher_msgs/lib/liblinkattacher_msgs__rosidl_typesupport_c.so
[0.645s] -- Up-to-date: /home/vishnu/colcon_ws/src/install/linkattacher_msgs/include/linkattacher_msgs/linkattacher_msgs
[0.645s] -- Up-to-date: /home/vishnu/colcon_ws/src/install/linkattacher_msgs/include/linkattacher_msgs/linkattacher_msgs/srv
[0.645s] -- Up-to-date: /home/vishnu/colcon_ws/src/install/linkattacher_msgs/include/linkattacher_msgs/linkattacher_msgs/srv/detail
[0.646s] -- Up-to-date: /home/vishnu/colcon_ws/src/install/linkattacher_msgs/include/linkattacher_msgs/linkattacher_msgs/srv/detail/detach_link__struct.hpp
[0.646s] -- Up-to-date: /home/vishnu/colcon_ws/src/install/linkattacher_msgs/include/linkattacher_msgs/linkattacher_msgs/srv/detail/attach_link__builder.hpp
[0.646s] -- Up-to-date: /home/vishnu/colcon_ws/src/install/linkattacher_msgs/include/linkattacher_msgs/linkattacher_msgs/srv/detail/attach_link__traits.hpp
[0.646s] -- Up-to-date: /home/vishnu/colcon_ws/src/install/linkattacher_msgs/include/linkattacher_msgs/linkattacher_msgs/srv/detail/detach_link__traits.hpp
[0.646s] -- Up-to-date: /home/vishnu/colcon_ws/src/install/linkattacher_msgs/include/linkattacher_msgs/linkattacher_msgs/srv/detail/detach_link__builder.hpp
[0.646s] -- Up-to-date: /home/vishnu/colcon_ws/src/install/linkattacher_msgs/include/linkattacher_msgs/linkattacher_msgs/srv/detail/attach_link__struct.hpp
[0.646s] -- Up-to-date: /home/vishnu/colcon_ws/src/install/linkattacher_msgs/include/linkattacher_msgs/linkattacher_msgs/srv/attach_link.hpp
[0.646s] -- Up-to-date: /home/vishnu/colcon_ws/src/install/linkattacher_msgs/include/linkattacher_msgs/linkattacher_msgs/srv/detach_link.hpp
[0.646s] -- Up-to-date: /home/vishnu/colcon_ws/src/install/linkattacher_msgs/include/linkattacher_msgs/linkattacher_msgs
[0.646s] -- Up-to-date: /home/vishnu/colcon_ws/src/install/linkattacher_msgs/include/linkattacher_msgs/linkattacher_msgs/srv
[0.646s] -- Up-to-date: /home/vishnu/colcon_ws/src/install/linkattacher_msgs/include/linkattacher_msgs/linkattacher_msgs/srv/detail
[0.646s] -- Up-to-date: /home/vishnu/colcon_ws/src/install/linkattacher_msgs/include/linkattacher_msgs/linkattacher_msgs/srv/detail/attach_link__rosidl_typesupport_fastrtps_cpp.hpp
[0.646s] -- Up-to-date: /home/vishnu/colcon_ws/src/install/linkattacher_msgs/include/linkattacher_msgs/linkattacher_msgs/srv/detail/dds_fastrtps
[0.646s] -- Up-to-date: /home/vishnu/colcon_ws/src/install/linkattacher_msgs/include/linkattacher_msgs/linkattacher_msgs/srv/detail/detach_link__rosidl_typesupport_fastrtps_cpp.hpp
[0.646s] -- Up-to-date: /home/vishnu/colcon_ws/src/install/linkattacher_msgs/include/linkattacher_msgs/linkattacher_msgs/msg
[0.646s] -- Up-to-date: /home/vishnu/colcon_ws/src/install/linkattacher_msgs/include/linkattacher_msgs/linkattacher_msgs/msg/rosidl_typesupport_fastrtps_cpp__visibility_control.h
[0.646s] -- Up-to-date: /home/vishnu/colcon_ws/src/install/linkattacher_msgs/lib/liblinkattacher_msgs__rosidl_typesupport_fastrtps_cpp.so
[0.646s] -- Up-to-date: /home/vishnu/colcon_ws/src/install/linkattacher_msgs/include/linkattacher_msgs/linkattacher_msgs
[0.647s] -- Up-to-date: /home/vishnu/colcon_ws/src/install/linkattacher_msgs/include/linkattacher_msgs/linkattacher_msgs/srv
[0.647s] -- Up-to-date: /home/vishnu/colcon_ws/src/install/linkattacher_msgs/include/linkattacher_msgs/linkattacher_msgs/srv/detail
[0.647s] -- Up-to-date: /home/vishnu/colcon_ws/src/install/linkattacher_msgs/include/linkattacher_msgs/linkattacher_msgs/srv/detail/detach_link__type_support.cpp
[0.647s] -- Up-to-date: /home/vishnu/colcon_ws/src/install/linkattacher_msgs/include/linkattacher_msgs/linkattacher_msgs/srv/detail/attach_link__type_support.cpp
[0.647s] -- Up-to-date: /home/vishnu/colcon_ws/src/install/linkattacher_msgs/include/linkattacher_msgs/linkattacher_msgs/srv/detail/detach_link__rosidl_typesupport_introspection_cpp.hpp
[0.647s] -- Up-to-date: /home/vishnu/colcon_ws/src/install/linkattacher_msgs/include/linkattacher_msgs/linkattacher_msgs/srv/detail/attach_link__rosidl_typesupport_introspection_cpp.hpp
[0.647s] -- Up-to-date: /home/vishnu/colcon_ws/src/install/linkattacher_msgs/lib/liblinkattacher_msgs__rosidl_typesupport_introspection_cpp.so
[0.647s] -- Up-to-date: /home/vishnu/colcon_ws/src/install/linkattacher_msgs/lib/liblinkattacher_msgs__rosidl_typesupport_cpp.so
[0.648s] -- Up-to-date: /home/vishnu/colcon_ws/src/install/linkattacher_msgs/share/linkattacher_msgs/environment/pythonpath.sh
[0.648s] -- Up-to-date: /home/vishnu/colcon_ws/src/install/linkattacher_msgs/share/linkattacher_msgs/environment/pythonpath.dsv
[0.648s] -- Up-to-date: /home/vishnu/colcon_ws/src/install/linkattacher_msgs/local/lib/python3.10/dist-packages/linkattacher_msgs-0.0.0-py3.10.egg-info
[0.648s] -- Installing: /home/vishnu/colcon_ws/src/install/linkattacher_msgs/local/lib/python3.10/dist-packages/linkattacher_msgs-0.0.0-py3.10.egg-info/top_level.txt
[0.648s] -- Installing: /home/vishnu/colcon_ws/src/install/linkattacher_msgs/local/lib/python3.10/dist-packages/linkattacher_msgs-0.0.0-py3.10.egg-info/dependency_links.txt
[0.648s] -- Installing: /home/vishnu/colcon_ws/src/install/linkattacher_msgs/local/lib/python3.10/dist-packages/linkattacher_msgs-0.0.0-py3.10.egg-info/SOURCES.txt
[0.648s] -- Installing: /home/vishnu/colcon_ws/src/install/linkattacher_msgs/local/lib/python3.10/dist-packages/linkattacher_msgs-0.0.0-py3.10.egg-info/PKG-INFO
[0.648s] -- Up-to-date: /home/vishnu/colcon_ws/src/install/linkattacher_msgs/local/lib/python3.10/dist-packages/linkattacher_msgs
[0.648s] -- Up-to-date: /home/vishnu/colcon_ws/src/install/linkattacher_msgs/local/lib/python3.10/dist-packages/linkattacher_msgs/srv
[0.648s] -- Up-to-date: /home/vishnu/colcon_ws/src/install/linkattacher_msgs/local/lib/python3.10/dist-packages/linkattacher_msgs/srv/_detach_link.py
[0.648s] -- Up-to-date: /home/vishnu/colcon_ws/src/install/linkattacher_msgs/local/lib/python3.10/dist-packages/linkattacher_msgs/srv/_attach_link.py
[0.648s] -- Up-to-date: /home/vishnu/colcon_ws/src/install/linkattacher_msgs/local/lib/python3.10/dist-packages/linkattacher_msgs/srv/__init__.py
[0.649s] -- Up-to-date: /home/vishnu/colcon_ws/src/install/linkattacher_msgs/local/lib/python3.10/dist-packages/linkattacher_msgs/srv/_attach_link_s.c
[0.649s] -- Up-to-date: /home/vishnu/colcon_ws/src/install/linkattacher_msgs/local/lib/python3.10/dist-packages/linkattacher_msgs/srv/_detach_link_s.c
[0.649s] -- Up-to-date: /home/vishnu/colcon_ws/src/install/linkattacher_msgs/local/lib/python3.10/dist-packages/linkattacher_msgs/_linkattacher_msgs_s.ep.rosidl_typesupport_fastrtps_c.c
[0.649s] -- Up-to-date: /home/vishnu/colcon_ws/src/install/linkattacher_msgs/local/lib/python3.10/dist-packages/linkattacher_msgs/_linkattacher_msgs_s.ep.rosidl_typesupport_introspection_c.c
[0.649s] -- Installing: /home/vishnu/colcon_ws/src/install/linkattacher_msgs/local/lib/python3.10/dist-packages/linkattacher_msgs/liblinkattacher_msgs__rosidl_generator_py.so
[0.649s] -- Up-to-date: /home/vishnu/colcon_ws/src/install/linkattacher_msgs/local/lib/python3.10/dist-packages/linkattacher_msgs/_linkattacher_msgs_s.ep.rosidl_typesupport_c.c
[0.649s] -- Installing: /home/vishnu/colcon_ws/src/install/linkattacher_msgs/local/lib/python3.10/dist-packages/linkattacher_msgs/linkattacher_msgs_s__rosidl_typesupport_fastrtps_c.cpython-310-x86_64-linux-gnu.so
[0.649s] -- Up-to-date: /home/vishnu/colcon_ws/src/install/linkattacher_msgs/local/lib/python3.10/dist-packages/linkattacher_msgs/__init__.py
[0.649s] -- Installing: /home/vishnu/colcon_ws/src/install/linkattacher_msgs/local/lib/python3.10/dist-packages/linkattacher_msgs/linkattacher_msgs_s__rosidl_typesupport_c.cpython-310-x86_64-linux-gnu.so
[0.649s] -- Installing: /home/vishnu/colcon_ws/src/install/linkattacher_msgs/local/lib/python3.10/dist-packages/linkattacher_msgs/linkattacher_msgs_s__rosidl_typesupport_introspection_c.cpython-310-x86_64-linux-gnu.so
[0.673s] Listing '/home/vishnu/colcon_ws/src/install/linkattacher_msgs/local/lib/python3.10/dist-packages/linkattacher_msgs'...
[0.673s] Listing '/home/vishnu/colcon_ws/src/install/linkattacher_msgs/local/lib/python3.10/dist-packages/linkattacher_msgs/srv'...
[0.675s] -- Installing: /home/vishnu/colcon_ws/src/install/linkattacher_msgs/local/lib/python3.10/dist-packages/linkattacher_msgs/linkattacher_msgs_s__rosidl_typesupport_fastrtps_c.cpython-310-x86_64-linux-gnu.so
[0.676s] -- Set runtime path of "/home/vishnu/colcon_ws/src/install/linkattacher_msgs/local/lib/python3.10/dist-packages/linkattacher_msgs/linkattacher_msgs_s__rosidl_typesupport_fastrtps_c.cpython-310-x86_64-linux-gnu.so" to ""
[0.676s] -- Installing: /home/vishnu/colcon_ws/src/install/linkattacher_msgs/local/lib/python3.10/dist-packages/linkattacher_msgs/linkattacher_msgs_s__rosidl_typesupport_introspection_c.cpython-310-x86_64-linux-gnu.so
[0.676s] -- Set runtime path of "/home/vishnu/colcon_ws/src/install/linkattacher_msgs/local/lib/python3.10/dist-packages/linkattacher_msgs/linkattacher_msgs_s__rosidl_typesupport_introspection_c.cpython-310-x86_64-linux-gnu.so" to ""
[0.676s] -- Installing: /home/vishnu/colcon_ws/src/install/linkattacher_msgs/local/lib/python3.10/dist-packages/linkattacher_msgs/linkattacher_msgs_s__rosidl_typesupport_c.cpython-310-x86_64-linux-gnu.so
[0.676s] -- Set runtime path of "/home/vishnu/colcon_ws/src/install/linkattacher_msgs/local/lib/python3.10/dist-packages/linkattacher_msgs/linkattacher_msgs_s__rosidl_typesupport_c.cpython-310-x86_64-linux-gnu.so" to ""
[0.677s] -- Installing: /home/vishnu/colcon_ws/src/install/linkattacher_msgs/lib/liblinkattacher_msgs__rosidl_generator_py.so
[0.677s] -- Set runtime path of "/home/vishnu/colcon_ws/src/install/linkattacher_msgs/lib/liblinkattacher_msgs__rosidl_generator_py.so" to ""
[0.677s] -- Up-to-date: /home/vishnu/colcon_ws/src/install/linkattacher_msgs/share/linkattacher_msgs/srv/AttachLink.idl
[0.677s] -- Up-to-date: /home/vishnu/colcon_ws/src/install/linkattacher_msgs/share/linkattacher_msgs/srv/DetachLink.idl
[0.677s] -- Up-to-date: /home/vishnu/colcon_ws/src/install/linkattacher_msgs/share/linkattacher_msgs/srv/AttachLink.srv
[0.677s] -- Up-to-date: /home/vishnu/colcon_ws/src/install/linkattacher_msgs/share/linkattacher_msgs/srv/AttachLink_Request.msg
[0.677s] -- Up-to-date: /home/vishnu/colcon_ws/src/install/linkattacher_msgs/share/linkattacher_msgs/srv/AttachLink_Response.msg
[0.677s] -- Up-to-date: /home/vishnu/colcon_ws/src/install/linkattacher_msgs/share/linkattacher_msgs/srv/DetachLink.srv
[0.677s] -- Up-to-date: /home/vishnu/colcon_ws/src/install/linkattacher_msgs/share/linkattacher_msgs/srv/DetachLink_Request.msg
[0.678s] -- Up-to-date: /home/vishnu/colcon_ws/src/install/linkattacher_msgs/share/linkattacher_msgs/srv/DetachLink_Response.msg
[0.678s] -- Up-to-date: /home/vishnu/colcon_ws/src/install/linkattacher_msgs/share/ament_index/resource_index/package_run_dependencies/linkattacher_msgs
[0.678s] -- Up-to-date: /home/vishnu/colcon_ws/src/install/linkattacher_msgs/share/ament_index/resource_index/parent_prefix_path/linkattacher_msgs
[0.678s] -- Up-to-date: /home/vishnu/colcon_ws/src/install/linkattacher_msgs/share/linkattacher_msgs/environment/ament_prefix_path.sh
[0.678s] -- Up-to-date: /home/vishnu/colcon_ws/src/install/linkattacher_msgs/share/linkattacher_msgs/environment/ament_prefix_path.dsv
[0.678s] -- Up-to-date: /home/vishnu/colcon_ws/src/install/linkattacher_msgs/share/linkattacher_msgs/environment/path.sh
[0.678s] -- Up-to-date: /home/vishnu/colcon_ws/src/install/linkattacher_msgs/share/linkattacher_msgs/environment/path.dsv
[0.678s] -- Up-to-date: /home/vishnu/colcon_ws/src/install/linkattacher_msgs/share/linkattacher_msgs/local_setup.bash
[0.678s] -- Up-to-date: /home/vishnu/colcon_ws/src/install/linkattacher_msgs/share/linkattacher_msgs/local_setup.sh
[0.678s] -- Up-to-date: /home/vishnu/colcon_ws/src/install/linkattacher_msgs/share/linkattacher_msgs/local_setup.zsh
[0.678s] -- Up-to-date: /home/vishnu/colcon_ws/src/install/linkattacher_msgs/share/linkattacher_msgs/local_setup.dsv
[0.678s] -- Installing: /home/vishnu/colcon_ws/src/install/linkattacher_msgs/share/linkattacher_msgs/package.dsv
[0.678s] -- Up-to-date: /home/vishnu/colcon_ws/src/install/linkattacher_msgs/share/ament_index/resource_index/packages/linkattacher_msgs
[0.679s] -- Up-to-date: /home/vishnu/colcon_ws/src/install/linkattacher_msgs/share/linkattacher_msgs/cmake/export_linkattacher_msgs__rosidl_generator_cExport.cmake
[0.679s] -- Up-to-date: /home/vishnu/colcon_ws/src/install/linkattacher_msgs/share/linkattacher_msgs/cmake/export_linkattacher_msgs__rosidl_generator_cExport-noconfig.cmake
[0.680s] -- Up-to-date: /home/vishnu/colcon_ws/src/install/linkattacher_msgs/share/linkattacher_msgs/cmake/export_linkattacher_msgs__rosidl_typesupport_fastrtps_cExport.cmake
[0.680s] -- Up-to-date: /home/vishnu/colcon_ws/src/install/linkattacher_msgs/share/linkattacher_msgs/cmake/export_linkattacher_msgs__rosidl_typesupport_fastrtps_cExport-noconfig.cmake
[0.681s] -- Up-to-date: /home/vishnu/colcon_ws/src/install/linkattacher_msgs/share/linkattacher_msgs/cmake/linkattacher_msgs__rosidl_typesupport_introspection_cExport.cmake
[0.681s] -- Up-to-date: /home/vishnu/colcon_ws/src/install/linkattacher_msgs/share/linkattacher_msgs/cmake/linkattacher_msgs__rosidl_typesupport_introspection_cExport-noconfig.cmake
[0.681s] -- Up-to-date: /home/vishnu/colcon_ws/src/install/linkattacher_msgs/share/linkattacher_msgs/cmake/linkattacher_msgs__rosidl_typesupport_cExport.cmake
[0.682s] -- Up-to-date: /home/vishnu/colcon_ws/src/install/linkattacher_msgs/share/linkattacher_msgs/cmake/linkattacher_msgs__rosidl_typesupport_cExport-noconfig.cmake
[0.682s] -- Up-to-date: /home/vishnu/colcon_ws/src/install/linkattacher_msgs/share/linkattacher_msgs/cmake/export_linkattacher_msgs__rosidl_generator_cppExport.cmake
[0.683s] -- Up-to-date: /home/vishnu/colcon_ws/src/install/linkattacher_msgs/share/linkattacher_msgs/cmake/export_linkattacher_msgs__rosidl_typesupport_fastrtps_cppExport.cmake
[0.683s] -- Up-to-date: /home/vishnu/colcon_ws/src/install/linkattacher_msgs/share/linkattacher_msgs/cmake/export_linkattacher_msgs__rosidl_typesupport_fastrtps_cppExport-noconfig.cmake
[0.684s] -- Up-to-date: /home/vishnu/colcon_ws/src/install/linkattacher_msgs/share/linkattacher_msgs/cmake/linkattacher_msgs__rosidl_typesupport_introspection_cppExport.cmake
[0.684s] -- Up-to-date: /home/vishnu/colcon_ws/src/install/linkattacher_msgs/share/linkattacher_msgs/cmake/linkattacher_msgs__rosidl_typesupport_introspection_cppExport-noconfig.cmake
[0.684s] -- Up-to-date: /home/vishnu/colcon_ws/src/install/linkattacher_msgs/share/linkattacher_msgs/cmake/linkattacher_msgs__rosidl_typesupport_cppExport.cmake
[0.684s] -- Up-to-date: /home/vishnu/colcon_ws/src/install/linkattacher_msgs/share/linkattacher_msgs/cmake/linkattacher_msgs__rosidl_typesupport_cppExport-noconfig.cmake
[0.685s] -- Up-to-date: /home/vishnu/colcon_ws/src/install/linkattacher_msgs/share/linkattacher_msgs/cmake/export_linkattacher_msgs__rosidl_generator_pyExport.cmake
[0.685s] -- Up-to-date: /home/vishnu/colcon_ws/src/install/linkattacher_msgs/share/linkattacher_msgs/cmake/export_linkattacher_msgs__rosidl_generator_pyExport-noconfig.cmake
[0.685s] -- Up-to-date: /home/vishnu/colcon_ws/src/install/linkattacher_msgs/share/linkattacher_msgs/cmake/rosidl_cmake-extras.cmake
[0.686s] -- Up-to-date: /home/vishnu/colcon_ws/src/install/linkattacher_msgs/share/linkattacher_msgs/cmake/ament_cmake_export_include_directories-extras.cmake
[0.686s] -- Up-to-date: /home/vishnu/colcon_ws/src/install/linkattacher_msgs/share/linkattacher_msgs/cmake/ament_cmake_export_libraries-extras.cmake
[0.687s] -- Up-to-date: /home/vishnu/colcon_ws/src/install/linkattacher_msgs/share/linkattacher_msgs/cmake/ament_cmake_export_targets-extras.cmake
[0.687s] -- Up-to-date: /home/vishnu/colcon_ws/src/install/linkattacher_msgs/share/linkattacher_msgs/cmake/rosidl_cmake_export_typesupport_targets-extras.cmake
[0.687s] -- Up-to-date: /home/vishnu/colcon_ws/src/install/linkattacher_msgs/share/linkattacher_msgs/cmake/ament_cmake_export_dependencies-extras.cmake
[0.687s] -- Up-to-date: /home/vishnu/colcon_ws/src/install/linkattacher_msgs/share/linkattacher_msgs/cmake/rosidl_cmake_export_typesupport_libraries-extras.cmake
[0.687s] -- Up-to-date: /home/vishnu/colcon_ws/src/install/linkattacher_msgs/share/linkattacher_msgs/cmake/linkattacher_msgsConfig.cmake
[0.687s] -- Up-to-date: /home/vishnu/colcon_ws/src/install/linkattacher_msgs/share/linkattacher_msgs/cmake/linkattacher_msgsConfig-version.cmake
[0.687s] -- Up-to-date: /home/vishnu/colcon_ws/src/install/linkattacher_msgs/share/linkattacher_msgs/package.xml
[0.729s] Invoked command in '/home/vishnu/colcon_ws/src/build/linkattacher_msgs' returned '0': CMAKE_PREFIX_PATH=${CMAKE_PREFIX_PATH}:/opt/ros/humble /usr/bin/cmake --install /home/vishnu/colcon_ws/src/build/linkattacher_msgs
