[0.063s] Invoking command in '/home/vishnu/colcon_ws/src/build/ebot_description': AMENT_PREFIX_PATH=/home/vishnu/colcon_ws/src/install/ebot_docking:${AMENT_PREFIX_PATH} CMAKE_PREFIX_PATH=/home/vishnu/colcon_ws/src/install/ebot_docking:/home/vishnu/colcon_ws/install/ur_description:/home/vishnu/colcon_ws/install/realsense_gazebo_plugin:/home/vishnu/colcon_ws/install/pymoveit2:/home/vishnu/colcon_ws/install/linkattacher_msgs:/home/vishnu/colcon_ws/install/gazebo_ros2_control:/home/vishnu/colcon_ws/install/eyantra_warehouse:/home/vishnu/colcon_ws/install/ebot_nav2:/home/vishnu/colcon_ws/install/ebot_description:/home/vishnu/colcon_ws/install/ebot_docking:/home/vishnu/colcon_ws/install/aws_robomaker_small_warehouse_world:/opt/ros/humble LD_LIBRARY_PATH=/home/vishnu/colcon_ws/src/install/ebot_docking/lib:/home/vishnu/colcon_ws/install/realsense_gazebo_plugin/lib:/home/vishnu/colcon_ws/install/linkattacher_msgs/lib:/home/vishnu/colcon_ws/install/gazebo_ros2_control/lib:/home/vishnu/colcon_ws/install/ebot_docking/lib:/usr/lib/x86_64-linux-gnu/gazebo-11/plugins:/opt/ros/humble/opt/rviz_ogre_vendor/lib:/opt/ros/humble/lib/x86_64-linux-gnu:/opt/ros/humble/lib:/usr/share/gazebo-11/../../lib/x86_64-linux-gnu/gazebo-11/plugins PYTHONPATH=/home/vishnu/colcon_ws/src/install/ebot_docking/local/lib/python3.10/dist-packages:${PYTHONPATH} /usr/bin/cmake /home/vishnu/colcon_ws/src/ebot_description -DCMAKE_INSTALL_PREFIX=/home/vishnu/colcon_ws/src/install/ebot_description
[0.120s] -- The C compiler identification is GNU 11.4.0
[0.178s] -- The CXX compiler identification is GNU 11.4.0
[0.186s] -- Detecting C compiler ABI info
[0.254s] -- Detecting C compiler ABI info - done
[0.262s] -- Check for working C compiler: /usr/bin/cc - skipped
[0.262s] -- Detecting C compile features
[0.262s] -- Detecting C compile features - done
[0.265s] -- Detecting CXX compiler ABI info
[0.347s] -- Detecting CXX compiler ABI info - done
[0.355s] -- Check for working CXX compiler: /usr/bin/c++ - skipped
[0.355s] -- Detecting CXX compile features
[0.356s] -- Detecting CXX compile features - done
[0.359s] -- Found ament_cmake: 1.3.5 (/opt/ros/humble/share/ament_cmake/cmake)
[0.568s] -- Found Python3: /usr/bin/python3.10 (found version "3.10.12") found components: Interpreter 
[0.683s] -- Found rclcpp: 16.0.6 (/opt/ros/humble/share/rclcpp/cmake)
[0.737s] -- Found rosidl_generator_c: 3.1.5 (/opt/ros/humble/share/rosidl_generator_c/cmake)
[0.744s] -- Found rosidl_adapter: 3.1.5 (/opt/ros/humble/share/rosidl_adapter/cmake)
[0.755s] -- Found rosidl_generator_cpp: 3.1.5 (/opt/ros/humble/share/rosidl_generator_cpp/cmake)
[0.771s] -- Using all available rosidl_typesupport_c: rosidl_typesupport_fastrtps_c;rosidl_typesupport_introspection_c
[0.796s] -- Using all available rosidl_typesupport_cpp: rosidl_typesupport_fastrtps_cpp;rosidl_typesupport_introspection_cpp
[0.884s] -- Found rmw_implementation_cmake: 6.1.1 (/opt/ros/humble/share/rmw_implementation_cmake/cmake)
[0.888s] -- Found rmw_fastrtps_cpp: 6.2.4 (/opt/ros/humble/share/rmw_fastrtps_cpp/cmake)
[1.003s] -- Found OpenSSL: /usr/lib/x86_64-linux-gnu/libcrypto.so (found version "3.0.2")  
[1.034s] -- Found FastRTPS: /opt/ros/humble/include  
[1.087s] -- Using RMW implementation 'rmw_fastrtps_cpp' as default
[1.099s] -- Looking for pthread.h
[1.172s] -- Looking for pthread.h - found
[1.172s] -- Performing Test CMAKE_HAVE_LIBC_PTHREAD
[1.247s] -- Performing Test CMAKE_HAVE_LIBC_PTHREAD - Success
[1.249s] -- Found Threads: TRUE  
[1.429s] -- Found rclpy: 3.3.10 (/opt/ros/humble/share/rclpy/cmake)
[1.431s] -- Found urdf: 2.6.0 (/opt/ros/humble/share/urdf/cmake)
[1.478s] -- Found xacro: 2.0.8 (/opt/ros/humble/share/xacro/cmake)
[1.478s] -- Found ebot_docking: 0.0.0 (/home/vishnu/colcon_ws/src/install/ebot_docking/share/ebot_docking/cmake)
[1.495s] -- Found ament_lint_auto: 0.12.8 (/opt/ros/humble/share/ament_lint_auto/cmake)
[1.587s] -- Added test 'copyright' to check source files copyright and LICENSE
[1.590s] -- Added test 'flake8' to check Python code syntax and style conventions
[1.590s] -- Added test 'lint_cmake' to check CMake code style
[1.591s] -- Added test 'pep257' to check Python code against some of the docstring style conventions in PEP 257
[1.593s] -- Added test 'xmllint' to check XML markup files
[1.594s] -- Configuring done
[1.599s] -- Generating done
[1.600s] -- Build files have been written to: /home/vishnu/colcon_ws/src/build/ebot_description
[1.610s] Invoked command in '/home/vishnu/colcon_ws/src/build/ebot_description' returned '0': AMENT_PREFIX_PATH=/home/vishnu/colcon_ws/src/install/ebot_docking:${AMENT_PREFIX_PATH} CMAKE_PREFIX_PATH=/home/vishnu/colcon_ws/src/install/ebot_docking:/home/vishnu/colcon_ws/install/ur_description:/home/vishnu/colcon_ws/install/realsense_gazebo_plugin:/home/vishnu/colcon_ws/install/pymoveit2:/home/vishnu/colcon_ws/install/linkattacher_msgs:/home/vishnu/colcon_ws/install/gazebo_ros2_control:/home/vishnu/colcon_ws/install/eyantra_warehouse:/home/vishnu/colcon_ws/install/ebot_nav2:/home/vishnu/colcon_ws/install/ebot_description:/home/vishnu/colcon_ws/install/ebot_docking:/home/vishnu/colcon_ws/install/aws_robomaker_small_warehouse_world:/opt/ros/humble LD_LIBRARY_PATH=/home/vishnu/colcon_ws/src/install/ebot_docking/lib:/home/vishnu/colcon_ws/install/realsense_gazebo_plugin/lib:/home/vishnu/colcon_ws/install/linkattacher_msgs/lib:/home/vishnu/colcon_ws/install/gazebo_ros2_control/lib:/home/vishnu/colcon_ws/install/ebot_docking/lib:/usr/lib/x86_64-linux-gnu/gazebo-11/plugins:/opt/ros/humble/opt/rviz_ogre_vendor/lib:/opt/ros/humble/lib/x86_64-linux-gnu:/opt/ros/humble/lib:/usr/share/gazebo-11/../../lib/x86_64-linux-gnu/gazebo-11/plugins PYTHONPATH=/home/vishnu/colcon_ws/src/install/ebot_docking/local/lib/python3.10/dist-packages:${PYTHONPATH} /usr/bin/cmake /home/vishnu/colcon_ws/src/ebot_description -DCMAKE_INSTALL_PREFIX=/home/vishnu/colcon_ws/src/install/ebot_description
[1.611s] Invoking command in '/home/vishnu/colcon_ws/src/build/ebot_description': AMENT_PREFIX_PATH=/home/vishnu/colcon_ws/src/install/ebot_docking:${AMENT_PREFIX_PATH} CMAKE_PREFIX_PATH=/home/vishnu/colcon_ws/src/install/ebot_docking:/home/vishnu/colcon_ws/install/ur_description:/home/vishnu/colcon_ws/install/realsense_gazebo_plugin:/home/vishnu/colcon_ws/install/pymoveit2:/home/vishnu/colcon_ws/install/linkattacher_msgs:/home/vishnu/colcon_ws/install/gazebo_ros2_control:/home/vishnu/colcon_ws/install/eyantra_warehouse:/home/vishnu/colcon_ws/install/ebot_nav2:/home/vishnu/colcon_ws/install/ebot_description:/home/vishnu/colcon_ws/install/ebot_docking:/home/vishnu/colcon_ws/install/aws_robomaker_small_warehouse_world:/opt/ros/humble LD_LIBRARY_PATH=/home/vishnu/colcon_ws/src/install/ebot_docking/lib:/home/vishnu/colcon_ws/install/realsense_gazebo_plugin/lib:/home/vishnu/colcon_ws/install/linkattacher_msgs/lib:/home/vishnu/colcon_ws/install/gazebo_ros2_control/lib:/home/vishnu/colcon_ws/install/ebot_docking/lib:/usr/lib/x86_64-linux-gnu/gazebo-11/plugins:/opt/ros/humble/opt/rviz_ogre_vendor/lib:/opt/ros/humble/lib/x86_64-linux-gnu:/opt/ros/humble/lib:/usr/share/gazebo-11/../../lib/x86_64-linux-gnu/gazebo-11/plugins PYTHONPATH=/home/vishnu/colcon_ws/src/install/ebot_docking/local/lib/python3.10/dist-packages:${PYTHONPATH} /usr/bin/cmake --build /home/vishnu/colcon_ws/src/build/ebot_description -- -j16 -l16
[1.651s] Invoked command in '/home/vishnu/colcon_ws/src/build/ebot_description' returned '0': AMENT_PREFIX_PATH=/home/vishnu/colcon_ws/src/install/ebot_docking:${AMENT_PREFIX_PATH} CMAKE_PREFIX_PATH=/home/vishnu/colcon_ws/src/install/ebot_docking:/home/vishnu/colcon_ws/install/ur_description:/home/vishnu/colcon_ws/install/realsense_gazebo_plugin:/home/vishnu/colcon_ws/install/pymoveit2:/home/vishnu/colcon_ws/install/linkattacher_msgs:/home/vishnu/colcon_ws/install/gazebo_ros2_control:/home/vishnu/colcon_ws/install/eyantra_warehouse:/home/vishnu/colcon_ws/install/ebot_nav2:/home/vishnu/colcon_ws/install/ebot_description:/home/vishnu/colcon_ws/install/ebot_docking:/home/vishnu/colcon_ws/install/aws_robomaker_small_warehouse_world:/opt/ros/humble LD_LIBRARY_PATH=/home/vishnu/colcon_ws/src/install/ebot_docking/lib:/home/vishnu/colcon_ws/install/realsense_gazebo_plugin/lib:/home/vishnu/colcon_ws/install/linkattacher_msgs/lib:/home/vishnu/colcon_ws/install/gazebo_ros2_control/lib:/home/vishnu/colcon_ws/install/ebot_docking/lib:/usr/lib/x86_64-linux-gnu/gazebo-11/plugins:/opt/ros/humble/opt/rviz_ogre_vendor/lib:/opt/ros/humble/lib/x86_64-linux-gnu:/opt/ros/humble/lib:/usr/share/gazebo-11/../../lib/x86_64-linux-gnu/gazebo-11/plugins PYTHONPATH=/home/vishnu/colcon_ws/src/install/ebot_docking/local/lib/python3.10/dist-packages:${PYTHONPATH} /usr/bin/cmake --build /home/vishnu/colcon_ws/src/build/ebot_description -- -j16 -l16
[1.677s] Invoking command in '/home/vishnu/colcon_ws/src/build/ebot_description': AMENT_PREFIX_PATH=/home/vishnu/colcon_ws/src/install/ebot_docking:${AMENT_PREFIX_PATH} CMAKE_PREFIX_PATH=/home/vishnu/colcon_ws/src/install/ebot_docking:/home/vishnu/colcon_ws/install/ur_description:/home/vishnu/colcon_ws/install/realsense_gazebo_plugin:/home/vishnu/colcon_ws/install/pymoveit2:/home/vishnu/colcon_ws/install/linkattacher_msgs:/home/vishnu/colcon_ws/install/gazebo_ros2_control:/home/vishnu/colcon_ws/install/eyantra_warehouse:/home/vishnu/colcon_ws/install/ebot_nav2:/home/vishnu/colcon_ws/install/ebot_description:/home/vishnu/colcon_ws/install/ebot_docking:/home/vishnu/colcon_ws/install/aws_robomaker_small_warehouse_world:/opt/ros/humble LD_LIBRARY_PATH=/home/vishnu/colcon_ws/src/install/ebot_docking/lib:/home/vishnu/colcon_ws/install/realsense_gazebo_plugin/lib:/home/vishnu/colcon_ws/install/linkattacher_msgs/lib:/home/vishnu/colcon_ws/install/gazebo_ros2_control/lib:/home/vishnu/colcon_ws/install/ebot_docking/lib:/usr/lib/x86_64-linux-gnu/gazebo-11/plugins:/opt/ros/humble/opt/rviz_ogre_vendor/lib:/opt/ros/humble/lib/x86_64-linux-gnu:/opt/ros/humble/lib:/usr/share/gazebo-11/../../lib/x86_64-linux-gnu/gazebo-11/plugins PYTHONPATH=/home/vishnu/colcon_ws/src/install/ebot_docking/local/lib/python3.10/dist-packages:${PYTHONPATH} /usr/bin/cmake --install /home/vishnu/colcon_ws/src/build/ebot_description
[1.684s] -- Install configuration: ""
[1.684s] -- Installing: /home/vishnu/colcon_ws/src/install/ebot_description/share/ebot_description//launch
[1.684s] -- Installing: /home/vishnu/colcon_ws/src/install/ebot_description/share/ebot_description//launch/ebot_gazebo_launch.py
[1.685s] -- Installing: /home/vishnu/colcon_ws/src/install/ebot_description/share/ebot_description//launch/spawn_robot.py
[1.685s] -- Installing: /home/vishnu/colcon_ws/src/install/ebot_description/share/ebot_description//launch/start_world_launch.py
[1.685s] -- Installing: /home/vishnu/colcon_ws/src/install/ebot_description/share/ebot_description//worlds
[1.685s] -- Installing: /home/vishnu/colcon_ws/src/install/ebot_description/share/ebot_description//worlds/empty.world
[1.685s] -- Installing: /home/vishnu/colcon_ws/src/install/ebot_description/share/ebot_description//models
[1.685s] -- Installing: /home/vishnu/colcon_ws/src/install/ebot_description/share/ebot_description//models/ebot
[1.685s] -- Installing: /home/vishnu/colcon_ws/src/install/ebot_description/share/ebot_description//models/ebot/ebot.gazebo
[1.686s] -- Installing: /home/vishnu/colcon_ws/src/install/ebot_description/share/ebot_description//models/ebot/ebot_description.xacro
[1.686s] -- Installing: /home/vishnu/colcon_ws/src/install/ebot_description/share/ebot_description//meshes
[1.686s] -- Installing: /home/vishnu/colcon_ws/src/install/ebot_description/share/ebot_description//meshes/FWR.STL
[1.687s] -- Installing: /home/vishnu/colcon_ws/src/install/ebot_description/share/ebot_description//meshes/RWR.STL
[1.688s] -- Installing: /home/vishnu/colcon_ws/src/install/ebot_description/share/ebot_description//meshes/FWL.STL
[1.689s] -- Installing: /home/vishnu/colcon_ws/src/install/ebot_description/share/ebot_description//meshes/FUS4.STL
[1.689s] -- Installing: /home/vishnu/colcon_ws/src/install/ebot_description/share/ebot_description//meshes/RHUS9.STL
[1.689s] -- Installing: /home/vishnu/colcon_ws/src/install/ebot_description/share/ebot_description//meshes/FUS3.STL
[1.689s] -- Installing: /home/vishnu/colcon_ws/src/install/ebot_description/share/ebot_description//meshes/RUS6.STL
[1.689s] -- Installing: /home/vishnu/colcon_ws/src/install/ebot_description/share/ebot_description//meshes/RUS5.STL
[1.690s] -- Installing: /home/vishnu/colcon_ws/src/install/ebot_description/share/ebot_description//meshes/FUS1.STL
[1.690s] -- Installing: /home/vishnu/colcon_ws/src/install/ebot_description/share/ebot_description//meshes/RWL.STL
[1.691s] -- Installing: /home/vishnu/colcon_ws/src/install/ebot_description/share/ebot_description//meshes/RHUS7.STL
[1.691s] -- Installing: /home/vishnu/colcon_ws/src/install/ebot_description/share/ebot_description//meshes/LHUS10.STL
[1.691s] -- Installing: /home/vishnu/colcon_ws/src/install/ebot_description/share/ebot_description//meshes/LHUS9.STL
[1.692s] -- Installing: /home/vishnu/colcon_ws/src/install/ebot_description/share/ebot_description//meshes/robot_base.stl
[1.692s] -- Installing: /home/vishnu/colcon_ws/src/install/ebot_description/share/ebot_description//meshes/chassis.dae
[1.725s] -- Installing: /home/vishnu/colcon_ws/src/install/ebot_description/share/ebot_description//meshes/FUS2.STL
[1.725s] -- Installing: /home/vishnu/colcon_ws/src/install/ebot_description/share/ebot_description//plugins
[1.725s] -- Installing: /home/vishnu/colcon_ws/src/install/ebot_description/share/ebot_description//plugins/libgazebo_ros_vacuum_gripper.so
[1.729s] -- Installing: /home/vishnu/colcon_ws/src/install/ebot_description/share/ebot_description//plugins/libgazebo_collision_sensor.so
[1.731s] -- Installing: /home/vishnu/colcon_ws/src/install/ebot_description/share/ament_index/resource_index/package_run_dependencies/ebot_description
[1.732s] -- Installing: /home/vishnu/colcon_ws/src/install/ebot_description/share/ament_index/resource_index/parent_prefix_path/ebot_description
[1.732s] -- Installing: /home/vishnu/colcon_ws/src/install/ebot_description/share/ebot_description/environment/ament_prefix_path.sh
[1.732s] -- Installing: /home/vishnu/colcon_ws/src/install/ebot_description/share/ebot_description/environment/ament_prefix_path.dsv
[1.732s] -- Installing: /home/vishnu/colcon_ws/src/install/ebot_description/share/ebot_description/environment/path.sh
[1.732s] -- Installing: /home/vishnu/colcon_ws/src/install/ebot_description/share/ebot_description/environment/path.dsv
[1.732s] -- Installing: /home/vishnu/colcon_ws/src/install/ebot_description/share/ebot_description/local_setup.bash
[1.732s] -- Installing: /home/vishnu/colcon_ws/src/install/ebot_description/share/ebot_description/local_setup.sh
[1.732s] -- Installing: /home/vishnu/colcon_ws/src/install/ebot_description/share/ebot_description/local_setup.zsh
[1.733s] -- Installing: /home/vishnu/colcon_ws/src/install/ebot_description/share/ebot_description/local_setup.dsv
[1.733s] -- Installing: /home/vishnu/colcon_ws/src/install/ebot_description/share/ebot_description/package.dsv
[1.733s] -- Installing: /home/vishnu/colcon_ws/src/install/ebot_description/share/ament_index/resource_index/packages/ebot_description
[1.733s] -- Installing: /home/vishnu/colcon_ws/src/install/ebot_description/share/ebot_description/cmake/ebot_descriptionConfig.cmake
[1.733s] -- Installing: /home/vishnu/colcon_ws/src/install/ebot_description/share/ebot_description/cmake/ebot_descriptionConfig-version.cmake
[1.733s] -- Installing: /home/vishnu/colcon_ws/src/install/ebot_description/share/ebot_description/package.xml
[1.734s] Invoked command in '/home/vishnu/colcon_ws/src/build/ebot_description' returned '0': AMENT_PREFIX_PATH=/home/vishnu/colcon_ws/src/install/ebot_docking:${AMENT_PREFIX_PATH} CMAKE_PREFIX_PATH=/home/vishnu/colcon_ws/src/install/ebot_docking:/home/vishnu/colcon_ws/install/ur_description:/home/vishnu/colcon_ws/install/realsense_gazebo_plugin:/home/vishnu/colcon_ws/install/pymoveit2:/home/vishnu/colcon_ws/install/linkattacher_msgs:/home/vishnu/colcon_ws/install/gazebo_ros2_control:/home/vishnu/colcon_ws/install/eyantra_warehouse:/home/vishnu/colcon_ws/install/ebot_nav2:/home/vishnu/colcon_ws/install/ebot_description:/home/vishnu/colcon_ws/install/ebot_docking:/home/vishnu/colcon_ws/install/aws_robomaker_small_warehouse_world:/opt/ros/humble LD_LIBRARY_PATH=/home/vishnu/colcon_ws/src/install/ebot_docking/lib:/home/vishnu/colcon_ws/install/realsense_gazebo_plugin/lib:/home/vishnu/colcon_ws/install/linkattacher_msgs/lib:/home/vishnu/colcon_ws/install/gazebo_ros2_control/lib:/home/vishnu/colcon_ws/install/ebot_docking/lib:/usr/lib/x86_64-linux-gnu/gazebo-11/plugins:/opt/ros/humble/opt/rviz_ogre_vendor/lib:/opt/ros/humble/lib/x86_64-linux-gnu:/opt/ros/humble/lib:/usr/share/gazebo-11/../../lib/x86_64-linux-gnu/gazebo-11/plugins PYTHONPATH=/home/vishnu/colcon_ws/src/install/ebot_docking/local/lib/python3.10/dist-packages:${PYTHONPATH} /usr/bin/cmake --install /home/vishnu/colcon_ws/src/build/ebot_description
