-- The C compiler identification is GNU 11.4.0
-- The CXX compiler identification is GNU 11.4.0
-- Detecting C compiler ABI info
-- Detecting C compiler ABI info - done
-- Check for working C compiler: /usr/bin/cc - skipped
-- Detecting C compile features
-- Detecting C compile features - done
-- Detecting CXX compiler ABI info
-- Detecting CXX compiler ABI info - done
-- Check for working CXX compiler: /usr/bin/c++ - skipped
-- Detecting CXX compile features
-- Detecting CXX compile features - done
-- Found ament_cmake: 1.3.5 (/opt/ros/humble/share/ament_cmake/cmake)
-- Found Python3: /usr/bin/python3.10 (found version "3.10.12") found components: Interpreter 
-- Found rosidl_default_generators: 1.2.0 (/opt/ros/humble/share/rosidl_default_generators/cmake)
-- Using all available rosidl_typesupport_c: rosidl_typesupport_fastrtps_c;rosidl_typesupport_introspection_c
-- Found rosidl_adapter: 3.1.5 (/opt/ros/humble/share/rosidl_adapter/cmake)
-- Using all available rosidl_typesupport_cpp: rosidl_typesupport_fastrtps_cpp;rosidl_typesupport_introspection_cpp
-- Found rclpy: 3.3.10 (/opt/ros/humble/share/rclpy/cmake)
-- Found ament_cmake_ros: 0.10.0 (/opt/ros/humble/share/ament_cmake_ros/cmake)
-- Using all available rosidl_typesupport_c: rosidl_typesupport_fastrtps_c;rosidl_typesupport_introspection_c
-- Using all available rosidl_typesupport_cpp: rosidl_typesupport_fastrtps_cpp;rosidl_typesupport_introspection_cpp
-- Found PythonInterp: /usr/bin/python3 (found suitable version "3.10.12", minimum required is "3.6") 
-- Found python_cmake_module: 0.10.0 (/opt/ros/humble/share/python_cmake_module/cmake)
-- Found PythonLibs: /usr/lib/x86_64-linux-gnu/libpython3.10.so (found suitable version "3.10.12", minimum required is "3.5") 
-- Using PYTHON_EXECUTABLE: /usr/bin/python3
-- Using PYTHON_INCLUDE_DIRS: /usr/include/python3.10
-- Using PYTHON_LIBRARIES: /usr/lib/x86_64-linux-gnu/libpython3.10.so
-- Found PythonExtra: .so  
-- Found ament_lint_auto: 0.12.8 (/opt/ros/humble/share/ament_lint_auto/cmake)
-- Added test 'flake8' to check Python code syntax and style conventions
-- Added test 'lint_cmake' to check CMake code style
-- Added test 'pep257' to check Python code against some of the docstring style conventions in PEP 257
-- Added test 'xmllint' to check XML markup files
-- Configuring done
-- Generating done
-- Build files have been written to: /home/vishnu/colcon_ws/src/build/ebot_docking
[  3%] [34m[1mGenerating C code for ROS interfaces[0m
[  6%] [34m[1mGenerating C++ code for ROS interfaces[0m
[  6%] Built target ament_cmake_python_copy_ebot_docking
running egg_info
creating ebot_docking.egg-info
writing ebot_docking.egg-info/PKG-INFO
writing dependency_links to ebot_docking.egg-info/dependency_links.txt
writing top-level names to ebot_docking.egg-info/top_level.txt
writing manifest file 'ebot_docking.egg-info/SOURCES.txt'
reading manifest file 'ebot_docking.egg-info/SOURCES.txt'
writing manifest file 'ebot_docking.egg-info/SOURCES.txt'
[  6%] Built target ament_cmake_python_build_ebot_docking_egg
[  9%] [32mBuilding C object CMakeFiles/ebot_docking__rosidl_generator_c.dir/rosidl_generator_c/ebot_docking/srv/detail/dock_sw__functions.c.o[0m
[  9%] Built target ebot_docking__cpp
[ 12%] [34m[1mGenerating C++ type support for eProsima Fast-RTPS[0m
[ 16%] [34m[1mGenerating C++ type support dispatch for ROS interfaces[0m
[ 19%] [34m[1mGenerating C++ introspection for ROS interfaces[0m
[ 22%] [32m[1mLinking C shared library libebot_docking__rosidl_generator_c.so[0m
[ 22%] Built target ebot_docking__rosidl_generator_c
[ 25%] [34m[1mGenerating C type support dispatch for ROS interfaces[0m
[ 29%] [34m[1mGenerating C type support for eProsima Fast-RTPS[0m
[ 32%] [34m[1mGenerating C introspection for ROS interfaces[0m
[ 35%] [32mBuilding CXX object CMakeFiles/ebot_docking__rosidl_typesupport_cpp.dir/rosidl_typesupport_cpp/ebot_docking/srv/dock_sw__type_support.cpp.o[0m
[ 38%] [32mBuilding CXX object CMakeFiles/ebot_docking__rosidl_typesupport_fastrtps_cpp.dir/rosidl_typesupport_fastrtps_cpp/ebot_docking/srv/detail/dds_fastrtps/dock_sw__type_support.cpp.o[0m
[ 41%] [32mBuilding CXX object CMakeFiles/ebot_docking__rosidl_typesupport_introspection_cpp.dir/rosidl_typesupport_introspection_cpp/ebot_docking/srv/detail/dock_sw__type_support.cpp.o[0m
[ 45%] [32mBuilding CXX object CMakeFiles/ebot_docking__rosidl_typesupport_c.dir/rosidl_typesupport_c/ebot_docking/srv/dock_sw__type_support.cpp.o[0m
[ 48%] [32mBuilding CXX object CMakeFiles/ebot_docking__rosidl_typesupport_fastrtps_c.dir/rosidl_typesupport_fastrtps_c/ebot_docking/srv/detail/dock_sw__type_support_c.cpp.o[0m
[ 51%] [32m[1mLinking CXX shared library libebot_docking__rosidl_typesupport_c.so[0m
[ 54%] [32mBuilding C object CMakeFiles/ebot_docking__rosidl_typesupport_introspection_c.dir/rosidl_typesupport_introspection_c/ebot_docking/srv/detail/dock_sw__type_support.c.o[0m
[ 54%] Built target ebot_docking__rosidl_typesupport_c
[ 58%] [32m[1mLinking C shared library libebot_docking__rosidl_typesupport_introspection_c.so[0m
[ 58%] Built target ebot_docking__rosidl_typesupport_introspection_c
[ 61%] [32m[1mLinking CXX shared library libebot_docking__rosidl_typesupport_cpp.so[0m
[ 61%] Built target ebot_docking__rosidl_typesupport_cpp
[ 64%] [32m[1mLinking CXX shared library libebot_docking__rosidl_typesupport_introspection_cpp.so[0m
[ 67%] [32m[1mLinking CXX shared library libebot_docking__rosidl_typesupport_fastrtps_c.so[0m
[ 70%] [32m[1mLinking CXX shared library libebot_docking__rosidl_typesupport_fastrtps_cpp.so[0m
[ 70%] Built target ebot_docking__rosidl_typesupport_introspection_cpp
[ 70%] Built target ebot_docking__rosidl_typesupport_fastrtps_c
[ 70%] Built target ebot_docking__rosidl_typesupport_fastrtps_cpp
[ 70%] Built target ebot_docking
[ 74%] [34m[1mGenerating Python code for ROS interfaces[0m
[ 74%] Built target ebot_docking__py
[ 77%] [32mBuilding C object CMakeFiles/ebot_docking__rosidl_generator_py.dir/rosidl_generator_py/ebot_docking/srv/_dock_sw_s.c.o[0m
[ 80%] [32m[1mLinking C shared library rosidl_generator_py/ebot_docking/libebot_docking__rosidl_generator_py.so[0m
[ 80%] Built target ebot_docking__rosidl_generator_py
[ 83%] [32mBuilding C object CMakeFiles/ebot_docking__rosidl_typesupport_fastrtps_c__pyext.dir/rosidl_generator_py/ebot_docking/_ebot_docking_s.ep.rosidl_typesupport_fastrtps_c.c.o[0m
[ 87%] [32mBuilding C object CMakeFiles/ebot_docking__rosidl_typesupport_c__pyext.dir/rosidl_generator_py/ebot_docking/_ebot_docking_s.ep.rosidl_typesupport_c.c.o[0m
[ 90%] [32mBuilding C object CMakeFiles/ebot_docking__rosidl_typesupport_introspection_c__pyext.dir/rosidl_generator_py/ebot_docking/_ebot_docking_s.ep.rosidl_typesupport_introspection_c.c.o[0m
[ 93%] [32m[1mLinking C shared library rosidl_generator_py/ebot_docking/ebot_docking_s__rosidl_typesupport_fastrtps_c.cpython-310-x86_64-linux-gnu.so[0m
[ 96%] [32m[1mLinking C shared library rosidl_generator_py/ebot_docking/ebot_docking_s__rosidl_typesupport_c.cpython-310-x86_64-linux-gnu.so[0m
[100%] [32m[1mLinking C shared library rosidl_generator_py/ebot_docking/ebot_docking_s__rosidl_typesupport_introspection_c.cpython-310-x86_64-linux-gnu.so[0m
[100%] Built target ebot_docking__rosidl_typesupport_fastrtps_c__pyext
[100%] Built target ebot_docking__rosidl_typesupport_c__pyext
[100%] Built target ebot_docking__rosidl_typesupport_introspection_c__pyext
-- Install configuration: ""
-- Installing: /home/vishnu/colcon_ws/src/install/ebot_docking/share/ament_index/resource_index/rosidl_interfaces/ebot_docking
-- Installing: /home/vishnu/colcon_ws/src/install/ebot_docking/include/ebot_docking/ebot_docking
-- Installing: /home/vishnu/colcon_ws/src/install/ebot_docking/include/ebot_docking/ebot_docking/srv
-- Installing: /home/vishnu/colcon_ws/src/install/ebot_docking/include/ebot_docking/ebot_docking/srv/dock_sw.h
-- Installing: /home/vishnu/colcon_ws/src/install/ebot_docking/include/ebot_docking/ebot_docking/srv/detail
-- Installing: /home/vishnu/colcon_ws/src/install/ebot_docking/include/ebot_docking/ebot_docking/srv/detail/dock_sw__functions.c
-- Installing: /home/vishnu/colcon_ws/src/install/ebot_docking/include/ebot_docking/ebot_docking/srv/detail/dock_sw__type_support.h
-- Installing: /home/vishnu/colcon_ws/src/install/ebot_docking/include/ebot_docking/ebot_docking/srv/detail/dock_sw__struct.h
-- Installing: /home/vishnu/colcon_ws/src/install/ebot_docking/include/ebot_docking/ebot_docking/srv/detail/dock_sw__functions.h
-- Installing: /home/vishnu/colcon_ws/src/install/ebot_docking/include/ebot_docking/ebot_docking/msg
-- Installing: /home/vishnu/colcon_ws/src/install/ebot_docking/include/ebot_docking/ebot_docking/msg/rosidl_generator_c__visibility_control.h
-- Installing: /home/vishnu/colcon_ws/src/install/ebot_docking/share/ebot_docking/environment/library_path.sh
-- Installing: /home/vishnu/colcon_ws/src/install/ebot_docking/share/ebot_docking/environment/library_path.dsv
-- Installing: /home/vishnu/colcon_ws/src/install/ebot_docking/lib/libebot_docking__rosidl_generator_c.so
-- Set runtime path of "/home/vishnu/colcon_ws/src/install/ebot_docking/lib/libebot_docking__rosidl_generator_c.so" to ""
-- Up-to-date: /home/vishnu/colcon_ws/src/install/ebot_docking/include/ebot_docking/ebot_docking
-- Up-to-date: /home/vishnu/colcon_ws/src/install/ebot_docking/include/ebot_docking/ebot_docking/srv
-- Up-to-date: /home/vishnu/colcon_ws/src/install/ebot_docking/include/ebot_docking/ebot_docking/srv/detail
-- Installing: /home/vishnu/colcon_ws/src/install/ebot_docking/include/ebot_docking/ebot_docking/srv/detail/dock_sw__rosidl_typesupport_fastrtps_c.h
-- Up-to-date: /home/vishnu/colcon_ws/src/install/ebot_docking/include/ebot_docking/ebot_docking/msg
-- Installing: /home/vishnu/colcon_ws/src/install/ebot_docking/include/ebot_docking/ebot_docking/msg/rosidl_typesupport_fastrtps_c__visibility_control.h
-- Installing: /home/vishnu/colcon_ws/src/install/ebot_docking/lib/libebot_docking__rosidl_typesupport_fastrtps_c.so
-- Set runtime path of "/home/vishnu/colcon_ws/src/install/ebot_docking/lib/libebot_docking__rosidl_typesupport_fastrtps_c.so" to ""
-- Up-to-date: /home/vishnu/colcon_ws/src/install/ebot_docking/include/ebot_docking/ebot_docking
-- Up-to-date: /home/vishnu/colcon_ws/src/install/ebot_docking/include/ebot_docking/ebot_docking/srv
-- Up-to-date: /home/vishnu/colcon_ws/src/install/ebot_docking/include/ebot_docking/ebot_docking/srv/detail
-- Installing: /home/vishnu/colcon_ws/src/install/ebot_docking/include/ebot_docking/ebot_docking/srv/detail/dock_sw__rosidl_typesupport_introspection_c.h
-- Installing: /home/vishnu/colcon_ws/src/install/ebot_docking/include/ebot_docking/ebot_docking/srv/detail/dock_sw__type_support.c
-- Up-to-date: /home/vishnu/colcon_ws/src/install/ebot_docking/include/ebot_docking/ebot_docking/msg
-- Installing: /home/vishnu/colcon_ws/src/install/ebot_docking/include/ebot_docking/ebot_docking/msg/rosidl_typesupport_introspection_c__visibility_control.h
-- Installing: /home/vishnu/colcon_ws/src/install/ebot_docking/lib/libebot_docking__rosidl_typesupport_introspection_c.so
-- Set runtime path of "/home/vishnu/colcon_ws/src/install/ebot_docking/lib/libebot_docking__rosidl_typesupport_introspection_c.so" to ""
-- Installing: /home/vishnu/colcon_ws/src/install/ebot_docking/lib/libebot_docking__rosidl_typesupport_c.so
-- Set runtime path of "/home/vishnu/colcon_ws/src/install/ebot_docking/lib/libebot_docking__rosidl_typesupport_c.so" to ""
-- Up-to-date: /home/vishnu/colcon_ws/src/install/ebot_docking/include/ebot_docking/ebot_docking
-- Up-to-date: /home/vishnu/colcon_ws/src/install/ebot_docking/include/ebot_docking/ebot_docking/srv
-- Installing: /home/vishnu/colcon_ws/src/install/ebot_docking/include/ebot_docking/ebot_docking/srv/dock_sw.hpp
-- Up-to-date: /home/vishnu/colcon_ws/src/install/ebot_docking/include/ebot_docking/ebot_docking/srv/detail
-- Installing: /home/vishnu/colcon_ws/src/install/ebot_docking/include/ebot_docking/ebot_docking/srv/detail/dock_sw__struct.hpp
-- Installing: /home/vishnu/colcon_ws/src/install/ebot_docking/include/ebot_docking/ebot_docking/srv/detail/dock_sw__builder.hpp
-- Installing: /home/vishnu/colcon_ws/src/install/ebot_docking/include/ebot_docking/ebot_docking/srv/detail/dock_sw__traits.hpp
-- Up-to-date: /home/vishnu/colcon_ws/src/install/ebot_docking/include/ebot_docking/ebot_docking
-- Up-to-date: /home/vishnu/colcon_ws/src/install/ebot_docking/include/ebot_docking/ebot_docking/srv
-- Up-to-date: /home/vishnu/colcon_ws/src/install/ebot_docking/include/ebot_docking/ebot_docking/srv/detail
-- Installing: /home/vishnu/colcon_ws/src/install/ebot_docking/include/ebot_docking/ebot_docking/srv/detail/dds_fastrtps
-- Installing: /home/vishnu/colcon_ws/src/install/ebot_docking/include/ebot_docking/ebot_docking/srv/detail/dock_sw__rosidl_typesupport_fastrtps_cpp.hpp
-- Up-to-date: /home/vishnu/colcon_ws/src/install/ebot_docking/include/ebot_docking/ebot_docking/msg
-- Installing: /home/vishnu/colcon_ws/src/install/ebot_docking/include/ebot_docking/ebot_docking/msg/rosidl_typesupport_fastrtps_cpp__visibility_control.h
-- Installing: /home/vishnu/colcon_ws/src/install/ebot_docking/lib/libebot_docking__rosidl_typesupport_fastrtps_cpp.so
-- Set runtime path of "/home/vishnu/colcon_ws/src/install/ebot_docking/lib/libebot_docking__rosidl_typesupport_fastrtps_cpp.so" to ""
-- Up-to-date: /home/vishnu/colcon_ws/src/install/ebot_docking/include/ebot_docking/ebot_docking
-- Up-to-date: /home/vishnu/colcon_ws/src/install/ebot_docking/include/ebot_docking/ebot_docking/srv
-- Up-to-date: /home/vishnu/colcon_ws/src/install/ebot_docking/include/ebot_docking/ebot_docking/srv/detail
-- Installing: /home/vishnu/colcon_ws/src/install/ebot_docking/include/ebot_docking/ebot_docking/srv/detail/dock_sw__rosidl_typesupport_introspection_cpp.hpp
-- Installing: /home/vishnu/colcon_ws/src/install/ebot_docking/include/ebot_docking/ebot_docking/srv/detail/dock_sw__type_support.cpp
-- Installing: /home/vishnu/colcon_ws/src/install/ebot_docking/lib/libebot_docking__rosidl_typesupport_introspection_cpp.so
-- Set runtime path of "/home/vishnu/colcon_ws/src/install/ebot_docking/lib/libebot_docking__rosidl_typesupport_introspection_cpp.so" to ""
-- Installing: /home/vishnu/colcon_ws/src/install/ebot_docking/lib/libebot_docking__rosidl_typesupport_cpp.so
-- Set runtime path of "/home/vishnu/colcon_ws/src/install/ebot_docking/lib/libebot_docking__rosidl_typesupport_cpp.so" to ""
-- Installing: /home/vishnu/colcon_ws/src/install/ebot_docking/share/ebot_docking/environment/pythonpath.sh
-- Installing: /home/vishnu/colcon_ws/src/install/ebot_docking/share/ebot_docking/environment/pythonpath.dsv
-- Installing: /home/vishnu/colcon_ws/src/install/ebot_docking/local/lib/python3.10/dist-packages/ebot_docking-0.0.0-py3.10.egg-info
-- Installing: /home/vishnu/colcon_ws/src/install/ebot_docking/local/lib/python3.10/dist-packages/ebot_docking-0.0.0-py3.10.egg-info/top_level.txt
-- Installing: /home/vishnu/colcon_ws/src/install/ebot_docking/local/lib/python3.10/dist-packages/ebot_docking-0.0.0-py3.10.egg-info/dependency_links.txt
-- Installing: /home/vishnu/colcon_ws/src/install/ebot_docking/local/lib/python3.10/dist-packages/ebot_docking-0.0.0-py3.10.egg-info/SOURCES.txt
-- Installing: /home/vishnu/colcon_ws/src/install/ebot_docking/local/lib/python3.10/dist-packages/ebot_docking-0.0.0-py3.10.egg-info/PKG-INFO
-- Installing: /home/vishnu/colcon_ws/src/install/ebot_docking/local/lib/python3.10/dist-packages/ebot_docking
-- Installing: /home/vishnu/colcon_ws/src/install/ebot_docking/local/lib/python3.10/dist-packages/ebot_docking/srv
-- Installing: /home/vishnu/colcon_ws/src/install/ebot_docking/local/lib/python3.10/dist-packages/ebot_docking/srv/_dock_sw.py
-- Installing: /home/vishnu/colcon_ws/src/install/ebot_docking/local/lib/python3.10/dist-packages/ebot_docking/srv/__init__.py
-- Installing: /home/vishnu/colcon_ws/src/install/ebot_docking/local/lib/python3.10/dist-packages/ebot_docking/srv/_dock_sw_s.c
-- Installing: /home/vishnu/colcon_ws/src/install/ebot_docking/local/lib/python3.10/dist-packages/ebot_docking/ebot_docking_s__rosidl_typesupport_c.cpython-310-x86_64-linux-gnu.so
-- Installing: /home/vishnu/colcon_ws/src/install/ebot_docking/local/lib/python3.10/dist-packages/ebot_docking/libebot_docking__rosidl_generator_py.so
-- Installing: /home/vishnu/colcon_ws/src/install/ebot_docking/local/lib/python3.10/dist-packages/ebot_docking/_ebot_docking_s.ep.rosidl_typesupport_fastrtps_c.c
-- Installing: /home/vishnu/colcon_ws/src/install/ebot_docking/local/lib/python3.10/dist-packages/ebot_docking/__init__.py
-- Installing: /home/vishnu/colcon_ws/src/install/ebot_docking/local/lib/python3.10/dist-packages/ebot_docking/_ebot_docking_s.ep.rosidl_typesupport_introspection_c.c
-- Installing: /home/vishnu/colcon_ws/src/install/ebot_docking/local/lib/python3.10/dist-packages/ebot_docking/_ebot_docking_s.ep.rosidl_typesupport_c.c
-- Installing: /home/vishnu/colcon_ws/src/install/ebot_docking/local/lib/python3.10/dist-packages/ebot_docking/ebot_docking_s__rosidl_typesupport_introspection_c.cpython-310-x86_64-linux-gnu.so
-- Installing: /home/vishnu/colcon_ws/src/install/ebot_docking/local/lib/python3.10/dist-packages/ebot_docking/ebot_docking_s__rosidl_typesupport_fastrtps_c.cpython-310-x86_64-linux-gnu.so
Listing '/home/vishnu/colcon_ws/src/install/ebot_docking/local/lib/python3.10/dist-packages/ebot_docking'...
Compiling '/home/vishnu/colcon_ws/src/install/ebot_docking/local/lib/python3.10/dist-packages/ebot_docking/__init__.py'...
Listing '/home/vishnu/colcon_ws/src/install/ebot_docking/local/lib/python3.10/dist-packages/ebot_docking/srv'...
Compiling '/home/vishnu/colcon_ws/src/install/ebot_docking/local/lib/python3.10/dist-packages/ebot_docking/srv/__init__.py'...
Compiling '/home/vishnu/colcon_ws/src/install/ebot_docking/local/lib/python3.10/dist-packages/ebot_docking/srv/_dock_sw.py'...
-- Installing: /home/vishnu/colcon_ws/src/install/ebot_docking/local/lib/python3.10/dist-packages/ebot_docking/ebot_docking_s__rosidl_typesupport_fastrtps_c.cpython-310-x86_64-linux-gnu.so
-- Set runtime path of "/home/vishnu/colcon_ws/src/install/ebot_docking/local/lib/python3.10/dist-packages/ebot_docking/ebot_docking_s__rosidl_typesupport_fastrtps_c.cpython-310-x86_64-linux-gnu.so" to ""
-- Installing: /home/vishnu/colcon_ws/src/install/ebot_docking/local/lib/python3.10/dist-packages/ebot_docking/ebot_docking_s__rosidl_typesupport_introspection_c.cpython-310-x86_64-linux-gnu.so
-- Set runtime path of "/home/vishnu/colcon_ws/src/install/ebot_docking/local/lib/python3.10/dist-packages/ebot_docking/ebot_docking_s__rosidl_typesupport_introspection_c.cpython-310-x86_64-linux-gnu.so" to ""
-- Installing: /home/vishnu/colcon_ws/src/install/ebot_docking/local/lib/python3.10/dist-packages/ebot_docking/ebot_docking_s__rosidl_typesupport_c.cpython-310-x86_64-linux-gnu.so
-- Set runtime path of "/home/vishnu/colcon_ws/src/install/ebot_docking/local/lib/python3.10/dist-packages/ebot_docking/ebot_docking_s__rosidl_typesupport_c.cpython-310-x86_64-linux-gnu.so" to ""
-- Installing: /home/vishnu/colcon_ws/src/install/ebot_docking/lib/libebot_docking__rosidl_generator_py.so
-- Set runtime path of "/home/vishnu/colcon_ws/src/install/ebot_docking/lib/libebot_docking__rosidl_generator_py.so" to ""
-- Installing: /home/vishnu/colcon_ws/src/install/ebot_docking/share/ebot_docking/srv/DockSw.idl
-- Installing: /home/vishnu/colcon_ws/src/install/ebot_docking/share/ebot_docking/srv/DockSw.srv
-- Installing: /home/vishnu/colcon_ws/src/install/ebot_docking/share/ebot_docking/srv/DockSw_Request.msg
-- Installing: /home/vishnu/colcon_ws/src/install/ebot_docking/share/ebot_docking/srv/DockSw_Response.msg
-- Up-to-date: /home/vishnu/colcon_ws/src/install/ebot_docking/share/ebot_docking//srv
-- Up-to-date: /home/vishnu/colcon_ws/src/install/ebot_docking/share/ebot_docking//srv/DockSw.srv
-- Installing: /home/vishnu/colcon_ws/src/install/ebot_docking/share/ebot_docking//scripts
-- Installing: /home/vishnu/colcon_ws/src/install/ebot_docking/share/ebot_docking//scripts/ebot_docking_boilerplate.py
-- Installing: /home/vishnu/colcon_ws/src/install/ebot_docking/lib/ebot_docking/ebot_docking_boilerplate.py
-- Installing: /home/vishnu/colcon_ws/src/install/ebot_docking/share/ament_index/resource_index/package_run_dependencies/ebot_docking
-- Installing: /home/vishnu/colcon_ws/src/install/ebot_docking/share/ament_index/resource_index/parent_prefix_path/ebot_docking
-- Installing: /home/vishnu/colcon_ws/src/install/ebot_docking/share/ebot_docking/environment/ament_prefix_path.sh
-- Installing: /home/vishnu/colcon_ws/src/install/ebot_docking/share/ebot_docking/environment/ament_prefix_path.dsv
-- Installing: /home/vishnu/colcon_ws/src/install/ebot_docking/share/ebot_docking/environment/path.sh
-- Installing: /home/vishnu/colcon_ws/src/install/ebot_docking/share/ebot_docking/environment/path.dsv
-- Installing: /home/vishnu/colcon_ws/src/install/ebot_docking/share/ebot_docking/local_setup.bash
-- Installing: /home/vishnu/colcon_ws/src/install/ebot_docking/share/ebot_docking/local_setup.sh
-- Installing: /home/vishnu/colcon_ws/src/install/ebot_docking/share/ebot_docking/local_setup.zsh
-- Installing: /home/vishnu/colcon_ws/src/install/ebot_docking/share/ebot_docking/local_setup.dsv
-- Installing: /home/vishnu/colcon_ws/src/install/ebot_docking/share/ebot_docking/package.dsv
-- Installing: /home/vishnu/colcon_ws/src/install/ebot_docking/share/ament_index/resource_index/packages/ebot_docking
-- Installing: /home/vishnu/colcon_ws/src/install/ebot_docking/share/ebot_docking/cmake/export_ebot_docking__rosidl_generator_cExport.cmake
-- Installing: /home/vishnu/colcon_ws/src/install/ebot_docking/share/ebot_docking/cmake/export_ebot_docking__rosidl_generator_cExport-noconfig.cmake
-- Installing: /home/vishnu/colcon_ws/src/install/ebot_docking/share/ebot_docking/cmake/export_ebot_docking__rosidl_typesupport_fastrtps_cExport.cmake
-- Installing: /home/vishnu/colcon_ws/src/install/ebot_docking/share/ebot_docking/cmake/export_ebot_docking__rosidl_typesupport_fastrtps_cExport-noconfig.cmake
-- Installing: /home/vishnu/colcon_ws/src/install/ebot_docking/share/ebot_docking/cmake/ebot_docking__rosidl_typesupport_introspection_cExport.cmake
-- Installing: /home/vishnu/colcon_ws/src/install/ebot_docking/share/ebot_docking/cmake/ebot_docking__rosidl_typesupport_introspection_cExport-noconfig.cmake
-- Installing: /home/vishnu/colcon_ws/src/install/ebot_docking/share/ebot_docking/cmake/ebot_docking__rosidl_typesupport_cExport.cmake
-- Installing: /home/vishnu/colcon_ws/src/install/ebot_docking/share/ebot_docking/cmake/ebot_docking__rosidl_typesupport_cExport-noconfig.cmake
-- Installing: /home/vishnu/colcon_ws/src/install/ebot_docking/share/ebot_docking/cmake/export_ebot_docking__rosidl_generator_cppExport.cmake
-- Installing: /home/vishnu/colcon_ws/src/install/ebot_docking/share/ebot_docking/cmake/export_ebot_docking__rosidl_typesupport_fastrtps_cppExport.cmake
-- Installing: /home/vishnu/colcon_ws/src/install/ebot_docking/share/ebot_docking/cmake/export_ebot_docking__rosidl_typesupport_fastrtps_cppExport-noconfig.cmake
-- Installing: /home/vishnu/colcon_ws/src/install/ebot_docking/share/ebot_docking/cmake/ebot_docking__rosidl_typesupport_introspection_cppExport.cmake
-- Installing: /home/vishnu/colcon_ws/src/install/ebot_docking/share/ebot_docking/cmake/ebot_docking__rosidl_typesupport_introspection_cppExport-noconfig.cmake
-- Installing: /home/vishnu/colcon_ws/src/install/ebot_docking/share/ebot_docking/cmake/ebot_docking__rosidl_typesupport_cppExport.cmake
-- Installing: /home/vishnu/colcon_ws/src/install/ebot_docking/share/ebot_docking/cmake/ebot_docking__rosidl_typesupport_cppExport-noconfig.cmake
-- Installing: /home/vishnu/colcon_ws/src/install/ebot_docking/share/ebot_docking/cmake/export_ebot_docking__rosidl_generator_pyExport.cmake
-- Installing: /home/vishnu/colcon_ws/src/install/ebot_docking/share/ebot_docking/cmake/export_ebot_docking__rosidl_generator_pyExport-noconfig.cmake
-- Installing: /home/vishnu/colcon_ws/src/install/ebot_docking/share/ebot_docking/cmake/rosidl_cmake-extras.cmake
-- Installing: /home/vishnu/colcon_ws/src/install/ebot_docking/share/ebot_docking/cmake/ament_cmake_export_include_directories-extras.cmake
-- Installing: /home/vishnu/colcon_ws/src/install/ebot_docking/share/ebot_docking/cmake/ament_cmake_export_libraries-extras.cmake
-- Installing: /home/vishnu/colcon_ws/src/install/ebot_docking/share/ebot_docking/cmake/ament_cmake_export_targets-extras.cmake
-- Installing: /home/vishnu/colcon_ws/src/install/ebot_docking/share/ebot_docking/cmake/rosidl_cmake_export_typesupport_targets-extras.cmake
-- Installing: /home/vishnu/colcon_ws/src/install/ebot_docking/share/ebot_docking/cmake/ament_cmake_export_dependencies-extras.cmake
-- Installing: /home/vishnu/colcon_ws/src/install/ebot_docking/share/ebot_docking/cmake/rosidl_cmake_export_typesupport_libraries-extras.cmake
-- Installing: /home/vishnu/colcon_ws/src/install/ebot_docking/share/ebot_docking/cmake/ebot_dockingConfig.cmake
-- Installing: /home/vishnu/colcon_ws/src/install/ebot_docking/share/ebot_docking/cmake/ebot_dockingConfig-version.cmake
-- Installing: /home/vishnu/colcon_ws/src/install/ebot_docking/share/ebot_docking/package.xml
