[0.438s] Invoking command in '/home/vishnu/colcon_ws/src/build/ebot_docking': CMAKE_PREFIX_PATH=${CMAKE_PREFIX_PATH}:/opt/ros/humble /usr/bin/cmake /home/vishnu/colcon_ws/src/ebot_docking -DCMAKE_INSTALL_PREFIX=/home/vishnu/colcon_ws/src/install/ebot_docking
[0.527s] -- The C compiler identification is GNU 11.4.0
[0.615s] -- The CXX compiler identification is GNU 11.4.0
[0.624s] -- Detecting C compiler ABI info
[0.698s] -- Detecting C compiler ABI info - done
[0.708s] -- Check for working C compiler: /usr/bin/cc - skipped
[0.708s] -- Detecting C compile features
[0.709s] -- Detecting C compile features - done
[0.713s] -- Detecting CXX compiler ABI info
[0.811s] -- Detecting CXX compiler ABI info - done
[0.821s] -- Check for working CXX compiler: /usr/bin/c++ - skipped
[0.821s] -- Detecting CXX compile features
[0.821s] -- Detecting CXX compile features - done
[0.824s] -- Found ament_cmake: 1.3.5 (/opt/ros/humble/share/ament_cmake/cmake)
[1.041s] -- Found Python3: /usr/bin/python3.10 (found version "3.10.12") found components: Interpreter 
[1.168s] -- Found rosidl_default_generators: 1.2.0 (/opt/ros/humble/share/rosidl_default_generators/cmake)
[1.176s] -- Using all available rosidl_typesupport_c: rosidl_typesupport_fastrtps_c;rosidl_typesupport_introspection_c
[1.189s] -- Found rosidl_adapter: 3.1.5 (/opt/ros/humble/share/rosidl_adapter/cmake)
[1.261s] -- Using all available rosidl_typesupport_cpp: rosidl_typesupport_fastrtps_cpp;rosidl_typesupport_introspection_cpp
[1.322s] -- Found rclpy: 3.3.10 (/opt/ros/humble/share/rclpy/cmake)
[1.670s] -- Found ament_cmake_ros: 0.10.0 (/opt/ros/humble/share/ament_cmake_ros/cmake)
[1.932s] -- Using all available rosidl_typesupport_c: rosidl_typesupport_fastrtps_c;rosidl_typesupport_introspection_c
[2.239s] -- Using all available rosidl_typesupport_cpp: rosidl_typesupport_fastrtps_cpp;rosidl_typesupport_introspection_cpp
[2.267s] -- Found PythonInterp: /usr/bin/python3 (found suitable version "3.10.12", minimum required is "3.6") 
[2.271s] -- Found python_cmake_module: 0.10.0 (/opt/ros/humble/share/python_cmake_module/cmake)
[2.303s] -- Found PythonLibs: /usr/lib/x86_64-linux-gnu/libpython3.10.so (found suitable version "3.10.12", minimum required is "3.5") 
[2.303s] -- Using PYTHON_EXECUTABLE: /usr/bin/python3
[2.303s] -- Using PYTHON_INCLUDE_DIRS: /usr/include/python3.10
[2.303s] -- Using PYTHON_LIBRARIES: /usr/lib/x86_64-linux-gnu/libpython3.10.so
[2.330s] -- Found PythonExtra: .so  
[2.371s] -- Found ament_lint_auto: 0.12.8 (/opt/ros/humble/share/ament_lint_auto/cmake)
[2.395s] -- Added test 'flake8' to check Python code syntax and style conventions
[2.396s] -- Added test 'lint_cmake' to check CMake code style
[2.396s] -- Added test 'pep257' to check Python code against some of the docstring style conventions in PEP 257
[2.398s] -- Added test 'xmllint' to check XML markup files
[2.401s] -- Configuring done
[2.425s] -- Generating done
[2.428s] -- Build files have been written to: /home/vishnu/colcon_ws/src/build/ebot_docking
[2.452s] Invoked command in '/home/vishnu/colcon_ws/src/build/ebot_docking' returned '0': CMAKE_PREFIX_PATH=${CMAKE_PREFIX_PATH}:/opt/ros/humble /usr/bin/cmake /home/vishnu/colcon_ws/src/ebot_docking -DCMAKE_INSTALL_PREFIX=/home/vishnu/colcon_ws/src/install/ebot_docking
[2.453s] Invoking command in '/home/vishnu/colcon_ws/src/build/ebot_docking': CMAKE_PREFIX_PATH=${CMAKE_PREFIX_PATH}:/opt/ros/humble /usr/bin/cmake --build /home/vishnu/colcon_ws/src/build/ebot_docking -- -j16 -l16
[2.499s] [  3%] [34m[1mGenerating C code for ROS interfaces[0m
[2.512s] [  6%] [34m[1mGenerating C++ code for ROS interfaces[0m
[2.522s] [  6%] Built target ament_cmake_python_copy_ebot_docking
[2.792s] running egg_info
[2.792s] creating ebot_docking.egg-info
[2.793s] writing ebot_docking.egg-info/PKG-INFO
[2.793s] writing dependency_links to ebot_docking.egg-info/dependency_links.txt
[2.793s] writing top-level names to ebot_docking.egg-info/top_level.txt
[2.793s] writing manifest file 'ebot_docking.egg-info/SOURCES.txt'
[2.796s] reading manifest file 'ebot_docking.egg-info/SOURCES.txt'
[2.796s] writing manifest file 'ebot_docking.egg-info/SOURCES.txt'
[2.826s] [  6%] Built target ament_cmake_python_build_ebot_docking_egg
[2.904s] [  9%] [32mBuilding C object CMakeFiles/ebot_docking__rosidl_generator_c.dir/rosidl_generator_c/ebot_docking/srv/detail/dock_sw__functions.c.o[0m
[2.907s] [  9%] Built target ebot_docking__cpp
[2.919s] [ 12%] [34m[1mGenerating C++ type support for eProsima Fast-RTPS[0m
[2.919s] [ 16%] [34m[1mGenerating C++ type support dispatch for ROS interfaces[0m
[2.921s] [ 19%] [34m[1mGenerating C++ introspection for ROS interfaces[0m
[2.993s] [ 22%] [32m[1mLinking C shared library libebot_docking__rosidl_generator_c.so[0m
[3.046s] [ 22%] Built target ebot_docking__rosidl_generator_c
[3.060s] [ 25%] [34m[1mGenerating C type support dispatch for ROS interfaces[0m
[3.060s] [ 29%] [34m[1mGenerating C type support for eProsima Fast-RTPS[0m
[3.061s] [ 32%] [34m[1mGenerating C introspection for ROS interfaces[0m
[3.291s] [ 35%] [32mBuilding CXX object CMakeFiles/ebot_docking__rosidl_typesupport_cpp.dir/rosidl_typesupport_cpp/ebot_docking/srv/dock_sw__type_support.cpp.o[0m
[3.336s] [ 38%] [32mBuilding CXX object CMakeFiles/ebot_docking__rosidl_typesupport_fastrtps_cpp.dir/rosidl_typesupport_fastrtps_cpp/ebot_docking/srv/detail/dds_fastrtps/dock_sw__type_support.cpp.o[0m
[3.381s] [ 41%] [32mBuilding CXX object CMakeFiles/ebot_docking__rosidl_typesupport_introspection_cpp.dir/rosidl_typesupport_introspection_cpp/ebot_docking/srv/detail/dock_sw__type_support.cpp.o[0m
[3.486s] [ 45%] [32mBuilding CXX object CMakeFiles/ebot_docking__rosidl_typesupport_c.dir/rosidl_typesupport_c/ebot_docking/srv/dock_sw__type_support.cpp.o[0m
[3.548s] [ 48%] [32mBuilding CXX object CMakeFiles/ebot_docking__rosidl_typesupport_fastrtps_c.dir/rosidl_typesupport_fastrtps_c/ebot_docking/srv/detail/dock_sw__type_support_c.cpp.o[0m
[3.556s] [ 51%] [32m[1mLinking CXX shared library libebot_docking__rosidl_typesupport_c.so[0m
[3.568s] [ 54%] [32mBuilding C object CMakeFiles/ebot_docking__rosidl_typesupport_introspection_c.dir/rosidl_typesupport_introspection_c/ebot_docking/srv/detail/dock_sw__type_support.c.o[0m
[3.638s] [ 54%] Built target ebot_docking__rosidl_typesupport_c
[3.652s] [ 58%] [32m[1mLinking C shared library libebot_docking__rosidl_typesupport_introspection_c.so[0m
[3.715s] [ 58%] Built target ebot_docking__rosidl_typesupport_introspection_c
[3.782s] [ 61%] [32m[1mLinking CXX shared library libebot_docking__rosidl_typesupport_cpp.so[0m
[3.852s] [ 61%] Built target ebot_docking__rosidl_typesupport_cpp
[4.041s] [ 64%] [32m[1mLinking CXX shared library libebot_docking__rosidl_typesupport_introspection_cpp.so[0m
[4.088s] [ 67%] [32m[1mLinking CXX shared library libebot_docking__rosidl_typesupport_fastrtps_c.so[0m
[4.132s] [ 70%] [32m[1mLinking CXX shared library libebot_docking__rosidl_typesupport_fastrtps_cpp.so[0m
[4.152s] [ 70%] Built target ebot_docking__rosidl_typesupport_introspection_cpp
[4.227s] [ 70%] Built target ebot_docking__rosidl_typesupport_fastrtps_c
[4.283s] [ 70%] Built target ebot_docking__rosidl_typesupport_fastrtps_cpp
[4.312s] [ 70%] Built target ebot_docking
[4.341s] [ 74%] [34m[1mGenerating Python code for ROS interfaces[0m
[4.751s] [ 74%] Built target ebot_docking__py
[4.772s] [ 77%] [32mBuilding C object CMakeFiles/ebot_docking__rosidl_generator_py.dir/rosidl_generator_py/ebot_docking/srv/_dock_sw_s.c.o[0m
[4.895s] [ 80%] [32m[1mLinking C shared library rosidl_generator_py/ebot_docking/libebot_docking__rosidl_generator_py.so[0m
[4.935s] [ 80%] Built target ebot_docking__rosidl_generator_py
[4.956s] [ 83%] [32mBuilding C object CMakeFiles/ebot_docking__rosidl_typesupport_fastrtps_c__pyext.dir/rosidl_generator_py/ebot_docking/_ebot_docking_s.ep.rosidl_typesupport_fastrtps_c.c.o[0m
[4.958s] [ 87%] [32mBuilding C object CMakeFiles/ebot_docking__rosidl_typesupport_c__pyext.dir/rosidl_generator_py/ebot_docking/_ebot_docking_s.ep.rosidl_typesupport_c.c.o[0m
[4.959s] [ 90%] [32mBuilding C object CMakeFiles/ebot_docking__rosidl_typesupport_introspection_c__pyext.dir/rosidl_generator_py/ebot_docking/_ebot_docking_s.ep.rosidl_typesupport_introspection_c.c.o[0m
[5.052s] [ 93%] [32m[1mLinking C shared library rosidl_generator_py/ebot_docking/ebot_docking_s__rosidl_typesupport_fastrtps_c.cpython-310-x86_64-linux-gnu.so[0m
[5.054s] [ 96%] [32m[1mLinking C shared library rosidl_generator_py/ebot_docking/ebot_docking_s__rosidl_typesupport_c.cpython-310-x86_64-linux-gnu.so[0m
[5.058s] [100%] [32m[1mLinking C shared library rosidl_generator_py/ebot_docking/ebot_docking_s__rosidl_typesupport_introspection_c.cpython-310-x86_64-linux-gnu.so[0m
[5.087s] [100%] Built target ebot_docking__rosidl_typesupport_fastrtps_c__pyext
[5.089s] [100%] Built target ebot_docking__rosidl_typesupport_c__pyext
[5.097s] [100%] Built target ebot_docking__rosidl_typesupport_introspection_c__pyext
[5.108s] Invoked command in '/home/vishnu/colcon_ws/src/build/ebot_docking' returned '0': CMAKE_PREFIX_PATH=${CMAKE_PREFIX_PATH}:/opt/ros/humble /usr/bin/cmake --build /home/vishnu/colcon_ws/src/build/ebot_docking -- -j16 -l16
[5.170s] Invoking command in '/home/vishnu/colcon_ws/src/build/ebot_docking': CMAKE_PREFIX_PATH=${CMAKE_PREFIX_PATH}:/opt/ros/humble /usr/bin/cmake --install /home/vishnu/colcon_ws/src/build/ebot_docking
[5.179s] -- Install configuration: ""
[5.179s] -- Installing: /home/vishnu/colcon_ws/src/install/ebot_docking/share/ament_index/resource_index/rosidl_interfaces/ebot_docking
[5.179s] -- Installing: /home/vishnu/colcon_ws/src/install/ebot_docking/include/ebot_docking/ebot_docking
[5.180s] -- Installing: /home/vishnu/colcon_ws/src/install/ebot_docking/include/ebot_docking/ebot_docking/srv
[5.180s] -- Installing: /home/vishnu/colcon_ws/src/install/ebot_docking/include/ebot_docking/ebot_docking/srv/dock_sw.h
[5.180s] -- Installing: /home/vishnu/colcon_ws/src/install/ebot_docking/include/ebot_docking/ebot_docking/srv/detail
[5.180s] -- Installing: /home/vishnu/colcon_ws/src/install/ebot_docking/include/ebot_docking/ebot_docking/srv/detail/dock_sw__functions.c
[5.180s] -- Installing: /home/vishnu/colcon_ws/src/install/ebot_docking/include/ebot_docking/ebot_docking/srv/detail/dock_sw__type_support.h
[5.180s] -- Installing: /home/vishnu/colcon_ws/src/install/ebot_docking/include/ebot_docking/ebot_docking/srv/detail/dock_sw__struct.h
[5.180s] -- Installing: /home/vishnu/colcon_ws/src/install/ebot_docking/include/ebot_docking/ebot_docking/srv/detail/dock_sw__functions.h
[5.181s] -- Installing: /home/vishnu/colcon_ws/src/install/ebot_docking/include/ebot_docking/ebot_docking/msg
[5.181s] -- Installing: /home/vishnu/colcon_ws/src/install/ebot_docking/include/ebot_docking/ebot_docking/msg/rosidl_generator_c__visibility_control.h
[5.181s] -- Installing: /home/vishnu/colcon_ws/src/install/ebot_docking/share/ebot_docking/environment/library_path.sh
[5.181s] -- Installing: /home/vishnu/colcon_ws/src/install/ebot_docking/share/ebot_docking/environment/library_path.dsv
[5.181s] -- Installing: /home/vishnu/colcon_ws/src/install/ebot_docking/lib/libebot_docking__rosidl_generator_c.so
[5.181s] -- Set runtime path of "/home/vishnu/colcon_ws/src/install/ebot_docking/lib/libebot_docking__rosidl_generator_c.so" to ""
[5.181s] -- Up-to-date: /home/vishnu/colcon_ws/src/install/ebot_docking/include/ebot_docking/ebot_docking
[5.182s] -- Up-to-date: /home/vishnu/colcon_ws/src/install/ebot_docking/include/ebot_docking/ebot_docking/srv
[5.182s] -- Up-to-date: /home/vishnu/colcon_ws/src/install/ebot_docking/include/ebot_docking/ebot_docking/srv/detail
[5.182s] -- Installing: /home/vishnu/colcon_ws/src/install/ebot_docking/include/ebot_docking/ebot_docking/srv/detail/dock_sw__rosidl_typesupport_fastrtps_c.h
[5.182s] -- Up-to-date: /home/vishnu/colcon_ws/src/install/ebot_docking/include/ebot_docking/ebot_docking/msg
[5.182s] -- Installing: /home/vishnu/colcon_ws/src/install/ebot_docking/include/ebot_docking/ebot_docking/msg/rosidl_typesupport_fastrtps_c__visibility_control.h
[5.183s] -- Installing: /home/vishnu/colcon_ws/src/install/ebot_docking/lib/libebot_docking__rosidl_typesupport_fastrtps_c.so
[5.183s] -- Set runtime path of "/home/vishnu/colcon_ws/src/install/ebot_docking/lib/libebot_docking__rosidl_typesupport_fastrtps_c.so" to ""
[5.183s] -- Up-to-date: /home/vishnu/colcon_ws/src/install/ebot_docking/include/ebot_docking/ebot_docking
[5.183s] -- Up-to-date: /home/vishnu/colcon_ws/src/install/ebot_docking/include/ebot_docking/ebot_docking/srv
[5.183s] -- Up-to-date: /home/vishnu/colcon_ws/src/install/ebot_docking/include/ebot_docking/ebot_docking/srv/detail
[5.183s] -- Installing: /home/vishnu/colcon_ws/src/install/ebot_docking/include/ebot_docking/ebot_docking/srv/detail/dock_sw__rosidl_typesupport_introspection_c.h
[5.183s] -- Installing: /home/vishnu/colcon_ws/src/install/ebot_docking/include/ebot_docking/ebot_docking/srv/detail/dock_sw__type_support.c
[5.183s] -- Up-to-date: /home/vishnu/colcon_ws/src/install/ebot_docking/include/ebot_docking/ebot_docking/msg
[5.183s] -- Installing: /home/vishnu/colcon_ws/src/install/ebot_docking/include/ebot_docking/ebot_docking/msg/rosidl_typesupport_introspection_c__visibility_control.h
[5.184s] -- Installing: /home/vishnu/colcon_ws/src/install/ebot_docking/lib/libebot_docking__rosidl_typesupport_introspection_c.so
[5.184s] -- Set runtime path of "/home/vishnu/colcon_ws/src/install/ebot_docking/lib/libebot_docking__rosidl_typesupport_introspection_c.so" to ""
[5.184s] -- Installing: /home/vishnu/colcon_ws/src/install/ebot_docking/lib/libebot_docking__rosidl_typesupport_c.so
[5.184s] -- Set runtime path of "/home/vishnu/colcon_ws/src/install/ebot_docking/lib/libebot_docking__rosidl_typesupport_c.so" to ""
[5.184s] -- Up-to-date: /home/vishnu/colcon_ws/src/install/ebot_docking/include/ebot_docking/ebot_docking
[5.184s] -- Up-to-date: /home/vishnu/colcon_ws/src/install/ebot_docking/include/ebot_docking/ebot_docking/srv
[5.184s] -- Installing: /home/vishnu/colcon_ws/src/install/ebot_docking/include/ebot_docking/ebot_docking/srv/dock_sw.hpp
[5.184s] -- Up-to-date: /home/vishnu/colcon_ws/src/install/ebot_docking/include/ebot_docking/ebot_docking/srv/detail
[5.185s] -- Installing: /home/vishnu/colcon_ws/src/install/ebot_docking/include/ebot_docking/ebot_docking/srv/detail/dock_sw__struct.hpp
[5.185s] -- Installing: /home/vishnu/colcon_ws/src/install/ebot_docking/include/ebot_docking/ebot_docking/srv/detail/dock_sw__builder.hpp
[5.185s] -- Installing: /home/vishnu/colcon_ws/src/install/ebot_docking/include/ebot_docking/ebot_docking/srv/detail/dock_sw__traits.hpp
[5.185s] -- Up-to-date: /home/vishnu/colcon_ws/src/install/ebot_docking/include/ebot_docking/ebot_docking
[5.185s] -- Up-to-date: /home/vishnu/colcon_ws/src/install/ebot_docking/include/ebot_docking/ebot_docking/srv
[5.185s] -- Up-to-date: /home/vishnu/colcon_ws/src/install/ebot_docking/include/ebot_docking/ebot_docking/srv/detail
[5.185s] -- Installing: /home/vishnu/colcon_ws/src/install/ebot_docking/include/ebot_docking/ebot_docking/srv/detail/dds_fastrtps
[5.185s] -- Installing: /home/vishnu/colcon_ws/src/install/ebot_docking/include/ebot_docking/ebot_docking/srv/detail/dock_sw__rosidl_typesupport_fastrtps_cpp.hpp
[5.185s] -- Up-to-date: /home/vishnu/colcon_ws/src/install/ebot_docking/include/ebot_docking/ebot_docking/msg
[5.186s] -- Installing: /home/vishnu/colcon_ws/src/install/ebot_docking/include/ebot_docking/ebot_docking/msg/rosidl_typesupport_fastrtps_cpp__visibility_control.h
[5.186s] -- Installing: /home/vishnu/colcon_ws/src/install/ebot_docking/lib/libebot_docking__rosidl_typesupport_fastrtps_cpp.so
[5.186s] -- Set runtime path of "/home/vishnu/colcon_ws/src/install/ebot_docking/lib/libebot_docking__rosidl_typesupport_fastrtps_cpp.so" to ""
[5.186s] -- Up-to-date: /home/vishnu/colcon_ws/src/install/ebot_docking/include/ebot_docking/ebot_docking
[5.186s] -- Up-to-date: /home/vishnu/colcon_ws/src/install/ebot_docking/include/ebot_docking/ebot_docking/srv
[5.186s] -- Up-to-date: /home/vishnu/colcon_ws/src/install/ebot_docking/include/ebot_docking/ebot_docking/srv/detail
[5.186s] -- Installing: /home/vishnu/colcon_ws/src/install/ebot_docking/include/ebot_docking/ebot_docking/srv/detail/dock_sw__rosidl_typesupport_introspection_cpp.hpp
[5.186s] -- Installing: /home/vishnu/colcon_ws/src/install/ebot_docking/include/ebot_docking/ebot_docking/srv/detail/dock_sw__type_support.cpp
[5.186s] -- Installing: /home/vishnu/colcon_ws/src/install/ebot_docking/lib/libebot_docking__rosidl_typesupport_introspection_cpp.so
[5.186s] -- Set runtime path of "/home/vishnu/colcon_ws/src/install/ebot_docking/lib/libebot_docking__rosidl_typesupport_introspection_cpp.so" to ""
[5.186s] -- Installing: /home/vishnu/colcon_ws/src/install/ebot_docking/lib/libebot_docking__rosidl_typesupport_cpp.so
[5.186s] -- Set runtime path of "/home/vishnu/colcon_ws/src/install/ebot_docking/lib/libebot_docking__rosidl_typesupport_cpp.so" to ""
[5.186s] -- Installing: /home/vishnu/colcon_ws/src/install/ebot_docking/share/ebot_docking/environment/pythonpath.sh
[5.186s] -- Installing: /home/vishnu/colcon_ws/src/install/ebot_docking/share/ebot_docking/environment/pythonpath.dsv
[5.186s] -- Installing: /home/vishnu/colcon_ws/src/install/ebot_docking/local/lib/python3.10/dist-packages/ebot_docking-0.0.0-py3.10.egg-info
[5.186s] -- Installing: /home/vishnu/colcon_ws/src/install/ebot_docking/local/lib/python3.10/dist-packages/ebot_docking-0.0.0-py3.10.egg-info/top_level.txt
[5.186s] -- Installing: /home/vishnu/colcon_ws/src/install/ebot_docking/local/lib/python3.10/dist-packages/ebot_docking-0.0.0-py3.10.egg-info/dependency_links.txt
[5.186s] -- Installing: /home/vishnu/colcon_ws/src/install/ebot_docking/local/lib/python3.10/dist-packages/ebot_docking-0.0.0-py3.10.egg-info/SOURCES.txt
[5.186s] -- Installing: /home/vishnu/colcon_ws/src/install/ebot_docking/local/lib/python3.10/dist-packages/ebot_docking-0.0.0-py3.10.egg-info/PKG-INFO
[5.187s] -- Installing: /home/vishnu/colcon_ws/src/install/ebot_docking/local/lib/python3.10/dist-packages/ebot_docking
[5.187s] -- Installing: /home/vishnu/colcon_ws/src/install/ebot_docking/local/lib/python3.10/dist-packages/ebot_docking/srv
[5.187s] -- Installing: /home/vishnu/colcon_ws/src/install/ebot_docking/local/lib/python3.10/dist-packages/ebot_docking/srv/_dock_sw.py
[5.187s] -- Installing: /home/vishnu/colcon_ws/src/install/ebot_docking/local/lib/python3.10/dist-packages/ebot_docking/srv/__init__.py
[5.187s] -- Installing: /home/vishnu/colcon_ws/src/install/ebot_docking/local/lib/python3.10/dist-packages/ebot_docking/srv/_dock_sw_s.c
[5.187s] -- Installing: /home/vishnu/colcon_ws/src/install/ebot_docking/local/lib/python3.10/dist-packages/ebot_docking/ebot_docking_s__rosidl_typesupport_c.cpython-310-x86_64-linux-gnu.so
[5.187s] -- Installing: /home/vishnu/colcon_ws/src/install/ebot_docking/local/lib/python3.10/dist-packages/ebot_docking/libebot_docking__rosidl_generator_py.so
[5.187s] -- Installing: /home/vishnu/colcon_ws/src/install/ebot_docking/local/lib/python3.10/dist-packages/ebot_docking/_ebot_docking_s.ep.rosidl_typesupport_fastrtps_c.c
[5.187s] -- Installing: /home/vishnu/colcon_ws/src/install/ebot_docking/local/lib/python3.10/dist-packages/ebot_docking/__init__.py
[5.187s] -- Installing: /home/vishnu/colcon_ws/src/install/ebot_docking/local/lib/python3.10/dist-packages/ebot_docking/_ebot_docking_s.ep.rosidl_typesupport_introspection_c.c
[5.187s] -- Installing: /home/vishnu/colcon_ws/src/install/ebot_docking/local/lib/python3.10/dist-packages/ebot_docking/_ebot_docking_s.ep.rosidl_typesupport_c.c
[5.187s] -- Installing: /home/vishnu/colcon_ws/src/install/ebot_docking/local/lib/python3.10/dist-packages/ebot_docking/ebot_docking_s__rosidl_typesupport_introspection_c.cpython-310-x86_64-linux-gnu.so
[5.187s] -- Installing: /home/vishnu/colcon_ws/src/install/ebot_docking/local/lib/python3.10/dist-packages/ebot_docking/ebot_docking_s__rosidl_typesupport_fastrtps_c.cpython-310-x86_64-linux-gnu.so
[5.223s] Listing '/home/vishnu/colcon_ws/src/install/ebot_docking/local/lib/python3.10/dist-packages/ebot_docking'...
[5.224s] Compiling '/home/vishnu/colcon_ws/src/install/ebot_docking/local/lib/python3.10/dist-packages/ebot_docking/__init__.py'...
[5.224s] Listing '/home/vishnu/colcon_ws/src/install/ebot_docking/local/lib/python3.10/dist-packages/ebot_docking/srv'...
[5.224s] Compiling '/home/vishnu/colcon_ws/src/install/ebot_docking/local/lib/python3.10/dist-packages/ebot_docking/srv/__init__.py'...
[5.224s] Compiling '/home/vishnu/colcon_ws/src/install/ebot_docking/local/lib/python3.10/dist-packages/ebot_docking/srv/_dock_sw.py'...
[5.229s] -- Installing: /home/vishnu/colcon_ws/src/install/ebot_docking/local/lib/python3.10/dist-packages/ebot_docking/ebot_docking_s__rosidl_typesupport_fastrtps_c.cpython-310-x86_64-linux-gnu.so
[5.229s] -- Set runtime path of "/home/vishnu/colcon_ws/src/install/ebot_docking/local/lib/python3.10/dist-packages/ebot_docking/ebot_docking_s__rosidl_typesupport_fastrtps_c.cpython-310-x86_64-linux-gnu.so" to ""
[5.230s] -- Installing: /home/vishnu/colcon_ws/src/install/ebot_docking/local/lib/python3.10/dist-packages/ebot_docking/ebot_docking_s__rosidl_typesupport_introspection_c.cpython-310-x86_64-linux-gnu.so
[5.230s] -- Set runtime path of "/home/vishnu/colcon_ws/src/install/ebot_docking/local/lib/python3.10/dist-packages/ebot_docking/ebot_docking_s__rosidl_typesupport_introspection_c.cpython-310-x86_64-linux-gnu.so" to ""
[5.230s] -- Installing: /home/vishnu/colcon_ws/src/install/ebot_docking/local/lib/python3.10/dist-packages/ebot_docking/ebot_docking_s__rosidl_typesupport_c.cpython-310-x86_64-linux-gnu.so
[5.231s] -- Set runtime path of "/home/vishnu/colcon_ws/src/install/ebot_docking/local/lib/python3.10/dist-packages/ebot_docking/ebot_docking_s__rosidl_typesupport_c.cpython-310-x86_64-linux-gnu.so" to ""
[5.231s] -- Installing: /home/vishnu/colcon_ws/src/install/ebot_docking/lib/libebot_docking__rosidl_generator_py.so
[5.231s] -- Set runtime path of "/home/vishnu/colcon_ws/src/install/ebot_docking/lib/libebot_docking__rosidl_generator_py.so" to ""
[5.231s] -- Installing: /home/vishnu/colcon_ws/src/install/ebot_docking/share/ebot_docking/srv/DockSw.idl
[5.231s] -- Installing: /home/vishnu/colcon_ws/src/install/ebot_docking/share/ebot_docking/srv/DockSw.srv
[5.232s] -- Installing: /home/vishnu/colcon_ws/src/install/ebot_docking/share/ebot_docking/srv/DockSw_Request.msg
[5.232s] -- Installing: /home/vishnu/colcon_ws/src/install/ebot_docking/share/ebot_docking/srv/DockSw_Response.msg
[5.232s] -- Up-to-date: /home/vishnu/colcon_ws/src/install/ebot_docking/share/ebot_docking//srv
[5.232s] -- Up-to-date: /home/vishnu/colcon_ws/src/install/ebot_docking/share/ebot_docking//srv/DockSw.srv
[5.232s] -- Installing: /home/vishnu/colcon_ws/src/install/ebot_docking/share/ebot_docking//scripts
[5.232s] -- Installing: /home/vishnu/colcon_ws/src/install/ebot_docking/share/ebot_docking//scripts/ebot_docking_boilerplate.py
[5.232s] -- Installing: /home/vishnu/colcon_ws/src/install/ebot_docking/lib/ebot_docking/ebot_docking_boilerplate.py
[5.233s] -- Installing: /home/vishnu/colcon_ws/src/install/ebot_docking/share/ament_index/resource_index/package_run_dependencies/ebot_docking
[5.233s] -- Installing: /home/vishnu/colcon_ws/src/install/ebot_docking/share/ament_index/resource_index/parent_prefix_path/ebot_docking
[5.233s] -- Installing: /home/vishnu/colcon_ws/src/install/ebot_docking/share/ebot_docking/environment/ament_prefix_path.sh
[5.233s] -- Installing: /home/vishnu/colcon_ws/src/install/ebot_docking/share/ebot_docking/environment/ament_prefix_path.dsv
[5.233s] -- Installing: /home/vishnu/colcon_ws/src/install/ebot_docking/share/ebot_docking/environment/path.sh
[5.233s] -- Installing: /home/vishnu/colcon_ws/src/install/ebot_docking/share/ebot_docking/environment/path.dsv
[5.234s] -- Installing: /home/vishnu/colcon_ws/src/install/ebot_docking/share/ebot_docking/local_setup.bash
[5.234s] -- Installing: /home/vishnu/colcon_ws/src/install/ebot_docking/share/ebot_docking/local_setup.sh
[5.234s] -- Installing: /home/vishnu/colcon_ws/src/install/ebot_docking/share/ebot_docking/local_setup.zsh
[5.234s] -- Installing: /home/vishnu/colcon_ws/src/install/ebot_docking/share/ebot_docking/local_setup.dsv
[5.234s] -- Installing: /home/vishnu/colcon_ws/src/install/ebot_docking/share/ebot_docking/package.dsv
[5.234s] -- Installing: /home/vishnu/colcon_ws/src/install/ebot_docking/share/ament_index/resource_index/packages/ebot_docking
[5.234s] -- Installing: /home/vishnu/colcon_ws/src/install/ebot_docking/share/ebot_docking/cmake/export_ebot_docking__rosidl_generator_cExport.cmake
[5.234s] -- Installing: /home/vishnu/colcon_ws/src/install/ebot_docking/share/ebot_docking/cmake/export_ebot_docking__rosidl_generator_cExport-noconfig.cmake
[5.234s] -- Installing: /home/vishnu/colcon_ws/src/install/ebot_docking/share/ebot_docking/cmake/export_ebot_docking__rosidl_typesupport_fastrtps_cExport.cmake
[5.235s] -- Installing: /home/vishnu/colcon_ws/src/install/ebot_docking/share/ebot_docking/cmake/export_ebot_docking__rosidl_typesupport_fastrtps_cExport-noconfig.cmake
[5.235s] -- Installing: /home/vishnu/colcon_ws/src/install/ebot_docking/share/ebot_docking/cmake/ebot_docking__rosidl_typesupport_introspection_cExport.cmake
[5.235s] -- Installing: /home/vishnu/colcon_ws/src/install/ebot_docking/share/ebot_docking/cmake/ebot_docking__rosidl_typesupport_introspection_cExport-noconfig.cmake
[5.235s] -- Installing: /home/vishnu/colcon_ws/src/install/ebot_docking/share/ebot_docking/cmake/ebot_docking__rosidl_typesupport_cExport.cmake
[5.235s] -- Installing: /home/vishnu/colcon_ws/src/install/ebot_docking/share/ebot_docking/cmake/ebot_docking__rosidl_typesupport_cExport-noconfig.cmake
[5.235s] -- Installing: /home/vishnu/colcon_ws/src/install/ebot_docking/share/ebot_docking/cmake/export_ebot_docking__rosidl_generator_cppExport.cmake
[5.235s] -- Installing: /home/vishnu/colcon_ws/src/install/ebot_docking/share/ebot_docking/cmake/export_ebot_docking__rosidl_typesupport_fastrtps_cppExport.cmake
[5.236s] -- Installing: /home/vishnu/colcon_ws/src/install/ebot_docking/share/ebot_docking/cmake/export_ebot_docking__rosidl_typesupport_fastrtps_cppExport-noconfig.cmake
[5.236s] -- Installing: /home/vishnu/colcon_ws/src/install/ebot_docking/share/ebot_docking/cmake/ebot_docking__rosidl_typesupport_introspection_cppExport.cmake
[5.236s] -- Installing: /home/vishnu/colcon_ws/src/install/ebot_docking/share/ebot_docking/cmake/ebot_docking__rosidl_typesupport_introspection_cppExport-noconfig.cmake
[5.236s] -- Installing: /home/vishnu/colcon_ws/src/install/ebot_docking/share/ebot_docking/cmake/ebot_docking__rosidl_typesupport_cppExport.cmake
[5.236s] -- Installing: /home/vishnu/colcon_ws/src/install/ebot_docking/share/ebot_docking/cmake/ebot_docking__rosidl_typesupport_cppExport-noconfig.cmake
[5.236s] -- Installing: /home/vishnu/colcon_ws/src/install/ebot_docking/share/ebot_docking/cmake/export_ebot_docking__rosidl_generator_pyExport.cmake
[5.237s] -- Installing: /home/vishnu/colcon_ws/src/install/ebot_docking/share/ebot_docking/cmake/export_ebot_docking__rosidl_generator_pyExport-noconfig.cmake
[5.237s] -- Installing: /home/vishnu/colcon_ws/src/install/ebot_docking/share/ebot_docking/cmake/rosidl_cmake-extras.cmake
[5.237s] -- Installing: /home/vishnu/colcon_ws/src/install/ebot_docking/share/ebot_docking/cmake/ament_cmake_export_include_directories-extras.cmake
[5.237s] -- Installing: /home/vishnu/colcon_ws/src/install/ebot_docking/share/ebot_docking/cmake/ament_cmake_export_libraries-extras.cmake
[5.237s] -- Installing: /home/vishnu/colcon_ws/src/install/ebot_docking/share/ebot_docking/cmake/ament_cmake_export_targets-extras.cmake
[5.237s] -- Installing: /home/vishnu/colcon_ws/src/install/ebot_docking/share/ebot_docking/cmake/rosidl_cmake_export_typesupport_targets-extras.cmake
[5.237s] -- Installing: /home/vishnu/colcon_ws/src/install/ebot_docking/share/ebot_docking/cmake/ament_cmake_export_dependencies-extras.cmake
[5.237s] -- Installing: /home/vishnu/colcon_ws/src/install/ebot_docking/share/ebot_docking/cmake/rosidl_cmake_export_typesupport_libraries-extras.cmake
[5.238s] -- Installing: /home/vishnu/colcon_ws/src/install/ebot_docking/share/ebot_docking/cmake/ebot_dockingConfig.cmake
[5.238s] -- Installing: /home/vishnu/colcon_ws/src/install/ebot_docking/share/ebot_docking/cmake/ebot_dockingConfig-version.cmake
[5.238s] -- Installing: /home/vishnu/colcon_ws/src/install/ebot_docking/share/ebot_docking/package.xml
[5.239s] Invoked command in '/home/vishnu/colcon_ws/src/build/ebot_docking' returned '0': CMAKE_PREFIX_PATH=${CMAKE_PREFIX_PATH}:/opt/ros/humble /usr/bin/cmake --install /home/vishnu/colcon_ws/src/build/ebot_docking
