[0.251s] Invoking command in '/home/vishnu/colcon_ws/src/build/gazebo_ros2_control': CMAKE_PREFIX_PATH=${CMAKE_PREFIX_PATH}:/opt/ros/humble /usr/bin/cmake /home/vishnu/colcon_ws/src/gazebo_ros2_control -DCMAKE_INSTALL_PREFIX=/home/vishnu/colcon_ws/src/install/gazebo_ros2_control
[0.328s] -- The C compiler identification is GNU 11.4.0
[0.414s] -- The CXX compiler identification is GNU 11.4.0
[0.424s] -- Detecting C compiler ABI info
[0.498s] -- Detecting C compiler ABI info - done
[0.508s] -- Check for working C compiler: /usr/bin/cc - skipped
[0.508s] -- Detecting C compile features
[0.509s] -- Detecting C compile features - done
[0.514s] -- Detecting CXX compiler ABI info
[0.608s] -- Detecting CXX compiler ABI info - done
[0.617s] -- Check for working CXX compiler: /usr/bin/c++ - skipped
[0.618s] -- Detecting CXX compile features
[0.618s] -- Detecting CXX compile features - done
[0.622s] -- Found ament_cmake: 1.3.5 (/opt/ros/humble/share/ament_cmake/cmake)
[0.850s] -- Found Python3: /usr/bin/python3.10 (found version "3.10.12") found components: Interpreter 
[0.974s] -- Found angles: 1.15.0 (/opt/ros/humble/share/angles/cmake)
[0.979s] -- Found controller_manager: 2.32.0 (/opt/ros/humble/share/controller_manager/cmake)
[1.065s] -- Found rosidl_generator_c: 3.1.5 (/opt/ros/humble/share/rosidl_generator_c/cmake)
[1.074s] -- Found rosidl_adapter: 3.1.5 (/opt/ros/humble/share/rosidl_adapter/cmake)
[1.088s] -- Found rosidl_generator_cpp: 3.1.5 (/opt/ros/humble/share/rosidl_generator_cpp/cmake)
[1.105s] -- Using all available rosidl_typesupport_c: rosidl_typesupport_fastrtps_c;rosidl_typesupport_introspection_c
[1.129s] -- Using all available rosidl_typesupport_cpp: rosidl_typesupport_fastrtps_cpp;rosidl_typesupport_introspection_cpp
[2.084s] -- Found rmw_implementation_cmake: 6.1.1 (/opt/ros/humble/share/rmw_implementation_cmake/cmake)
[2.088s] -- Found rmw_fastrtps_cpp: 6.2.4 (/opt/ros/humble/share/rmw_fastrtps_cpp/cmake)
[2.215s] -- Found OpenSSL: /usr/lib/x86_64-linux-gnu/libcrypto.so (found version "3.0.2")  
[2.247s] -- Found FastRTPS: /opt/ros/humble/include  
[2.311s] -- Using RMW implementation 'rmw_fastrtps_cpp' as default
[2.326s] -- Looking for pthread.h
[2.413s] -- Looking for pthread.h - found
[2.413s] -- Performing Test CMAKE_HAVE_LIBC_PTHREAD
[2.508s] -- Performing Test CMAKE_HAVE_LIBC_PTHREAD - Success
[2.510s] -- Found Threads: TRUE  
[3.499s] -- Found gazebo_dev: 3.7.0 (/opt/ros/humble/share/gazebo_dev/cmake)
[3.509s] -- Found PkgConfig: /usr/bin/pkg-config (found version "0.29.2") 
[3.511s] -- Checking for module 'bullet>=2.82'
[3.547s] --   Found bullet, version 3.05
[3.753s] -- Found fcl: /usr/include (found suitable version "0.7.0", minimum required is "0.5.0") 
[3.846s] -- Found assimp: /usr/include (found version "5.2.0") 
[3.879s] -- Found DART: /usr/include (Required is at least version "6.6") found components: dart 
[3.932s] -- Found Boost: /usr/lib/x86_64-linux-gnu/cmake/Boost-1.74.0/BoostConfig.cmake (found suitable version "1.74.0", minimum required is "1.40.0") found components: thread system filesystem program_options regex iostreams date_time 
[3.958s] -- Found Protobuf: /usr/lib/x86_64-linux-gnu/libprotobuf.so (found version "3.12.4") 
[3.967s] -- Looking for ignition-math6 -- found version 6.15.0
[3.985s] -- Searching for dependencies of ignition-math6
[3.986s] -- Looking for OGRE...
[3.986s] -- OGRE_PREFIX_WATCH changed.
[3.990s] -- Checking for module 'OGRE'
[4.017s] --   Found OGRE, version 1.9.0
[4.068s] -- Found Ogre Ghadamon (1.9.0)
[4.078s] -- Found OGRE: optimized;/usr/lib/x86_64-linux-gnu/libOgreMain.so;debug;/usr/lib/x86_64-linux-gnu/libOgreMain.so
[4.094s] -- Looking for OGRE_Paging...
[4.104s] -- Found OGRE_Paging: optimized;/usr/lib/x86_64-linux-gnu/libOgrePaging.so;debug;/usr/lib/x86_64-linux-gnu/libOgrePaging.so
[4.104s] -- Looking for OGRE_Terrain...
[4.112s] -- Found OGRE_Terrain: optimized;/usr/lib/x86_64-linux-gnu/libOgreTerrain.so;debug;/usr/lib/x86_64-linux-gnu/libOgreTerrain.so
[4.112s] -- Looking for OGRE_Property...
[4.118s] -- Found OGRE_Property: optimized;/usr/lib/x86_64-linux-gnu/libOgreProperty.so;debug;/usr/lib/x86_64-linux-gnu/libOgreProperty.so
[4.118s] -- Looking for OGRE_RTShaderSystem...
[4.125s] -- Found OGRE_RTShaderSystem: optimized;/usr/lib/x86_64-linux-gnu/libOgreRTShaderSystem.so;debug;/usr/lib/x86_64-linux-gnu/libOgreRTShaderSystem.so
[4.125s] -- Looking for OGRE_Volume...
[4.132s] -- Found OGRE_Volume: optimized;/usr/lib/x86_64-linux-gnu/libOgreVolume.so;debug;/usr/lib/x86_64-linux-gnu/libOgreVolume.so
[4.132s] -- Looking for OGRE_Overlay...
[4.139s] -- Found OGRE_Overlay: optimized;/usr/lib/x86_64-linux-gnu/libOgreOverlay.so;debug;/usr/lib/x86_64-linux-gnu/libOgreOverlay.so
[4.276s] -- Looking for ignition-math6 -- found version 6.15.0
[4.278s] -- Looking for ignition-transport8 -- found version 8.2.1
[4.279s] -- Searching for dependencies of ignition-transport8
[4.299s] -- Found Protobuf: /usr/lib/x86_64-linux-gnu/libprotobuf.so (found suitable version "3.12.4", minimum required is "3") 
[4.310s] -- Config-file not installed for ZeroMQ -- checking for pkg-config
[4.317s] -- Checking for module 'libzmq >= 4'
[4.336s] --   Found libzmq , version 4.3.4
[4.374s] -- Found ZeroMQ: TRUE (Required is at least version "4") 
[4.382s] -- Checking for module 'uuid'
[4.397s] --   Found uuid, version 2.37.2
[4.433s] -- Found UUID: TRUE  
[4.436s] -- Looking for ignition-msgs5 -- found version 5.8.1
[4.437s] -- Searching for dependencies of ignition-msgs5
[4.457s] -- Looking for ignition-math6 -- found version 6.15.0
[4.463s] -- Checking for module 'tinyxml2'
[4.479s] --   Found tinyxml2, version 9.0.0
[4.515s] -- Looking for ignition-msgs5 -- found version 5.8.1
[4.519s] -- Looking for ignition-common3 -- found version 3.14.0
[4.519s] -- Searching for dependencies of ignition-common3
[4.520s] -- Looking for dlfcn.h - found
[4.521s] -- Looking for libdl - found
[4.522s] -- Found DL: TRUE  
[4.535s] -- Found tinyobjloader: /usr/lib/x86_64-linux-gnu/cmake/tinyobjloader/tinyobjloader-config.cmake (found version "2.0.0") 
[4.535s] -- Searching for <ignition-common3> component [graphics]
[4.538s] -- Looking for ignition-common3-graphics -- found version 3.14.0
[4.539s] -- Searching for dependencies of ignition-common3-graphics
[4.539s] -- Looking for ignition-math6 -- found version 6.15.0
[4.544s] -- Looking for ignition-fuel_tools4 -- found version 4.4.0
[4.545s] -- Searching for dependencies of ignition-fuel_tools4
[4.627s] -- Found CURL: /usr/lib/x86_64-linux-gnu/libcurl.so (found version "7.81.0")  
[4.636s] -- Checking for module 'jsoncpp'
[4.653s] --   Found jsoncpp, version 1.9.5
[4.688s] -- Found JSONCPP: TRUE  
[4.695s] -- Checking for module 'libzip'
[4.709s] --   Found libzip, version 1.7.3
[4.746s] -- Found ZIP: TRUE  
[4.746s] -- Looking for ignition-common3 -- found version 3.14.0
[4.747s] -- Looking for ignition-math6 -- found version 6.15.0
[4.747s] -- Looking for ignition-msgs5 -- found version 5.8.1
[4.752s] -- Gazebo version: 11.10
[4.752s] -- Checking for module 'tbb'
[4.767s] --   Found tbb, version 2021.5.0
[4.813s] -- Found gazebo_ros: 3.7.0 (/opt/ros/humble/share/gazebo_ros/cmake)
[4.825s] -- Found yaml_cpp_vendor: 8.0.2 (/opt/ros/humble/share/yaml_cpp_vendor/cmake)
[5.485s] -- Found ament_cmake_gtest: 1.3.5 (/opt/ros/humble/share/ament_cmake_gtest/cmake)
[5.488s] -- Found ament_lint_auto: 0.12.8 (/opt/ros/humble/share/ament_lint_auto/cmake)
[5.590s] -- Added test 'copyright' to check source files copyright and LICENSE
[5.591s] -- Added test 'cppcheck' to perform static code analysis on C / C++ code
[5.591s] -- Configured cppcheck include dirs: /home/vishnu/colcon_ws/src/gazebo_ros2_control/include
[5.591s] -- Configured cppcheck exclude dirs and/or files: 
[5.593s] -- Added test 'cpplint' to check C / C++ code against the Google style
[5.593s] -- Configured cpplint exclude dirs and/or files: 
[5.594s] -- Added test 'lint_cmake' to check CMake code style
[5.595s] -- Added test 'uncrustify' to check C / C++ code style
[5.596s] -- Configured uncrustify additional arguments: 
[5.596s] -- Added test 'xmllint' to check XML markup files
[5.598s] -- Configuring done
[5.667s] -- Generating done
[5.671s] -- Build files have been written to: /home/vishnu/colcon_ws/src/build/gazebo_ros2_control
[5.688s] Invoked command in '/home/vishnu/colcon_ws/src/build/gazebo_ros2_control' returned '0': CMAKE_PREFIX_PATH=${CMAKE_PREFIX_PATH}:/opt/ros/humble /usr/bin/cmake /home/vishnu/colcon_ws/src/gazebo_ros2_control -DCMAKE_INSTALL_PREFIX=/home/vishnu/colcon_ws/src/install/gazebo_ros2_control
[5.690s] Invoking command in '/home/vishnu/colcon_ws/src/build/gazebo_ros2_control': CMAKE_PREFIX_PATH=${CMAKE_PREFIX_PATH}:/opt/ros/humble /usr/bin/cmake --build /home/vishnu/colcon_ws/src/build/gazebo_ros2_control -- -j16 -l16
[5.749s] [ 50%] [32mBuilding CXX object CMakeFiles/gazebo_ros2_control.dir/src/gazebo_ros2_control_plugin.cpp.o[0m
[5.749s] [ 50%] [32mBuilding CXX object CMakeFiles/gazebo_hardware_plugins.dir/src/gazebo_system.cpp.o[0m
[17.917s] [ 75%] [32m[1mLinking CXX shared library libgazebo_hardware_plugins.so[0m
[18.431s] [ 75%] Built target gazebo_hardware_plugins
[19.789s] [100%] [32m[1mLinking CXX shared library libgazebo_ros2_control.so[0m
[20.461s] [100%] Built target gazebo_ros2_control
[20.473s] Invoked command in '/home/vishnu/colcon_ws/src/build/gazebo_ros2_control' returned '0': CMAKE_PREFIX_PATH=${CMAKE_PREFIX_PATH}:/opt/ros/humble /usr/bin/cmake --build /home/vishnu/colcon_ws/src/build/gazebo_ros2_control -- -j16 -l16
[20.502s] Invoking command in '/home/vishnu/colcon_ws/src/build/gazebo_ros2_control': CMAKE_PREFIX_PATH=${CMAKE_PREFIX_PATH}:/opt/ros/humble /usr/bin/cmake --install /home/vishnu/colcon_ws/src/build/gazebo_ros2_control
[20.511s] -- Install configuration: ""
[20.512s] -- Installing: /home/vishnu/colcon_ws/src/install/gazebo_ros2_control/lib/libgazebo_ros2_control.so
[20.514s] -- Set runtime path of "/home/vishnu/colcon_ws/src/install/gazebo_ros2_control/lib/libgazebo_ros2_control.so" to ""
[20.515s] -- Installing: /home/vishnu/colcon_ws/src/install/gazebo_ros2_control/lib/libgazebo_hardware_plugins.so
[20.516s] -- Set runtime path of "/home/vishnu/colcon_ws/src/install/gazebo_ros2_control/lib/libgazebo_hardware_plugins.so" to ""
[20.517s] -- Installing: /home/vishnu/colcon_ws/src/install/gazebo_ros2_control/share/gazebo_ros2_control/environment/library_path.sh
[20.517s] -- Installing: /home/vishnu/colcon_ws/src/install/gazebo_ros2_control/share/gazebo_ros2_control/environment/library_path.dsv
[20.517s] -- Installing: /home/vishnu/colcon_ws/src/install/gazebo_ros2_control/include/gazebo_ros2_control
[20.517s] -- Installing: /home/vishnu/colcon_ws/src/install/gazebo_ros2_control/include/gazebo_ros2_control/gazebo_system_interface.hpp
[20.517s] -- Installing: /home/vishnu/colcon_ws/src/install/gazebo_ros2_control/include/gazebo_ros2_control/gazebo_system.hpp
[20.517s] -- Installing: /home/vishnu/colcon_ws/src/install/gazebo_ros2_control/include/gazebo_ros2_control/gazebo_ros2_control_plugin.hpp
[20.518s] -- Installing: /home/vishnu/colcon_ws/src/install/gazebo_ros2_control/share/gazebo_ros2_control/gazebo_hardware_plugins.xml
[20.518s] -- Installing: /home/vishnu/colcon_ws/src/install/gazebo_ros2_control/share/ament_index/resource_index/package_run_dependencies/gazebo_ros2_control
[20.518s] -- Installing: /home/vishnu/colcon_ws/src/install/gazebo_ros2_control/share/ament_index/resource_index/parent_prefix_path/gazebo_ros2_control
[20.518s] -- Installing: /home/vishnu/colcon_ws/src/install/gazebo_ros2_control/share/gazebo_ros2_control/environment/ament_prefix_path.sh
[20.518s] -- Installing: /home/vishnu/colcon_ws/src/install/gazebo_ros2_control/share/gazebo_ros2_control/environment/ament_prefix_path.dsv
[20.518s] -- Installing: /home/vishnu/colcon_ws/src/install/gazebo_ros2_control/share/gazebo_ros2_control/environment/path.sh
[20.518s] -- Installing: /home/vishnu/colcon_ws/src/install/gazebo_ros2_control/share/gazebo_ros2_control/environment/path.dsv
[20.518s] -- Installing: /home/vishnu/colcon_ws/src/install/gazebo_ros2_control/share/gazebo_ros2_control/local_setup.bash
[20.519s] -- Installing: /home/vishnu/colcon_ws/src/install/gazebo_ros2_control/share/gazebo_ros2_control/local_setup.sh
[20.519s] -- Installing: /home/vishnu/colcon_ws/src/install/gazebo_ros2_control/share/gazebo_ros2_control/local_setup.zsh
[20.519s] -- Installing: /home/vishnu/colcon_ws/src/install/gazebo_ros2_control/share/gazebo_ros2_control/local_setup.dsv
[20.519s] -- Installing: /home/vishnu/colcon_ws/src/install/gazebo_ros2_control/share/gazebo_ros2_control/package.dsv
[20.519s] -- Installing: /home/vishnu/colcon_ws/src/install/gazebo_ros2_control/share/ament_index/resource_index/packages/gazebo_ros2_control
[20.519s] -- Installing: /home/vishnu/colcon_ws/src/install/gazebo_ros2_control/share/ament_index/resource_index/gazebo_ros2_control__pluginlib__plugin/gazebo_ros2_control
[20.519s] -- Installing: /home/vishnu/colcon_ws/src/install/gazebo_ros2_control/share/gazebo_ros2_control/cmake/ament_cmake_export_include_directories-extras.cmake
[20.519s] -- Installing: /home/vishnu/colcon_ws/src/install/gazebo_ros2_control/share/gazebo_ros2_control/cmake/ament_cmake_export_dependencies-extras.cmake
[20.519s] -- Installing: /home/vishnu/colcon_ws/src/install/gazebo_ros2_control/share/gazebo_ros2_control/cmake/ament_cmake_export_libraries-extras.cmake
[20.519s] -- Installing: /home/vishnu/colcon_ws/src/install/gazebo_ros2_control/share/gazebo_ros2_control/cmake/gazebo_ros2_controlConfig.cmake
[20.520s] -- Installing: /home/vishnu/colcon_ws/src/install/gazebo_ros2_control/share/gazebo_ros2_control/cmake/gazebo_ros2_controlConfig-version.cmake
[20.520s] -- Installing: /home/vishnu/colcon_ws/src/install/gazebo_ros2_control/share/gazebo_ros2_control/package.xml
[20.521s] Invoked command in '/home/vishnu/colcon_ws/src/build/gazebo_ros2_control' returned '0': CMAKE_PREFIX_PATH=${CMAKE_PREFIX_PATH}:/opt/ros/humble /usr/bin/cmake --install /home/vishnu/colcon_ws/src/build/gazebo_ros2_control
