[0.295s] Invoking command in '/home/vishnu/colcon_ws/src/build/eyantra_warehouse': CMAKE_PREFIX_PATH=${CMAKE_PREFIX_PATH}:/opt/ros/humble /usr/bin/cmake /home/vishnu/colcon_ws/src/eyantra_warehouse -DCMAKE_INSTALL_PREFIX=/home/vishnu/colcon_ws/src/install/eyantra_warehouse
[0.378s] -- The C compiler identification is GNU 11.4.0
[0.454s] -- The CXX compiler identification is GNU 11.4.0
[0.465s] -- Detecting C compiler ABI info
[0.554s] -- Detecting C compiler ABI info - done
[0.563s] -- Check for working C compiler: /usr/bin/cc - skipped
[0.563s] -- Detecting C compile features
[0.563s] -- Detecting C compile features - done
[0.566s] -- Detecting CXX compiler ABI info
[0.655s] -- Detecting CXX compiler ABI info - done
[0.668s] -- Check for working CXX compiler: /usr/bin/c++ - skipped
[0.668s] -- Detecting CXX compile features
[0.669s] -- Detecting CXX compile features - done
[0.674s] -- Found ament_cmake: 1.3.5 (/opt/ros/humble/share/ament_cmake/cmake)
[0.907s] -- Found Python3: /usr/bin/python3.10 (found version "3.10.12") found components: Interpreter 
[1.038s] -- Found ament_lint_auto: 0.12.8 (/opt/ros/humble/share/ament_lint_auto/cmake)
[1.146s] -- Added test 'copyright' to check source files copyright and LICENSE
[1.189s] -- Added test 'flake8' to check Python code syntax and style conventions
[1.195s] -- Added test 'lint_cmake' to check CMake code style
[1.199s] -- Added test 'pep257' to check Python code against some of the docstring style conventions in PEP 257
[1.217s] -- Added test 'xmllint' to check XML markup files
[1.219s] -- Configuring done
[1.223s] -- Generating done
[1.224s] -- Build files have been written to: /home/vishnu/colcon_ws/src/build/eyantra_warehouse
[1.229s] Invoked command in '/home/vishnu/colcon_ws/src/build/eyantra_warehouse' returned '0': CMAKE_PREFIX_PATH=${CMAKE_PREFIX_PATH}:/opt/ros/humble /usr/bin/cmake /home/vishnu/colcon_ws/src/eyantra_warehouse -DCMAKE_INSTALL_PREFIX=/home/vishnu/colcon_ws/src/install/eyantra_warehouse
[1.232s] Invoking command in '/home/vishnu/colcon_ws/src/build/eyantra_warehouse': CMAKE_PREFIX_PATH=${CMAKE_PREFIX_PATH}:/opt/ros/humble /usr/bin/cmake --build /home/vishnu/colcon_ws/src/build/eyantra_warehouse -- -j16 -l16
[1.276s] Invoked command in '/home/vishnu/colcon_ws/src/build/eyantra_warehouse' returned '0': CMAKE_PREFIX_PATH=${CMAKE_PREFIX_PATH}:/opt/ros/humble /usr/bin/cmake --build /home/vishnu/colcon_ws/src/build/eyantra_warehouse -- -j16 -l16
[1.313s] Invoking command in '/home/vishnu/colcon_ws/src/build/eyantra_warehouse': CMAKE_PREFIX_PATH=${CMAKE_PREFIX_PATH}:/opt/ros/humble /usr/bin/cmake --install /home/vishnu/colcon_ws/src/build/eyantra_warehouse
[1.322s] -- Install configuration: ""
[1.322s] -- Installing: /home/vishnu/colcon_ws/src/install/eyantra_warehouse/share/eyantra_warehouse//launch
[1.322s] -- Installing: /home/vishnu/colcon_ws/src/install/eyantra_warehouse/share/eyantra_warehouse//launch/some_launch_file.launch.py
[1.322s] -- Installing: /home/vishnu/colcon_ws/src/install/eyantra_warehouse/share/eyantra_warehouse//worlds
[1.322s] -- Installing: /home/vishnu/colcon_ws/src/install/eyantra_warehouse/share/eyantra_warehouse//worlds/eyantra_warehouse.world
[1.322s] -- Installing: /home/vishnu/colcon_ws/src/install/eyantra_warehouse/share/eyantra_warehouse//worlds/eyantra_warehouse_task2a.world
[1.323s] -- Installing: /home/vishnu/colcon_ws/src/install/eyantra_warehouse/share/eyantra_warehouse//worlds/office.world
[1.323s] -- Installing: /home/vishnu/colcon_ws/src/install/eyantra_warehouse/share/eyantra_warehouse//worlds/eyantra_warehouse_task2b.world
[1.323s] -- Installing: /home/vishnu/colcon_ws/src/install/eyantra_warehouse/share/eyantra_warehouse//models
[1.323s] -- Installing: /home/vishnu/colcon_ws/src/install/eyantra_warehouse/share/eyantra_warehouse//models/rack_with_box
[1.323s] -- Installing: /home/vishnu/colcon_ws/src/install/eyantra_warehouse/share/eyantra_warehouse//models/rack_with_box/model.config
[1.323s] -- Installing: /home/vishnu/colcon_ws/src/install/eyantra_warehouse/share/eyantra_warehouse//models/rack_with_box/model.sdf
[1.324s] -- Installing: /home/vishnu/colcon_ws/src/install/eyantra_warehouse/share/eyantra_warehouse//models/rack_with_box/meshes
[1.324s] -- Installing: /home/vishnu/colcon_ws/src/install/eyantra_warehouse/share/eyantra_warehouse//models/rack_with_box/meshes/brushedsteel_bg.jpg
[1.327s] -- Installing: /home/vishnu/colcon_ws/src/install/eyantra_warehouse/share/eyantra_warehouse//models/rack_with_box/meshes/rack.dae
[1.327s] -- Installing: /home/vishnu/colcon_ws/src/install/eyantra_warehouse/share/eyantra_warehouse//models/package_box
[1.327s] -- Installing: /home/vishnu/colcon_ws/src/install/eyantra_warehouse/share/eyantra_warehouse//models/package_box/model.config
[1.328s] -- Installing: /home/vishnu/colcon_ws/src/install/eyantra_warehouse/share/eyantra_warehouse//models/package_box/model.sdf
[1.328s] -- Installing: /home/vishnu/colcon_ws/src/install/eyantra_warehouse/share/eyantra_warehouse//models/package_box/meshes
[1.328s] -- Installing: /home/vishnu/colcon_ws/src/install/eyantra_warehouse/share/eyantra_warehouse//models/package_box/meshes/4x4_1000-0.png
[1.328s] -- Installing: /home/vishnu/colcon_ws/src/install/eyantra_warehouse/share/eyantra_warehouse//models/package_box/meshes/package_box.dae
[1.329s] -- Installing: /home/vishnu/colcon_ws/src/install/eyantra_warehouse/share/eyantra_warehouse//models/package_box/meshes/aws_robomaker_warehouse_ClutteringC_02.png
[1.330s] -- Installing: /home/vishnu/colcon_ws/src/install/eyantra_warehouse/share/eyantra_warehouse//models/boxes
[1.330s] -- Installing: /home/vishnu/colcon_ws/src/install/eyantra_warehouse/share/eyantra_warehouse//models/boxes/box_34
[1.330s] -- Installing: /home/vishnu/colcon_ws/src/install/eyantra_warehouse/share/eyantra_warehouse//models/boxes/box_34/model.config
[1.330s] -- Installing: /home/vishnu/colcon_ws/src/install/eyantra_warehouse/share/eyantra_warehouse//models/boxes/box_34/model.sdf
[1.330s] -- Installing: /home/vishnu/colcon_ws/src/install/eyantra_warehouse/share/eyantra_warehouse//models/boxes/box_34/meshes
[1.330s] -- Installing: /home/vishnu/colcon_ws/src/install/eyantra_warehouse/share/eyantra_warehouse//models/boxes/box_34/meshes/box.dae
[1.331s] -- Installing: /home/vishnu/colcon_ws/src/install/eyantra_warehouse/share/eyantra_warehouse//models/boxes/box_34/meshes/box__bg.png
[1.332s] -- Installing: /home/vishnu/colcon_ws/src/install/eyantra_warehouse/share/eyantra_warehouse//models/boxes/box_34/meshes/aruco_tag.jpg
[1.332s] -- Installing: /home/vishnu/colcon_ws/src/install/eyantra_warehouse/share/eyantra_warehouse//models/boxes/box_34/meshes/cardboard_bg.png
[1.332s] -- Installing: /home/vishnu/colcon_ws/src/install/eyantra_warehouse/share/eyantra_warehouse//models/boxes/box_7
[1.332s] -- Installing: /home/vishnu/colcon_ws/src/install/eyantra_warehouse/share/eyantra_warehouse//models/boxes/box_7/model.config
[1.333s] -- Installing: /home/vishnu/colcon_ws/src/install/eyantra_warehouse/share/eyantra_warehouse//models/boxes/box_7/model.sdf
[1.333s] -- Installing: /home/vishnu/colcon_ws/src/install/eyantra_warehouse/share/eyantra_warehouse//models/boxes/box_7/meshes
[1.333s] -- Installing: /home/vishnu/colcon_ws/src/install/eyantra_warehouse/share/eyantra_warehouse//models/boxes/box_7/meshes/box.dae
[1.333s] -- Installing: /home/vishnu/colcon_ws/src/install/eyantra_warehouse/share/eyantra_warehouse//models/boxes/box_7/meshes/box__bg.png
[1.333s] -- Installing: /home/vishnu/colcon_ws/src/install/eyantra_warehouse/share/eyantra_warehouse//models/boxes/box_7/meshes/aruco_tag.jpg
[1.334s] -- Installing: /home/vishnu/colcon_ws/src/install/eyantra_warehouse/share/eyantra_warehouse//models/boxes/box_7/meshes/cardboard_bg.png
[1.334s] -- Installing: /home/vishnu/colcon_ws/src/install/eyantra_warehouse/share/eyantra_warehouse//models/boxes/box_27
[1.334s] -- Installing: /home/vishnu/colcon_ws/src/install/eyantra_warehouse/share/eyantra_warehouse//models/boxes/box_27/model.config
[1.334s] -- Installing: /home/vishnu/colcon_ws/src/install/eyantra_warehouse/share/eyantra_warehouse//models/boxes/box_27/model.sdf
[1.335s] -- Installing: /home/vishnu/colcon_ws/src/install/eyantra_warehouse/share/eyantra_warehouse//models/boxes/box_27/meshes
[1.335s] -- Installing: /home/vishnu/colcon_ws/src/install/eyantra_warehouse/share/eyantra_warehouse//models/boxes/box_27/meshes/box.dae
[1.335s] -- Installing: /home/vishnu/colcon_ws/src/install/eyantra_warehouse/share/eyantra_warehouse//models/boxes/box_27/meshes/box__bg.png
[1.335s] -- Installing: /home/vishnu/colcon_ws/src/install/eyantra_warehouse/share/eyantra_warehouse//models/boxes/box_27/meshes/aruco_tag.jpg
[1.335s] -- Installing: /home/vishnu/colcon_ws/src/install/eyantra_warehouse/share/eyantra_warehouse//models/boxes/box_27/meshes/cardboard_bg.png
[1.336s] -- Installing: /home/vishnu/colcon_ws/src/install/eyantra_warehouse/share/eyantra_warehouse//models/boxes/box_24
[1.336s] -- Installing: /home/vishnu/colcon_ws/src/install/eyantra_warehouse/share/eyantra_warehouse//models/boxes/box_24/model.config
[1.336s] -- Installing: /home/vishnu/colcon_ws/src/install/eyantra_warehouse/share/eyantra_warehouse//models/boxes/box_24/model.sdf
[1.336s] -- Installing: /home/vishnu/colcon_ws/src/install/eyantra_warehouse/share/eyantra_warehouse//models/boxes/box_24/meshes
[1.336s] -- Installing: /home/vishnu/colcon_ws/src/install/eyantra_warehouse/share/eyantra_warehouse//models/boxes/box_24/meshes/box.dae
[1.336s] -- Installing: /home/vishnu/colcon_ws/src/install/eyantra_warehouse/share/eyantra_warehouse//models/boxes/box_24/meshes/box__bg.png
[1.337s] -- Installing: /home/vishnu/colcon_ws/src/install/eyantra_warehouse/share/eyantra_warehouse//models/boxes/box_24/meshes/aruco_tag.jpg
[1.337s] -- Installing: /home/vishnu/colcon_ws/src/install/eyantra_warehouse/share/eyantra_warehouse//models/boxes/box_24/meshes/cardboard_bg.png
[1.338s] -- Installing: /home/vishnu/colcon_ws/src/install/eyantra_warehouse/share/eyantra_warehouse//models/boxes/box_5
[1.338s] -- Installing: /home/vishnu/colcon_ws/src/install/eyantra_warehouse/share/eyantra_warehouse//models/boxes/box_5/model.config
[1.339s] -- Installing: /home/vishnu/colcon_ws/src/install/eyantra_warehouse/share/eyantra_warehouse//models/boxes/box_5/model.sdf
[1.339s] -- Installing: /home/vishnu/colcon_ws/src/install/eyantra_warehouse/share/eyantra_warehouse//models/boxes/box_5/meshes
[1.339s] -- Installing: /home/vishnu/colcon_ws/src/install/eyantra_warehouse/share/eyantra_warehouse//models/boxes/box_5/meshes/box.dae
[1.339s] -- Installing: /home/vishnu/colcon_ws/src/install/eyantra_warehouse/share/eyantra_warehouse//models/boxes/box_5/meshes/box__bg.png
[1.339s] -- Installing: /home/vishnu/colcon_ws/src/install/eyantra_warehouse/share/eyantra_warehouse//models/boxes/box_5/meshes/aruco_tag.jpg
[1.339s] -- Installing: /home/vishnu/colcon_ws/src/install/eyantra_warehouse/share/eyantra_warehouse//models/boxes/box_5/meshes/cardboard_bg.png
[1.339s] -- Installing: /home/vishnu/colcon_ws/src/install/eyantra_warehouse/share/eyantra_warehouse//models/boxes/box_11
[1.340s] -- Installing: /home/vishnu/colcon_ws/src/install/eyantra_warehouse/share/eyantra_warehouse//models/boxes/box_11/model.config
[1.340s] -- Installing: /home/vishnu/colcon_ws/src/install/eyantra_warehouse/share/eyantra_warehouse//models/boxes/box_11/model.sdf
[1.340s] -- Installing: /home/vishnu/colcon_ws/src/install/eyantra_warehouse/share/eyantra_warehouse//models/boxes/box_11/meshes
[1.340s] -- Installing: /home/vishnu/colcon_ws/src/install/eyantra_warehouse/share/eyantra_warehouse//models/boxes/box_11/meshes/box.dae
[1.340s] -- Installing: /home/vishnu/colcon_ws/src/install/eyantra_warehouse/share/eyantra_warehouse//models/boxes/box_11/meshes/box__bg.png
[1.341s] -- Installing: /home/vishnu/colcon_ws/src/install/eyantra_warehouse/share/eyantra_warehouse//models/boxes/box_11/meshes/aruco_tag.jpg
[1.341s] -- Installing: /home/vishnu/colcon_ws/src/install/eyantra_warehouse/share/eyantra_warehouse//models/boxes/box_11/meshes/cardboard_bg.png
[1.341s] -- Installing: /home/vishnu/colcon_ws/src/install/eyantra_warehouse/share/eyantra_warehouse//models/boxes/box.stl
[1.341s] -- Installing: /home/vishnu/colcon_ws/src/install/eyantra_warehouse/share/eyantra_warehouse//models/boxes/box_12
[1.341s] -- Installing: /home/vishnu/colcon_ws/src/install/eyantra_warehouse/share/eyantra_warehouse//models/boxes/box_12/model.config
[1.341s] -- Installing: /home/vishnu/colcon_ws/src/install/eyantra_warehouse/share/eyantra_warehouse//models/boxes/box_12/model.sdf
[1.342s] -- Installing: /home/vishnu/colcon_ws/src/install/eyantra_warehouse/share/eyantra_warehouse//models/boxes/box_12/meshes
[1.342s] -- Installing: /home/vishnu/colcon_ws/src/install/eyantra_warehouse/share/eyantra_warehouse//models/boxes/box_12/meshes/box.dae
[1.342s] -- Installing: /home/vishnu/colcon_ws/src/install/eyantra_warehouse/share/eyantra_warehouse//models/boxes/box_12/meshes/box__bg.png
[1.342s] -- Installing: /home/vishnu/colcon_ws/src/install/eyantra_warehouse/share/eyantra_warehouse//models/boxes/box_12/meshes/aruco_tag.jpg
[1.343s] -- Installing: /home/vishnu/colcon_ws/src/install/eyantra_warehouse/share/eyantra_warehouse//models/boxes/box_12/meshes/cardboard_bg.png
[1.343s] -- Installing: /home/vishnu/colcon_ws/src/install/eyantra_warehouse/share/eyantra_warehouse//models/boxes/box_29
[1.343s] -- Installing: /home/vishnu/colcon_ws/src/install/eyantra_warehouse/share/eyantra_warehouse//models/boxes/box_29/model.config
[1.344s] -- Installing: /home/vishnu/colcon_ws/src/install/eyantra_warehouse/share/eyantra_warehouse//models/boxes/box_29/model.sdf
[1.344s] -- Installing: /home/vishnu/colcon_ws/src/install/eyantra_warehouse/share/eyantra_warehouse//models/boxes/box_29/meshes
[1.344s] -- Installing: /home/vishnu/colcon_ws/src/install/eyantra_warehouse/share/eyantra_warehouse//models/boxes/box_29/meshes/box.dae
[1.344s] -- Installing: /home/vishnu/colcon_ws/src/install/eyantra_warehouse/share/eyantra_warehouse//models/boxes/box_29/meshes/box__bg.png
[1.344s] -- Installing: /home/vishnu/colcon_ws/src/install/eyantra_warehouse/share/eyantra_warehouse//models/boxes/box_29/meshes/aruco_tag.jpg
[1.344s] -- Installing: /home/vishnu/colcon_ws/src/install/eyantra_warehouse/share/eyantra_warehouse//models/boxes/box_29/meshes/cardboard_bg.png
[1.345s] -- Installing: /home/vishnu/colcon_ws/src/install/eyantra_warehouse/share/eyantra_warehouse//models/boxes/box_6
[1.345s] -- Installing: /home/vishnu/colcon_ws/src/install/eyantra_warehouse/share/eyantra_warehouse//models/boxes/box_6/model.config
[1.345s] -- Installing: /home/vishnu/colcon_ws/src/install/eyantra_warehouse/share/eyantra_warehouse//models/boxes/box_6/model.sdf
[1.345s] -- Installing: /home/vishnu/colcon_ws/src/install/eyantra_warehouse/share/eyantra_warehouse//models/boxes/box_6/meshes
[1.345s] -- Installing: /home/vishnu/colcon_ws/src/install/eyantra_warehouse/share/eyantra_warehouse//models/boxes/box_6/meshes/box.dae
[1.345s] -- Installing: /home/vishnu/colcon_ws/src/install/eyantra_warehouse/share/eyantra_warehouse//models/boxes/box_6/meshes/box__bg.png
[1.346s] -- Installing: /home/vishnu/colcon_ws/src/install/eyantra_warehouse/share/eyantra_warehouse//models/boxes/box_6/meshes/aruco_tag.jpg
[1.346s] -- Installing: /home/vishnu/colcon_ws/src/install/eyantra_warehouse/share/eyantra_warehouse//models/boxes/box_6/meshes/cardboard_bg.png
[1.346s] -- Installing: /home/vishnu/colcon_ws/src/install/eyantra_warehouse/share/eyantra_warehouse//models/boxes/box_26
[1.346s] -- Installing: /home/vishnu/colcon_ws/src/install/eyantra_warehouse/share/eyantra_warehouse//models/boxes/box_26/model.config
[1.346s] -- Installing: /home/vishnu/colcon_ws/src/install/eyantra_warehouse/share/eyantra_warehouse//models/boxes/box_26/model.sdf
[1.347s] -- Installing: /home/vishnu/colcon_ws/src/install/eyantra_warehouse/share/eyantra_warehouse//models/boxes/box_26/meshes
[1.347s] -- Installing: /home/vishnu/colcon_ws/src/install/eyantra_warehouse/share/eyantra_warehouse//models/boxes/box_26/meshes/box.dae
[1.347s] -- Installing: /home/vishnu/colcon_ws/src/install/eyantra_warehouse/share/eyantra_warehouse//models/boxes/box_26/meshes/box__bg.png
[1.347s] -- Installing: /home/vishnu/colcon_ws/src/install/eyantra_warehouse/share/eyantra_warehouse//models/boxes/box_26/meshes/aruco_tag.jpg
[1.347s] -- Installing: /home/vishnu/colcon_ws/src/install/eyantra_warehouse/share/eyantra_warehouse//models/boxes/box_26/meshes/cardboard_bg.png
[1.348s] -- Installing: /home/vishnu/colcon_ws/src/install/eyantra_warehouse/share/eyantra_warehouse//models/boxes/box_16
[1.348s] -- Installing: /home/vishnu/colcon_ws/src/install/eyantra_warehouse/share/eyantra_warehouse//models/boxes/box_16/model.config
[1.348s] -- Installing: /home/vishnu/colcon_ws/src/install/eyantra_warehouse/share/eyantra_warehouse//models/boxes/box_16/model.sdf
[1.348s] -- Installing: /home/vishnu/colcon_ws/src/install/eyantra_warehouse/share/eyantra_warehouse//models/boxes/box_16/meshes
[1.348s] -- Installing: /home/vishnu/colcon_ws/src/install/eyantra_warehouse/share/eyantra_warehouse//models/boxes/box_16/meshes/box.dae
[1.349s] -- Installing: /home/vishnu/colcon_ws/src/install/eyantra_warehouse/share/eyantra_warehouse//models/boxes/box_16/meshes/box__bg.png
[1.349s] -- Installing: /home/vishnu/colcon_ws/src/install/eyantra_warehouse/share/eyantra_warehouse//models/boxes/box_16/meshes/aruco_tag.jpg
[1.349s] -- Installing: /home/vishnu/colcon_ws/src/install/eyantra_warehouse/share/eyantra_warehouse//models/boxes/box_16/meshes/cardboard_bg.png
[1.350s] -- Installing: /home/vishnu/colcon_ws/src/install/eyantra_warehouse/share/eyantra_warehouse//models/boxes/box_44
[1.350s] -- Installing: /home/vishnu/colcon_ws/src/install/eyantra_warehouse/share/eyantra_warehouse//models/boxes/box_44/model.config
[1.350s] -- Installing: /home/vishnu/colcon_ws/src/install/eyantra_warehouse/share/eyantra_warehouse//models/boxes/box_44/model.sdf
[1.350s] -- Installing: /home/vishnu/colcon_ws/src/install/eyantra_warehouse/share/eyantra_warehouse//models/boxes/box_44/meshes
[1.350s] -- Installing: /home/vishnu/colcon_ws/src/install/eyantra_warehouse/share/eyantra_warehouse//models/boxes/box_44/meshes/box.dae
[1.350s] -- Installing: /home/vishnu/colcon_ws/src/install/eyantra_warehouse/share/eyantra_warehouse//models/boxes/box_44/meshes/box__bg.png
[1.351s] -- Installing: /home/vishnu/colcon_ws/src/install/eyantra_warehouse/share/eyantra_warehouse//models/boxes/box_44/meshes/aruco_tag.jpg
[1.351s] -- Installing: /home/vishnu/colcon_ws/src/install/eyantra_warehouse/share/eyantra_warehouse//models/boxes/box_44/meshes/cardboard_bg.png
[1.352s] -- Installing: /home/vishnu/colcon_ws/src/install/eyantra_warehouse/share/eyantra_warehouse//models/boxes/box_10
[1.352s] -- Installing: /home/vishnu/colcon_ws/src/install/eyantra_warehouse/share/eyantra_warehouse//models/boxes/box_10/model.config
[1.352s] -- Installing: /home/vishnu/colcon_ws/src/install/eyantra_warehouse/share/eyantra_warehouse//models/boxes/box_10/model.sdf
[1.352s] -- Installing: /home/vishnu/colcon_ws/src/install/eyantra_warehouse/share/eyantra_warehouse//models/boxes/box_10/meshes
[1.353s] -- Installing: /home/vishnu/colcon_ws/src/install/eyantra_warehouse/share/eyantra_warehouse//models/boxes/box_10/meshes/box.dae
[1.353s] -- Installing: /home/vishnu/colcon_ws/src/install/eyantra_warehouse/share/eyantra_warehouse//models/boxes/box_10/meshes/box__bg.png
[1.353s] -- Installing: /home/vishnu/colcon_ws/src/install/eyantra_warehouse/share/eyantra_warehouse//models/boxes/box_10/meshes/aruco_tag.jpg
[1.354s] -- Installing: /home/vishnu/colcon_ws/src/install/eyantra_warehouse/share/eyantra_warehouse//models/boxes/box_10/meshes/cardboard_bg.png
[1.354s] -- Installing: /home/vishnu/colcon_ws/src/install/eyantra_warehouse/share/eyantra_warehouse//models/boxes/box_20
[1.354s] -- Installing: /home/vishnu/colcon_ws/src/install/eyantra_warehouse/share/eyantra_warehouse//models/boxes/box_20/model.config
[1.354s] -- Installing: /home/vishnu/colcon_ws/src/install/eyantra_warehouse/share/eyantra_warehouse//models/boxes/box_20/model.sdf
[1.355s] -- Installing: /home/vishnu/colcon_ws/src/install/eyantra_warehouse/share/eyantra_warehouse//models/boxes/box_20/meshes
[1.355s] -- Installing: /home/vishnu/colcon_ws/src/install/eyantra_warehouse/share/eyantra_warehouse//models/boxes/box_20/meshes/box.dae
[1.355s] -- Installing: /home/vishnu/colcon_ws/src/install/eyantra_warehouse/share/eyantra_warehouse//models/boxes/box_20/meshes/box__bg.png
[1.356s] -- Installing: /home/vishnu/colcon_ws/src/install/eyantra_warehouse/share/eyantra_warehouse//models/boxes/box_20/meshes/aruco_tag.jpg
[1.356s] -- Installing: /home/vishnu/colcon_ws/src/install/eyantra_warehouse/share/eyantra_warehouse//models/boxes/box_20/meshes/cardboard_bg.png
[1.356s] -- Installing: /home/vishnu/colcon_ws/src/install/eyantra_warehouse/share/eyantra_warehouse//models/boxes/box_4
[1.356s] -- Installing: /home/vishnu/colcon_ws/src/install/eyantra_warehouse/share/eyantra_warehouse//models/boxes/box_4/model.config
[1.357s] -- Installing: /home/vishnu/colcon_ws/src/install/eyantra_warehouse/share/eyantra_warehouse//models/boxes/box_4/model.sdf
[1.357s] -- Installing: /home/vishnu/colcon_ws/src/install/eyantra_warehouse/share/eyantra_warehouse//models/boxes/box_4/meshes
[1.357s] -- Installing: /home/vishnu/colcon_ws/src/install/eyantra_warehouse/share/eyantra_warehouse//models/boxes/box_4/meshes/box.dae
[1.357s] -- Installing: /home/vishnu/colcon_ws/src/install/eyantra_warehouse/share/eyantra_warehouse//models/boxes/box_4/meshes/box__bg.png
[1.357s] -- Installing: /home/vishnu/colcon_ws/src/install/eyantra_warehouse/share/eyantra_warehouse//models/boxes/box_4/meshes/aruco_tag.jpg
[1.358s] -- Installing: /home/vishnu/colcon_ws/src/install/eyantra_warehouse/share/eyantra_warehouse//models/boxes/box_4/meshes/cardboard_bg.png
[1.358s] -- Installing: /home/vishnu/colcon_ws/src/install/eyantra_warehouse/share/eyantra_warehouse//models/boxes/box_13
[1.359s] -- Installing: /home/vishnu/colcon_ws/src/install/eyantra_warehouse/share/eyantra_warehouse//models/boxes/box_13/model.config
[1.359s] -- Installing: /home/vishnu/colcon_ws/src/install/eyantra_warehouse/share/eyantra_warehouse//models/boxes/box_13/model.sdf
[1.359s] -- Installing: /home/vishnu/colcon_ws/src/install/eyantra_warehouse/share/eyantra_warehouse//models/boxes/box_13/meshes
[1.359s] -- Installing: /home/vishnu/colcon_ws/src/install/eyantra_warehouse/share/eyantra_warehouse//models/boxes/box_13/meshes/box.dae
[1.359s] -- Installing: /home/vishnu/colcon_ws/src/install/eyantra_warehouse/share/eyantra_warehouse//models/boxes/box_13/meshes/box__bg.png
[1.360s] -- Installing: /home/vishnu/colcon_ws/src/install/eyantra_warehouse/share/eyantra_warehouse//models/boxes/box_13/meshes/aruco_tag.jpg
[1.360s] -- Installing: /home/vishnu/colcon_ws/src/install/eyantra_warehouse/share/eyantra_warehouse//models/boxes/box_13/meshes/cardboard_bg.png
[1.360s] -- Installing: /home/vishnu/colcon_ws/src/install/eyantra_warehouse/share/eyantra_warehouse//models/boxes/box_23
[1.360s] -- Installing: /home/vishnu/colcon_ws/src/install/eyantra_warehouse/share/eyantra_warehouse//models/boxes/box_23/model.config
[1.360s] -- Installing: /home/vishnu/colcon_ws/src/install/eyantra_warehouse/share/eyantra_warehouse//models/boxes/box_23/model.sdf
[1.361s] -- Installing: /home/vishnu/colcon_ws/src/install/eyantra_warehouse/share/eyantra_warehouse//models/boxes/box_23/meshes
[1.361s] -- Installing: /home/vishnu/colcon_ws/src/install/eyantra_warehouse/share/eyantra_warehouse//models/boxes/box_23/meshes/box.dae
[1.361s] -- Installing: /home/vishnu/colcon_ws/src/install/eyantra_warehouse/share/eyantra_warehouse//models/boxes/box_23/meshes/box__bg.png
[1.361s] -- Installing: /home/vishnu/colcon_ws/src/install/eyantra_warehouse/share/eyantra_warehouse//models/boxes/box_23/meshes/aruco_tag.jpg
[1.361s] -- Installing: /home/vishnu/colcon_ws/src/install/eyantra_warehouse/share/eyantra_warehouse//models/boxes/box_23/meshes/cardboard_bg.png
[1.362s] -- Installing: /home/vishnu/colcon_ws/src/install/eyantra_warehouse/share/eyantra_warehouse//models/boxes/box_8
[1.362s] -- Installing: /home/vishnu/colcon_ws/src/install/eyantra_warehouse/share/eyantra_warehouse//models/boxes/box_8/model.config
[1.362s] -- Installing: /home/vishnu/colcon_ws/src/install/eyantra_warehouse/share/eyantra_warehouse//models/boxes/box_8/model.sdf
[1.362s] -- Installing: /home/vishnu/colcon_ws/src/install/eyantra_warehouse/share/eyantra_warehouse//models/boxes/box_8/meshes
[1.363s] -- Installing: /home/vishnu/colcon_ws/src/install/eyantra_warehouse/share/eyantra_warehouse//models/boxes/box_8/meshes/box.dae
[1.363s] -- Installing: /home/vishnu/colcon_ws/src/install/eyantra_warehouse/share/eyantra_warehouse//models/boxes/box_8/meshes/box__bg.png
[1.364s] -- Installing: /home/vishnu/colcon_ws/src/install/eyantra_warehouse/share/eyantra_warehouse//models/boxes/box_8/meshes/aruco_tag.jpg
[1.364s] -- Installing: /home/vishnu/colcon_ws/src/install/eyantra_warehouse/share/eyantra_warehouse//models/boxes/box_8/meshes/cardboard_bg.png
[1.365s] -- Installing: /home/vishnu/colcon_ws/src/install/eyantra_warehouse/share/eyantra_warehouse//models/boxes/box_1
[1.365s] -- Installing: /home/vishnu/colcon_ws/src/install/eyantra_warehouse/share/eyantra_warehouse//models/boxes/box_1/model.config
[1.366s] -- Installing: /home/vishnu/colcon_ws/src/install/eyantra_warehouse/share/eyantra_warehouse//models/boxes/box_1/model.sdf
[1.366s] -- Installing: /home/vishnu/colcon_ws/src/install/eyantra_warehouse/share/eyantra_warehouse//models/boxes/box_1/meshes
[1.366s] -- Installing: /home/vishnu/colcon_ws/src/install/eyantra_warehouse/share/eyantra_warehouse//models/boxes/box_1/meshes/box.dae
[1.366s] -- Installing: /home/vishnu/colcon_ws/src/install/eyantra_warehouse/share/eyantra_warehouse//models/boxes/box_1/meshes/box__bg.png
[1.367s] -- Installing: /home/vishnu/colcon_ws/src/install/eyantra_warehouse/share/eyantra_warehouse//models/boxes/box_1/meshes/aruco_tag.jpg
[1.367s] -- Installing: /home/vishnu/colcon_ws/src/install/eyantra_warehouse/share/eyantra_warehouse//models/boxes/box_1/meshes/cardboard_bg.png
[1.367s] -- Installing: /home/vishnu/colcon_ws/src/install/eyantra_warehouse/share/eyantra_warehouse//models/boxes/box_39
[1.367s] -- Installing: /home/vishnu/colcon_ws/src/install/eyantra_warehouse/share/eyantra_warehouse//models/boxes/box_39/model.config
[1.368s] -- Installing: /home/vishnu/colcon_ws/src/install/eyantra_warehouse/share/eyantra_warehouse//models/boxes/box_39/model.sdf
[1.368s] -- Installing: /home/vishnu/colcon_ws/src/install/eyantra_warehouse/share/eyantra_warehouse//models/boxes/box_39/meshes
[1.368s] -- Installing: /home/vishnu/colcon_ws/src/install/eyantra_warehouse/share/eyantra_warehouse//models/boxes/box_39/meshes/box.dae
[1.368s] -- Installing: /home/vishnu/colcon_ws/src/install/eyantra_warehouse/share/eyantra_warehouse//models/boxes/box_39/meshes/box__bg.png
[1.368s] -- Installing: /home/vishnu/colcon_ws/src/install/eyantra_warehouse/share/eyantra_warehouse//models/boxes/box_39/meshes/aruco_tag.jpg
[1.369s] -- Installing: /home/vishnu/colcon_ws/src/install/eyantra_warehouse/share/eyantra_warehouse//models/boxes/box_39/meshes/cardboard_bg.png
[1.369s] -- Installing: /home/vishnu/colcon_ws/src/install/eyantra_warehouse/share/eyantra_warehouse//models/boxes/box_25
[1.369s] -- Installing: /home/vishnu/colcon_ws/src/install/eyantra_warehouse/share/eyantra_warehouse//models/boxes/box_25/model.config
[1.369s] -- Installing: /home/vishnu/colcon_ws/src/install/eyantra_warehouse/share/eyantra_warehouse//models/boxes/box_25/model.sdf
[1.370s] -- Installing: /home/vishnu/colcon_ws/src/install/eyantra_warehouse/share/eyantra_warehouse//models/boxes/box_25/meshes
[1.370s] -- Installing: /home/vishnu/colcon_ws/src/install/eyantra_warehouse/share/eyantra_warehouse//models/boxes/box_25/meshes/box.dae
[1.370s] -- Installing: /home/vishnu/colcon_ws/src/install/eyantra_warehouse/share/eyantra_warehouse//models/boxes/box_25/meshes/box__bg.png
[1.370s] -- Installing: /home/vishnu/colcon_ws/src/install/eyantra_warehouse/share/eyantra_warehouse//models/boxes/box_25/meshes/aruco_tag.jpg
[1.370s] -- Installing: /home/vishnu/colcon_ws/src/install/eyantra_warehouse/share/eyantra_warehouse//models/boxes/box_25/meshes/cardboard_bg.png
[1.371s] -- Installing: /home/vishnu/colcon_ws/src/install/eyantra_warehouse/share/eyantra_warehouse//models/boxes/box_33
[1.371s] -- Installing: /home/vishnu/colcon_ws/src/install/eyantra_warehouse/share/eyantra_warehouse//models/boxes/box_33/model.config
[1.371s] -- Installing: /home/vishnu/colcon_ws/src/install/eyantra_warehouse/share/eyantra_warehouse//models/boxes/box_33/model.sdf
[1.371s] -- Installing: /home/vishnu/colcon_ws/src/install/eyantra_warehouse/share/eyantra_warehouse//models/boxes/box_33/meshes
[1.371s] -- Installing: /home/vishnu/colcon_ws/src/install/eyantra_warehouse/share/eyantra_warehouse//models/boxes/box_33/meshes/box.dae
[1.372s] -- Installing: /home/vishnu/colcon_ws/src/install/eyantra_warehouse/share/eyantra_warehouse//models/boxes/box_33/meshes/box__bg.png
[1.372s] -- Installing: /home/vishnu/colcon_ws/src/install/eyantra_warehouse/share/eyantra_warehouse//models/boxes/box_33/meshes/aruco_tag.jpg
[1.372s] -- Installing: /home/vishnu/colcon_ws/src/install/eyantra_warehouse/share/eyantra_warehouse//models/boxes/box_33/meshes/cardboard_bg.png
[1.373s] -- Installing: /home/vishnu/colcon_ws/src/install/eyantra_warehouse/share/eyantra_warehouse//models/boxes/box_35
[1.373s] -- Installing: /home/vishnu/colcon_ws/src/install/eyantra_warehouse/share/eyantra_warehouse//models/boxes/box_35/model.config
[1.373s] -- Installing: /home/vishnu/colcon_ws/src/install/eyantra_warehouse/share/eyantra_warehouse//models/boxes/box_35/model.sdf
[1.373s] -- Installing: /home/vishnu/colcon_ws/src/install/eyantra_warehouse/share/eyantra_warehouse//models/boxes/box_35/meshes
[1.374s] -- Installing: /home/vishnu/colcon_ws/src/install/eyantra_warehouse/share/eyantra_warehouse//models/boxes/box_35/meshes/box.dae
[1.374s] -- Installing: /home/vishnu/colcon_ws/src/install/eyantra_warehouse/share/eyantra_warehouse//models/boxes/box_35/meshes/box__bg.png
[1.374s] -- Installing: /home/vishnu/colcon_ws/src/install/eyantra_warehouse/share/eyantra_warehouse//models/boxes/box_35/meshes/aruco_tag.jpg
[1.374s] -- Installing: /home/vishnu/colcon_ws/src/install/eyantra_warehouse/share/eyantra_warehouse//models/boxes/box_35/meshes/cardboard_bg.png
[1.375s] -- Installing: /home/vishnu/colcon_ws/src/install/eyantra_warehouse/share/eyantra_warehouse//models/boxes/box_21
[1.375s] -- Installing: /home/vishnu/colcon_ws/src/install/eyantra_warehouse/share/eyantra_warehouse//models/boxes/box_21/model.config
[1.375s] -- Installing: /home/vishnu/colcon_ws/src/install/eyantra_warehouse/share/eyantra_warehouse//models/boxes/box_21/model.sdf
[1.375s] -- Installing: /home/vishnu/colcon_ws/src/install/eyantra_warehouse/share/eyantra_warehouse//models/boxes/box_21/meshes
[1.375s] -- Installing: /home/vishnu/colcon_ws/src/install/eyantra_warehouse/share/eyantra_warehouse//models/boxes/box_21/meshes/box.dae
[1.375s] -- Installing: /home/vishnu/colcon_ws/src/install/eyantra_warehouse/share/eyantra_warehouse//models/boxes/box_21/meshes/box__bg.png
[1.376s] -- Installing: /home/vishnu/colcon_ws/src/install/eyantra_warehouse/share/eyantra_warehouse//models/boxes/box_21/meshes/aruco_tag.jpg
[1.376s] -- Installing: /home/vishnu/colcon_ws/src/install/eyantra_warehouse/share/eyantra_warehouse//models/boxes/box_21/meshes/cardboard_bg.png
[1.376s] -- Installing: /home/vishnu/colcon_ws/src/install/eyantra_warehouse/share/eyantra_warehouse//models/boxes/box_9
[1.376s] -- Installing: /home/vishnu/colcon_ws/src/install/eyantra_warehouse/share/eyantra_warehouse//models/boxes/box_9/model.config
[1.376s] -- Installing: /home/vishnu/colcon_ws/src/install/eyantra_warehouse/share/eyantra_warehouse//models/boxes/box_9/model.sdf
[1.377s] -- Installing: /home/vishnu/colcon_ws/src/install/eyantra_warehouse/share/eyantra_warehouse//models/boxes/box_9/meshes
[1.377s] -- Installing: /home/vishnu/colcon_ws/src/install/eyantra_warehouse/share/eyantra_warehouse//models/boxes/box_9/meshes/box.dae
[1.377s] -- Installing: /home/vishnu/colcon_ws/src/install/eyantra_warehouse/share/eyantra_warehouse//models/boxes/box_9/meshes/box__bg.png
[1.377s] -- Installing: /home/vishnu/colcon_ws/src/install/eyantra_warehouse/share/eyantra_warehouse//models/boxes/box_9/meshes/aruco_tag.jpg
[1.378s] -- Installing: /home/vishnu/colcon_ws/src/install/eyantra_warehouse/share/eyantra_warehouse//models/boxes/box_9/meshes/cardboard_bg.png
[1.378s] -- Installing: /home/vishnu/colcon_ws/src/install/eyantra_warehouse/share/eyantra_warehouse//models/boxes/box_50
[1.378s] -- Installing: /home/vishnu/colcon_ws/src/install/eyantra_warehouse/share/eyantra_warehouse//models/boxes/box_50/model.config
[1.378s] -- Installing: /home/vishnu/colcon_ws/src/install/eyantra_warehouse/share/eyantra_warehouse//models/boxes/box_50/model.sdf
[1.379s] -- Installing: /home/vishnu/colcon_ws/src/install/eyantra_warehouse/share/eyantra_warehouse//models/boxes/box_50/meshes
[1.379s] -- Installing: /home/vishnu/colcon_ws/src/install/eyantra_warehouse/share/eyantra_warehouse//models/boxes/box_50/meshes/box.dae
[1.379s] -- Installing: /home/vishnu/colcon_ws/src/install/eyantra_warehouse/share/eyantra_warehouse//models/boxes/box_50/meshes/box__bg.png
[1.379s] -- Installing: /home/vishnu/colcon_ws/src/install/eyantra_warehouse/share/eyantra_warehouse//models/boxes/box_50/meshes/aruco_tag.jpg
[1.379s] -- Installing: /home/vishnu/colcon_ws/src/install/eyantra_warehouse/share/eyantra_warehouse//models/boxes/box_50/meshes/cardboard_bg.png
[1.380s] -- Installing: /home/vishnu/colcon_ws/src/install/eyantra_warehouse/share/eyantra_warehouse//models/boxes/box_46
[1.380s] -- Installing: /home/vishnu/colcon_ws/src/install/eyantra_warehouse/share/eyantra_warehouse//models/boxes/box_46/model.config
[1.380s] -- Installing: /home/vishnu/colcon_ws/src/install/eyantra_warehouse/share/eyantra_warehouse//models/boxes/box_46/model.sdf
[1.380s] -- Installing: /home/vishnu/colcon_ws/src/install/eyantra_warehouse/share/eyantra_warehouse//models/boxes/box_46/meshes
[1.380s] -- Installing: /home/vishnu/colcon_ws/src/install/eyantra_warehouse/share/eyantra_warehouse//models/boxes/box_46/meshes/box.dae
[1.380s] -- Installing: /home/vishnu/colcon_ws/src/install/eyantra_warehouse/share/eyantra_warehouse//models/boxes/box_46/meshes/box__bg.png
[1.381s] -- Installing: /home/vishnu/colcon_ws/src/install/eyantra_warehouse/share/eyantra_warehouse//models/boxes/box_46/meshes/aruco_tag.jpg
[1.381s] -- Installing: /home/vishnu/colcon_ws/src/install/eyantra_warehouse/share/eyantra_warehouse//models/boxes/box_46/meshes/cardboard_bg.png
[1.381s] -- Installing: /home/vishnu/colcon_ws/src/install/eyantra_warehouse/share/eyantra_warehouse//models/boxes/box_36
[1.381s] -- Installing: /home/vishnu/colcon_ws/src/install/eyantra_warehouse/share/eyantra_warehouse//models/boxes/box_36/model.config
[1.381s] -- Installing: /home/vishnu/colcon_ws/src/install/eyantra_warehouse/share/eyantra_warehouse//models/boxes/box_36/model.sdf
[1.381s] -- Installing: /home/vishnu/colcon_ws/src/install/eyantra_warehouse/share/eyantra_warehouse//models/boxes/box_36/meshes
[1.382s] -- Installing: /home/vishnu/colcon_ws/src/install/eyantra_warehouse/share/eyantra_warehouse//models/boxes/box_36/meshes/box.dae
[1.382s] -- Installing: /home/vishnu/colcon_ws/src/install/eyantra_warehouse/share/eyantra_warehouse//models/boxes/box_36/meshes/box__bg.png
[1.382s] -- Installing: /home/vishnu/colcon_ws/src/install/eyantra_warehouse/share/eyantra_warehouse//models/boxes/box_36/meshes/aruco_tag.jpg
[1.383s] -- Installing: /home/vishnu/colcon_ws/src/install/eyantra_warehouse/share/eyantra_warehouse//models/boxes/box_36/meshes/cardboard_bg.png
[1.384s] -- Installing: /home/vishnu/colcon_ws/src/install/eyantra_warehouse/share/eyantra_warehouse//models/boxes/box_14
[1.385s] -- Installing: /home/vishnu/colcon_ws/src/install/eyantra_warehouse/share/eyantra_warehouse//models/boxes/box_14/model.config
[1.386s] -- Installing: /home/vishnu/colcon_ws/src/install/eyantra_warehouse/share/eyantra_warehouse//models/boxes/box_14/model.sdf
[1.386s] -- Installing: /home/vishnu/colcon_ws/src/install/eyantra_warehouse/share/eyantra_warehouse//models/boxes/box_14/meshes
[1.386s] -- Installing: /home/vishnu/colcon_ws/src/install/eyantra_warehouse/share/eyantra_warehouse//models/boxes/box_14/meshes/box.dae
[1.386s] -- Installing: /home/vishnu/colcon_ws/src/install/eyantra_warehouse/share/eyantra_warehouse//models/boxes/box_14/meshes/box__bg.png
[1.386s] -- Installing: /home/vishnu/colcon_ws/src/install/eyantra_warehouse/share/eyantra_warehouse//models/boxes/box_14/meshes/aruco_tag.jpg
[1.386s] -- Installing: /home/vishnu/colcon_ws/src/install/eyantra_warehouse/share/eyantra_warehouse//models/boxes/box_14/meshes/cardboard_bg.png
[1.386s] -- Installing: /home/vishnu/colcon_ws/src/install/eyantra_warehouse/share/eyantra_warehouse//models/boxes/box_3
[1.387s] -- Installing: /home/vishnu/colcon_ws/src/install/eyantra_warehouse/share/eyantra_warehouse//models/boxes/box_3/model.config
[1.387s] -- Installing: /home/vishnu/colcon_ws/src/install/eyantra_warehouse/share/eyantra_warehouse//models/boxes/box_3/model.sdf
[1.387s] -- Installing: /home/vishnu/colcon_ws/src/install/eyantra_warehouse/share/eyantra_warehouse//models/boxes/box_3/meshes
[1.387s] -- Installing: /home/vishnu/colcon_ws/src/install/eyantra_warehouse/share/eyantra_warehouse//models/boxes/box_3/meshes/box.dae
[1.387s] -- Installing: /home/vishnu/colcon_ws/src/install/eyantra_warehouse/share/eyantra_warehouse//models/boxes/box_3/meshes/box__bg.png
[1.388s] -- Installing: /home/vishnu/colcon_ws/src/install/eyantra_warehouse/share/eyantra_warehouse//models/boxes/box_3/meshes/aruco_tag.jpg
[1.388s] -- Installing: /home/vishnu/colcon_ws/src/install/eyantra_warehouse/share/eyantra_warehouse//models/boxes/box_3/meshes/cardboard_bg.png
[1.389s] -- Installing: /home/vishnu/colcon_ws/src/install/eyantra_warehouse/share/eyantra_warehouse//models/boxes/box_38
[1.389s] -- Installing: /home/vishnu/colcon_ws/src/install/eyantra_warehouse/share/eyantra_warehouse//models/boxes/box_38/model.config
[1.389s] -- Installing: /home/vishnu/colcon_ws/src/install/eyantra_warehouse/share/eyantra_warehouse//models/boxes/box_38/model.sdf
[1.389s] -- Installing: /home/vishnu/colcon_ws/src/install/eyantra_warehouse/share/eyantra_warehouse//models/boxes/box_38/meshes
[1.389s] -- Installing: /home/vishnu/colcon_ws/src/install/eyantra_warehouse/share/eyantra_warehouse//models/boxes/box_38/meshes/box.dae
[1.389s] -- Installing: /home/vishnu/colcon_ws/src/install/eyantra_warehouse/share/eyantra_warehouse//models/boxes/box_38/meshes/box__bg.png
[1.390s] -- Installing: /home/vishnu/colcon_ws/src/install/eyantra_warehouse/share/eyantra_warehouse//models/boxes/box_38/meshes/aruco_tag.jpg
[1.390s] -- Installing: /home/vishnu/colcon_ws/src/install/eyantra_warehouse/share/eyantra_warehouse//models/boxes/box_38/meshes/cardboard_bg.png
[1.391s] -- Installing: /home/vishnu/colcon_ws/src/install/eyantra_warehouse/share/eyantra_warehouse//models/boxes/box_48
[1.391s] -- Installing: /home/vishnu/colcon_ws/src/install/eyantra_warehouse/share/eyantra_warehouse//models/boxes/box_48/model.config
[1.391s] -- Installing: /home/vishnu/colcon_ws/src/install/eyantra_warehouse/share/eyantra_warehouse//models/boxes/box_48/model.sdf
[1.391s] -- Installing: /home/vishnu/colcon_ws/src/install/eyantra_warehouse/share/eyantra_warehouse//models/boxes/box_48/meshes
[1.391s] -- Installing: /home/vishnu/colcon_ws/src/install/eyantra_warehouse/share/eyantra_warehouse//models/boxes/box_48/meshes/box.dae
[1.391s] -- Installing: /home/vishnu/colcon_ws/src/install/eyantra_warehouse/share/eyantra_warehouse//models/boxes/box_48/meshes/box__bg.png
[1.392s] -- Installing: /home/vishnu/colcon_ws/src/install/eyantra_warehouse/share/eyantra_warehouse//models/boxes/box_48/meshes/aruco_tag.jpg
[1.392s] -- Installing: /home/vishnu/colcon_ws/src/install/eyantra_warehouse/share/eyantra_warehouse//models/boxes/box_48/meshes/cardboard_bg.png
[1.392s] -- Installing: /home/vishnu/colcon_ws/src/install/eyantra_warehouse/share/eyantra_warehouse//models/boxes/box_47
[1.393s] -- Installing: /home/vishnu/colcon_ws/src/install/eyantra_warehouse/share/eyantra_warehouse//models/boxes/box_47/model.config
[1.393s] -- Installing: /home/vishnu/colcon_ws/src/install/eyantra_warehouse/share/eyantra_warehouse//models/boxes/box_47/model.sdf
[1.394s] -- Installing: /home/vishnu/colcon_ws/src/install/eyantra_warehouse/share/eyantra_warehouse//models/boxes/box_47/meshes
[1.394s] -- Installing: /home/vishnu/colcon_ws/src/install/eyantra_warehouse/share/eyantra_warehouse//models/boxes/box_47/meshes/box.dae
[1.394s] -- Installing: /home/vishnu/colcon_ws/src/install/eyantra_warehouse/share/eyantra_warehouse//models/boxes/box_47/meshes/box__bg.png
[1.394s] -- Installing: /home/vishnu/colcon_ws/src/install/eyantra_warehouse/share/eyantra_warehouse//models/boxes/box_47/meshes/aruco_tag.jpg
[1.394s] -- Installing: /home/vishnu/colcon_ws/src/install/eyantra_warehouse/share/eyantra_warehouse//models/boxes/box_47/meshes/cardboard_bg.png
[1.395s] -- Installing: /home/vishnu/colcon_ws/src/install/eyantra_warehouse/share/eyantra_warehouse//models/boxes/box_17
[1.395s] -- Installing: /home/vishnu/colcon_ws/src/install/eyantra_warehouse/share/eyantra_warehouse//models/boxes/box_17/model.config
[1.396s] -- Installing: /home/vishnu/colcon_ws/src/install/eyantra_warehouse/share/eyantra_warehouse//models/boxes/box_17/model.sdf
[1.396s] -- Installing: /home/vishnu/colcon_ws/src/install/eyantra_warehouse/share/eyantra_warehouse//models/boxes/box_17/meshes
[1.396s] -- Installing: /home/vishnu/colcon_ws/src/install/eyantra_warehouse/share/eyantra_warehouse//models/boxes/box_17/meshes/box.dae
[1.396s] -- Installing: /home/vishnu/colcon_ws/src/install/eyantra_warehouse/share/eyantra_warehouse//models/boxes/box_17/meshes/box__bg.png
[1.397s] -- Installing: /home/vishnu/colcon_ws/src/install/eyantra_warehouse/share/eyantra_warehouse//models/boxes/box_17/meshes/aruco_tag.jpg
[1.397s] -- Installing: /home/vishnu/colcon_ws/src/install/eyantra_warehouse/share/eyantra_warehouse//models/boxes/box_17/meshes/cardboard_bg.png
[1.397s] -- Installing: /home/vishnu/colcon_ws/src/install/eyantra_warehouse/share/eyantra_warehouse//models/boxes/box_19
[1.398s] -- Installing: /home/vishnu/colcon_ws/src/install/eyantra_warehouse/share/eyantra_warehouse//models/boxes/box_19/model.config
[1.398s] -- Installing: /home/vishnu/colcon_ws/src/install/eyantra_warehouse/share/eyantra_warehouse//models/boxes/box_19/model.sdf
[1.398s] -- Installing: /home/vishnu/colcon_ws/src/install/eyantra_warehouse/share/eyantra_warehouse//models/boxes/box_19/meshes
[1.399s] -- Installing: /home/vishnu/colcon_ws/src/install/eyantra_warehouse/share/eyantra_warehouse//models/boxes/box_19/meshes/box.dae
[1.399s] -- Installing: /home/vishnu/colcon_ws/src/install/eyantra_warehouse/share/eyantra_warehouse//models/boxes/box_19/meshes/box__bg.png
[1.399s] -- Installing: /home/vishnu/colcon_ws/src/install/eyantra_warehouse/share/eyantra_warehouse//models/boxes/box_19/meshes/aruco_tag.jpg
[1.399s] -- Installing: /home/vishnu/colcon_ws/src/install/eyantra_warehouse/share/eyantra_warehouse//models/boxes/box_19/meshes/cardboard_bg.png
[1.400s] -- Installing: /home/vishnu/colcon_ws/src/install/eyantra_warehouse/share/eyantra_warehouse//models/boxes/box_15
[1.400s] -- Installing: /home/vishnu/colcon_ws/src/install/eyantra_warehouse/share/eyantra_warehouse//models/boxes/box_15/model.config
[1.400s] -- Installing: /home/vishnu/colcon_ws/src/install/eyantra_warehouse/share/eyantra_warehouse//models/boxes/box_15/model.sdf
[1.400s] -- Installing: /home/vishnu/colcon_ws/src/install/eyantra_warehouse/share/eyantra_warehouse//models/boxes/box_15/meshes
[1.400s] -- Installing: /home/vishnu/colcon_ws/src/install/eyantra_warehouse/share/eyantra_warehouse//models/boxes/box_15/meshes/box.dae
[1.400s] -- Installing: /home/vishnu/colcon_ws/src/install/eyantra_warehouse/share/eyantra_warehouse//models/boxes/box_15/meshes/box__bg.png
[1.401s] -- Installing: /home/vishnu/colcon_ws/src/install/eyantra_warehouse/share/eyantra_warehouse//models/boxes/box_15/meshes/aruco_tag.jpg
[1.401s] -- Installing: /home/vishnu/colcon_ws/src/install/eyantra_warehouse/share/eyantra_warehouse//models/boxes/box_15/meshes/cardboard_bg.png
[1.401s] -- Installing: /home/vishnu/colcon_ws/src/install/eyantra_warehouse/share/eyantra_warehouse//models/boxes/box_43
[1.402s] -- Installing: /home/vishnu/colcon_ws/src/install/eyantra_warehouse/share/eyantra_warehouse//models/boxes/box_43/model.config
[1.402s] -- Installing: /home/vishnu/colcon_ws/src/install/eyantra_warehouse/share/eyantra_warehouse//models/boxes/box_43/model.sdf
[1.402s] -- Installing: /home/vishnu/colcon_ws/src/install/eyantra_warehouse/share/eyantra_warehouse//models/boxes/box_43/meshes
[1.402s] -- Installing: /home/vishnu/colcon_ws/src/install/eyantra_warehouse/share/eyantra_warehouse//models/boxes/box_43/meshes/box.dae
[1.402s] -- Installing: /home/vishnu/colcon_ws/src/install/eyantra_warehouse/share/eyantra_warehouse//models/boxes/box_43/meshes/box__bg.png
[1.403s] -- Installing: /home/vishnu/colcon_ws/src/install/eyantra_warehouse/share/eyantra_warehouse//models/boxes/box_43/meshes/aruco_tag.jpg
[1.403s] -- Installing: /home/vishnu/colcon_ws/src/install/eyantra_warehouse/share/eyantra_warehouse//models/boxes/box_43/meshes/cardboard_bg.png
[1.403s] -- Installing: /home/vishnu/colcon_ws/src/install/eyantra_warehouse/share/eyantra_warehouse//models/boxes/box_45
[1.403s] -- Installing: /home/vishnu/colcon_ws/src/install/eyantra_warehouse/share/eyantra_warehouse//models/boxes/box_45/model.config
[1.403s] -- Installing: /home/vishnu/colcon_ws/src/install/eyantra_warehouse/share/eyantra_warehouse//models/boxes/box_45/model.sdf
[1.404s] -- Installing: /home/vishnu/colcon_ws/src/install/eyantra_warehouse/share/eyantra_warehouse//models/boxes/box_45/meshes
[1.404s] -- Installing: /home/vishnu/colcon_ws/src/install/eyantra_warehouse/share/eyantra_warehouse//models/boxes/box_45/meshes/box.dae
[1.404s] -- Installing: /home/vishnu/colcon_ws/src/install/eyantra_warehouse/share/eyantra_warehouse//models/boxes/box_45/meshes/box__bg.png
[1.404s] -- Installing: /home/vishnu/colcon_ws/src/install/eyantra_warehouse/share/eyantra_warehouse//models/boxes/box_45/meshes/aruco_tag.jpg
[1.405s] -- Installing: /home/vishnu/colcon_ws/src/install/eyantra_warehouse/share/eyantra_warehouse//models/boxes/box_45/meshes/cardboard_bg.png
[1.405s] -- Installing: /home/vishnu/colcon_ws/src/install/eyantra_warehouse/share/eyantra_warehouse//models/boxes/box_28
[1.405s] -- Installing: /home/vishnu/colcon_ws/src/install/eyantra_warehouse/share/eyantra_warehouse//models/boxes/box_28/model.config
[1.405s] -- Installing: /home/vishnu/colcon_ws/src/install/eyantra_warehouse/share/eyantra_warehouse//models/boxes/box_28/model.sdf
[1.405s] -- Installing: /home/vishnu/colcon_ws/src/install/eyantra_warehouse/share/eyantra_warehouse//models/boxes/box_28/meshes
[1.406s] -- Installing: /home/vishnu/colcon_ws/src/install/eyantra_warehouse/share/eyantra_warehouse//models/boxes/box_28/meshes/box.dae
[1.406s] -- Installing: /home/vishnu/colcon_ws/src/install/eyantra_warehouse/share/eyantra_warehouse//models/boxes/box_28/meshes/box__bg.png
[1.406s] -- Installing: /home/vishnu/colcon_ws/src/install/eyantra_warehouse/share/eyantra_warehouse//models/boxes/box_28/meshes/aruco_tag.jpg
[1.406s] -- Installing: /home/vishnu/colcon_ws/src/install/eyantra_warehouse/share/eyantra_warehouse//models/boxes/box_28/meshes/cardboard_bg.png
[1.407s] -- Installing: /home/vishnu/colcon_ws/src/install/eyantra_warehouse/share/eyantra_warehouse//models/boxes/box_32
[1.407s] -- Installing: /home/vishnu/colcon_ws/src/install/eyantra_warehouse/share/eyantra_warehouse//models/boxes/box_32/model.config
[1.407s] -- Installing: /home/vishnu/colcon_ws/src/install/eyantra_warehouse/share/eyantra_warehouse//models/boxes/box_32/model.sdf
[1.407s] -- Installing: /home/vishnu/colcon_ws/src/install/eyantra_warehouse/share/eyantra_warehouse//models/boxes/box_32/meshes
[1.407s] -- Installing: /home/vishnu/colcon_ws/src/install/eyantra_warehouse/share/eyantra_warehouse//models/boxes/box_32/meshes/box.dae
[1.407s] -- Installing: /home/vishnu/colcon_ws/src/install/eyantra_warehouse/share/eyantra_warehouse//models/boxes/box_32/meshes/box__bg.png
[1.408s] -- Installing: /home/vishnu/colcon_ws/src/install/eyantra_warehouse/share/eyantra_warehouse//models/boxes/box_32/meshes/aruco_tag.jpg
[1.408s] -- Installing: /home/vishnu/colcon_ws/src/install/eyantra_warehouse/share/eyantra_warehouse//models/boxes/box_32/meshes/cardboard_bg.png
[1.408s] -- Installing: /home/vishnu/colcon_ws/src/install/eyantra_warehouse/share/eyantra_warehouse//models/boxes/box_31
[1.408s] -- Installing: /home/vishnu/colcon_ws/src/install/eyantra_warehouse/share/eyantra_warehouse//models/boxes/box_31/model.config
[1.408s] -- Installing: /home/vishnu/colcon_ws/src/install/eyantra_warehouse/share/eyantra_warehouse//models/boxes/box_31/model.sdf
[1.409s] -- Installing: /home/vishnu/colcon_ws/src/install/eyantra_warehouse/share/eyantra_warehouse//models/boxes/box_31/meshes
[1.409s] -- Installing: /home/vishnu/colcon_ws/src/install/eyantra_warehouse/share/eyantra_warehouse//models/boxes/box_31/meshes/box.dae
[1.409s] -- Installing: /home/vishnu/colcon_ws/src/install/eyantra_warehouse/share/eyantra_warehouse//models/boxes/box_31/meshes/box__bg.png
[1.409s] -- Installing: /home/vishnu/colcon_ws/src/install/eyantra_warehouse/share/eyantra_warehouse//models/boxes/box_31/meshes/aruco_tag.jpg
[1.409s] -- Installing: /home/vishnu/colcon_ws/src/install/eyantra_warehouse/share/eyantra_warehouse//models/boxes/box_31/meshes/cardboard_bg.png
[1.409s] -- Installing: /home/vishnu/colcon_ws/src/install/eyantra_warehouse/share/eyantra_warehouse//models/boxes/box_18
[1.410s] -- Installing: /home/vishnu/colcon_ws/src/install/eyantra_warehouse/share/eyantra_warehouse//models/boxes/box_18/model.config
[1.410s] -- Installing: /home/vishnu/colcon_ws/src/install/eyantra_warehouse/share/eyantra_warehouse//models/boxes/box_18/model.sdf
[1.410s] -- Installing: /home/vishnu/colcon_ws/src/install/eyantra_warehouse/share/eyantra_warehouse//models/boxes/box_18/meshes
[1.410s] -- Installing: /home/vishnu/colcon_ws/src/install/eyantra_warehouse/share/eyantra_warehouse//models/boxes/box_18/meshes/box.dae
[1.410s] -- Installing: /home/vishnu/colcon_ws/src/install/eyantra_warehouse/share/eyantra_warehouse//models/boxes/box_18/meshes/box__bg.png
[1.411s] -- Installing: /home/vishnu/colcon_ws/src/install/eyantra_warehouse/share/eyantra_warehouse//models/boxes/box_18/meshes/aruco_tag.jpg
[1.411s] -- Installing: /home/vishnu/colcon_ws/src/install/eyantra_warehouse/share/eyantra_warehouse//models/boxes/box_18/meshes/cardboard_bg.png
[1.411s] -- Installing: /home/vishnu/colcon_ws/src/install/eyantra_warehouse/share/eyantra_warehouse//models/boxes/box_37
[1.411s] -- Installing: /home/vishnu/colcon_ws/src/install/eyantra_warehouse/share/eyantra_warehouse//models/boxes/box_37/model.config
[1.412s] -- Installing: /home/vishnu/colcon_ws/src/install/eyantra_warehouse/share/eyantra_warehouse//models/boxes/box_37/model.sdf
[1.412s] -- Installing: /home/vishnu/colcon_ws/src/install/eyantra_warehouse/share/eyantra_warehouse//models/boxes/box_37/meshes
[1.412s] -- Installing: /home/vishnu/colcon_ws/src/install/eyantra_warehouse/share/eyantra_warehouse//models/boxes/box_37/meshes/box.dae
[1.413s] -- Installing: /home/vishnu/colcon_ws/src/install/eyantra_warehouse/share/eyantra_warehouse//models/boxes/box_37/meshes/box__bg.png
[1.413s] -- Installing: /home/vishnu/colcon_ws/src/install/eyantra_warehouse/share/eyantra_warehouse//models/boxes/box_37/meshes/aruco_tag.jpg
[1.415s] -- Installing: /home/vishnu/colcon_ws/src/install/eyantra_warehouse/share/eyantra_warehouse//models/boxes/box_37/meshes/cardboard_bg.png
[1.415s] -- Installing: /home/vishnu/colcon_ws/src/install/eyantra_warehouse/share/eyantra_warehouse//models/boxes/box_2
[1.415s] -- Installing: /home/vishnu/colcon_ws/src/install/eyantra_warehouse/share/eyantra_warehouse//models/boxes/box_2/model.config
[1.415s] -- Installing: /home/vishnu/colcon_ws/src/install/eyantra_warehouse/share/eyantra_warehouse//models/boxes/box_2/model.sdf
[1.415s] -- Installing: /home/vishnu/colcon_ws/src/install/eyantra_warehouse/share/eyantra_warehouse//models/boxes/box_2/meshes
[1.415s] -- Installing: /home/vishnu/colcon_ws/src/install/eyantra_warehouse/share/eyantra_warehouse//models/boxes/box_2/meshes/box.dae
[1.416s] -- Installing: /home/vishnu/colcon_ws/src/install/eyantra_warehouse/share/eyantra_warehouse//models/boxes/box_2/meshes/box__bg.png
[1.416s] -- Installing: /home/vishnu/colcon_ws/src/install/eyantra_warehouse/share/eyantra_warehouse//models/boxes/box_2/meshes/aruco_tag.jpg
[1.417s] -- Installing: /home/vishnu/colcon_ws/src/install/eyantra_warehouse/share/eyantra_warehouse//models/boxes/box_2/meshes/cardboard_bg.png
[1.418s] -- Installing: /home/vishnu/colcon_ws/src/install/eyantra_warehouse/share/eyantra_warehouse//models/boxes/box_30
[1.418s] -- Installing: /home/vishnu/colcon_ws/src/install/eyantra_warehouse/share/eyantra_warehouse//models/boxes/box_30/model.config
[1.418s] -- Installing: /home/vishnu/colcon_ws/src/install/eyantra_warehouse/share/eyantra_warehouse//models/boxes/box_30/model.sdf
[1.418s] -- Installing: /home/vishnu/colcon_ws/src/install/eyantra_warehouse/share/eyantra_warehouse//models/boxes/box_30/meshes
[1.418s] -- Installing: /home/vishnu/colcon_ws/src/install/eyantra_warehouse/share/eyantra_warehouse//models/boxes/box_30/meshes/box.dae
[1.419s] -- Installing: /home/vishnu/colcon_ws/src/install/eyantra_warehouse/share/eyantra_warehouse//models/boxes/box_30/meshes/box__bg.png
[1.419s] -- Installing: /home/vishnu/colcon_ws/src/install/eyantra_warehouse/share/eyantra_warehouse//models/boxes/box_30/meshes/aruco_tag.jpg
[1.419s] -- Installing: /home/vishnu/colcon_ws/src/install/eyantra_warehouse/share/eyantra_warehouse//models/boxes/box_30/meshes/cardboard_bg.png
[1.419s] -- Installing: /home/vishnu/colcon_ws/src/install/eyantra_warehouse/share/eyantra_warehouse//models/boxes/box_49
[1.420s] -- Installing: /home/vishnu/colcon_ws/src/install/eyantra_warehouse/share/eyantra_warehouse//models/boxes/box_49/model.config
[1.420s] -- Installing: /home/vishnu/colcon_ws/src/install/eyantra_warehouse/share/eyantra_warehouse//models/boxes/box_49/model.sdf
[1.420s] -- Installing: /home/vishnu/colcon_ws/src/install/eyantra_warehouse/share/eyantra_warehouse//models/boxes/box_49/meshes
[1.420s] -- Installing: /home/vishnu/colcon_ws/src/install/eyantra_warehouse/share/eyantra_warehouse//models/boxes/box_49/meshes/box.dae
[1.420s] -- Installing: /home/vishnu/colcon_ws/src/install/eyantra_warehouse/share/eyantra_warehouse//models/boxes/box_49/meshes/box__bg.png
[1.421s] -- Installing: /home/vishnu/colcon_ws/src/install/eyantra_warehouse/share/eyantra_warehouse//models/boxes/box_49/meshes/aruco_tag.jpg
[1.421s] -- Installing: /home/vishnu/colcon_ws/src/install/eyantra_warehouse/share/eyantra_warehouse//models/boxes/box_49/meshes/cardboard_bg.png
[1.421s] -- Installing: /home/vishnu/colcon_ws/src/install/eyantra_warehouse/share/eyantra_warehouse//models/boxes/box_40
[1.421s] -- Installing: /home/vishnu/colcon_ws/src/install/eyantra_warehouse/share/eyantra_warehouse//models/boxes/box_40/model.config
[1.421s] -- Installing: /home/vishnu/colcon_ws/src/install/eyantra_warehouse/share/eyantra_warehouse//models/boxes/box_40/model.sdf
[1.422s] -- Installing: /home/vishnu/colcon_ws/src/install/eyantra_warehouse/share/eyantra_warehouse//models/boxes/box_40/meshes
[1.422s] -- Installing: /home/vishnu/colcon_ws/src/install/eyantra_warehouse/share/eyantra_warehouse//models/boxes/box_40/meshes/box.dae
[1.422s] -- Installing: /home/vishnu/colcon_ws/src/install/eyantra_warehouse/share/eyantra_warehouse//models/boxes/box_40/meshes/box__bg.png
[1.423s] -- Installing: /home/vishnu/colcon_ws/src/install/eyantra_warehouse/share/eyantra_warehouse//models/boxes/box_40/meshes/aruco_tag.jpg
[1.423s] -- Installing: /home/vishnu/colcon_ws/src/install/eyantra_warehouse/share/eyantra_warehouse//models/boxes/box_40/meshes/cardboard_bg.png
[1.423s] -- Installing: /home/vishnu/colcon_ws/src/install/eyantra_warehouse/share/eyantra_warehouse//models/boxes/box_42
[1.424s] -- Installing: /home/vishnu/colcon_ws/src/install/eyantra_warehouse/share/eyantra_warehouse//models/boxes/box_42/model.config
[1.424s] -- Installing: /home/vishnu/colcon_ws/src/install/eyantra_warehouse/share/eyantra_warehouse//models/boxes/box_42/model.sdf
[1.424s] -- Installing: /home/vishnu/colcon_ws/src/install/eyantra_warehouse/share/eyantra_warehouse//models/boxes/box_42/meshes
[1.424s] -- Installing: /home/vishnu/colcon_ws/src/install/eyantra_warehouse/share/eyantra_warehouse//models/boxes/box_42/meshes/box.dae
[1.424s] -- Installing: /home/vishnu/colcon_ws/src/install/eyantra_warehouse/share/eyantra_warehouse//models/boxes/box_42/meshes/box__bg.png
[1.425s] -- Installing: /home/vishnu/colcon_ws/src/install/eyantra_warehouse/share/eyantra_warehouse//models/boxes/box_42/meshes/aruco_tag.jpg
[1.425s] -- Installing: /home/vishnu/colcon_ws/src/install/eyantra_warehouse/share/eyantra_warehouse//models/boxes/box_42/meshes/cardboard_bg.png
[1.425s] -- Installing: /home/vishnu/colcon_ws/src/install/eyantra_warehouse/share/eyantra_warehouse//models/boxes/box_22
[1.426s] -- Installing: /home/vishnu/colcon_ws/src/install/eyantra_warehouse/share/eyantra_warehouse//models/boxes/box_22/model.config
[1.426s] -- Installing: /home/vishnu/colcon_ws/src/install/eyantra_warehouse/share/eyantra_warehouse//models/boxes/box_22/model.sdf
[1.426s] -- Installing: /home/vishnu/colcon_ws/src/install/eyantra_warehouse/share/eyantra_warehouse//models/boxes/box_22/meshes
[1.426s] -- Installing: /home/vishnu/colcon_ws/src/install/eyantra_warehouse/share/eyantra_warehouse//models/boxes/box_22/meshes/box.dae
[1.426s] -- Installing: /home/vishnu/colcon_ws/src/install/eyantra_warehouse/share/eyantra_warehouse//models/boxes/box_22/meshes/box__bg.png
[1.427s] -- Installing: /home/vishnu/colcon_ws/src/install/eyantra_warehouse/share/eyantra_warehouse//models/boxes/box_22/meshes/aruco_tag.jpg
[1.427s] -- Installing: /home/vishnu/colcon_ws/src/install/eyantra_warehouse/share/eyantra_warehouse//models/boxes/box_22/meshes/cardboard_bg.png
[1.427s] -- Installing: /home/vishnu/colcon_ws/src/install/eyantra_warehouse/share/eyantra_warehouse//models/boxes/box_41
[1.427s] -- Installing: /home/vishnu/colcon_ws/src/install/eyantra_warehouse/share/eyantra_warehouse//models/boxes/box_41/model.config
[1.428s] -- Installing: /home/vishnu/colcon_ws/src/install/eyantra_warehouse/share/eyantra_warehouse//models/boxes/box_41/model.sdf
[1.428s] -- Installing: /home/vishnu/colcon_ws/src/install/eyantra_warehouse/share/eyantra_warehouse//models/boxes/box_41/meshes
[1.428s] -- Installing: /home/vishnu/colcon_ws/src/install/eyantra_warehouse/share/eyantra_warehouse//models/boxes/box_41/meshes/box.dae
[1.428s] -- Installing: /home/vishnu/colcon_ws/src/install/eyantra_warehouse/share/eyantra_warehouse//models/boxes/box_41/meshes/box__bg.png
[1.428s] -- Installing: /home/vishnu/colcon_ws/src/install/eyantra_warehouse/share/eyantra_warehouse//models/boxes/box_41/meshes/aruco_tag.jpg
[1.428s] -- Installing: /home/vishnu/colcon_ws/src/install/eyantra_warehouse/share/eyantra_warehouse//models/boxes/box_41/meshes/cardboard_bg.png
[1.429s] -- Installing: /home/vishnu/colcon_ws/src/install/eyantra_warehouse/share/eyantra_warehouse//models/office
[1.429s] -- Installing: /home/vishnu/colcon_ws/src/install/eyantra_warehouse/share/eyantra_warehouse//models/office/model.config
[1.429s] -- Installing: /home/vishnu/colcon_ws/src/install/eyantra_warehouse/share/eyantra_warehouse//models/office/model.sdf
[1.430s] -- Installing: /home/vishnu/colcon_ws/src/install/eyantra_warehouse/share/eyantra_warehouse//models/office/meshes
[1.430s] -- Installing: /home/vishnu/colcon_ws/src/install/eyantra_warehouse/share/eyantra_warehouse//models/office/meshes/SB.obj
[1.431s] -- Installing: /home/vishnu/colcon_ws/src/install/eyantra_warehouse/share/eyantra_warehouse//models/office/meshes/fixed_sb_bake_2k.png
[1.434s] -- Installing: /home/vishnu/colcon_ws/src/install/eyantra_warehouse/share/eyantra_warehouse//models/office/meshes/office.dae
[1.435s] -- Installing: /home/vishnu/colcon_ws/src/install/eyantra_warehouse/share/eyantra_warehouse//models/office/meshes/GroundClay002_COL_VAR1_3K.jpg.001.jpg
[1.445s] -- Installing: /home/vishnu/colcon_ws/src/install/eyantra_warehouse/share/eyantra_warehouse//models/office/meshes/WoodFlooring061_COL_3K.jpg.001.jpg
[1.457s] -- Installing: /home/vishnu/colcon_ws/src/install/eyantra_warehouse/share/eyantra_warehouse//models/office/meshes/concrete_bag.jpg
[1.457s] -- Installing: /home/vishnu/colcon_ws/src/install/eyantra_warehouse/share/eyantra_warehouse//models/office/meshes/office_construction.dae
[1.459s] -- Installing: /home/vishnu/colcon_ws/src/install/eyantra_warehouse/share/eyantra_warehouse//models/office/meshes/whiteboard.jpg
[1.459s] -- Installing: /home/vishnu/colcon_ws/src/install/eyantra_warehouse/share/eyantra_warehouse//models/office/meshes/ConcreteWall001_COL_VAR1_3K.jpg.002.jpg
[1.462s] -- Installing: /home/vishnu/colcon_ws/src/install/eyantra_warehouse/share/eyantra_warehouse//models/office/meshes/MetalSpottyDiscoloration001_COL_3K_METALNESS.jpg.002.jpg
[1.468s] -- Installing: /home/vishnu/colcon_ws/src/install/eyantra_warehouse/share/eyantra_warehouse//models/office/meshes/WoodFlooringMahoganyAfricanSanded001_COL_3K.jpg.001.jpg
[1.476s] -- Installing: /home/vishnu/colcon_ws/src/install/eyantra_warehouse/share/eyantra_warehouse//models/office/meshes/sb_bake_2k.png
[1.477s] -- Installing: /home/vishnu/colcon_ws/src/install/eyantra_warehouse/share/eyantra_warehouse//models/office/meshes/cardboard.jpg
[1.477s] -- Installing: /home/vishnu/colcon_ws/src/install/eyantra_warehouse/share/eyantra_warehouse//models/office/meshes/SB_fixed.obj
[1.478s] -- Installing: /home/vishnu/colcon_ws/src/install/eyantra_warehouse/share/eyantra_warehouse//models/office/meshes/MetalCorrodedHeavy001_COL_3K_METALNESS.jpg.002.jpg
[1.487s] -- Installing: /home/vishnu/colcon_ws/src/install/eyantra_warehouse/share/eyantra_warehouse//models/office/meshes/MetalCorrugatedIronSheet002_METALNESS_3K_METALNESS.jpg.002.jpg
[1.489s] -- Installing: /home/vishnu/colcon_ws/src/install/eyantra_warehouse/share/eyantra_warehouse//models/office/meshes/Bricks01_COL_VAR1_3K.jpg.002.jpg
[1.498s] -- Installing: /home/vishnu/colcon_ws/src/install/eyantra_warehouse/share/eyantra_warehouse//models/office/meshes/Tiles05_COL_VAR1_3K.jpg.001.jpg
[1.506s] -- Installing: /home/vishnu/colcon_ws/src/install/eyantra_warehouse/share/eyantra_warehouse//models/office/meshes/WoodPlanksWorn33_COL_VAR1_3K.jpg.002.jpg
[1.510s] -- Installing: /home/vishnu/colcon_ws/src/install/eyantra_warehouse/share/eyantra_warehouse//models/office/meshes/SB_fixed.mtl
[1.511s] -- Installing: /home/vishnu/colcon_ws/src/install/eyantra_warehouse/share/eyantra_warehouse//models/office/meshes/SB.mtl
[1.511s] -- Installing: /home/vishnu/colcon_ws/src/install/eyantra_warehouse/share/eyantra_warehouse//models/office/meshes/TilesRectangularMirrorGray001_COL_3K.jpg.001.jpg
[1.513s] -- Installing: /home/vishnu/colcon_ws/src/install/eyantra_warehouse/share/eyantra_warehouse//models/office/meshes/cp_walls.jpg
[1.514s] -- Installing: /home/vishnu/colcon_ws/src/install/eyantra_warehouse/share/eyantra_warehouse//models/box
[1.514s] -- Installing: /home/vishnu/colcon_ws/src/install/eyantra_warehouse/share/eyantra_warehouse//models/box/model.config
[1.514s] -- Installing: /home/vishnu/colcon_ws/src/install/eyantra_warehouse/share/eyantra_warehouse//models/box/model.sdf
[1.514s] -- Installing: /home/vishnu/colcon_ws/src/install/eyantra_warehouse/share/eyantra_warehouse//models/box/meshes
[1.514s] -- Installing: /home/vishnu/colcon_ws/src/install/eyantra_warehouse/share/eyantra_warehouse//models/box/meshes/box.dae
[1.514s] -- Installing: /home/vishnu/colcon_ws/src/install/eyantra_warehouse/share/eyantra_warehouse//models/box/meshes/box__bg.png
[1.515s] -- Installing: /home/vishnu/colcon_ws/src/install/eyantra_warehouse/share/eyantra_warehouse//models/box/meshes/aruco_tag.jpg
[1.515s] -- Installing: /home/vishnu/colcon_ws/src/install/eyantra_warehouse/share/eyantra_warehouse//models/box/meshes/cardboard_bg.png
[1.515s] -- Installing: /home/vishnu/colcon_ws/src/install/eyantra_warehouse/share/eyantra_warehouse//models/box/meshes/centroid_old_box.zip
[1.516s] -- Installing: /home/vishnu/colcon_ws/src/install/eyantra_warehouse/share/eyantra_warehouse//models/lab
[1.516s] -- Installing: /home/vishnu/colcon_ws/src/install/eyantra_warehouse/share/eyantra_warehouse//models/lab/model.config
[1.516s] -- Installing: /home/vishnu/colcon_ws/src/install/eyantra_warehouse/share/eyantra_warehouse//models/lab/model.sdf
[1.516s] -- Installing: /home/vishnu/colcon_ws/src/install/eyantra_warehouse/share/eyantra_warehouse//models/lab/meshes
[1.516s] -- Installing: /home/vishnu/colcon_ws/src/install/eyantra_warehouse/share/eyantra_warehouse//models/lab/meshes/lab.dae
[1.691s] -- Installing: /home/vishnu/colcon_ws/src/install/eyantra_warehouse/share/eyantra_warehouse//models/lab/meshes/WoodFlooring044_COL_3K.jpg.001.jpg
[1.706s] -- Installing: /home/vishnu/colcon_ws/src/install/eyantra_warehouse/share/eyantra_warehouse//models/lab/meshes/lab.stl
[1.822s] -- Installing: /home/vishnu/colcon_ws/src/install/eyantra_warehouse/share/eyantra_warehouse//models/lab/meshes/WoodPlanksWorn33_COL_VAR1_3K.jpg.002.jpg
[1.827s] -- Installing: /home/vishnu/colcon_ws/src/install/eyantra_warehouse/share/eyantra_warehouse//models/moon_surface
[1.827s] -- Installing: /home/vishnu/colcon_ws/src/install/eyantra_warehouse/share/eyantra_warehouse//models/moon_surface/model.config
[1.827s] -- Installing: /home/vishnu/colcon_ws/src/install/eyantra_warehouse/share/eyantra_warehouse//models/moon_surface/model.sdf
[1.827s] -- Installing: /home/vishnu/colcon_ws/src/install/eyantra_warehouse/share/eyantra_warehouse//models/moon_surface/meshes
[1.827s] -- Installing: /home/vishnu/colcon_ws/src/install/eyantra_warehouse/share/eyantra_warehouse//models/moon_surface/meshes/moon_texture.jpg
[1.846s] -- Installing: /home/vishnu/colcon_ws/src/install/eyantra_warehouse/share/eyantra_warehouse//models/moon_surface/meshes/moon_surface.dae
[1.846s] -- Installing: /home/vishnu/colcon_ws/src/install/eyantra_warehouse/share/eyantra_warehouse//models/warehouse_boundary
[1.846s] -- Installing: /home/vishnu/colcon_ws/src/install/eyantra_warehouse/share/eyantra_warehouse//models/warehouse_boundary/model.config
[1.846s] -- Installing: /home/vishnu/colcon_ws/src/install/eyantra_warehouse/share/eyantra_warehouse//models/warehouse_boundary/model.sdf
[1.846s] -- Installing: /home/vishnu/colcon_ws/src/install/eyantra_warehouse/share/eyantra_warehouse//models/warehouse_boundary/meshes
[1.847s] -- Installing: /home/vishnu/colcon_ws/src/install/eyantra_warehouse/share/eyantra_warehouse//models/warehouse_boundary/meshes/warehouse_boundary.dae
[1.869s] -- Installing: /home/vishnu/colcon_ws/src/install/eyantra_warehouse/share/eyantra_warehouse//models/warehouse_boundary/meshes/warehouse_boundary_glass_cover.dae
[1.869s] -- Installing: /home/vishnu/colcon_ws/src/install/eyantra_warehouse/share/eyantra_warehouse//models/warehouse_boundary/meshes/warehouse_floor.jpg
[1.869s] -- Installing: /home/vishnu/colcon_ws/src/install/eyantra_warehouse/share/eyantra_warehouse//models/rack
[1.870s] -- Installing: /home/vishnu/colcon_ws/src/install/eyantra_warehouse/share/eyantra_warehouse//models/rack/model.config
[1.870s] -- Installing: /home/vishnu/colcon_ws/src/install/eyantra_warehouse/share/eyantra_warehouse//models/rack/model.sdf
[1.870s] -- Installing: /home/vishnu/colcon_ws/src/install/eyantra_warehouse/share/eyantra_warehouse//models/rack/meshes
[1.871s] -- Installing: /home/vishnu/colcon_ws/src/install/eyantra_warehouse/share/eyantra_warehouse//models/rack/meshes/brushedsteel_bg.jpg
[1.873s] -- Installing: /home/vishnu/colcon_ws/src/install/eyantra_warehouse/share/eyantra_warehouse//models/rack/meshes/rack.stl
[1.880s] -- Installing: /home/vishnu/colcon_ws/src/install/eyantra_warehouse/share/eyantra_warehouse//models/rack/meshes/brushedsteel4.jpg
[1.884s] -- Installing: /home/vishnu/colcon_ws/src/install/eyantra_warehouse/share/eyantra_warehouse//models/rack/meshes/rack.dae
[1.885s] -- Installing: /home/vishnu/colcon_ws/src/install/eyantra_warehouse/share/eyantra_warehouse//models/arm_base
[1.885s] -- Installing: /home/vishnu/colcon_ws/src/install/eyantra_warehouse/share/eyantra_warehouse//models/arm_base/model.config
[1.886s] -- Installing: /home/vishnu/colcon_ws/src/install/eyantra_warehouse/share/eyantra_warehouse//models/arm_base/model.sdf
[1.886s] -- Installing: /home/vishnu/colcon_ws/src/install/eyantra_warehouse/share/eyantra_warehouse//models/arm_base/meshes
[1.886s] -- Installing: /home/vishnu/colcon_ws/src/install/eyantra_warehouse/share/eyantra_warehouse//models/arm_base/meshes/arm_base.dae
[1.887s] -- Installing: /home/vishnu/colcon_ws/src/install/eyantra_warehouse/share/eyantra_warehouse//models/drop_table
[1.887s] -- Installing: /home/vishnu/colcon_ws/src/install/eyantra_warehouse/share/eyantra_warehouse//models/drop_table/model.config
[1.887s] -- Installing: /home/vishnu/colcon_ws/src/install/eyantra_warehouse/share/eyantra_warehouse//models/drop_table/model.sdf
[1.888s] -- Installing: /home/vishnu/colcon_ws/src/install/eyantra_warehouse/share/eyantra_warehouse//models/drop_table/meshes
[1.888s] -- Installing: /home/vishnu/colcon_ws/src/install/eyantra_warehouse/share/eyantra_warehouse//models/drop_table/meshes/eyantra_logo~red_280x55.png
[1.888s] -- Installing: /home/vishnu/colcon_ws/src/install/eyantra_warehouse/share/eyantra_warehouse//models/drop_table/meshes/eyantra_logo~red_280x55.png.001.png
[1.888s] -- Installing: /home/vishnu/colcon_ws/src/install/eyantra_warehouse/share/eyantra_warehouse//models/drop_table/meshes/table.dae
[1.888s] -- Installing: /home/vishnu/colcon_ws/src/install/eyantra_warehouse/share/eyantra_warehouse//models/rack_base
[1.888s] -- Installing: /home/vishnu/colcon_ws/src/install/eyantra_warehouse/share/eyantra_warehouse//models/rack_base/model.config
[1.889s] -- Installing: /home/vishnu/colcon_ws/src/install/eyantra_warehouse/share/eyantra_warehouse//models/rack_base/model.sdf
[1.889s] -- Installing: /home/vishnu/colcon_ws/src/install/eyantra_warehouse/share/eyantra_warehouse//config
[1.889s] -- Installing: /home/vishnu/colcon_ws/src/install/eyantra_warehouse/share/eyantra_warehouse//config/package_link.json
[1.889s] -- Installing: /home/vishnu/colcon_ws/src/install/eyantra_warehouse/share/eyantra_warehouse//config/SkyX_Moon.fragment
[1.891s] -- Installing: /home/vishnu/colcon_ws/src/install/eyantra_warehouse/share/eyantra_warehouse//config/SkyX_Moon.png
[1.891s] -- Installing: /home/vishnu/colcon_ws/src/install/eyantra_warehouse/share/ament_index/resource_index/package_run_dependencies/eyantra_warehouse
[1.892s] -- Installing: /home/vishnu/colcon_ws/src/install/eyantra_warehouse/share/ament_index/resource_index/parent_prefix_path/eyantra_warehouse
[1.892s] -- Installing: /home/vishnu/colcon_ws/src/install/eyantra_warehouse/share/eyantra_warehouse/environment/ament_prefix_path.sh
[1.892s] -- Installing: /home/vishnu/colcon_ws/src/install/eyantra_warehouse/share/eyantra_warehouse/environment/ament_prefix_path.dsv
[1.892s] -- Installing: /home/vishnu/colcon_ws/src/install/eyantra_warehouse/share/eyantra_warehouse/environment/path.sh
[1.892s] -- Installing: /home/vishnu/colcon_ws/src/install/eyantra_warehouse/share/eyantra_warehouse/environment/path.dsv
[1.892s] -- Installing: /home/vishnu/colcon_ws/src/install/eyantra_warehouse/share/eyantra_warehouse/local_setup.bash
[1.892s] -- Installing: /home/vishnu/colcon_ws/src/install/eyantra_warehouse/share/eyantra_warehouse/local_setup.sh
[1.893s] -- Installing: /home/vishnu/colcon_ws/src/install/eyantra_warehouse/share/eyantra_warehouse/local_setup.zsh
[1.893s] -- Installing: /home/vishnu/colcon_ws/src/install/eyantra_warehouse/share/eyantra_warehouse/local_setup.dsv
[1.893s] -- Installing: /home/vishnu/colcon_ws/src/install/eyantra_warehouse/share/eyantra_warehouse/package.dsv
[1.894s] -- Installing: /home/vishnu/colcon_ws/src/install/eyantra_warehouse/share/ament_index/resource_index/packages/eyantra_warehouse
[1.894s] -- Installing: /home/vishnu/colcon_ws/src/install/eyantra_warehouse/share/eyantra_warehouse/cmake/eyantra_warehouseConfig.cmake
[1.894s] -- Installing: /home/vishnu/colcon_ws/src/install/eyantra_warehouse/share/eyantra_warehouse/cmake/eyantra_warehouseConfig-version.cmake
[1.895s] -- Installing: /home/vishnu/colcon_ws/src/install/eyantra_warehouse/share/eyantra_warehouse/package.xml
[1.916s] Invoked command in '/home/vishnu/colcon_ws/src/build/eyantra_warehouse' returned '0': CMAKE_PREFIX_PATH=${CMAKE_PREFIX_PATH}:/opt/ros/humble /usr/bin/cmake --install /home/vishnu/colcon_ws/src/build/eyantra_warehouse
