[0.383s] Invoking command in '/home/vishnu/colcon_ws/src/build/aws_robomaker_small_warehouse_world': CMAKE_PREFIX_PATH=${CMAKE_PREFIX_PATH}:/opt/ros/humble /usr/bin/cmake /home/vishnu/colcon_ws/src/aws-robomaker-small-warehouse-world -DCMAKE_INSTALL_PREFIX=/home/vishnu/colcon_ws/src/install/aws_robomaker_small_warehouse_world
[0.473s] -- The C compiler identification is GNU 11.4.0
[0.549s] -- The CXX compiler identification is GNU 11.4.0
[0.559s] -- Detecting C compiler ABI info
[0.641s] -- Detecting C compiler ABI info - done
[0.653s] -- Check for working C compiler: /usr/bin/cc - skipped
[0.653s] -- Detecting C compile features
[0.654s] -- Detecting C compile features - done
[0.656s] -- Detecting CXX compiler ABI info
[0.747s] -- Detecting CXX compiler ABI info - done
[0.759s] -- Check for working CXX compiler: /usr/bin/c++ - skipped
[0.759s] -- Detecting CXX compile features
[0.759s] -- Detecting CXX compile features - done
[0.763s] -- Found ament_cmake: 1.3.5 (/opt/ros/humble/share/ament_cmake/cmake)
[0.983s] -- Found Python3: /usr/bin/python3.10 (found version "3.10.12") found components: Interpreter 
[1.110s] -- Found gazebo_ros: 3.7.0 (/opt/ros/humble/share/gazebo_ros/cmake)
[1.196s] -- Found rosidl_generator_c: 3.1.5 (/opt/ros/humble/share/rosidl_generator_c/cmake)
[1.205s] -- Found rosidl_adapter: 3.1.5 (/opt/ros/humble/share/rosidl_adapter/cmake)
[1.218s] -- Found rosidl_generator_cpp: 3.1.5 (/opt/ros/humble/share/rosidl_generator_cpp/cmake)
[1.242s] -- Using all available rosidl_typesupport_c: rosidl_typesupport_fastrtps_c;rosidl_typesupport_introspection_c
[1.276s] -- Using all available rosidl_typesupport_cpp: rosidl_typesupport_fastrtps_cpp;rosidl_typesupport_introspection_cpp
[1.402s] -- Found rmw_implementation_cmake: 6.1.1 (/opt/ros/humble/share/rmw_implementation_cmake/cmake)
[1.408s] -- Found rmw_fastrtps_cpp: 6.2.4 (/opt/ros/humble/share/rmw_fastrtps_cpp/cmake)
[1.555s] -- Found OpenSSL: /usr/lib/x86_64-linux-gnu/libcrypto.so (found version "3.0.2")  
[1.591s] -- Found FastRTPS: /opt/ros/humble/include  
[1.657s] -- Using RMW implementation 'rmw_fastrtps_cpp' as default
[1.669s] -- Looking for pthread.h
[1.750s] -- Looking for pthread.h - found
[1.750s] -- Performing Test CMAKE_HAVE_LIBC_PTHREAD
[1.836s] -- Performing Test CMAKE_HAVE_LIBC_PTHREAD - Success
[1.838s] -- Found Threads: TRUE  
[2.117s] -- Found PkgConfig: /usr/bin/pkg-config (found version "0.29.2") 
[2.118s] -- Checking for module 'bullet>=2.82'
[2.135s] --   Found bullet, version 3.05
[2.265s] -- Found fcl: /usr/include (found suitable version "0.7.0", minimum required is "0.5.0") 
[2.326s] -- Found assimp: /usr/include (found version "5.2.0") 
[2.352s] -- Found DART: /usr/include (Required is at least version "6.6") found components: dart 
[2.387s] -- Found Boost: /usr/lib/x86_64-linux-gnu/cmake/Boost-1.74.0/BoostConfig.cmake (found suitable version "1.74.0", minimum required is "1.40.0") found components: thread system filesystem program_options regex iostreams date_time 
[2.404s] -- Found Protobuf: /usr/lib/x86_64-linux-gnu/libprotobuf.so (found version "3.12.4") 
[2.412s] -- Looking for ignition-math6 -- found version 6.15.0
[2.419s] -- Searching for dependencies of ignition-math6
[2.421s] -- Looking for OGRE...
[2.422s] -- OGRE_PREFIX_WATCH changed.
[2.428s] -- Checking for module 'OGRE'
[2.444s] --   Found OGRE, version 1.9.0
[2.498s] -- Found Ogre Ghadamon (1.9.0)
[2.509s] -- Found OGRE: optimized;/usr/lib/x86_64-linux-gnu/libOgreMain.so;debug;/usr/lib/x86_64-linux-gnu/libOgreMain.so
[2.526s] -- Looking for OGRE_Paging...
[2.536s] -- Found OGRE_Paging: optimized;/usr/lib/x86_64-linux-gnu/libOgrePaging.so;debug;/usr/lib/x86_64-linux-gnu/libOgrePaging.so
[2.536s] -- Looking for OGRE_Terrain...
[2.546s] -- Found OGRE_Terrain: optimized;/usr/lib/x86_64-linux-gnu/libOgreTerrain.so;debug;/usr/lib/x86_64-linux-gnu/libOgreTerrain.so
[2.546s] -- Looking for OGRE_Property...
[2.556s] -- Found OGRE_Property: optimized;/usr/lib/x86_64-linux-gnu/libOgreProperty.so;debug;/usr/lib/x86_64-linux-gnu/libOgreProperty.so
[2.556s] -- Looking for OGRE_RTShaderSystem...
[2.564s] -- Found OGRE_RTShaderSystem: optimized;/usr/lib/x86_64-linux-gnu/libOgreRTShaderSystem.so;debug;/usr/lib/x86_64-linux-gnu/libOgreRTShaderSystem.so
[2.564s] -- Looking for OGRE_Volume...
[2.573s] -- Found OGRE_Volume: optimized;/usr/lib/x86_64-linux-gnu/libOgreVolume.so;debug;/usr/lib/x86_64-linux-gnu/libOgreVolume.so
[2.573s] -- Looking for OGRE_Overlay...
[2.581s] -- Found OGRE_Overlay: optimized;/usr/lib/x86_64-linux-gnu/libOgreOverlay.so;debug;/usr/lib/x86_64-linux-gnu/libOgreOverlay.so
[2.783s] -- Looking for ignition-math6 -- found version 6.15.0
[2.787s] -- Looking for ignition-transport8 -- found version 8.2.1
[2.788s] -- Searching for dependencies of ignition-transport8
[2.815s] -- Found Protobuf: /usr/lib/x86_64-linux-gnu/libprotobuf.so (found suitable version "3.12.4", minimum required is "3") 
[2.832s] -- Config-file not installed for ZeroMQ -- checking for pkg-config
[2.840s] -- Checking for module 'libzmq >= 4'
[2.856s] --   Found libzmq , version 4.3.4
[2.904s] -- Found ZeroMQ: TRUE (Required is at least version "4") 
[2.913s] -- Checking for module 'uuid'
[2.932s] --   Found uuid, version 2.37.2
[2.975s] -- Found UUID: TRUE  
[2.979s] -- Looking for ignition-msgs5 -- found version 5.8.1
[2.980s] -- Searching for dependencies of ignition-msgs5
[3.011s] -- Looking for ignition-math6 -- found version 6.15.0
[3.018s] -- Checking for module 'tinyxml2'
[3.041s] --   Found tinyxml2, version 9.0.0
[3.102s] -- Looking for ignition-msgs5 -- found version 5.8.1
[3.112s] -- Looking for ignition-common3 -- found version 3.14.0
[3.114s] -- Searching for dependencies of ignition-common3
[3.115s] -- Looking for dlfcn.h - found
[3.116s] -- Looking for libdl - found
[3.119s] -- Found DL: TRUE  
[3.141s] -- Found tinyobjloader: /usr/lib/x86_64-linux-gnu/cmake/tinyobjloader/tinyobjloader-config.cmake (found version "2.0.0") 
[3.142s] -- Searching for <ignition-common3> component [graphics]
[3.146s] -- Looking for ignition-common3-graphics -- found version 3.14.0
[3.148s] -- Searching for dependencies of ignition-common3-graphics
[3.149s] -- Looking for ignition-math6 -- found version 6.15.0
[3.156s] -- Looking for ignition-fuel_tools4 -- found version 4.4.0
[3.156s] -- Searching for dependencies of ignition-fuel_tools4
[3.286s] -- Found CURL: /usr/lib/x86_64-linux-gnu/libcurl.so (found version "7.81.0")  
[3.300s] -- Checking for module 'jsoncpp'
[3.321s] --   Found jsoncpp, version 1.9.5
[3.383s] -- Found JSONCPP: TRUE  
[3.402s] -- Checking for module 'libzip'
[3.424s] --   Found libzip, version 1.7.3
[3.491s] -- Found ZIP: TRUE  
[3.491s] -- Looking for ignition-common3 -- found version 3.14.0
[3.492s] -- Looking for ignition-math6 -- found version 6.15.0
[3.493s] -- Looking for ignition-msgs5 -- found version 5.8.1
[3.500s] -- Gazebo version: 11.10
[3.501s] -- Checking for module 'tbb'
[3.532s] --   Found tbb, version 2021.5.0
[3.764s] -- Configuring done
[3.772s] -- Generating done
[3.788s] -- Build files have been written to: /home/vishnu/colcon_ws/src/build/aws_robomaker_small_warehouse_world
[3.811s] Invoked command in '/home/vishnu/colcon_ws/src/build/aws_robomaker_small_warehouse_world' returned '0': CMAKE_PREFIX_PATH=${CMAKE_PREFIX_PATH}:/opt/ros/humble /usr/bin/cmake /home/vishnu/colcon_ws/src/aws-robomaker-small-warehouse-world -DCMAKE_INSTALL_PREFIX=/home/vishnu/colcon_ws/src/install/aws_robomaker_small_warehouse_world
[3.811s] Invoking command in '/home/vishnu/colcon_ws/src/build/aws_robomaker_small_warehouse_world': CMAKE_PREFIX_PATH=${CMAKE_PREFIX_PATH}:/opt/ros/humble /usr/bin/cmake --build /home/vishnu/colcon_ws/src/build/aws_robomaker_small_warehouse_world -- -j16 -l16
[3.898s] Invoked command in '/home/vishnu/colcon_ws/src/build/aws_robomaker_small_warehouse_world' returned '0': CMAKE_PREFIX_PATH=${CMAKE_PREFIX_PATH}:/opt/ros/humble /usr/bin/cmake --build /home/vishnu/colcon_ws/src/build/aws_robomaker_small_warehouse_world -- -j16 -l16
[3.961s] Invoking command in '/home/vishnu/colcon_ws/src/build/aws_robomaker_small_warehouse_world': CMAKE_PREFIX_PATH=${CMAKE_PREFIX_PATH}:/opt/ros/humble /usr/bin/cmake --install /home/vishnu/colcon_ws/src/build/aws_robomaker_small_warehouse_world
[3.978s] -- Install configuration: ""
[3.978s] -- Installing: /home/vishnu/colcon_ws/src/install/aws_robomaker_small_warehouse_world/share/aws_robomaker_small_warehouse_world/launch
[3.978s] -- Installing: /home/vishnu/colcon_ws/src/install/aws_robomaker_small_warehouse_world/share/aws_robomaker_small_warehouse_world/launch/no_roof_small_warehouse.launch.py
[3.984s] -- Installing: /home/vishnu/colcon_ws/src/install/aws_robomaker_small_warehouse_world/share/aws_robomaker_small_warehouse_world/launch/small_warehouse.launch.py
[3.984s] -- Installing: /home/vishnu/colcon_ws/src/install/aws_robomaker_small_warehouse_world/share/aws_robomaker_small_warehouse_world/models
[3.984s] -- Installing: /home/vishnu/colcon_ws/src/install/aws_robomaker_small_warehouse_world/share/aws_robomaker_small_warehouse_world/models/aws_robomaker_warehouse_ShelfF_01
[3.984s] -- Installing: /home/vishnu/colcon_ws/src/install/aws_robomaker_small_warehouse_world/share/aws_robomaker_small_warehouse_world/models/aws_robomaker_warehouse_ShelfF_01/model.config
[3.984s] -- Installing: /home/vishnu/colcon_ws/src/install/aws_robomaker_small_warehouse_world/share/aws_robomaker_small_warehouse_world/models/aws_robomaker_warehouse_ShelfF_01/model.sdf
[3.984s] -- Installing: /home/vishnu/colcon_ws/src/install/aws_robomaker_small_warehouse_world/share/aws_robomaker_small_warehouse_world/models/aws_robomaker_warehouse_ShelfF_01/materials
[3.984s] -- Installing: /home/vishnu/colcon_ws/src/install/aws_robomaker_small_warehouse_world/share/aws_robomaker_small_warehouse_world/models/aws_robomaker_warehouse_ShelfF_01/materials/textures
[3.984s] -- Installing: /home/vishnu/colcon_ws/src/install/aws_robomaker_small_warehouse_world/share/aws_robomaker_small_warehouse_world/models/aws_robomaker_warehouse_ShelfF_01/materials/textures/aws_robomaker_warehouse_ShelfF_03.png
[3.988s] -- Installing: /home/vishnu/colcon_ws/src/install/aws_robomaker_small_warehouse_world/share/aws_robomaker_small_warehouse_world/models/aws_robomaker_warehouse_ShelfF_01/materials/textures/aws_robomaker_warehouse_ShelfF_01.png
[3.988s] -- Installing: /home/vishnu/colcon_ws/src/install/aws_robomaker_small_warehouse_world/share/aws_robomaker_small_warehouse_world/models/aws_robomaker_warehouse_ShelfF_01/materials/textures/aws_robomaker_warehouse_ShelfF_02.png
[3.989s] -- Installing: /home/vishnu/colcon_ws/src/install/aws_robomaker_small_warehouse_world/share/aws_robomaker_small_warehouse_world/models/aws_robomaker_warehouse_ShelfF_01/meshes
[3.989s] -- Installing: /home/vishnu/colcon_ws/src/install/aws_robomaker_small_warehouse_world/share/aws_robomaker_small_warehouse_world/models/aws_robomaker_warehouse_ShelfF_01/meshes/aws_robomaker_warehouse_ShelfF_01_visual.DAE
[3.991s] -- Installing: /home/vishnu/colcon_ws/src/install/aws_robomaker_small_warehouse_world/share/aws_robomaker_small_warehouse_world/models/aws_robomaker_warehouse_ShelfF_01/meshes/aws_robomaker_warehouse_ShelfF_01_collision.DAE
[3.993s] -- Installing: /home/vishnu/colcon_ws/src/install/aws_robomaker_small_warehouse_world/share/aws_robomaker_small_warehouse_world/models/aws_robomaker_warehouse_WallB_01
[3.993s] -- Installing: /home/vishnu/colcon_ws/src/install/aws_robomaker_small_warehouse_world/share/aws_robomaker_small_warehouse_world/models/aws_robomaker_warehouse_WallB_01/model.config
[3.995s] -- Installing: /home/vishnu/colcon_ws/src/install/aws_robomaker_small_warehouse_world/share/aws_robomaker_small_warehouse_world/models/aws_robomaker_warehouse_WallB_01/model.sdf
[3.995s] -- Installing: /home/vishnu/colcon_ws/src/install/aws_robomaker_small_warehouse_world/share/aws_robomaker_small_warehouse_world/models/aws_robomaker_warehouse_WallB_01/materials
[3.996s] -- Installing: /home/vishnu/colcon_ws/src/install/aws_robomaker_small_warehouse_world/share/aws_robomaker_small_warehouse_world/models/aws_robomaker_warehouse_WallB_01/materials/textures
[3.996s] -- Installing: /home/vishnu/colcon_ws/src/install/aws_robomaker_small_warehouse_world/share/aws_robomaker_small_warehouse_world/models/aws_robomaker_warehouse_WallB_01/materials/textures/aws_robomaker_warehouse_WallB_01.png
[3.997s] -- Installing: /home/vishnu/colcon_ws/src/install/aws_robomaker_small_warehouse_world/share/aws_robomaker_small_warehouse_world/models/aws_robomaker_warehouse_WallB_01/meshes
[3.997s] -- Installing: /home/vishnu/colcon_ws/src/install/aws_robomaker_small_warehouse_world/share/aws_robomaker_small_warehouse_world/models/aws_robomaker_warehouse_WallB_01/meshes/aws_robomaker_warehouse_WallB_01_visual.DAE
[3.998s] -- Installing: /home/vishnu/colcon_ws/src/install/aws_robomaker_small_warehouse_world/share/aws_robomaker_small_warehouse_world/models/aws_robomaker_warehouse_WallB_01/meshes/aws_robomaker_warehouse_WallB_01_collision.DAE
[4.004s] -- Installing: /home/vishnu/colcon_ws/src/install/aws_robomaker_small_warehouse_world/share/aws_robomaker_small_warehouse_world/models/aws_robomaker_warehouse_RoofB_01
[4.005s] -- Installing: /home/vishnu/colcon_ws/src/install/aws_robomaker_small_warehouse_world/share/aws_robomaker_small_warehouse_world/models/aws_robomaker_warehouse_RoofB_01/model.config
[4.005s] -- Installing: /home/vishnu/colcon_ws/src/install/aws_robomaker_small_warehouse_world/share/aws_robomaker_small_warehouse_world/models/aws_robomaker_warehouse_RoofB_01/model.sdf
[4.009s] -- Installing: /home/vishnu/colcon_ws/src/install/aws_robomaker_small_warehouse_world/share/aws_robomaker_small_warehouse_world/models/aws_robomaker_warehouse_RoofB_01/materials
[4.009s] -- Installing: /home/vishnu/colcon_ws/src/install/aws_robomaker_small_warehouse_world/share/aws_robomaker_small_warehouse_world/models/aws_robomaker_warehouse_RoofB_01/materials/textures
[4.009s] -- Installing: /home/vishnu/colcon_ws/src/install/aws_robomaker_small_warehouse_world/share/aws_robomaker_small_warehouse_world/models/aws_robomaker_warehouse_RoofB_01/materials/textures/aws_robomaker_warehouse_RoofB_01.png
[4.010s] -- Installing: /home/vishnu/colcon_ws/src/install/aws_robomaker_small_warehouse_world/share/aws_robomaker_small_warehouse_world/models/aws_robomaker_warehouse_RoofB_01/meshes
[4.010s] -- Installing: /home/vishnu/colcon_ws/src/install/aws_robomaker_small_warehouse_world/share/aws_robomaker_small_warehouse_world/models/aws_robomaker_warehouse_RoofB_01/meshes/aws_robomaker_warehouse_RoofB_01_visual.DAE
[4.010s] -- Installing: /home/vishnu/colcon_ws/src/install/aws_robomaker_small_warehouse_world/share/aws_robomaker_small_warehouse_world/models/aws_robomaker_warehouse_RoofB_01/meshes/aws_robomaker_warehouse_RoofB_01_collision.DAE
[4.010s] -- Installing: /home/vishnu/colcon_ws/src/install/aws_robomaker_small_warehouse_world/share/aws_robomaker_small_warehouse_world/models/aws_robomaker_warehouse_ShelfD_01
[4.010s] -- Installing: /home/vishnu/colcon_ws/src/install/aws_robomaker_small_warehouse_world/share/aws_robomaker_small_warehouse_world/models/aws_robomaker_warehouse_ShelfD_01/model.config
[4.010s] -- Installing: /home/vishnu/colcon_ws/src/install/aws_robomaker_small_warehouse_world/share/aws_robomaker_small_warehouse_world/models/aws_robomaker_warehouse_ShelfD_01/model.sdf
[4.010s] -- Installing: /home/vishnu/colcon_ws/src/install/aws_robomaker_small_warehouse_world/share/aws_robomaker_small_warehouse_world/models/aws_robomaker_warehouse_ShelfD_01/materials
[4.010s] -- Installing: /home/vishnu/colcon_ws/src/install/aws_robomaker_small_warehouse_world/share/aws_robomaker_small_warehouse_world/models/aws_robomaker_warehouse_ShelfD_01/materials/textures
[4.011s] -- Installing: /home/vishnu/colcon_ws/src/install/aws_robomaker_small_warehouse_world/share/aws_robomaker_small_warehouse_world/models/aws_robomaker_warehouse_ShelfD_01/materials/textures/aws_robomaker_warehouse_ShelfD_03.png
[4.012s] -- Installing: /home/vishnu/colcon_ws/src/install/aws_robomaker_small_warehouse_world/share/aws_robomaker_small_warehouse_world/models/aws_robomaker_warehouse_ShelfD_01/materials/textures/aws_robomaker_warehouse_ShelfD_02.png
[4.015s] -- Installing: /home/vishnu/colcon_ws/src/install/aws_robomaker_small_warehouse_world/share/aws_robomaker_small_warehouse_world/models/aws_robomaker_warehouse_ShelfD_01/materials/textures/aws_robomaker_warehouse_ShelfD_01.png
[4.016s] -- Installing: /home/vishnu/colcon_ws/src/install/aws_robomaker_small_warehouse_world/share/aws_robomaker_small_warehouse_world/models/aws_robomaker_warehouse_ShelfD_01/materials/textures/aws_robomaker_warehouse_ShelfD_04.png
[4.017s] -- Installing: /home/vishnu/colcon_ws/src/install/aws_robomaker_small_warehouse_world/share/aws_robomaker_small_warehouse_world/models/aws_robomaker_warehouse_ShelfD_01/meshes
[4.017s] -- Installing: /home/vishnu/colcon_ws/src/install/aws_robomaker_small_warehouse_world/share/aws_robomaker_small_warehouse_world/models/aws_robomaker_warehouse_ShelfD_01/meshes/aws_robomaker_warehouse_ShelfD_01_visual.DAE
[4.020s] -- Installing: /home/vishnu/colcon_ws/src/install/aws_robomaker_small_warehouse_world/share/aws_robomaker_small_warehouse_world/models/aws_robomaker_warehouse_ShelfD_01/meshes/aws_robomaker_warehouse_ShelfD_01_collision.DAE
[4.020s] -- Installing: /home/vishnu/colcon_ws/src/install/aws_robomaker_small_warehouse_world/share/aws_robomaker_small_warehouse_world/models/aws_robomaker_warehouse_PalletJackB_01
[4.021s] -- Installing: /home/vishnu/colcon_ws/src/install/aws_robomaker_small_warehouse_world/share/aws_robomaker_small_warehouse_world/models/aws_robomaker_warehouse_PalletJackB_01/model.config
[4.021s] -- Installing: /home/vishnu/colcon_ws/src/install/aws_robomaker_small_warehouse_world/share/aws_robomaker_small_warehouse_world/models/aws_robomaker_warehouse_PalletJackB_01/model.sdf
[4.021s] -- Installing: /home/vishnu/colcon_ws/src/install/aws_robomaker_small_warehouse_world/share/aws_robomaker_small_warehouse_world/models/aws_robomaker_warehouse_PalletJackB_01/materials
[4.021s] -- Installing: /home/vishnu/colcon_ws/src/install/aws_robomaker_small_warehouse_world/share/aws_robomaker_small_warehouse_world/models/aws_robomaker_warehouse_PalletJackB_01/materials/textures
[4.021s] -- Installing: /home/vishnu/colcon_ws/src/install/aws_robomaker_small_warehouse_world/share/aws_robomaker_small_warehouse_world/models/aws_robomaker_warehouse_PalletJackB_01/materials/textures/aws_robomaker_warehouse_PalletJackB_01.png
[4.022s] -- Installing: /home/vishnu/colcon_ws/src/install/aws_robomaker_small_warehouse_world/share/aws_robomaker_small_warehouse_world/models/aws_robomaker_warehouse_PalletJackB_01/materials/textures/aws_robomaker_warehouse_PalletJackB_02.png
[4.022s] -- Installing: /home/vishnu/colcon_ws/src/install/aws_robomaker_small_warehouse_world/share/aws_robomaker_small_warehouse_world/models/aws_robomaker_warehouse_PalletJackB_01/materials/.DS_Store
[4.023s] -- Installing: /home/vishnu/colcon_ws/src/install/aws_robomaker_small_warehouse_world/share/aws_robomaker_small_warehouse_world/models/aws_robomaker_warehouse_PalletJackB_01/.DS_Store
[4.023s] -- Installing: /home/vishnu/colcon_ws/src/install/aws_robomaker_small_warehouse_world/share/aws_robomaker_small_warehouse_world/models/aws_robomaker_warehouse_PalletJackB_01/meshes
[4.023s] -- Installing: /home/vishnu/colcon_ws/src/install/aws_robomaker_small_warehouse_world/share/aws_robomaker_small_warehouse_world/models/aws_robomaker_warehouse_PalletJackB_01/meshes/aws_robomaker_warehouse_PalletJackB_01_collision.DAE
[4.024s] -- Installing: /home/vishnu/colcon_ws/src/install/aws_robomaker_small_warehouse_world/share/aws_robomaker_small_warehouse_world/models/aws_robomaker_warehouse_PalletJackB_01/meshes/aws_robomaker_warehouse_PalletJackB_01_visual.DAE
[4.024s] -- Installing: /home/vishnu/colcon_ws/src/install/aws_robomaker_small_warehouse_world/share/aws_robomaker_small_warehouse_world/models/aws_robomaker_warehouse_Lamp_01
[4.025s] -- Installing: /home/vishnu/colcon_ws/src/install/aws_robomaker_small_warehouse_world/share/aws_robomaker_small_warehouse_world/models/aws_robomaker_warehouse_Lamp_01/model.config
[4.026s] -- Installing: /home/vishnu/colcon_ws/src/install/aws_robomaker_small_warehouse_world/share/aws_robomaker_small_warehouse_world/models/aws_robomaker_warehouse_Lamp_01/model.sdf
[4.026s] -- Installing: /home/vishnu/colcon_ws/src/install/aws_robomaker_small_warehouse_world/share/aws_robomaker_small_warehouse_world/models/aws_robomaker_warehouse_Lamp_01/materials
[4.026s] -- Installing: /home/vishnu/colcon_ws/src/install/aws_robomaker_small_warehouse_world/share/aws_robomaker_small_warehouse_world/models/aws_robomaker_warehouse_Lamp_01/materials/textures
[4.026s] -- Installing: /home/vishnu/colcon_ws/src/install/aws_robomaker_small_warehouse_world/share/aws_robomaker_small_warehouse_world/models/aws_robomaker_warehouse_Lamp_01/materials/textures/aws_robomaker_warehouse_Lamp_01.png
[4.027s] -- Installing: /home/vishnu/colcon_ws/src/install/aws_robomaker_small_warehouse_world/share/aws_robomaker_small_warehouse_world/models/aws_robomaker_warehouse_Lamp_01/meshes
[4.027s] -- Installing: /home/vishnu/colcon_ws/src/install/aws_robomaker_small_warehouse_world/share/aws_robomaker_small_warehouse_world/models/aws_robomaker_warehouse_Lamp_01/meshes/aws_robomaker_warehouse_Lamp_01_visual.DAE
[4.028s] -- Installing: /home/vishnu/colcon_ws/src/install/aws_robomaker_small_warehouse_world/share/aws_robomaker_small_warehouse_world/models/aws_robomaker_warehouse_Lamp_01/meshes/aws_robomaker_warehouse_Lamp_01_collision.DAE
[4.028s] -- Installing: /home/vishnu/colcon_ws/src/install/aws_robomaker_small_warehouse_world/share/aws_robomaker_small_warehouse_world/models/aws_robomaker_warehouse_ClutteringC_01
[4.028s] -- Installing: /home/vishnu/colcon_ws/src/install/aws_robomaker_small_warehouse_world/share/aws_robomaker_small_warehouse_world/models/aws_robomaker_warehouse_ClutteringC_01/model.config
[4.028s] -- Installing: /home/vishnu/colcon_ws/src/install/aws_robomaker_small_warehouse_world/share/aws_robomaker_small_warehouse_world/models/aws_robomaker_warehouse_ClutteringC_01/model.sdf
[4.029s] -- Installing: /home/vishnu/colcon_ws/src/install/aws_robomaker_small_warehouse_world/share/aws_robomaker_small_warehouse_world/models/aws_robomaker_warehouse_ClutteringC_01/materials
[4.029s] -- Installing: /home/vishnu/colcon_ws/src/install/aws_robomaker_small_warehouse_world/share/aws_robomaker_small_warehouse_world/models/aws_robomaker_warehouse_ClutteringC_01/materials/textures
[4.030s] -- Installing: /home/vishnu/colcon_ws/src/install/aws_robomaker_small_warehouse_world/share/aws_robomaker_small_warehouse_world/models/aws_robomaker_warehouse_ClutteringC_01/materials/textures/aws_robomaker_warehouse_ClutteringC_02.png
[4.030s] -- Installing: /home/vishnu/colcon_ws/src/install/aws_robomaker_small_warehouse_world/share/aws_robomaker_small_warehouse_world/models/aws_robomaker_warehouse_ClutteringC_01/materials/textures/aws_robomaker_warehouse_ClutteringC_01.png
[4.032s] -- Installing: /home/vishnu/colcon_ws/src/install/aws_robomaker_small_warehouse_world/share/aws_robomaker_small_warehouse_world/models/aws_robomaker_warehouse_ClutteringC_01/meshes
[4.032s] -- Installing: /home/vishnu/colcon_ws/src/install/aws_robomaker_small_warehouse_world/share/aws_robomaker_small_warehouse_world/models/aws_robomaker_warehouse_ClutteringC_01/meshes/aws_robomaker_warehouse_ClutteringC_01_visual.DAE
[4.034s] -- Installing: /home/vishnu/colcon_ws/src/install/aws_robomaker_small_warehouse_world/share/aws_robomaker_small_warehouse_world/models/aws_robomaker_warehouse_ClutteringC_01/meshes/aws_robomaker_warehouse_ClutteringC_01_collision.DAE
[4.034s] -- Installing: /home/vishnu/colcon_ws/src/install/aws_robomaker_small_warehouse_world/share/aws_robomaker_small_warehouse_world/models/aws_robomaker_warehouse_Bucket_01
[4.034s] -- Installing: /home/vishnu/colcon_ws/src/install/aws_robomaker_small_warehouse_world/share/aws_robomaker_small_warehouse_world/models/aws_robomaker_warehouse_Bucket_01/model.config
[4.035s] -- Installing: /home/vishnu/colcon_ws/src/install/aws_robomaker_small_warehouse_world/share/aws_robomaker_small_warehouse_world/models/aws_robomaker_warehouse_Bucket_01/model.sdf
[4.035s] -- Installing: /home/vishnu/colcon_ws/src/install/aws_robomaker_small_warehouse_world/share/aws_robomaker_small_warehouse_world/models/aws_robomaker_warehouse_Bucket_01/materials
[4.035s] -- Installing: /home/vishnu/colcon_ws/src/install/aws_robomaker_small_warehouse_world/share/aws_robomaker_small_warehouse_world/models/aws_robomaker_warehouse_Bucket_01/materials/textures
[4.036s] -- Installing: /home/vishnu/colcon_ws/src/install/aws_robomaker_small_warehouse_world/share/aws_robomaker_small_warehouse_world/models/aws_robomaker_warehouse_Bucket_01/materials/textures/aws_robomaker_warehouse_Bucket_01.png
[4.036s] -- Installing: /home/vishnu/colcon_ws/src/install/aws_robomaker_small_warehouse_world/share/aws_robomaker_small_warehouse_world/models/aws_robomaker_warehouse_Bucket_01/materials/.DS_Store
[4.036s] -- Installing: /home/vishnu/colcon_ws/src/install/aws_robomaker_small_warehouse_world/share/aws_robomaker_small_warehouse_world/models/aws_robomaker_warehouse_Bucket_01/.DS_Store
[4.037s] -- Installing: /home/vishnu/colcon_ws/src/install/aws_robomaker_small_warehouse_world/share/aws_robomaker_small_warehouse_world/models/aws_robomaker_warehouse_Bucket_01/meshes
[4.037s] -- Installing: /home/vishnu/colcon_ws/src/install/aws_robomaker_small_warehouse_world/share/aws_robomaker_small_warehouse_world/models/aws_robomaker_warehouse_Bucket_01/meshes/aws_robomaker_warehouse_Bucket_01_collision.DAE
[4.037s] -- Installing: /home/vishnu/colcon_ws/src/install/aws_robomaker_small_warehouse_world/share/aws_robomaker_small_warehouse_world/models/aws_robomaker_warehouse_Bucket_01/meshes/aws_robomaker_warehouse_Bucket_01_visual.DAE
[4.037s] -- Installing: /home/vishnu/colcon_ws/src/install/aws_robomaker_small_warehouse_world/share/aws_robomaker_small_warehouse_world/models/aws_robomaker_warehouse_DeskC_01
[4.038s] -- Installing: /home/vishnu/colcon_ws/src/install/aws_robomaker_small_warehouse_world/share/aws_robomaker_small_warehouse_world/models/aws_robomaker_warehouse_DeskC_01/model.config
[4.038s] -- Installing: /home/vishnu/colcon_ws/src/install/aws_robomaker_small_warehouse_world/share/aws_robomaker_small_warehouse_world/models/aws_robomaker_warehouse_DeskC_01/model.sdf
[4.038s] -- Installing: /home/vishnu/colcon_ws/src/install/aws_robomaker_small_warehouse_world/share/aws_robomaker_small_warehouse_world/models/aws_robomaker_warehouse_DeskC_01/materials
[4.038s] -- Installing: /home/vishnu/colcon_ws/src/install/aws_robomaker_small_warehouse_world/share/aws_robomaker_small_warehouse_world/models/aws_robomaker_warehouse_DeskC_01/materials/textures
[4.039s] -- Installing: /home/vishnu/colcon_ws/src/install/aws_robomaker_small_warehouse_world/share/aws_robomaker_small_warehouse_world/models/aws_robomaker_warehouse_DeskC_01/materials/textures/aws_robomaker_warehouse_DeskC_03.png
[4.039s] -- Installing: /home/vishnu/colcon_ws/src/install/aws_robomaker_small_warehouse_world/share/aws_robomaker_small_warehouse_world/models/aws_robomaker_warehouse_DeskC_01/materials/textures/aws_robomaker_warehouse_DeskC_03.psd
[4.043s] -- Installing: /home/vishnu/colcon_ws/src/install/aws_robomaker_small_warehouse_world/share/aws_robomaker_small_warehouse_world/models/aws_robomaker_warehouse_DeskC_01/materials/textures/aws_robomaker_warehouse_DeskC_04.png
[4.043s] -- Installing: /home/vishnu/colcon_ws/src/install/aws_robomaker_small_warehouse_world/share/aws_robomaker_small_warehouse_world/models/aws_robomaker_warehouse_DeskC_01/materials/textures/aws_robomaker_warehouse_DeskC_02.png
[4.045s] -- Installing: /home/vishnu/colcon_ws/src/install/aws_robomaker_small_warehouse_world/share/aws_robomaker_small_warehouse_world/models/aws_robomaker_warehouse_DeskC_01/materials/textures/aws_robomaker_warehouse_DeskC_01.png
[4.046s] -- Installing: /home/vishnu/colcon_ws/src/install/aws_robomaker_small_warehouse_world/share/aws_robomaker_small_warehouse_world/models/aws_robomaker_warehouse_DeskC_01/materials/.DS_Store
[4.048s] -- Installing: /home/vishnu/colcon_ws/src/install/aws_robomaker_small_warehouse_world/share/aws_robomaker_small_warehouse_world/models/aws_robomaker_warehouse_DeskC_01/meshes
[4.049s] -- Installing: /home/vishnu/colcon_ws/src/install/aws_robomaker_small_warehouse_world/share/aws_robomaker_small_warehouse_world/models/aws_robomaker_warehouse_DeskC_01/meshes/aws_robomaker_warehouse_DeskC_01_visual.DAE
[4.049s] -- Installing: /home/vishnu/colcon_ws/src/install/aws_robomaker_small_warehouse_world/share/aws_robomaker_small_warehouse_world/models/aws_robomaker_warehouse_DeskC_01/meshes/aws_robomaker_warehouse_DeskC_01_collision.DAE
[4.050s] -- Installing: /home/vishnu/colcon_ws/src/install/aws_robomaker_small_warehouse_world/share/aws_robomaker_small_warehouse_world/models/aws_robomaker_warehouse_TrashCanC_01
[4.050s] -- Installing: /home/vishnu/colcon_ws/src/install/aws_robomaker_small_warehouse_world/share/aws_robomaker_small_warehouse_world/models/aws_robomaker_warehouse_TrashCanC_01/model.config
[4.050s] -- Installing: /home/vishnu/colcon_ws/src/install/aws_robomaker_small_warehouse_world/share/aws_robomaker_small_warehouse_world/models/aws_robomaker_warehouse_TrashCanC_01/model.sdf
[4.050s] -- Installing: /home/vishnu/colcon_ws/src/install/aws_robomaker_small_warehouse_world/share/aws_robomaker_small_warehouse_world/models/aws_robomaker_warehouse_TrashCanC_01/materials
[4.050s] -- Installing: /home/vishnu/colcon_ws/src/install/aws_robomaker_small_warehouse_world/share/aws_robomaker_small_warehouse_world/models/aws_robomaker_warehouse_TrashCanC_01/materials/textures
[4.050s] -- Installing: /home/vishnu/colcon_ws/src/install/aws_robomaker_small_warehouse_world/share/aws_robomaker_small_warehouse_world/models/aws_robomaker_warehouse_TrashCanC_01/materials/textures/aws_robomaker_warehouse_TrashCanC_01.png
[4.051s] -- Installing: /home/vishnu/colcon_ws/src/install/aws_robomaker_small_warehouse_world/share/aws_robomaker_small_warehouse_world/models/aws_robomaker_warehouse_TrashCanC_01/meshes
[4.051s] -- Installing: /home/vishnu/colcon_ws/src/install/aws_robomaker_small_warehouse_world/share/aws_robomaker_small_warehouse_world/models/aws_robomaker_warehouse_TrashCanC_01/meshes/aws_robomaker_warehouse_TrashCanC_01_visual.DAE
[4.052s] -- Installing: /home/vishnu/colcon_ws/src/install/aws_robomaker_small_warehouse_world/share/aws_robomaker_small_warehouse_world/models/aws_robomaker_warehouse_TrashCanC_01/meshes/aws_robomaker_warehouse_TrashCanC_01_collision.DAE
[4.052s] -- Installing: /home/vishnu/colcon_ws/src/install/aws_robomaker_small_warehouse_world/share/aws_robomaker_small_warehouse_world/models/aws_robomaker_warehouse_GroundB_01
[4.052s] -- Installing: /home/vishnu/colcon_ws/src/install/aws_robomaker_small_warehouse_world/share/aws_robomaker_small_warehouse_world/models/aws_robomaker_warehouse_GroundB_01/model.config
[4.052s] -- Installing: /home/vishnu/colcon_ws/src/install/aws_robomaker_small_warehouse_world/share/aws_robomaker_small_warehouse_world/models/aws_robomaker_warehouse_GroundB_01/model.sdf
[4.053s] -- Installing: /home/vishnu/colcon_ws/src/install/aws_robomaker_small_warehouse_world/share/aws_robomaker_small_warehouse_world/models/aws_robomaker_warehouse_GroundB_01/materials
[4.053s] -- Installing: /home/vishnu/colcon_ws/src/install/aws_robomaker_small_warehouse_world/share/aws_robomaker_small_warehouse_world/models/aws_robomaker_warehouse_GroundB_01/materials/textures
[4.053s] -- Installing: /home/vishnu/colcon_ws/src/install/aws_robomaker_small_warehouse_world/share/aws_robomaker_small_warehouse_world/models/aws_robomaker_warehouse_GroundB_01/materials/textures/aws_robomaker_warehouse_GroundB_02.png
[4.054s] -- Installing: /home/vishnu/colcon_ws/src/install/aws_robomaker_small_warehouse_world/share/aws_robomaker_small_warehouse_world/models/aws_robomaker_warehouse_GroundB_01/materials/textures/aws_robomaker_warehouse_GroundB_01.png
[4.061s] -- Installing: /home/vishnu/colcon_ws/src/install/aws_robomaker_small_warehouse_world/share/aws_robomaker_small_warehouse_world/models/aws_robomaker_warehouse_GroundB_01/meshes
[4.061s] -- Installing: /home/vishnu/colcon_ws/src/install/aws_robomaker_small_warehouse_world/share/aws_robomaker_small_warehouse_world/models/aws_robomaker_warehouse_GroundB_01/meshes/aws_robomaker_warehouse_GroundB_01_visual.DAE
[4.061s] -- Installing: /home/vishnu/colcon_ws/src/install/aws_robomaker_small_warehouse_world/share/aws_robomaker_small_warehouse_world/models/aws_robomaker_warehouse_GroundB_01/meshes/aws_robomaker_warehouse_GroundB_01_collision.DAE
[4.061s] -- Installing: /home/vishnu/colcon_ws/src/install/aws_robomaker_small_warehouse_world/share/aws_robomaker_small_warehouse_world/models/aws_robomaker_warehouse_ClutteringD_01
[4.062s] -- Installing: /home/vishnu/colcon_ws/src/install/aws_robomaker_small_warehouse_world/share/aws_robomaker_small_warehouse_world/models/aws_robomaker_warehouse_ClutteringD_01/model.config
[4.062s] -- Installing: /home/vishnu/colcon_ws/src/install/aws_robomaker_small_warehouse_world/share/aws_robomaker_small_warehouse_world/models/aws_robomaker_warehouse_ClutteringD_01/model.sdf
[4.063s] -- Installing: /home/vishnu/colcon_ws/src/install/aws_robomaker_small_warehouse_world/share/aws_robomaker_small_warehouse_world/models/aws_robomaker_warehouse_ClutteringD_01/materials
[4.064s] -- Installing: /home/vishnu/colcon_ws/src/install/aws_robomaker_small_warehouse_world/share/aws_robomaker_small_warehouse_world/models/aws_robomaker_warehouse_ClutteringD_01/materials/textures
[4.064s] -- Installing: /home/vishnu/colcon_ws/src/install/aws_robomaker_small_warehouse_world/share/aws_robomaker_small_warehouse_world/models/aws_robomaker_warehouse_ClutteringD_01/materials/textures/aws_robomaker_warehouse_ClutteringD_02.png
[4.065s] -- Installing: /home/vishnu/colcon_ws/src/install/aws_robomaker_small_warehouse_world/share/aws_robomaker_small_warehouse_world/models/aws_robomaker_warehouse_ClutteringD_01/materials/textures/aws_robomaker_warehouse_ClutteringD_01.png
[4.066s] -- Installing: /home/vishnu/colcon_ws/src/install/aws_robomaker_small_warehouse_world/share/aws_robomaker_small_warehouse_world/models/aws_robomaker_warehouse_ClutteringD_01/meshes
[4.066s] -- Installing: /home/vishnu/colcon_ws/src/install/aws_robomaker_small_warehouse_world/share/aws_robomaker_small_warehouse_world/models/aws_robomaker_warehouse_ClutteringD_01/meshes/aws_robomaker_warehouse_ClutteringD_01_visual.DAE
[4.066s] -- Installing: /home/vishnu/colcon_ws/src/install/aws_robomaker_small_warehouse_world/share/aws_robomaker_small_warehouse_world/models/aws_robomaker_warehouse_ClutteringD_01/meshes/aws_robomaker_warehouse_ClutteringD_01_collision.DAE
[4.066s] -- Installing: /home/vishnu/colcon_ws/src/install/aws_robomaker_small_warehouse_world/share/aws_robomaker_small_warehouse_world/models/aws_robomaker_warehouse_ClutteringA_01
[4.066s] -- Installing: /home/vishnu/colcon_ws/src/install/aws_robomaker_small_warehouse_world/share/aws_robomaker_small_warehouse_world/models/aws_robomaker_warehouse_ClutteringA_01/model.config
[4.066s] -- Installing: /home/vishnu/colcon_ws/src/install/aws_robomaker_small_warehouse_world/share/aws_robomaker_small_warehouse_world/models/aws_robomaker_warehouse_ClutteringA_01/model.sdf
[4.067s] -- Installing: /home/vishnu/colcon_ws/src/install/aws_robomaker_small_warehouse_world/share/aws_robomaker_small_warehouse_world/models/aws_robomaker_warehouse_ClutteringA_01/materials
[4.069s] -- Installing: /home/vishnu/colcon_ws/src/install/aws_robomaker_small_warehouse_world/share/aws_robomaker_small_warehouse_world/models/aws_robomaker_warehouse_ClutteringA_01/materials/textures
[4.069s] -- Installing: /home/vishnu/colcon_ws/src/install/aws_robomaker_small_warehouse_world/share/aws_robomaker_small_warehouse_world/models/aws_robomaker_warehouse_ClutteringA_01/materials/textures/aws_robomaker_warehouse_ClutteringA_01.png
[4.071s] -- Installing: /home/vishnu/colcon_ws/src/install/aws_robomaker_small_warehouse_world/share/aws_robomaker_small_warehouse_world/models/aws_robomaker_warehouse_ClutteringA_01/materials/textures/aws_robomaker_warehouse_ClutteringA_02.png
[4.072s] -- Installing: /home/vishnu/colcon_ws/src/install/aws_robomaker_small_warehouse_world/share/aws_robomaker_small_warehouse_world/models/aws_robomaker_warehouse_ClutteringA_01/materials/textures/.DS_Store
[4.073s] -- Installing: /home/vishnu/colcon_ws/src/install/aws_robomaker_small_warehouse_world/share/aws_robomaker_small_warehouse_world/models/aws_robomaker_warehouse_ClutteringA_01/materials/textures/aws_robomaker_warehouse_ClutteringA_03.png
[4.075s] -- Installing: /home/vishnu/colcon_ws/src/install/aws_robomaker_small_warehouse_world/share/aws_robomaker_small_warehouse_world/models/aws_robomaker_warehouse_ClutteringA_01/materials/.DS_Store
[4.075s] -- Installing: /home/vishnu/colcon_ws/src/install/aws_robomaker_small_warehouse_world/share/aws_robomaker_small_warehouse_world/models/aws_robomaker_warehouse_ClutteringA_01/.DS_Store
[4.076s] -- Installing: /home/vishnu/colcon_ws/src/install/aws_robomaker_small_warehouse_world/share/aws_robomaker_small_warehouse_world/models/aws_robomaker_warehouse_ClutteringA_01/meshes
[4.076s] -- Installing: /home/vishnu/colcon_ws/src/install/aws_robomaker_small_warehouse_world/share/aws_robomaker_small_warehouse_world/models/aws_robomaker_warehouse_ClutteringA_01/meshes/aws_robomaker_warehouse_ClutteringA_01_visual.DAE
[4.077s] -- Installing: /home/vishnu/colcon_ws/src/install/aws_robomaker_small_warehouse_world/share/aws_robomaker_small_warehouse_world/models/aws_robomaker_warehouse_ClutteringA_01/meshes/aws_robomaker_warehouse_ClutteringA_01_collision.DAE
[4.077s] -- Installing: /home/vishnu/colcon_ws/src/install/aws_robomaker_small_warehouse_world/share/aws_robomaker_small_warehouse_world/models/.DS_Store
[4.078s] -- Installing: /home/vishnu/colcon_ws/src/install/aws_robomaker_small_warehouse_world/share/aws_robomaker_small_warehouse_world/models/aws_robomaker_warehouse_ShelfE_01
[4.078s] -- Installing: /home/vishnu/colcon_ws/src/install/aws_robomaker_small_warehouse_world/share/aws_robomaker_small_warehouse_world/models/aws_robomaker_warehouse_ShelfE_01/model.config
[4.078s] -- Installing: /home/vishnu/colcon_ws/src/install/aws_robomaker_small_warehouse_world/share/aws_robomaker_small_warehouse_world/models/aws_robomaker_warehouse_ShelfE_01/model.sdf
[4.079s] -- Installing: /home/vishnu/colcon_ws/src/install/aws_robomaker_small_warehouse_world/share/aws_robomaker_small_warehouse_world/models/aws_robomaker_warehouse_ShelfE_01/materials
[4.080s] -- Installing: /home/vishnu/colcon_ws/src/install/aws_robomaker_small_warehouse_world/share/aws_robomaker_small_warehouse_world/models/aws_robomaker_warehouse_ShelfE_01/materials/textures
[4.080s] -- Installing: /home/vishnu/colcon_ws/src/install/aws_robomaker_small_warehouse_world/share/aws_robomaker_small_warehouse_world/models/aws_robomaker_warehouse_ShelfE_01/materials/textures/aws_robomaker_warehouse_ShelfE_01.png
[4.081s] -- Installing: /home/vishnu/colcon_ws/src/install/aws_robomaker_small_warehouse_world/share/aws_robomaker_small_warehouse_world/models/aws_robomaker_warehouse_ShelfE_01/materials/textures/aws_robomaker_warehouse_ShelfE_04.png
[4.085s] -- Installing: /home/vishnu/colcon_ws/src/install/aws_robomaker_small_warehouse_world/share/aws_robomaker_small_warehouse_world/models/aws_robomaker_warehouse_ShelfE_01/materials/textures/aws_robomaker_warehouse_ShelfE_02.png
[4.091s] -- Installing: /home/vishnu/colcon_ws/src/install/aws_robomaker_small_warehouse_world/share/aws_robomaker_small_warehouse_world/models/aws_robomaker_warehouse_ShelfE_01/materials/textures/aws_robomaker_warehouse_ShelfE_03.png
[4.091s] -- Installing: /home/vishnu/colcon_ws/src/install/aws_robomaker_small_warehouse_world/share/aws_robomaker_small_warehouse_world/models/aws_robomaker_warehouse_ShelfE_01/materials/.DS_Store
[4.091s] -- Installing: /home/vishnu/colcon_ws/src/install/aws_robomaker_small_warehouse_world/share/aws_robomaker_small_warehouse_world/models/aws_robomaker_warehouse_ShelfE_01/.DS_Store
[4.095s] -- Installing: /home/vishnu/colcon_ws/src/install/aws_robomaker_small_warehouse_world/share/aws_robomaker_small_warehouse_world/models/aws_robomaker_warehouse_ShelfE_01/meshes
[4.095s] -- Installing: /home/vishnu/colcon_ws/src/install/aws_robomaker_small_warehouse_world/share/aws_robomaker_small_warehouse_world/models/aws_robomaker_warehouse_ShelfE_01/meshes/aws_robomaker_warehouse_ShelfE_01_visual.DAE
[4.096s] -- Installing: /home/vishnu/colcon_ws/src/install/aws_robomaker_small_warehouse_world/share/aws_robomaker_small_warehouse_world/models/aws_robomaker_warehouse_ShelfE_01/meshes/aws_robomaker_warehouse_ShelfE_01_collision.DAE
[4.096s] -- Installing: /home/vishnu/colcon_ws/src/install/aws_robomaker_small_warehouse_world/share/aws_robomaker_small_warehouse_world/worlds
[4.096s] -- Installing: /home/vishnu/colcon_ws/src/install/aws_robomaker_small_warehouse_world/share/aws_robomaker_small_warehouse_world/worlds/small_warehouse
[4.096s] -- Installing: /home/vishnu/colcon_ws/src/install/aws_robomaker_small_warehouse_world/share/aws_robomaker_small_warehouse_world/worlds/small_warehouse/small_warehouse.world
[4.096s] -- Installing: /home/vishnu/colcon_ws/src/install/aws_robomaker_small_warehouse_world/share/aws_robomaker_small_warehouse_world/worlds/no_roof_small_warehouse
[4.096s] -- Installing: /home/vishnu/colcon_ws/src/install/aws_robomaker_small_warehouse_world/share/aws_robomaker_small_warehouse_world/worlds/no_roof_small_warehouse/no_roof_small_warehouse.world
[4.097s] -- Installing: /home/vishnu/colcon_ws/src/install/aws_robomaker_small_warehouse_world/share/aws_robomaker_small_warehouse_world/maps
[4.097s] -- Installing: /home/vishnu/colcon_ws/src/install/aws_robomaker_small_warehouse_world/share/aws_robomaker_small_warehouse_world/maps/002
[4.097s] -- Installing: /home/vishnu/colcon_ws/src/install/aws_robomaker_small_warehouse_world/share/aws_robomaker_small_warehouse_world/maps/002/map.yaml
[4.097s] -- Installing: /home/vishnu/colcon_ws/src/install/aws_robomaker_small_warehouse_world/share/aws_robomaker_small_warehouse_world/maps/002/map.pgm
[4.102s] -- Installing: /home/vishnu/colcon_ws/src/install/aws_robomaker_small_warehouse_world/share/aws_robomaker_small_warehouse_world/maps/.DS_Store
[4.103s] -- Installing: /home/vishnu/colcon_ws/src/install/aws_robomaker_small_warehouse_world/share/aws_robomaker_small_warehouse_world/maps/005
[4.104s] -- Installing: /home/vishnu/colcon_ws/src/install/aws_robomaker_small_warehouse_world/share/aws_robomaker_small_warehouse_world/maps/005/map.yaml
[4.104s] -- Installing: /home/vishnu/colcon_ws/src/install/aws_robomaker_small_warehouse_world/share/aws_robomaker_small_warehouse_world/maps/005/map_rotated.png
[4.105s] -- Installing: /home/vishnu/colcon_ws/src/install/aws_robomaker_small_warehouse_world/share/aws_robomaker_small_warehouse_world/maps/005/map_rotated.pgm
[4.106s] -- Installing: /home/vishnu/colcon_ws/src/install/aws_robomaker_small_warehouse_world/share/aws_robomaker_small_warehouse_world/maps/005/map.pgm
[4.106s] -- Installing: /home/vishnu/colcon_ws/src/install/aws_robomaker_small_warehouse_world/share/aws_robomaker_small_warehouse_world/rviz
[4.107s] -- Installing: /home/vishnu/colcon_ws/src/install/aws_robomaker_small_warehouse_world/share/aws_robomaker_small_warehouse_world/rviz/basic_data.rviz
[4.107s] -- Installing: /home/vishnu/colcon_ws/src/install/aws_robomaker_small_warehouse_world/share/aws_robomaker_small_warehouse_world/environment/aws_robomaker_small_warehouse_world.dsv
[4.107s] -- Installing: /home/vishnu/colcon_ws/src/install/aws_robomaker_small_warehouse_world/share/ament_index/resource_index/package_run_dependencies/aws_robomaker_small_warehouse_world
[4.107s] -- Installing: /home/vishnu/colcon_ws/src/install/aws_robomaker_small_warehouse_world/share/ament_index/resource_index/parent_prefix_path/aws_robomaker_small_warehouse_world
[4.107s] -- Installing: /home/vishnu/colcon_ws/src/install/aws_robomaker_small_warehouse_world/share/aws_robomaker_small_warehouse_world/environment/ament_prefix_path.sh
[4.108s] -- Installing: /home/vishnu/colcon_ws/src/install/aws_robomaker_small_warehouse_world/share/aws_robomaker_small_warehouse_world/environment/ament_prefix_path.dsv
[4.108s] -- Installing: /home/vishnu/colcon_ws/src/install/aws_robomaker_small_warehouse_world/share/aws_robomaker_small_warehouse_world/environment/path.sh
[4.108s] -- Installing: /home/vishnu/colcon_ws/src/install/aws_robomaker_small_warehouse_world/share/aws_robomaker_small_warehouse_world/environment/path.dsv
[4.108s] -- Installing: /home/vishnu/colcon_ws/src/install/aws_robomaker_small_warehouse_world/share/aws_robomaker_small_warehouse_world/local_setup.bash
[4.108s] -- Installing: /home/vishnu/colcon_ws/src/install/aws_robomaker_small_warehouse_world/share/aws_robomaker_small_warehouse_world/local_setup.sh
[4.108s] -- Installing: /home/vishnu/colcon_ws/src/install/aws_robomaker_small_warehouse_world/share/aws_robomaker_small_warehouse_world/local_setup.zsh
[4.109s] -- Installing: /home/vishnu/colcon_ws/src/install/aws_robomaker_small_warehouse_world/share/aws_robomaker_small_warehouse_world/local_setup.dsv
[4.109s] -- Installing: /home/vishnu/colcon_ws/src/install/aws_robomaker_small_warehouse_world/share/aws_robomaker_small_warehouse_world/package.dsv
[4.109s] -- Installing: /home/vishnu/colcon_ws/src/install/aws_robomaker_small_warehouse_world/share/ament_index/resource_index/packages/aws_robomaker_small_warehouse_world
[4.109s] -- Installing: /home/vishnu/colcon_ws/src/install/aws_robomaker_small_warehouse_world/share/aws_robomaker_small_warehouse_world/cmake/ament_cmake_export_dependencies-extras.cmake
[4.109s] -- Installing: /home/vishnu/colcon_ws/src/install/aws_robomaker_small_warehouse_world/share/aws_robomaker_small_warehouse_world/cmake/aws_robomaker_small_warehouse_worldConfig.cmake
[4.110s] -- Installing: /home/vishnu/colcon_ws/src/install/aws_robomaker_small_warehouse_world/share/aws_robomaker_small_warehouse_world/cmake/aws_robomaker_small_warehouse_worldConfig-version.cmake
[4.110s] -- Installing: /home/vishnu/colcon_ws/src/install/aws_robomaker_small_warehouse_world/share/aws_robomaker_small_warehouse_world/package.xml
[4.113s] Invoked command in '/home/vishnu/colcon_ws/src/build/aws_robomaker_small_warehouse_world' returned '0': CMAKE_PREFIX_PATH=${CMAKE_PREFIX_PATH}:/opt/ros/humble /usr/bin/cmake --install /home/vishnu/colcon_ws/src/build/aws_robomaker_small_warehouse_world
